-3.141593 -1.400492 -22.010663 0.000000 0.425691 0.312007 0.000000
-2.879793 -3.250327 -18.520943 -0.908271 0.424410 0.442732 0.047680
-2.617994 -8.308458 -13.086161 -2.813524 0.437282 0.488223 0.035747
-2.356194 -16.076991 -8.914510 -4.236762 0.367440 0.515700 0.100049
-2.094395 -24.709840 -6.722967 -4.862629 0.194587 0.509485 0.105658
-1.832596 -31.047377 -3.469274 -6.025598 0.721523 0.219436 0.174021
-1.570796 -34.223405 -0.621906 -6.767344 1.024723 0.136771 0.108234
-1.308997 -31.980358 -1.746192 -6.138640 0.623364 0.173544 0.150524
-1.047198 -25.158346 -7.324205 -9.497379 0.188098 0.201182 0.254336
-0.785398 -15.067207 -16.279914 -16.540028 0.084889 0.374765 0.286167
-0.523599 -6.871820 -23.516902 -23.557419 0.050607 0.461871 0.381348
-0.261799 -1.638425 -30.789826 -26.383079 0.048467 0.870663 1.261005
0.000000 0.000000 -33.292523 -27.421869 0.000000 0.703421 1.762357
0.261799 -1.284789 -27.767400 -27.407852 0.046859 0.846363 1.580574
0.523599 -5.806424 -21.713003 -24.884209 0.044802 0.641976 0.958885
0.785398 -13.353944 -15.332012 -17.735810 0.097622 0.228607 0.411247
1.047198 -22.597465 -6.245112 -10.593593 0.012779 0.064597 0.606573
1.308997 -31.064975 -0.637958 -7.268673 0.325439 0.091921 0.485477
1.570796 -35.003955 0.000000 -7.713591 0.265076 0.000000 0.474255
1.832596 -33.203704 -3.643119 -7.153375 1.448867 0.047208 0.300508
2.094395 -27.777472 -6.351229 -5.197123 0.693547 0.087122 0.126547
2.356194 -18.048323 -8.207505 -4.241809 0.458679 0.145576 0.118423
2.617994 -9.010566 -11.794111 -2.773173 0.411037 0.170698 0.077998
2.879793 -3.123133 -17.035729 -0.873364 0.395765 0.165171 0.050914
3.141593 -1.400492 -22.010663 -0.000000 0.425691 0.312007 0.000000
