# restart           False
# num_threads       6
# neurons           [200, 200, 200, 200]
# batch size        128
# num_epoch         12000
# use_mix           False
# old_ratio         7
# lr_0              0.0006
# decay_steps       80
# decay_steps_inner 0
# decay_rate        0.96
# resnet            True
# graph_file        None
Begin to optimize
# start training from scratch
epoch:   0, ab_err: 3.4673e-01, rel_err: 4.7912e+00, lr: 6.0000e-04
epoch: 200, ab_err: 8.6822e-02, rel_err: 2.9526e-01, lr: 5.5296e-04
epoch: 400, ab_err: 6.7177e-02, rel_err: 3.0310e-01, lr: 4.8922e-04
epoch: 600, ab_err: 7.4557e-02, rel_err: 2.7946e-01, lr: 4.5087e-04
epoch: 800, ab_err: 7.8123e-02, rel_err: 2.8009e-01, lr: 3.9890e-04
epoch: 1000, ab_err: 6.6715e-02, rel_err: 2.6680e-01, lr: 3.6763e-04
epoch: 1200, ab_err: 7.9945e-02, rel_err: 2.7358e-01, lr: 3.2525e-04
epoch: 1400, ab_err: 7.1552e-02, rel_err: 2.5413e-01, lr: 2.9975e-04
epoch: 1600, ab_err: 6.7783e-02, rel_err: 2.6224e-01, lr: 2.6520e-04
epoch: 1800, ab_err: 5.9259e-02, rel_err: 1.9330e-01, lr: 2.4441e-04
epoch: 2000, ab_err: 6.0159e-02, rel_err: 1.7478e-01, lr: 2.1624e-04
epoch: 2200, ab_err: 6.1940e-/home/linfengz/SCR/softwares/tf_venv_r1.8/lib/python3.6/site-packages/tensorflow/python/framework/dtypes.py:519: FutureWarning: Passing (type, 1) or '1type' as a synonym of type is deprecated; in a future version of numpy, it will be understood as (type, (1,)) / '(1,)type'.
  _np_qint8 = np.dtype([("qint8", np.int8, 1)])
/home/linfengz/SCR/softwares/tf_venv_r1.8/lib/python3.6/site-packages/tensorflow/python/framework/dtypes.py:520: FutureWarning: Passing (type, 1) or '1type' as a synonym of type is deprecated; in a future version of numpy, it will be understood as (type, (1,)) / '(1,)type'.
  _np_quint8 = np.dtype([("quint8", np.uint8, 1)])
/home/linfengz/SCR/softwares/tf_venv_r1.8/lib/python3.6/site-packages/tensorflow/python/framework/dtypes.py:521: FutureWarning: Passing (type, 1) or '1type' as a synonym of type is deprecated; in a future version of numpy, it will be understood as (type, (1,)) / '(1,)type'.
  _np_qint16 = np.dtype([("qint16", np.int16, 1)])
/home/linfengz/SCR/softwares/tf_venv_r1.8/lib/python3.6/site-packages/tensorflow/python/framework/dtypes.py:522: FutureWarning: Passing (type, 1) or '1type' as a synonym of type is deprecated; in a future version of numpy, it will be understood as (type, (1,)) / '(1,)type'.
  _np_quint16 = np.dtype([("quint16", np.uint16, 1)])
/home/linfengz/SCR/softwares/tf_venv_r1.8/lib/python3.6/site-packages/tensorflow/python/framework/dtypes.py:523: FutureWarning: Passing (type, 1) or '1type' as a synonym of type is deprecated; in a future version of numpy, it will be understood as (type, (1,)) / '(1,)type'.
  _np_qint32 = np.dtype([("qint32", np.int32, 1)])
/home/linfengz/SCR/softwares/tf_venv_r1.8/lib/python3.6/site-packages/tensorflow/python/framework/dtypes.py:528: FutureWarning: Passing (type, 1) or '1type' as a synonym of type is deprecated; in a future version of numpy, it will be understood as (type, (1,)) / '(1,)type'.
  np_resource = np.dtype([("resource", np.ubyte, 1)])
: 1.1441e-05
epoch: 8000, ab_err: 3.3321e-02, rel_err: 9.9232e-02, lr: 1.0122e-05
epoch: 8200, ab_err: 3.5753e-02, rel_err: 1.2080e-01, lr: 9.3286e-06
epoch: 8400, ab_err: 3.5661e-02, rel_err: 1.2735e-01, lr: 8.2533e-06
epoch: 8600, ab_err: 4.1199e-02, rel_err: 1.4398e-01, lr: 7.6063e-06
epoch: 8800, ab_err: 3.4923e-02, rel_err: 9.7893e-02, lr: 6.7295e-06
epoch: 9000, ab_err: 4.0095e-02, rel_err: 1.3196e-01, lr: 6.2020e-06
epoch: 9200, ab_err: 3.1929e-02, rel_err: 1.0557e-01, lr: 5.4871e-06
epoch: 9400, ab_err: 3.5687e-02, rel_err: 1.1601e-01, lr: 5.0569e-06
epoch: 9600, ab_err: 2.8975e-02, rel_err: 8.4011e-02, lr: 4.4740e-06
epoch: 9800, ab_err: 3.5660e-02, rel_err: 1.1477e-01, lr: 4.1233e-06
epoch: 10000, ab_err: 3.4416e-02, rel_err: 1.0969e-01, lr: 3.6480e-06
epoch: 10200, ab_err: 3.3640e-02, rel_err: 1.3949e-01, lr: 3.3620e-06
epoch: 10400, ab_err: 3.3590e-02, rel_err: 1.1752e-01, lr: 2.9745e-06
epoch: 10600, ab_err: 3.6429e-02, rel_err: 1.2851e-01, lr: 2.7413e-06
epoch: 10800, ab_err: 3.3973e-02, rel_err: 1.1993e-01, lr: 2.4253e-06
epoch: 11000, ab_err: 3.1732e-02, rel_err: 9.6355e-02, lr: 2.2352e-06
epoch: 11200, ab_err: 3.0095e-02, rel_err: 1.0877e-01, lr: 1.9775e-06
epoch: 11400, ab_err: 3.3901e-02, rel_err: 1.0630e-01, lr: 1.8225e-06
epoch: 11600, ab_err: 3.2680e-02, rel_err: 1.0606e-01, lr: 1.6124e-06
epoch: 11800, ab_err: 3.4338e-02, rel_err: 1.0291e-01, lr: 1.4860e-06
epoch: 12000, ab_err: 3.3553e-02, rel_err: 1.3238e-01, lr: 1.3147e-06
running time: 2037.557 s
