# restart           False
# num_threads       6
# neurons           [200, 200, 200, 200]
# batch size        128
# num_epoch         12000
# use_mix           False
# old_ratio         7
# lr_0              0.0006
# decay_steps       80
# decay_steps_inner 0
# decay_rate        0.96
# resnet            True
# graph_file        None
Begin to optimize
# start training from scratch
epoch:   0, ab_err: 3.4543e-01, rel_err: 2.8876e+00, lr: 6.0000e-04
epoch: 200, ab_err: 9.5412e-02, rel_err: 3.0233e-01, lr: 5.5296e-04
epoch: 400, ab_err: 9.2477e-02, rel_err: 2.5811e-01, lr: 4.8922e-04
epoch: 600, ab_err: 8.1593e-02, rel_err: 2.4980e-01, lr: 4.5087e-04
epoch: 800, ab_err: 8.0925e-02, rel_err: 2.2461e-01, lr: 3.9890e-04
epoch: 1000, ab_err: 6.8877e-02, rel_err: 1.9848e-01, lr: 3.6763e-04
epoch: 1200, ab_err: 7.6480e-02, rel_err: 2.0721e-01, lr: 3.2525e-04
epoch: 1400, ab_err: 6.2545e-02, rel_err: 1.8194e-01, lr: 2.9975e-04
epoch: 1600, ab_err: 6.5528e-02, rel_err: 1.9863e-01, lr: 2.6520e-04
epoch: 1800, ab_err: 6.4740e-02, rel_err: 1.9193e-01, lr: 2.4441e-04
epoch: 2000, ab_err: 5.4894e-02, rel_err: 1.5737e-01, lr: 2.1624e-04
epoch: 2200, ab_err: 5.8890e-/home/linfengz/SCR/softwares/tf_venv_r1.8/lib/python3.6/site-packages/tensorflow/python/framework/dtypes.py:519: FutureWarning: Passing (type, 1) or '1type' as a synonym of type is deprecated; in a future version of numpy, it will be understood as (type, (1,)) / '(1,)type'.
  _np_qint8 = np.dtype([("qint8", np.int8, 1)])
/home/linfengz/SCR/softwares/tf_venv_r1.8/lib/python3.6/site-packages/tensorflow/python/framework/dtypes.py:520: FutureWarning: Passing (type, 1) or '1type' as a synonym of type is deprecated; in a future version of numpy, it will be understood as (type, (1,)) / '(1,)type'.
  _np_quint8 = np.dtype([("quint8", np.uint8, 1)])
/home/linfengz/SCR/softwares/tf_venv_r1.8/lib/python3.6/site-packages/tensorflow/python/framework/dtypes.py:521: FutureWarning: Passing (type, 1) or '1type' as a synonym of type is deprecated; in a future version of numpy, it will be understood as (type, (1,)) / '(1,)type'.
  _np_qint16 = np.dtype([("qint16", np.int16, 1)])
/home/linfengz/SCR/softwares/tf_venv_r1.8/lib/python3.6/site-packages/tensorflow/python/framework/dtypes.py:522: FutureWarning: Passing (type, 1) or '1type' as a synonym of type is deprecated; in a future version of numpy, it will be understood as (type, (1,)) / '(1,)type'.
  _np_quint16 = np.dtype([("quint16", np.uint16, 1)])
/home/linfengz/SCR/softwares/tf_venv_r1.8/lib/python3.6/site-packages/tensorflow/python/framework/dtypes.py:523: FutureWarning: Passing (type, 1) or '1type' as a synonym of type is deprecated; in a future version of numpy, it will be understood as (type, (1,)) / '(1,)type'.
  _np_qint32 = np.dtype([("qint32", np.int32, 1)])
/home/linfengz/SCR/softwares/tf_venv_r1.8/lib/python3.6/site-packages/tensorflow/python/framework/dtypes.py:528: FutureWarning: Passing (type, 1) or '1type' as a synonym of type is deprecated; in a future version of numpy, it will be understood as (type, (1,)) / '(1,)type'.
  np_resource = np.dtype([("resource", np.ubyte, 1)])
: 1.1441e-05
epoch: 8000, ab_err: 2.5959e-02, rel_err: 7.1444e-02, lr: 1.0122e-05
epoch: 8200, ab_err: 2.7558e-02, rel_err: 7.0724e-02, lr: 9.3286e-06
epoch: 8400, ab_err: 2.8308e-02, rel_err: 7.3394e-02, lr: 8.2533e-06
epoch: 8600, ab_err: 2.9887e-02, rel_err: 7.9563e-02, lr: 7.6063e-06
epoch: 8800, ab_err: 2.9392e-02, rel_err: 6.6844e-02, lr: 6.7295e-06
epoch: 9000, ab_err: 2.9927e-02, rel_err: 7.7077e-02, lr: 6.2020e-06
epoch: 9200, ab_err: 3.0100e-02, rel_err: 7.6745e-02, lr: 5.4871e-06
epoch: 9400, ab_err: 3.0728e-02, rel_err: 7.3902e-02, lr: 5.0569e-06
epoch: 9600, ab_err: 3.0517e-02, rel_err: 6.9966e-02, lr: 4.4740e-06
epoch: 9800, ab_err: 2.7719e-02, rel_err: 6.8732e-02, lr: 4.1233e-06
epoch: 10000, ab_err: 2.9077e-02, rel_err: 7.6386e-02, lr: 3.6480e-06
epoch: 10200, ab_err: 2.7478e-02, rel_err: 7.2722e-02, lr: 3.3620e-06
epoch: 10400, ab_err: 2.4430e-02, rel_err: 6.3364e-02, lr: 2.9745e-06
epoch: 10600, ab_err: 3.2126e-02, rel_err: 8.3304e-02, lr: 2.7413e-06
epoch: 10800, ab_err: 3.1063e-02, rel_err: 7.9238e-02, lr: 2.4253e-06
epoch: 11000, ab_err: 2.8706e-02, rel_err: 7.0430e-02, lr: 2.2352e-06
epoch: 11200, ab_err: 3.0249e-02, rel_err: 7.1614e-02, lr: 1.9775e-06
epoch: 11400, ab_err: 2.8082e-02, rel_err: 7.7846e-02, lr: 1.8225e-06
epoch: 11600, ab_err: 2.4325e-02, rel_err: 5.6898e-02, lr: 1.6124e-06
epoch: 11800, ab_err: 2.4994e-02, rel_err: 6.2452e-02, lr: 1.4860e-06
epoch: 12000, ab_err: 2.8272e-02, rel_err: 7.6417e-02, lr: 1.3147e-06
running time: 862.791 s
