# restart           False
# num_threads       6
# neurons           [200, 200, 200, 200]
# batch size        128
# num_epoch         12000
# use_mix           False
# old_ratio         7
# lr_0              0.0006
# decay_steps       80
# decay_steps_inner 0
# decay_rate        0.96
# resnet            True
# graph_file        None
Begin to optimize
# start training from scratch
epoch:   0, ab_err: 3.4736e-01, rel_err: 4.0025e+00, lr: 6.0000e-04
epoch: 200, ab_err: 9.2191e-02, rel_err: 2.4902e-01, lr: 5.5296e-04
epoch: 400, ab_err: 9.6155e-02, rel_err: 2.9783e-01, lr: 4.8922e-04
epoch: 600, ab_err: 8.5628e-02, rel_err: 2.5432e-01, lr: 4.5087e-04
epoch: 800, ab_err: 8.0120e-02, rel_err: 2.8572e-01, lr: 3.9890e-04
epoch: 1000, ab_err: 6.9733e-02, rel_err: 1.9006e-01, lr: 3.6763e-04
epoch: 1200, ab_err: 7.0124e-02, rel_err: 2.1842e-01, lr: 3.2525e-04
epoch: 1400, ab_err: 7.1691e-02, rel_err: 2.2382e-01, lr: 2.9975e-04
epoch: 1600, ab_err: 5.8973e-02, rel_err: 1.8068e-01, lr: 2.6520e-04
epoch: 1800, ab_err: 5.9519e-02, rel_err: 1.8595e-01, lr: 2.4441e-04
epoch: 2000, ab_err: 5.9058e-02, rel_err: 1.9493e-01, lr: 2.1624e-04
epoch: 2200, ab_err: 5.1107e-/home/linfengz/SCR/softwares/tf_venv_r1.8/lib/python3.6/site-packages/tensorflow/python/framework/dtypes.py:519: FutureWarning: Passing (type, 1) or '1type' as a synonym of type is deprecated; in a future version of numpy, it will be understood as (type, (1,)) / '(1,)type'.
  _np_qint8 = np.dtype([("qint8", np.int8, 1)])
/home/linfengz/SCR/softwares/tf_venv_r1.8/lib/python3.6/site-packages/tensorflow/python/framework/dtypes.py:520: FutureWarning: Passing (type, 1) or '1type' as a synonym of type is deprecated; in a future version of numpy, it will be understood as (type, (1,)) / '(1,)type'.
  _np_quint8 = np.dtype([("quint8", np.uint8, 1)])
/home/linfengz/SCR/softwares/tf_venv_r1.8/lib/python3.6/site-packages/tensorflow/python/framework/dtypes.py:521: FutureWarning: Passing (type, 1) or '1type' as a synonym of type is deprecated; in a future version of numpy, it will be understood as (type, (1,)) / '(1,)type'.
  _np_qint16 = np.dtype([("qint16", np.int16, 1)])
/home/linfengz/SCR/softwares/tf_venv_r1.8/lib/python3.6/site-packages/tensorflow/python/framework/dtypes.py:522: FutureWarning: Passing (type, 1) or '1type' as a synonym of type is deprecated; in a future version of numpy, it will be understood as (type, (1,)) / '(1,)type'.
  _np_quint16 = np.dtype([("quint16", np.uint16, 1)])
/home/linfengz/SCR/softwares/tf_venv_r1.8/lib/python3.6/site-packages/tensorflow/python/framework/dtypes.py:523: FutureWarning: Passing (type, 1) or '1type' as a synonym of type is deprecated; in a future version of numpy, it will be understood as (type, (1,)) / '(1,)type'.
  _np_qint32 = np.dtype([("qint32", np.int32, 1)])
/home/linfengz/SCR/softwares/tf_venv_r1.8/lib/python3.6/site-packages/tensorflow/python/framework/dtypes.py:528: FutureWarning: Passing (type, 1) or '1type' as a synonym of type is deprecated; in a future version of numpy, it will be understood as (type, (1,)) / '(1,)type'.
  np_resource = np.dtype([("resource", np.ubyte, 1)])
: 1.1441e-05
epoch: 8000, ab_err: 2.3096e-02, rel_err: 7.4440e-02, lr: 1.0122e-05
epoch: 8200, ab_err: 2.3433e-02, rel_err: 6.2744e-02, lr: 9.3286e-06
epoch: 8400, ab_err: 2.0790e-02, rel_err: 6.3794e-02, lr: 8.2533e-06
epoch: 8600, ab_err: 1.9919e-02, rel_err: 5.8445e-02, lr: 7.6063e-06
epoch: 8800, ab_err: 2.4729e-02, rel_err: 7.8947e-02, lr: 6.7295e-06
epoch: 9000, ab_err: 2.1157e-02, rel_err: 6.1771e-02, lr: 6.2020e-06
epoch: 9200, ab_err: 2.1618e-02, rel_err: 6.5980e-02, lr: 5.4871e-06
epoch: 9400, ab_err: 2.1274e-02, rel_err: 8.1280e-02, lr: 5.0569e-06
epoch: 9600, ab_err: 1.9865e-02, rel_err: 5.2584e-02, lr: 4.4740e-06
epoch: 9800, ab_err: 2.2946e-02, rel_err: 8.2607e-02, lr: 4.1233e-06
epoch: 10000, ab_err: 1.8957e-02, rel_err: 6.0168e-02, lr: 3.6480e-06
epoch: 10200, ab_err: 2.0191e-02, rel_err: 6.0648e-02, lr: 3.3620e-06
epoch: 10400, ab_err: 2.0937e-02, rel_err: 6.5862e-02, lr: 2.9745e-06
epoch: 10600, ab_err: 2.2080e-02, rel_err: 7.0759e-02, lr: 2.7413e-06
epoch: 10800, ab_err: 2.2118e-02, rel_err: 7.4870e-02, lr: 2.4253e-06
epoch: 11000, ab_err: 2.0122e-02, rel_err: 6.8234e-02, lr: 2.2352e-06
epoch: 11200, ab_err: 2.3335e-02, rel_err: 6.2808e-02, lr: 1.9775e-06
epoch: 11400, ab_err: 2.1558e-02, rel_err: 6.3748e-02, lr: 1.8225e-06
epoch: 11600, ab_err: 1.9485e-02, rel_err: 5.7173e-02, lr: 1.6124e-06
epoch: 11800, ab_err: 1.9079e-02, rel_err: 4.8962e-02, lr: 1.4860e-06
epoch: 12000, ab_err: 2.1997e-02, rel_err: 6.0022e-02, lr: 1.3147e-06
running time: 1471.735 s
