# restart           False
# num_threads       6
# neurons           [300, 300, 300, 300]
# batch size        128
# num_epoch         12000
# use_mix           False
# old_ratio         7
# lr_0              0.0006
# decay_steps       80
# decay_steps_inner 0
# decay_rate        0.96
# resnet            True
# graph_file        None
Begin to optimize
# start training from scratch
epoch:   0, ab_err: 4.7610e-01, rel_err: 2.9154e+00, lr: 6.0000e-04
epoch: 200, ab_err: 2.2865e-01, rel_err: 5.8879e-01, lr: 5.5296e-04
epoch: 400, ab_err: 8.9531e-02, rel_err: 2.0197e-01, lr: 4.8922e-04
epoch: 600, ab_err: 3.9594e-02, rel_err: 9.0616e-02, lr: 4.5087e-04
epoch: 800, ab_err: 2.6143e-02, rel_err: 5.2271e-02, lr: 3.9890e-04
epoch: 1000, ab_err: 2.2492e-02, rel_err: 4.8619e-02, lr: 3.6763e-04
epoch: 1200, ab_err: 1.8033e-02, rel_err: 3.9308e-02, lr: 3.2525e-04
epoch: 1400, ab_err: 1.4653e-02, rel_err: 3.2011e-02, lr: 2.9975e-04
epoch: 1600, ab_err: 1.4742e-02, rel_err: 3.2552e-02, lr: 2.6520e-04
epoch: 1800, ab_err: 1.1919e-02, rel_err: 2.7604e-02, lr: 2.4441e-04
epoch: 2000, ab_err: 1.0487e-02, rel_err: 2.2887e-02, lr: 2.1624e-04
epoch: 2200, ab_err: 9.8334e-/home/linfengz/SCR/softwares/tf_venv_r1.8/lib/python3.6/site-packages/tensorflow/python/framework/dtypes.py:519: FutureWarning: Passing (type, 1) or '1type' as a synonym of type is deprecated; in a future version of numpy, it will be understood as (type, (1,)) / '(1,)type'.
  _np_qint8 = np.dtype([("qint8", np.int8, 1)])
/home/linfengz/SCR/softwares/tf_venv_r1.8/lib/python3.6/site-packages/tensorflow/python/framework/dtypes.py:520: FutureWarning: Passing (type, 1) or '1type' as a synonym of type is deprecated; in a future version of numpy, it will be understood as (type, (1,)) / '(1,)type'.
  _np_quint8 = np.dtype([("quint8", np.uint8, 1)])
/home/linfengz/SCR/softwares/tf_venv_r1.8/lib/python3.6/site-packages/tensorflow/python/framework/dtypes.py:521: FutureWarning: Passing (type, 1) or '1type' as a synonym of type is deprecated; in a future version of numpy, it will be understood as (type, (1,)) / '(1,)type'.
  _np_qint16 = np.dtype([("qint16", np.int16, 1)])
/home/linfengz/SCR/softwares/tf_venv_r1.8/lib/python3.6/site-packages/tensorflow/python/framework/dtypes.py:522: FutureWarning: Passing (type, 1) or '1type' as a synonym of type is deprecated; in a future version of numpy, it will be understood as (type, (1,)) / '(1,)type'.
  _np_quint16 = np.dtype([("quint16", np.uint16, 1)])
/home/linfengz/SCR/softwares/tf_venv_r1.8/lib/python3.6/site-packages/tensorflow/python/framework/dtypes.py:523: FutureWarning: Passing (type, 1) or '1type' as a synonym of type is deprecated; in a future version of numpy, it will be understood as (type, (1,)) / '(1,)type'.
  _np_qint32 = np.dtype([("qint32", np.int32, 1)])
/home/linfengz/SCR/softwares/tf_venv_r1.8/lib/python3.6/site-packages/tensorflow/python/framework/dtypes.py:528: FutureWarning: Passing (type, 1) or '1type' as a synonym of type is deprecated; in a future version of numpy, it will be understood as (type, (1,)) / '(1,)type'.
  np_resource = np.dtype([("resource", np.ubyte, 1)])
: 1.1441e-05
epoch: 8000, ab_err: 4.3686e-04, rel_err: 9.5015e-04, lr: 1.0122e-05
epoch: 8200, ab_err: 4.0491e-04, rel_err: 8.7280e-04, lr: 9.3286e-06
epoch: 8400, ab_err: 3.7195e-04, rel_err: 8.5629e-04, lr: 8.2533e-06
epoch: 8600, ab_err: 3.3279e-04, rel_err: 7.4497e-04, lr: 7.6063e-06
epoch: 8800, ab_err: 3.1277e-04, rel_err: 6.7462e-04, lr: 6.7295e-06
epoch: 9000, ab_err: 2.3518e-04, rel_err: 5.3745e-04, lr: 6.2020e-06
epoch: 9200, ab_err: 2.7932e-04, rel_err: 6.2613e-04, lr: 5.4871e-06
epoch: 9400, ab_err: 2.2686e-04, rel_err: 4.9519e-04, lr: 5.0569e-06
epoch: 9600, ab_err: 2.1426e-04, rel_err: 4.8359e-04, lr: 4.4740e-06
epoch: 9800, ab_err: 1.6414e-04, rel_err: 3.6240e-04, lr: 4.1233e-06
epoch: 10000, ab_err: 1.7317e-04, rel_err: 3.8243e-04, lr: 3.6480e-06
epoch: 10200, ab_err: 1.4048e-04, rel_err: 3.0666e-04, lr: 3.3620e-06
epoch: 10400, ab_err: 1.3468e-04, rel_err: 2.9835e-04, lr: 2.9745e-06
epoch: 10600, ab_err: 1.0488e-04, rel_err: 2.3062e-04, lr: 2.7413e-06
epoch: 10800, ab_err: 1.1133e-04, rel_err: 2.3727e-04, lr: 2.4253e-06
epoch: 11000, ab_err: 9.3616e-05, rel_err: 2.0792e-04, lr: 2.2352e-06
epoch: 11200, ab_err: 7.4675e-05, rel_err: 1.6344e-04, lr: 1.9775e-06
epoch: 11400, ab_err: 7.9765e-05, rel_err: 1.7564e-04, lr: 1.8225e-06
epoch: 11600, ab_err: 7.4558e-05, rel_err: 1.5695e-04, lr: 1.6124e-06
epoch: 11800, ab_err: 5.8938e-05, rel_err: 1.2867e-04, lr: 1.4860e-06
epoch: 12000, ab_err: 5.4579e-05, rel_err: 1.1791e-04, lr: 1.3147e-06
running time: 1453.702 s
