                      :-) GROMACS - gmx mdrun, 2019.2 (-:

                            GROMACS is written by:
     Emile Apol      Rossen Apostolov      Paul Bauer     Herman J.C. Berendsen
    Par Bjelkmar      Christian Blau   Viacheslav Bolnykh     Kevin Boyd    
 Aldert van Buuren   Rudi van Drunen     Anton Feenstra       Alan Gray     
  Gerrit Groenhof     Anca Hamuraru    Vincent Hindriksen  M. Eric Irrgang  
  Aleksei Iupinov   Christoph Junghans     Joe Jordan     Dimitrios Karkoulis
    Peter Kasson        Jiri Kraus      Carsten Kutzner      Per Larsson    
  Justin A. Lemkul    Viveca Lindahl    Magnus Lundborg     Erik Marklund   
    Pascal Merz     Pieter Meulenhoff    Teemu Murtola       Szilard Pall   
    Sander Pronk      Roland Schulz      Michael Shirts    Alexey Shvetsov  
   Alfons Sijbers     Peter Tieleman      Jon Vincent      Teemu Virolainen 
 Christian Wennberg    Maarten Wolf   
                           and the project leaders:
        Mark Abraham, Berk Hess, Erik Lindahl, and David van der Spoel

Copyright (c) 1991-2000, University of Groningen, The Netherlands.
Copyright (c) 2001-2018, The GROMACS development team at
Uppsala University, Stockholm University and
the Royal Institute of Technology, Sweden.
check out http://www.gromacs.org for more information.

GROMACS is free software; you can redistribute it and/or modify it
under the terms of the GNU Lesser General Public License
as published by the Free Software Foundation; either version 2.1
of the License, or (at your option) any later version.

GROMACS:      gmx mdrun, version 2019.2
Executable:   /home/dongdong/software/GMX20192plumed/bin/gmx
Data prefix:  /home/dongdong/software/GMX20192plumed
Working dir:  /scratch/gpfs/dongdong/peptoid/data_dongdong
Process ID:   6964
Command line:
  gmx mdrun -deffnm npt -v -ntmpi 1 -ntomp 8

GROMACS version:    2019.2
Precision:          single
Memory model:       64 bit
MPI library:        thread_mpi
OpenMP support:     enabled (GMX_OPENMP_MAX_THREADS = 64)
GPU support:        CUDA
SIMD instructions:  AVX_256
FFT library:        fftw-3.3.8-sse2-avx-avx2-avx2_128
RDTSCP usage:       enabled
TNG support:        enabled
Hwloc support:      hwloc-1.11.8
Tracing support:    disabled
C compiler:         /usr/bin/cc GNU 4.8.5
C compiler flags:    -mavx     -O3 -DNDEBUG -funroll-all-loops -fexcess-precision=fast  
C++ compiler:       /usr/bin/c++ GNU 4.8.5
C++ compiler flags:  -mavx    -std=c++11   -O3 -DNDEBUG -funroll-all-loops -fexcess-precision=fast  
CUDA compiler:      /usr/local/cuda-10.1/bin/nvcc nvcc: NVIDIA (R) Cuda compiler driver;Copyright (c) 2005-2019 NVIDIA Corporation;Built on Wed_Apr_24_19:10:27_PDT_2019;Cuda compilation tools, release 10.1, V10.1.168
CUDA compiler flags:-gencode;arch=compute_30,code=sm_30;-gencode;arch=compute_35,code=sm_35;-gencode;arch=compute_37,code=sm_37;-gencode;arch=compute_50,code=sm_50;-gencode;arch=compute_52,code=sm_52;-gencode;arch=compute_60,code=sm_60;-gencode;arch=compute_61,code=sm_61;-gencode;arch=compute_70,code=sm_70;-gencode;arch=compute_75,code=compute_75;-use_fast_math;;; ;-mavx;-std=c++11;-O3;-DNDEBUG;-funroll-all-loops;-fexcess-precision=fast;
CUDA driver:        10.20
CUDA runtime:       N/A

NOTE: Detection of GPUs failed. The API reported:
      no CUDA-capable device is detected
      GROMACS cannot run tasks on a GPU.

Running on 1 node with total 40 cores, 40 logical cores, 0 compatible GPUs
Hardware detected:
  CPU info:
    Vendor: Intel
    Brand:  Intel(R) Xeon(R) Gold 6148 CPU @ 2.40GHz
    Family: 6   Model: 85   Stepping: 4
    Features: aes apic avx avx2 avx512f avx512cd avx512bw avx512vl clfsh cmov cx8 cx16 f16c fma hle htt intel lahf mmx msr nonstop_tsc pcid pclmuldq pdcm pdpe1gb popcnt pse rdrnd rdtscp rtm sse2 sse3 sse4.1 sse4.2 ssse3 tdt x2apic
    Number of AVX-512 FMA units: Cannot run AVX-512 detection - assuming 2
  Hardware topology: Full, with devices
    Sockets, cores, and logical processors:
      Socket  0: [   0] [   1] [   2] [   3] [   4] [   5] [   6] [   7] [   8] [   9] [  10] [  11] [  12] [  13] [  14] [  15] [  16] [  17] [  18] [  19]
      Socket  1: [  20] [  21] [  22] [  23] [  24] [  25] [  26] [  27] [  28] [  29] [  30] [  31] [  32] [  33] [  34] [  35] [  36] [  37] [  38] [  39]
    Numa nodes:
      Node  0 (100873314304 bytes mem):   0   1   2   3   4   5   6   7   8   9  10  11  12  13  14  15  16  17  18  19
      Node  1 (101448323072 bytes mem):  20  21  22  23  24  25  26  27  28  29  30  31  32  33  34  35  36  37  38  39
      Latency:
               0     1
         0  1.00  2.10
         1  2.10  1.00
    Caches:
      L1: 32768 bytes, linesize 64 bytes, assoc. 8, shared 1 ways
      L2: 1048576 bytes, linesize 64 bytes, assoc. 16, shared 1 ways
      L3: 28835840 bytes, linesize 64 bytes, assoc. 11, shared 20 ways
    PCI devices:
      0000:02:00.0  Id: 14e4:1657  Class: 0x0200  Numa: 0
      0000:02:00.1  Id: 14e4:1657  Class: 0x0200  Numa: 0
      0000:02:00.2  Id: 14e4:1657  Class: 0x0200  Numa: 0
      0000:02:00.3  Id: 14e4:1657  Class: 0x0200  Numa: 0
      0000:01:00.1  Id: 102b:0538  Class: 0x0300  Numa: 0
      0000:12:00.0  Id: 14e4:168e  Class: 0x0200  Numa: 0
      0000:12:00.1  Id: 14e4:168e  Class: 0x0200  Numa: 0
      0000:13:00.0  Id: 8086:24f0  Class: 0x0208  Numa: 0
      0000:5c:00.0  Id: 9005:028f  Class: 0x0107  Numa: 0
      0000:5d:00.0  Id: 15b3:1007  Class: 0x0207  Numa: 0

Highest SIMD level requested by all nodes in run: AVX_512
SIMD instructions selected at compile time:       AVX_256
This program was compiled for different hardware than you are running on,
which could influence performance.

++++ PLEASE READ AND CITE THE FOLLOWING REFERENCE ++++
M. J. Abraham, T. Murtola, R. Schulz, S. Páll, J. C. Smith, B. Hess, E.
Lindahl
GROMACS: High performance molecular simulations through multi-level
parallelism from laptops to supercomputers
SoftwareX 1 (2015) pp. 19-25
-------- -------- --- Thank You --- -------- --------


++++ PLEASE READ AND CITE THE FOLLOWING REFERENCE ++++
S. Páll, M. J. Abraham, C. Kutzner, B. Hess, E. Lindahl
Tackling Exascale Software Challenges in Molecular Dynamics Simulations with
GROMACS
In S. Markidis & E. Laure (Eds.), Solving Software Challenges for Exascale 8759 (2015) pp. 3-27
-------- -------- --- Thank You --- -------- --------


++++ PLEASE READ AND CITE THE FOLLOWING REFERENCE ++++
S. Pronk, S. Páll, R. Schulz, P. Larsson, P. Bjelkmar, R. Apostolov, M. R.
Shirts, J. C. Smith, P. M. Kasson, D. van der Spoel, B. Hess, and E. Lindahl
GROMACS 4.5: a high-throughput and highly parallel open source molecular
simulation toolkit
Bioinformatics 29 (2013) pp. 845-54
-------- -------- --- Thank You --- -------- --------


++++ PLEASE READ AND CITE THE FOLLOWING REFERENCE ++++
B. Hess and C. Kutzner and D. van der Spoel and E. Lindahl
GROMACS 4: Algorithms for highly efficient, load-balanced, and scalable
molecular simulation
J. Chem. Theory Comput. 4 (2008) pp. 435-447
-------- -------- --- Thank You --- -------- --------


++++ PLEASE READ AND CITE THE FOLLOWING REFERENCE ++++
D. van der Spoel, E. Lindahl, B. Hess, G. Groenhof, A. E. Mark and H. J. C.
Berendsen
GROMACS: Fast, Flexible and Free
J. Comp. Chem. 26 (2005) pp. 1701-1719
-------- -------- --- Thank You --- -------- --------


++++ PLEASE READ AND CITE THE FOLLOWING REFERENCE ++++
E. Lindahl and B. Hess and D. van der Spoel
GROMACS 3.0: A package for molecular simulation and trajectory analysis
J. Mol. Mod. 7 (2001) pp. 306-317
-------- -------- --- Thank You --- -------- --------


++++ PLEASE READ AND CITE THE FOLLOWING REFERENCE ++++
H. J. C. Berendsen, D. van der Spoel and R. van Drunen
GROMACS: A message-passing parallel molecular dynamics implementation
Comp. Phys. Comm. 91 (1995) pp. 43-56
-------- -------- --- Thank You --- -------- --------


++++ PLEASE CITE THE DOI FOR THIS VERSION OF GROMACS ++++
https://doi.org/10.5281/zenodo.2636382
-------- -------- --- Thank You --- -------- --------

Input Parameters:
   integrator                     = md
   tinit                          = 0
   dt                             = 0.002
   nsteps                         = 250000
   init-step                      = 0
   simulation-part                = 1
   comm-mode                      = Linear
   nstcomm                        = 100
   bd-fric                        = 0
   ld-seed                        = 362932524
   emtol                          = 10
   emstep                         = 0.01
   niter                          = 20
   fcstep                         = 0
   nstcgsteep                     = 1000
   nbfgscorr                      = 10
   rtpi                           = 0.05
   nstxout                        = 10000
   nstvout                        = 10000
   nstfout                        = 0
   nstlog                         = 10000
   nstcalcenergy                  = 100
   nstenergy                      = 10000
   nstxout-compressed             = 0
   compressed-x-precision         = 1000
   cutoff-scheme                  = Verlet
   nstlist                        = 10
   ns-type                        = Grid
   pbc                            = xyz
   periodic-molecules             = false
   verlet-buffer-tolerance        = 0.005
   rlist                          = 1
   coulombtype                    = PME
   coulomb-modifier               = Potential-shift
   rcoulomb-switch                = 0
   rcoulomb                       = 1
   epsilon-r                      = 1
   epsilon-rf                     = inf
   vdw-type                       = Cut-off
   vdw-modifier                   = Potential-shift
   rvdw-switch                    = 0
   rvdw                           = 1
   DispCorr                       = EnerPres
   table-extension                = 1
   fourierspacing                 = 0.12
   fourier-nx                     = 32
   fourier-ny                     = 32
   fourier-nz                     = 32
   pme-order                      = 4
   ewald-rtol                     = 1e-05
   ewald-rtol-lj                  = 0.001
   lj-pme-comb-rule               = Geometric
   ewald-geometry                 = 0
   epsilon-surface                = 0
   tcoupl                         = V-rescale
   nsttcouple                     = 10
   nh-chain-length                = 0
   print-nose-hoover-chain-variables = false
   pcoupl                         = Parrinello-Rahman
   pcoupltype                     = Isotropic
   nstpcouple                     = 10
   tau-p                          = 2
   compressibility (3x3):
      compressibility[    0]={ 4.50000e-05,  0.00000e+00,  0.00000e+00}
      compressibility[    1]={ 0.00000e+00,  4.50000e-05,  0.00000e+00}
      compressibility[    2]={ 0.00000e+00,  0.00000e+00,  4.50000e-05}
   ref-p (3x3):
      ref-p[    0]={ 1.00000e+00,  0.00000e+00,  0.00000e+00}
      ref-p[    1]={ 0.00000e+00,  1.00000e+00,  0.00000e+00}
      ref-p[    2]={ 0.00000e+00,  0.00000e+00,  1.00000e+00}
   refcoord-scaling               = COM
   posres-com (3):
      posres-com[0]= 0.00000e+00
      posres-com[1]= 0.00000e+00
      posres-com[2]= 0.00000e+00
   posres-comB (3):
      posres-comB[0]= 0.00000e+00
      posres-comB[1]= 0.00000e+00
      posres-comB[2]= 0.00000e+00
   QMMM                           = false
   QMconstraints                  = 0
   QMMMscheme                     = 0
   MMChargeScaleFactor            = 1
qm-opts:
   ngQM                           = 0
   constraint-algorithm           = Lincs
   continuation                   = true
   Shake-SOR                      = false
   shake-tol                      = 0.0001
   lincs-order                    = 4
   lincs-iter                     = 1
   lincs-warnangle                = 30
   nwall                          = 0
   wall-type                      = 9-3
   wall-r-linpot                  = -1
   wall-atomtype[0]               = -1
   wall-atomtype[1]               = -1
   wall-density[0]                = 0
   wall-density[1]                = 0
   wall-ewald-zfac                = 3
   pull                           = false
   awh                            = false
   rotation                       = false
   interactiveMD                  = false
   disre                          = No
   disre-weighting                = Conservative
   disre-mixed                    = false
   dr-fc                          = 1000
   dr-tau                         = 0
   nstdisreout                    = 100
   orire-fc                       = 0
   orire-tau                      = 0
   nstorireout                    = 100
   free-energy                    = no
   cos-acceleration               = 0
   deform (3x3):
      deform[    0]={ 0.00000e+00,  0.00000e+00,  0.00000e+00}
      deform[    1]={ 0.00000e+00,  0.00000e+00,  0.00000e+00}
      deform[    2]={ 0.00000e+00,  0.00000e+00,  0.00000e+00}
   simulated-tempering            = false
   swapcoords                     = no
   userint1                       = 0
   userint2                       = 0
   userint3                       = 0
   userint4                       = 0
   userreal1                      = 0
   userreal2                      = 0
   userreal3                      = 0
   userreal4                      = 0
   applied-forces:
     electric-field:
       x:
         E0                       = 0
         omega                    = 0
         t0                       = 0
         sigma                    = 0
       y:
         E0                       = 0
         omega                    = 0
         t0                       = 0
         sigma                    = 0
       z:
         E0                       = 0
         omega                    = 0
         t0                       = 0
         sigma                    = 0
grpopts:
   nrdf:     209.896      5835.1
   ref-t:         298         298
   tau-t:         0.1         0.1
annealing:          No          No
annealing-npoints:           0           0
   acc:	           0           0           0
   nfreeze:           N           N           N
   energygrp-flags[  0]: 0

Changing nstlist from 10 to 50, rlist from 1 to 1.106


Using 1 MPI thread
Using 8 OpenMP threads 


NOTE: The number of threads is not equal to the number of (logical) cores
      and the -pin option is set to auto: will not pin threads to cores.
      This can lead to significant performance degradation.
      Consider using -pin on (and -pinoffset in case you run multiple jobs).
System total charge: 0.000
Will do PME sum in reciprocal space for electrostatic interactions.

++++ PLEASE READ AND CITE THE FOLLOWING REFERENCE ++++
U. Essmann, L. Perera, M. L. Berkowitz, T. Darden, H. Lee and L. G. Pedersen 
A smooth particle mesh Ewald method
J. Chem. Phys. 103 (1995) pp. 8577-8592
-------- -------- --- Thank You --- -------- --------

Using a Gaussian width (1/beta) of 0.320163 nm for Ewald
Potential shift: LJ r^-12: -1.000e+00 r^-6: -1.000e+00, Ewald -1.000e-05
Initialized non-bonded Ewald correction tables, spacing: 9.33e-04 size: 1073

Long Range LJ corr.: <C6> 3.0898e-04
Generated table with 1053 data points for Ewald.
Tabscale = 500 points/nm
Generated table with 1053 data points for LJ6.
Tabscale = 500 points/nm
Generated table with 1053 data points for LJ12.
Tabscale = 500 points/nm
Generated table with 1053 data points for 1-4 COUL.
Tabscale = 500 points/nm
Generated table with 1053 data points for 1-4 LJ6.
Tabscale = 500 points/nm
Generated table with 1053 data points for 1-4 LJ12.
Tabscale = 500 points/nm

Using SIMD 4x4 nonbonded short-range kernels

Using a dual 4x4 pair-list setup updated with dynamic pruning:
  outer list: updated every 50 steps, buffer 0.106 nm, rlist 1.106 nm
  inner list: updated every 12 steps, buffer 0.001 nm, rlist 1.001 nm
At tolerance 0.005 kJ/mol/ps per atom, equivalent classical 1x1 list would be:
  outer list: updated every 50 steps, buffer 0.232 nm, rlist 1.232 nm
  inner list: updated every 12 steps, buffer 0.046 nm, rlist 1.046 nm

Using Lorentz-Berthelot Lennard-Jones combination rule


Initializing LINear Constraint Solver

++++ PLEASE READ AND CITE THE FOLLOWING REFERENCE ++++
B. Hess and H. Bekker and H. J. C. Berendsen and J. G. E. M. Fraaije
LINCS: A Linear Constraint Solver for molecular simulations
J. Comp. Chem. 18 (1997) pp. 1463-1472
-------- -------- --- Thank You --- -------- --------

The number of constraints is 42

++++ PLEASE READ AND CITE THE FOLLOWING REFERENCE ++++
S. Miyamoto and P. A. Kollman
SETTLE: An Analytical Version of the SHAKE and RATTLE Algorithms for Rigid
Water Models
J. Comp. Chem. 13 (1992) pp. 952-962
-------- -------- --- Thank You --- -------- --------

Center of mass motion removal mode is Linear
We have the following groups for center of mass motion removal:
  0:  rest

++++ PLEASE READ AND CITE THE FOLLOWING REFERENCE ++++
G. Bussi, D. Donadio and M. Parrinello
Canonical sampling through velocity rescaling
J. Chem. Phys. 126 (2007) pp. 014101
-------- -------- --- Thank You --- -------- --------

There are: 3003 Atoms

Started mdrun on rank 0 Thu Jun  4 10:01:06 2020

           Step           Time
              0        0.00000

   Energies (kJ/mol)
           Bond            U-B    Proper Dih.  Improper Dih.          LJ-14
    1.43525e+02    1.60796e+02    6.87582e+01    4.28940e+00    1.66932e+02
     Coulomb-14        LJ (SR)  Disper. corr.   Coulomb (SR)   Coul. recip.
    7.09505e+02    4.63419e+03   -3.66728e+02   -4.49599e+04    2.71127e+02
      Potential    Kinetic En.   Total Energy  Conserved En.    Temperature
   -3.91675e+04    7.58983e+03   -3.15777e+04   -3.15758e+04    3.02017e+02
 Pres. DC (bar) Pressure (bar)   Constr. rmsd
   -1.91828e+02   -9.04818e+02    1.87963e-06

           Step           Time
          10000       20.00000

   Energies (kJ/mol)
           Bond            U-B    Proper Dih.  Improper Dih.          LJ-14
    1.13550e+02    1.88728e+02    1.09145e+02    7.42390e-01    1.98113e+02
     Coulomb-14        LJ (SR)  Disper. corr.   Coulomb (SR)   Coul. recip.
    6.93474e+02    4.34030e+03   -3.92817e+02   -4.55552e+04    2.57008e+02
      Potential    Kinetic En.   Total Energy  Conserved En.    Temperature
   -4.00470e+04    7.73203e+03   -3.23149e+04   -3.15381e+04    3.07676e+02
 Pres. DC (bar) Pressure (bar)   Constr. rmsd
   -2.20055e+02   -2.46686e+02    3.87774e-06

           Step           Time
          20000       40.00000

   Energies (kJ/mol)
           Bond            U-B    Proper Dih.  Improper Dih.          LJ-14
    8.64648e+01    2.11595e+02    9.39003e+01    1.78363e+00    2.17615e+02
     Coulomb-14        LJ (SR)  Disper. corr.   Coulomb (SR)   Coul. recip.
    7.18267e+02    4.39414e+03   -3.94175e+02   -4.52661e+04    2.40398e+02
      Potential    Kinetic En.   Total Energy  Conserved En.    Temperature
   -3.96961e+04    7.43208e+03   -3.22640e+04   -3.15048e+04    2.95740e+02
 Pres. DC (bar) Pressure (bar)   Constr. rmsd
   -2.21577e+02    3.90831e+02    1.96493e-06

           Step           Time
          30000       60.00000

   Energies (kJ/mol)
           Bond            U-B    Proper Dih.  Improper Dih.          LJ-14
    1.22945e+02    1.67827e+02    8.89260e+01    9.58114e+00    1.95412e+02
     Coulomb-14        LJ (SR)  Disper. corr.   Coulomb (SR)   Coul. recip.
    7.18345e+02    4.83543e+03   -3.98324e+02   -4.57846e+04    2.53638e+02
      Potential    Kinetic En.   Total Energy  Conserved En.    Temperature
   -3.97909e+04    7.67392e+03   -3.21169e+04   -3.15120e+04    3.05363e+02
 Pres. DC (bar) Pressure (bar)   Constr. rmsd
   -2.26261e+02    9.51092e+02    3.04050e-06

           Step           Time
          40000       80.00000

   Energies (kJ/mol)
           Bond            U-B    Proper Dih.  Improper Dih.          LJ-14
    8.05211e+01    1.74382e+02    9.10693e+01    9.64624e+00    2.23013e+02
     Coulomb-14        LJ (SR)  Disper. corr.   Coulomb (SR)   Coul. recip.
    7.24220e+02    4.11494e+03   -4.00218e+02   -4.55404e+04    2.48572e+02
      Potential    Kinetic En.   Total Energy  Conserved En.    Temperature
   -4.02742e+04    7.76565e+03   -3.25086e+04   -3.15027e+04    3.09013e+02
 Pres. DC (bar) Pressure (bar)   Constr. rmsd
   -2.28415e+02   -2.92019e+02    3.25968e-06

           Step           Time
          50000      100.00000

   Energies (kJ/mol)
           Bond            U-B    Proper Dih.  Improper Dih.          LJ-14
    1.20401e+02    2.24101e+02    9.20916e+01    1.43072e+00    2.08750e+02
     Coulomb-14        LJ (SR)  Disper. corr.   Coulomb (SR)   Coul. recip.
    7.15286e+02    4.29398e+03   -3.96047e+02   -4.53480e+04    2.68698e+02
      Potential    Kinetic En.   Total Energy  Conserved En.    Temperature
   -3.98193e+04    7.75723e+03   -3.20621e+04   -3.14742e+04    3.08678e+02
 Pres. DC (bar) Pressure (bar)   Constr. rmsd
   -2.23684e+02   -2.93130e+02    2.21630e-06

           Step           Time
          60000      120.00000

   Energies (kJ/mol)
           Bond            U-B    Proper Dih.  Improper Dih.          LJ-14
    9.29302e+01    1.70321e+02    7.78255e+01    3.03131e+00    1.95696e+02
     Coulomb-14        LJ (SR)  Disper. corr.   Coulomb (SR)   Coul. recip.
    6.91679e+02    4.65149e+03   -3.99496e+02   -4.59824e+04    2.75964e+02
      Potential    Kinetic En.   Total Energy  Conserved En.    Temperature
   -4.02230e+04    7.33142e+03   -3.28916e+04   -3.14593e+04    2.91734e+02
 Pres. DC (bar) Pressure (bar)   Constr. rmsd
   -2.27592e+02    4.74434e+02    3.59496e-06

           Step           Time
          70000      140.00000

   Energies (kJ/mol)
           Bond            U-B    Proper Dih.  Improper Dih.          LJ-14
    7.37803e+01    1.74925e+02    9.02641e+01    7.85291e+00    2.23702e+02
     Coulomb-14        LJ (SR)  Disper. corr.   Coulomb (SR)   Coul. recip.
    7.23484e+02    4.49088e+03   -4.03640e+02   -4.56142e+04    2.18946e+02
      Potential    Kinetic En.   Total Energy  Conserved En.    Temperature
   -4.00140e+04    7.47558e+03   -3.25384e+04   -3.14358e+04    2.97471e+02
 Pres. DC (bar) Pressure (bar)   Constr. rmsd
   -2.32333e+02    8.74138e+02    1.70895e-06

           Step           Time
          80000      160.00000

   Energies (kJ/mol)
           Bond            U-B    Proper Dih.  Improper Dih.          LJ-14
    9.10097e+01    1.94589e+02    7.79941e+01    1.22079e+01    1.97001e+02
     Coulomb-14        LJ (SR)  Disper. corr.   Coulomb (SR)   Coul. recip.
    7.07263e+02    4.61060e+03   -3.98814e+02   -4.57480e+04    2.45195e+02
      Potential    Kinetic En.   Total Energy  Conserved En.    Temperature
   -4.00110e+04    7.34190e+03   -3.26691e+04   -3.13997e+04    2.92151e+02
 Pres. DC (bar) Pressure (bar)   Constr. rmsd
   -2.26818e+02    4.01430e+02    2.53986e-06

           Step           Time
          90000      180.00000

   Energies (kJ/mol)
           Bond            U-B    Proper Dih.  Improper Dih.          LJ-14
    7.15818e+01    2.18111e+02    9.04423e+01    5.36355e+00    2.20798e+02
     Coulomb-14        LJ (SR)  Disper. corr.   Coulomb (SR)   Coul. recip.
    7.23094e+02    4.77619e+03   -3.96551e+02   -4.56144e+04    2.48389e+02
      Potential    Kinetic En.   Total Energy  Conserved En.    Temperature
   -3.96570e+04    7.59419e+03   -3.20628e+04   -3.13829e+04    3.02191e+02
 Pres. DC (bar) Pressure (bar)   Constr. rmsd
   -2.24254e+02    1.15758e+03    2.64649e-06

           Step           Time
         100000      200.00000

   Energies (kJ/mol)
           Bond            U-B    Proper Dih.  Improper Dih.          LJ-14
    8.71993e+01    1.96774e+02    8.76144e+01    3.35064e+00    2.00165e+02
     Coulomb-14        LJ (SR)  Disper. corr.   Coulomb (SR)   Coul. recip.
    7.08778e+02    4.73569e+03   -3.99709e+02   -4.56454e+04    2.41844e+02
      Potential    Kinetic En.   Total Energy  Conserved En.    Temperature
   -3.97837e+04    7.51072e+03   -3.22730e+04   -3.13645e+04    2.98869e+02
 Pres. DC (bar) Pressure (bar)   Constr. rmsd
   -2.27835e+02    1.05971e+03    3.98002e-06

           Step           Time
         110000      220.00000

   Energies (kJ/mol)
           Bond            U-B    Proper Dih.  Improper Dih.          LJ-14
    1.11042e+02    1.64308e+02    8.41232e+01    2.82491e+00    2.07693e+02
     Coulomb-14        LJ (SR)  Disper. corr.   Coulomb (SR)   Coul. recip.
    7.02605e+02    4.19600e+03   -3.89983e+02   -4.50812e+04    2.37970e+02
      Potential    Kinetic En.   Total Energy  Conserved En.    Temperature
   -3.97647e+04    7.47233e+03   -3.22923e+04   -3.13289e+04    2.97342e+02
 Pres. DC (bar) Pressure (bar)   Constr. rmsd
   -2.16895e+02   -6.27705e+02    1.23578e-06

           Step           Time
         120000      240.00000

   Energies (kJ/mol)
           Bond            U-B    Proper Dih.  Improper Dih.          LJ-14
    9.85730e+01    1.71886e+02    9.35087e+01    2.37880e+00    1.98891e+02
     Coulomb-14        LJ (SR)  Disper. corr.   Coulomb (SR)   Coul. recip.
    7.02765e+02    4.56755e+03   -3.95081e+02   -4.56993e+04    2.65501e+02
      Potential    Kinetic En.   Total Energy  Conserved En.    Temperature
   -3.99934e+04    7.49509e+03   -3.24983e+04   -3.13156e+04    2.98247e+02
 Pres. DC (bar) Pressure (bar)   Constr. rmsd
   -2.22595e+02    3.04186e+02    2.70196e-06

           Step           Time
         130000      260.00000

   Energies (kJ/mol)
           Bond            U-B    Proper Dih.  Improper Dih.          LJ-14
    1.21192e+02    2.03372e+02    9.07543e+01    3.49970e+00    1.94102e+02
     Coulomb-14        LJ (SR)  Disper. corr.   Coulomb (SR)   Coul. recip.
    7.03675e+02    4.50875e+03   -3.91138e+02   -4.53147e+04    2.63919e+02
      Potential    Kinetic En.   Total Energy  Conserved En.    Temperature
   -3.96166e+04    7.18760e+03   -3.24290e+04   -3.13041e+04    2.86011e+02
 Pres. DC (bar) Pressure (bar)   Constr. rmsd
   -2.18179e+02   -7.32508e+01    1.67508e-06

           Step           Time
         140000      280.00000

   Energies (kJ/mol)
           Bond            U-B    Proper Dih.  Improper Dih.          LJ-14
    6.63276e+01    2.13333e+02    8.90864e+01    6.33403e+00    2.07257e+02
     Coulomb-14        LJ (SR)  Disper. corr.   Coulomb (SR)   Coul. recip.
    7.15070e+02    4.39247e+03   -3.90420e+02   -4.53077e+04    2.55805e+02
      Potential    Kinetic En.   Total Energy  Conserved En.    Temperature
   -3.97524e+04    7.33463e+03   -3.24178e+04   -3.12744e+04    2.91862e+02
 Pres. DC (bar) Pressure (bar)   Constr. rmsd
   -2.17380e+02   -2.11275e+00    1.95280e-06

           Step           Time
         150000      300.00000

   Energies (kJ/mol)
           Bond            U-B    Proper Dih.  Improper Dih.          LJ-14
    1.04985e+02    2.01595e+02    9.08463e+01    6.73135e+00    2.00637e+02
     Coulomb-14        LJ (SR)  Disper. corr.   Coulomb (SR)   Coul. recip.
    7.14395e+02    4.46338e+03   -3.94988e+02   -4.53775e+04    2.40726e+02
      Potential    Kinetic En.   Total Energy  Conserved En.    Temperature
   -3.97492e+04    7.40427e+03   -3.23449e+04   -3.12297e+04    2.94633e+02
 Pres. DC (bar) Pressure (bar)   Constr. rmsd
   -2.22491e+02    2.43587e+02    2.34086e-06

           Step           Time
         160000      320.00000

   Energies (kJ/mol)
           Bond            U-B    Proper Dih.  Improper Dih.          LJ-14
    8.20279e+01    2.04952e+02    7.75585e+01    1.77619e+00    2.25199e+02
     Coulomb-14        LJ (SR)  Disper. corr.   Coulomb (SR)   Coul. recip.
    7.19978e+02    4.11847e+03   -3.99000e+02   -4.51512e+04    2.28088e+02
      Potential    Kinetic En.   Total Energy  Conserved En.    Temperature
   -3.98922e+04    7.53094e+03   -3.23613e+04   -3.12110e+04    2.99674e+02
 Pres. DC (bar) Pressure (bar)   Constr. rmsd
   -2.27029e+02   -7.52832e+01    2.94294e-06

           Step           Time
         170000      340.00000

   Energies (kJ/mol)
           Bond            U-B    Proper Dih.  Improper Dih.          LJ-14
    1.13436e+02    1.77008e+02    6.58420e+01    7.19098e+00    1.88472e+02
     Coulomb-14        LJ (SR)  Disper. corr.   Coulomb (SR)   Coul. recip.
    7.07832e+02    4.00910e+03   -3.98805e+02   -4.51653e+04    2.54354e+02
      Potential    Kinetic En.   Total Energy  Conserved En.    Temperature
   -4.00409e+04    7.21856e+03   -3.28223e+04   -3.12134e+04    2.87243e+02
 Pres. DC (bar) Pressure (bar)   Constr. rmsd
   -2.26806e+02   -8.26923e+02    2.24049e-06

           Step           Time
         180000      360.00000

   Energies (kJ/mol)
           Bond            U-B    Proper Dih.  Improper Dih.          LJ-14
    1.11675e+02    1.89882e+02    8.98804e+01    1.07526e+00    2.02136e+02
     Coulomb-14        LJ (SR)  Disper. corr.   Coulomb (SR)   Coul. recip.
    7.29398e+02    4.45181e+03   -3.92346e+02   -4.53895e+04    2.44200e+02
      Potential    Kinetic En.   Total Energy  Conserved En.    Temperature
   -3.97618e+04    7.24551e+03   -3.25163e+04   -3.11614e+04    2.88316e+02
 Pres. DC (bar) Pressure (bar)   Constr. rmsd
   -2.19528e+02   -4.60754e+01    1.47683e-06

           Step           Time
         190000      380.00000

   Energies (kJ/mol)
           Bond            U-B    Proper Dih.  Improper Dih.          LJ-14
    9.27065e+01    1.94504e+02    6.80831e+01    2.30393e+00    2.09087e+02
     Coulomb-14        LJ (SR)  Disper. corr.   Coulomb (SR)   Coul. recip.
    7.24519e+02    4.31308e+03   -3.98246e+02   -4.54645e+04    2.40843e+02
      Potential    Kinetic En.   Total Energy  Conserved En.    Temperature
   -4.00176e+04    7.68188e+03   -3.23358e+04   -3.11349e+04    3.05680e+02
 Pres. DC (bar) Pressure (bar)   Constr. rmsd
   -2.26172e+02   -1.76408e+01    1.99488e-06

           Step           Time
         200000      400.00000

   Energies (kJ/mol)
           Bond            U-B    Proper Dih.  Improper Dih.          LJ-14
    1.09566e+02    2.00777e+02    6.80914e+01    4.34883e+00    1.99188e+02
     Coulomb-14        LJ (SR)  Disper. corr.   Coulomb (SR)   Coul. recip.
    6.98673e+02    4.41394e+03   -3.94035e+02   -4.52774e+04    2.54051e+02
      Potential    Kinetic En.   Total Energy  Conserved En.    Temperature
   -3.97228e+04    7.71647e+03   -3.20064e+04   -3.10933e+04    3.07057e+02
 Pres. DC (bar) Pressure (bar)   Constr. rmsd
   -2.21419e+02    1.72894e+02    2.22808e-06

           Step           Time
         210000      420.00000

   Energies (kJ/mol)
           Bond            U-B    Proper Dih.  Improper Dih.          LJ-14
    6.96630e+01    1.79996e+02    7.30018e+01    2.38788e+00    2.02527e+02
     Coulomb-14        LJ (SR)  Disper. corr.   Coulomb (SR)   Coul. recip.
    7.06357e+02    4.59924e+03   -3.98192e+02   -4.57936e+04    2.60095e+02
      Potential    Kinetic En.   Total Energy  Conserved En.    Temperature
   -4.00986e+04    7.69636e+03   -3.24022e+04   -3.10794e+04    3.06256e+02
 Pres. DC (bar) Pressure (bar)   Constr. rmsd
   -2.26111e+02    4.79597e+02    2.29372e-06

           Step           Time
         220000      440.00000

   Energies (kJ/mol)
           Bond            U-B    Proper Dih.  Improper Dih.          LJ-14
    1.01312e+02    2.04629e+02    8.48257e+01    6.96759e+00    2.05766e+02
     Coulomb-14        LJ (SR)  Disper. corr.   Coulomb (SR)   Coul. recip.
    7.18499e+02    4.37748e+03   -3.97696e+02   -4.53100e+04    2.50310e+02
      Potential    Kinetic En.   Total Energy  Conserved En.    Temperature
   -3.97579e+04    7.50042e+03   -3.22575e+04   -3.10387e+04    2.98459e+02
 Pres. DC (bar) Pressure (bar)   Constr. rmsd
   -2.25548e+02    1.83363e+02    1.30616e-06

           Step           Time
         230000      460.00000

   Energies (kJ/mol)
           Bond            U-B    Proper Dih.  Improper Dih.          LJ-14
    9.68979e+01    1.60806e+02    8.59301e+01    1.73748e+00    2.12702e+02
     Coulomb-14        LJ (SR)  Disper. corr.   Coulomb (SR)   Coul. recip.
    7.31813e+02    4.38928e+03   -3.95925e+02   -4.56465e+04    2.38762e+02
      Potential    Kinetic En.   Total Energy  Conserved En.    Temperature
   -4.01245e+04    7.72060e+03   -3.24039e+04   -3.10118e+04    3.07221e+02
 Pres. DC (bar) Pressure (bar)   Constr. rmsd
   -2.23547e+02   -7.96977e+01    2.95164e-06

           Step           Time
         240000      480.00000

   Energies (kJ/mol)
           Bond            U-B    Proper Dih.  Improper Dih.          LJ-14
    1.23122e+02    1.93209e+02    8.95218e+01    1.08112e+00    2.04306e+02
     Coulomb-14        LJ (SR)  Disper. corr.   Coulomb (SR)   Coul. recip.
    7.12442e+02    4.10452e+03   -3.93708e+02   -4.49756e+04    2.55552e+02
      Potential    Kinetic En.   Total Energy  Conserved En.    Temperature
   -3.96856e+04    7.32897e+03   -3.23566e+04   -3.10027e+04    2.91637e+02
 Pres. DC (bar) Pressure (bar)   Constr. rmsd
   -2.21053e+02   -6.67980e+02    1.50837e-06

           Step           Time
         250000      500.00000

Writing checkpoint, step 250000 at Thu Jun  4 10:03:53 2020


   Energies (kJ/mol)
           Bond            U-B    Proper Dih.  Improper Dih.          LJ-14
    8.80691e+01    1.84787e+02    1.00769e+02    4.26367e+00    2.05031e+02
     Coulomb-14        LJ (SR)  Disper. corr.   Coulomb (SR)   Coul. recip.
    7.38118e+02    4.19880e+03   -3.93422e+02   -4.51649e+04    2.65058e+02
      Potential    Kinetic En.   Total Energy  Conserved En.    Temperature
   -3.97734e+04    7.71930e+03   -3.20541e+04   -3.09643e+04    3.07169e+02
 Pres. DC (bar) Pressure (bar)   Constr. rmsd
   -2.20732e+02   -3.02337e+02    2.71023e-06

	<======  ###############  ==>
	<====  A V E R A G E S  ====>
	<==  ###############  ======>

	Statistics over 250001 steps using 2501 frames

   Energies (kJ/mol)
           Bond            U-B    Proper Dih.  Improper Dih.          LJ-14
    1.00548e+02    1.92791e+02    8.86840e+01    4.42842e+00    1.99789e+02
     Coulomb-14        LJ (SR)  Disper. corr.   Coulomb (SR)   Coul. recip.
    7.14694e+02    4.38612e+03   -3.95302e+02   -4.53626e+04    2.45068e+02
      Potential    Kinetic En.   Total Energy  Conserved En.    Temperature
   -3.98257e+04    7.48905e+03   -3.23367e+04   -3.12895e+04    2.98007e+02
 Pres. DC (bar) Pressure (bar)   Constr. rmsd
   -2.22864e+02   -1.78688e+01    0.00000e+00

          Box-X          Box-Y          Box-Z
    3.46797e+00    3.46797e+00    2.45223e+00

   Total Virial (kJ/mol)
    2.53281e+03    6.28005e+00   -1.62309e+00
    6.29074e+00    2.51776e+03    3.71181e+00
   -1.62031e+00    3.69354e+00    2.49111e+03

   Pressure (bar)
   -3.81505e+01   -6.73612e+00    1.46212e+00
   -6.74850e+00   -2.20971e+01   -3.23409e+00
    1.45920e+00   -3.21337e+00    6.64118e+00

    T-non-Water        T-Water
    2.97838e+02    2.98013e+02


	M E G A - F L O P S   A C C O U N T I N G

 NB=Group-cutoff nonbonded kernels    NxN=N-by-N cluster Verlet kernels
 RF=Reaction-Field  VdW=Van der Waals  QSTab=quadratic-spline table
 W3=SPC/TIP3p  W4=TIP4p (single or pairs)
 V&F=Potential and force  V=Potential only  F=Force only

 Computing:                               M-Number         M-Flops  % Flops
-----------------------------------------------------------------------------
 Pair Search distance check            4757.714558       42819.431     0.1
 NxN Ewald Elec. + LJ [F]            373698.048288    24664071.187    86.3
 NxN Ewald Elec. + LJ [V&F]            3775.829704      404013.778     1.4
 NxN Ewald Elec. [F]                  14799.180144      902749.989     3.2
 NxN Ewald Elec. [V&F]                  149.689192       12573.892     0.0
 1,4 nonbonded interactions              49.000196        4410.018     0.0
 Calc Weights                          2252.259009       81081.324     0.3
 Spread Q Bspline                     48048.192192       96096.384     0.3
 Gather F Bspline                     48048.192192      288289.153     1.0
 3D-FFT                              245760.483038     1966083.864     6.9
 Solve PME                              256.001024       16384.066     0.1
 Shift-X                                 15.018003          90.108     0.0
 Bonds                                   11.000044         649.003     0.0
 Propers                                 43.000172        9847.039     0.0
 Impropers                                1.000004         208.001     0.0
 Virial                                  76.203048        1371.655     0.0
 Stop-CM                                  7.510503          75.105     0.0
 Calc-Ekin                              150.156006        4054.212     0.0
 Lincs                                   10.500042         630.003     0.0
 Lincs-Mat                               63.000252         252.001     0.0
 Constraint-V                           750.753003        6006.024     0.0
 Constraint-Vir                          74.027961        1776.671     0.0
 Settle                                 243.250973       78570.064     0.3
 Urey-Bradley                            37.500150        6862.527     0.0
-----------------------------------------------------------------------------
 Total                                                28588965.500   100.0
-----------------------------------------------------------------------------


     R E A L   C Y C L E   A N D   T I M E   A C C O U N T I N G

On 1 MPI rank, each using 8 OpenMP threads

 Computing:          Num   Num      Call    Wall time         Giga-Cycles
                     Ranks Threads  Count      (s)         total sum    %
-----------------------------------------------------------------------------
 Neighbor search        1    8       5001       4.641         88.891   2.8
 Force                  1    8     250001      90.348       1730.585  54.1
 PME mesh               1    8     250001      55.784       1068.529  33.4
 NB X/F buffer ops.     1    8     495001       6.225        119.239   3.7
 Write traj.            1    8         26       0.042          0.811   0.0
 Update                 1    8     250001       2.717         52.038   1.6
 Constraints            1    8     250001       5.821        111.499   3.5
 Rest                                           1.556         29.796   0.9
-----------------------------------------------------------------------------
 Total                                        167.133       3201.388 100.0
-----------------------------------------------------------------------------
 Breakdown of PME mesh computation
-----------------------------------------------------------------------------
 PME spread             1    8     250001      18.803        360.163  11.3
 PME gather             1    8     250001      17.082        327.192  10.2
 PME 3D-FFT             1    8     500002      16.509        316.222   9.9
 PME solve Elec         1    8     250001       2.670         51.139   1.6
-----------------------------------------------------------------------------

               Core t (s)   Wall t (s)        (%)
       Time:     1337.064      167.133      800.0
                 (ns/day)    (hour/ns)
Performance:      258.477        0.093
Finished mdrun on rank 0 Thu Jun  4 10:03:53 2020

