                      :-) GROMACS - gmx mdrun, 2019.2 (-:

                            GROMACS is written by:
     Emile Apol      Rossen Apostolov      Paul Bauer     Herman J.C. Berendsen
    Par Bjelkmar      Christian Blau   Viacheslav Bolnykh     Kevin Boyd    
 Aldert van Buuren   Rudi van Drunen     Anton Feenstra       Alan Gray     
  Gerrit Groenhof     Anca Hamuraru    Vincent Hindriksen  M. Eric Irrgang  
  Aleksei Iupinov   Christoph Junghans     Joe Jordan     Dimitrios Karkoulis
    Peter Kasson        Jiri Kraus      Carsten Kutzner      Per Larsson    
  Justin A. Lemkul    Viveca Lindahl    Magnus Lundborg     Erik Marklund   
    Pascal Merz     Pieter Meulenhoff    Teemu Murtola       Szilard Pall   
    Sander Pronk      Roland Schulz      Michael Shirts    Alexey Shvetsov  
   Alfons Sijbers     Peter Tieleman      Jon Vincent      Teemu Virolainen 
 Christian Wennberg    Maarten Wolf   
                           and the project leaders:
        Mark Abraham, Berk Hess, Erik Lindahl, and David van der Spoel

Copyright (c) 1991-2000, University of Groningen, The Netherlands.
Copyright (c) 2001-2018, The GROMACS development team at
Uppsala University, Stockholm University and
the Royal Institute of Technology, Sweden.
check out http://www.gromacs.org for more information.

GROMACS is free software; you can redistribute it and/or modify it
under the terms of the GNU Lesser General Public License
as published by the Free Software Foundation; either version 2.1
of the License, or (at your option) any later version.

GROMACS:      gmx mdrun, version 2019.2
Executable:   /home/dongdong/software/GMX20192plumed/bin/gmx
Data prefix:  /home/dongdong/software/GMX20192plumed
Working dir:  /scratch/gpfs/dongdong/peptoid/data_dongdong
Process ID:   4447
Command line:
  gmx mdrun -deffnm nvt -v

GROMACS version:    2019.2
Precision:          single
Memory model:       64 bit
MPI library:        thread_mpi
OpenMP support:     enabled (GMX_OPENMP_MAX_THREADS = 64)
GPU support:        CUDA
SIMD instructions:  AVX_256
FFT library:        fftw-3.3.8-sse2-avx-avx2-avx2_128
RDTSCP usage:       enabled
TNG support:        enabled
Hwloc support:      hwloc-1.11.8
Tracing support:    disabled
C compiler:         /usr/bin/cc GNU 4.8.5
C compiler flags:    -mavx     -O3 -DNDEBUG -funroll-all-loops -fexcess-precision=fast  
C++ compiler:       /usr/bin/c++ GNU 4.8.5
C++ compiler flags:  -mavx    -std=c++11   -O3 -DNDEBUG -funroll-all-loops -fexcess-precision=fast  
CUDA compiler:      /usr/local/cuda-10.1/bin/nvcc nvcc: NVIDIA (R) Cuda compiler driver;Copyright (c) 2005-2019 NVIDIA Corporation;Built on Wed_Apr_24_19:10:27_PDT_2019;Cuda compilation tools, release 10.1, V10.1.168
CUDA compiler flags:-gencode;arch=compute_30,code=sm_30;-gencode;arch=compute_35,code=sm_35;-gencode;arch=compute_37,code=sm_37;-gencode;arch=compute_50,code=sm_50;-gencode;arch=compute_52,code=sm_52;-gencode;arch=compute_60,code=sm_60;-gencode;arch=compute_61,code=sm_61;-gencode;arch=compute_70,code=sm_70;-gencode;arch=compute_75,code=compute_75;-use_fast_math;;; ;-mavx;-std=c++11;-O3;-DNDEBUG;-funroll-all-loops;-fexcess-precision=fast;
CUDA driver:        10.20
CUDA runtime:       N/A

NOTE: Detection of GPUs failed. The API reported:
      no CUDA-capable device is detected
      GROMACS cannot run tasks on a GPU.

Running on 1 node with total 40 cores, 40 logical cores, 0 compatible GPUs
Hardware detected:
  CPU info:
    Vendor: Intel
    Brand:  Intel(R) Xeon(R) Gold 6148 CPU @ 2.40GHz
    Family: 6   Model: 85   Stepping: 4
    Features: aes apic avx avx2 avx512f avx512cd avx512bw avx512vl clfsh cmov cx8 cx16 f16c fma hle htt intel lahf mmx msr nonstop_tsc pcid pclmuldq pdcm pdpe1gb popcnt pse rdrnd rdtscp rtm sse2 sse3 sse4.1 sse4.2 ssse3 tdt x2apic
    Number of AVX-512 FMA units: Cannot run AVX-512 detection - assuming 2
  Hardware topology: Full, with devices
    Sockets, cores, and logical processors:
      Socket  0: [   0] [   1] [   2] [   3] [   4] [   5] [   6] [   7] [   8] [   9] [  10] [  11] [  12] [  13] [  14] [  15] [  16] [  17] [  18] [  19]
      Socket  1: [  20] [  21] [  22] [  23] [  24] [  25] [  26] [  27] [  28] [  29] [  30] [  31] [  32] [  33] [  34] [  35] [  36] [  37] [  38] [  39]
    Numa nodes:
      Node  0 (100873314304 bytes mem):   0   1   2   3   4   5   6   7   8   9  10  11  12  13  14  15  16  17  18  19
      Node  1 (101448323072 bytes mem):  20  21  22  23  24  25  26  27  28  29  30  31  32  33  34  35  36  37  38  39
      Latency:
               0     1
         0  1.00  2.10
         1  2.10  1.00
    Caches:
      L1: 32768 bytes, linesize 64 bytes, assoc. 8, shared 1 ways
      L2: 1048576 bytes, linesize 64 bytes, assoc. 16, shared 1 ways
      L3: 28835840 bytes, linesize 64 bytes, assoc. 11, shared 20 ways
    PCI devices:
      0000:02:00.0  Id: 14e4:1657  Class: 0x0200  Numa: 0
      0000:02:00.1  Id: 14e4:1657  Class: 0x0200  Numa: 0
      0000:02:00.2  Id: 14e4:1657  Class: 0x0200  Numa: 0
      0000:02:00.3  Id: 14e4:1657  Class: 0x0200  Numa: 0
      0000:01:00.1  Id: 102b:0538  Class: 0x0300  Numa: 0
      0000:12:00.0  Id: 14e4:168e  Class: 0x0200  Numa: 0
      0000:12:00.1  Id: 14e4:168e  Class: 0x0200  Numa: 0
      0000:13:00.0  Id: 8086:24f0  Class: 0x0208  Numa: 0
      0000:5c:00.0  Id: 9005:028f  Class: 0x0107  Numa: 0
      0000:5d:00.0  Id: 15b3:1007  Class: 0x0207  Numa: 0

Highest SIMD level requested by all nodes in run: AVX_512
SIMD instructions selected at compile time:       AVX_256
This program was compiled for different hardware than you are running on,
which could influence performance.

++++ PLEASE READ AND CITE THE FOLLOWING REFERENCE ++++
M. J. Abraham, T. Murtola, R. Schulz, S. Páll, J. C. Smith, B. Hess, E.
Lindahl
GROMACS: High performance molecular simulations through multi-level
parallelism from laptops to supercomputers
SoftwareX 1 (2015) pp. 19-25
-------- -------- --- Thank You --- -------- --------


++++ PLEASE READ AND CITE THE FOLLOWING REFERENCE ++++
S. Páll, M. J. Abraham, C. Kutzner, B. Hess, E. Lindahl
Tackling Exascale Software Challenges in Molecular Dynamics Simulations with
GROMACS
In S. Markidis & E. Laure (Eds.), Solving Software Challenges for Exascale 8759 (2015) pp. 3-27
-------- -------- --- Thank You --- -------- --------


++++ PLEASE READ AND CITE THE FOLLOWING REFERENCE ++++
S. Pronk, S. Páll, R. Schulz, P. Larsson, P. Bjelkmar, R. Apostolov, M. R.
Shirts, J. C. Smith, P. M. Kasson, D. van der Spoel, B. Hess, and E. Lindahl
GROMACS 4.5: a high-throughput and highly parallel open source molecular
simulation toolkit
Bioinformatics 29 (2013) pp. 845-54
-------- -------- --- Thank You --- -------- --------


++++ PLEASE READ AND CITE THE FOLLOWING REFERENCE ++++
B. Hess and C. Kutzner and D. van der Spoel and E. Lindahl
GROMACS 4: Algorithms for highly efficient, load-balanced, and scalable
molecular simulation
J. Chem. Theory Comput. 4 (2008) pp. 435-447
-------- -------- --- Thank You --- -------- --------


++++ PLEASE READ AND CITE THE FOLLOWING REFERENCE ++++
D. van der Spoel, E. Lindahl, B. Hess, G. Groenhof, A. E. Mark and H. J. C.
Berendsen
GROMACS: Fast, Flexible and Free
J. Comp. Chem. 26 (2005) pp. 1701-1719
-------- -------- --- Thank You --- -------- --------


++++ PLEASE READ AND CITE THE FOLLOWING REFERENCE ++++
E. Lindahl and B. Hess and D. van der Spoel
GROMACS 3.0: A package for molecular simulation and trajectory analysis
J. Mol. Mod. 7 (2001) pp. 306-317
-------- -------- --- Thank You --- -------- --------


++++ PLEASE READ AND CITE THE FOLLOWING REFERENCE ++++
H. J. C. Berendsen, D. van der Spoel and R. van Drunen
GROMACS: A message-passing parallel molecular dynamics implementation
Comp. Phys. Comm. 91 (1995) pp. 43-56
-------- -------- --- Thank You --- -------- --------


++++ PLEASE CITE THE DOI FOR THIS VERSION OF GROMACS ++++
https://doi.org/10.5281/zenodo.2636382
-------- -------- --- Thank You --- -------- --------

Input Parameters:
   integrator                     = md
   tinit                          = 0
   dt                             = 0.002
   nsteps                         = 5000
   init-step                      = 0
   simulation-part                = 1
   comm-mode                      = Linear
   nstcomm                        = 100
   bd-fric                        = 0
   ld-seed                        = -1233550892
   emtol                          = 10
   emstep                         = 0.01
   niter                          = 20
   fcstep                         = 0
   nstcgsteep                     = 1000
   nbfgscorr                      = 10
   rtpi                           = 0.05
   nstxout                        = 1000
   nstvout                        = 1000
   nstfout                        = 0
   nstlog                         = 1000
   nstcalcenergy                  = 100
   nstenergy                      = 1000
   nstxout-compressed             = 0
   compressed-x-precision         = 1000
   cutoff-scheme                  = Verlet
   nstlist                        = 10
   ns-type                        = Grid
   pbc                            = xyz
   periodic-molecules             = false
   verlet-buffer-tolerance        = 0.005
   rlist                          = 1
   coulombtype                    = PME
   coulomb-modifier               = Potential-shift
   rcoulomb-switch                = 0
   rcoulomb                       = 1
   epsilon-r                      = 1
   epsilon-rf                     = inf
   vdw-type                       = Cut-off
   vdw-modifier                   = Potential-shift
   rvdw-switch                    = 0
   rvdw                           = 1
   DispCorr                       = EnerPres
   table-extension                = 1
   fourierspacing                 = 0.12
   fourier-nx                     = 32
   fourier-ny                     = 32
   fourier-nz                     = 32
   pme-order                      = 4
   ewald-rtol                     = 1e-05
   ewald-rtol-lj                  = 0.001
   lj-pme-comb-rule               = Geometric
   ewald-geometry                 = 0
   epsilon-surface                = 0
   tcoupl                         = V-rescale
   nsttcouple                     = 10
   nh-chain-length                = 0
   print-nose-hoover-chain-variables = false
   pcoupl                         = No
   pcoupltype                     = Isotropic
   nstpcouple                     = -1
   tau-p                          = 1
   compressibility (3x3):
      compressibility[    0]={ 0.00000e+00,  0.00000e+00,  0.00000e+00}
      compressibility[    1]={ 0.00000e+00,  0.00000e+00,  0.00000e+00}
      compressibility[    2]={ 0.00000e+00,  0.00000e+00,  0.00000e+00}
   ref-p (3x3):
      ref-p[    0]={ 0.00000e+00,  0.00000e+00,  0.00000e+00}
      ref-p[    1]={ 0.00000e+00,  0.00000e+00,  0.00000e+00}
      ref-p[    2]={ 0.00000e+00,  0.00000e+00,  0.00000e+00}
   refcoord-scaling               = No
   posres-com (3):
      posres-com[0]= 0.00000e+00
      posres-com[1]= 0.00000e+00
      posres-com[2]= 0.00000e+00
   posres-comB (3):
      posres-comB[0]= 0.00000e+00
      posres-comB[1]= 0.00000e+00
      posres-comB[2]= 0.00000e+00
   QMMM                           = false
   QMconstraints                  = 0
   QMMMscheme                     = 0
   MMChargeScaleFactor            = 1
qm-opts:
   ngQM                           = 0
   constraint-algorithm           = Lincs
   continuation                   = false
   Shake-SOR                      = false
   shake-tol                      = 0.0001
   lincs-order                    = 4
   lincs-iter                     = 1
   lincs-warnangle                = 30
   nwall                          = 0
   wall-type                      = 9-3
   wall-r-linpot                  = -1
   wall-atomtype[0]               = -1
   wall-atomtype[1]               = -1
   wall-density[0]                = 0
   wall-density[1]                = 0
   wall-ewald-zfac                = 3
   pull                           = false
   awh                            = false
   rotation                       = false
   interactiveMD                  = false
   disre                          = No
   disre-weighting                = Conservative
   disre-mixed                    = false
   dr-fc                          = 1000
   dr-tau                         = 0
   nstdisreout                    = 100
   orire-fc                       = 0
   orire-tau                      = 0
   nstorireout                    = 100
   free-energy                    = no
   cos-acceleration               = 0
   deform (3x3):
      deform[    0]={ 0.00000e+00,  0.00000e+00,  0.00000e+00}
      deform[    1]={ 0.00000e+00,  0.00000e+00,  0.00000e+00}
      deform[    2]={ 0.00000e+00,  0.00000e+00,  0.00000e+00}
   simulated-tempering            = false
   swapcoords                     = no
   userint1                       = 0
   userint2                       = 0
   userint3                       = 0
   userint4                       = 0
   userreal1                      = 0
   userreal2                      = 0
   userreal3                      = 0
   userreal4                      = 0
   applied-forces:
     electric-field:
       x:
         E0                       = 0
         omega                    = 0
         t0                       = 0
         sigma                    = 0
       y:
         E0                       = 0
         omega                    = 0
         t0                       = 0
         sigma                    = 0
       z:
         E0                       = 0
         omega                    = 0
         t0                       = 0
         sigma                    = 0
grpopts:
   nrdf:     209.896      5835.1
   ref-t:         298         298
   tau-t:         0.1         0.1
annealing:          No          No
annealing-npoints:           0           0
   acc:	           0           0           0
   nfreeze:           N           N           N
   energygrp-flags[  0]: 0

Changing nstlist from 10 to 50, rlist from 1 to 1.106


Initializing Domain Decomposition on 32 ranks
Dynamic load balancing: locked
Minimum cell size due to atom displacement: 0.454 nm
Initial maximum distances in bonded interactions:
    two-body bonded interactions: 0.391 nm, LJ-14, atoms 31 39
  multi-body bonded interactions: 0.387 nm, Proper Dih., atoms 59 67
Minimum cell size due to bonded interactions: 0.426 nm
Maximum distance for 5 constraints, at 120 deg. angles, all-trans: 0.222 nm
Estimated maximum distance required for P-LINCS: 0.222 nm
Guess for relative PME load: 0.20
Will use 24 particle-particle and 8 PME only ranks
This is a guess, check the performance at the end of the log file
Using 8 separate PME ranks, as guessed by mdrun
Scaling the initial minimum size with 1/0.8 (option -dds) = 1.25
Optimizing the DD grid for 24 cells with a minimum initial size of 0.567 nm
The maximum allowed number of cells is: X 5 Y 5 Z 4
Domain decomposition grid 4 x 2 x 3, separate PME ranks 8
PME domain decomposition: 4 x 2 x 1
Interleaving PP and PME ranks
This rank does only particle-particle work.
Domain decomposition rank 0, coordinates 0 0 0

The initial number of communication pulses is: X 2 Y 1 Z 2
The initial domain decomposition cell size is: X 0.73 nm Y 1.45 nm Z 0.84 nm

The maximum allowed distance for atoms involved in interactions is:
                 non-bonded interactions           1.106 nm
            two-body bonded interactions  (-rdd)   1.106 nm
          multi-body bonded interactions  (-rdd)   0.726 nm
  atoms separated by up to 5 constraints  (-rcon)  0.726 nm

When dynamic load balancing gets turned on, these settings will change to:
The maximum number of communication pulses is: X 2 Y 1 Z 2
The minimum size for domain decomposition cells is 0.557 nm
The requested allowed shrink of DD cells (option -dds) is: 0.80
The allowed shrink of domain decomposition cells is: X 0.77 Y 0.76 Z 0.66
The maximum allowed distance for atoms involved in interactions is:
                 non-bonded interactions           1.106 nm
            two-body bonded interactions  (-rdd)   1.106 nm
          multi-body bonded interactions  (-rdd)   0.557 nm
  atoms separated by up to 5 constraints  (-rcon)  0.557 nm

Using 32 MPI threads
Using 1 OpenMP thread per tMPI thread

Pinning threads with an auto-selected logical core stride of 1
System total charge: 0.000
Will do PME sum in reciprocal space for electrostatic interactions.

++++ PLEASE READ AND CITE THE FOLLOWING REFERENCE ++++
U. Essmann, L. Perera, M. L. Berkowitz, T. Darden, H. Lee and L. G. Pedersen 
A smooth particle mesh Ewald method
J. Chem. Phys. 103 (1995) pp. 8577-8592
-------- -------- --- Thank You --- -------- --------

Using a Gaussian width (1/beta) of 0.320163 nm for Ewald
Potential shift: LJ r^-12: -1.000e+00 r^-6: -1.000e+00, Ewald -1.000e-05
Initialized non-bonded Ewald correction tables, spacing: 9.33e-04 size: 1073

Long Range LJ corr.: <C6> 3.0898e-04
Generated table with 1053 data points for Ewald.
Tabscale = 500 points/nm
Generated table with 1053 data points for LJ6.
Tabscale = 500 points/nm
Generated table with 1053 data points for LJ12.
Tabscale = 500 points/nm
Generated table with 1053 data points for 1-4 COUL.
Tabscale = 500 points/nm
Generated table with 1053 data points for 1-4 LJ6.
Tabscale = 500 points/nm
Generated table with 1053 data points for 1-4 LJ12.
Tabscale = 500 points/nm

Using SIMD 4x4 nonbonded short-range kernels

Using a dual 4x4 pair-list setup updated with dynamic pruning:
  outer list: updated every 50 steps, buffer 0.106 nm, rlist 1.106 nm
  inner list: updated every 12 steps, buffer 0.001 nm, rlist 1.001 nm
At tolerance 0.005 kJ/mol/ps per atom, equivalent classical 1x1 list would be:
  outer list: updated every 50 steps, buffer 0.232 nm, rlist 1.232 nm
  inner list: updated every 12 steps, buffer 0.046 nm, rlist 1.046 nm

Using Lorentz-Berthelot Lennard-Jones combination rule

Removing pbc first time

Initializing Parallel LINear Constraint Solver

++++ PLEASE READ AND CITE THE FOLLOWING REFERENCE ++++
B. Hess
P-LINCS: A Parallel Linear Constraint Solver for molecular simulation
J. Chem. Theory Comput. 4 (2008) pp. 116-122
-------- -------- --- Thank You --- -------- --------

The number of constraints is 42
There are constraints between atoms in different decomposition domains,
will communicate selected coordinates each lincs iteration

++++ PLEASE READ AND CITE THE FOLLOWING REFERENCE ++++
S. Miyamoto and P. A. Kollman
SETTLE: An Analytical Version of the SHAKE and RATTLE Algorithms for Rigid
Water Models
J. Comp. Chem. 13 (1992) pp. 952-962
-------- -------- --- Thank You --- -------- --------


Linking all bonded interactions to atoms


Intra-simulation communication will occur every 10 steps.
Center of mass motion removal mode is Linear
We have the following groups for center of mass motion removal:
  0:  rest

++++ PLEASE READ AND CITE THE FOLLOWING REFERENCE ++++
G. Bussi, D. Donadio and M. Parrinello
Canonical sampling through velocity rescaling
J. Chem. Phys. 126 (2007) pp. 014101
-------- -------- --- Thank You --- -------- --------

There are: 3003 Atoms
Atom distribution over 24 domains: av 125 stddev 10 min 109 max 139

Constraining the starting coordinates (step 0)

Constraining the coordinates at t0-dt (step 0)
RMS relative constraint deviation after constraining: 0.00e+00
Initial temperature: 296.361 K

Started mdrun on rank 0 Thu Jun  4 09:59:01 2020

           Step           Time
              0        0.00000

   Energies (kJ/mol)
           Bond            U-B    Proper Dih.  Improper Dih.          LJ-14
    4.95622e+01    8.96432e+01    5.07806e+01    9.89844e-02    1.89680e+02
     Coulomb-14        LJ (SR)  Disper. corr.   Coulomb (SR)   Coul. recip.
    7.21911e+02    6.68921e+03   -3.66728e+02   -5.50399e+04    1.54382e+02
      Potential    Kinetic En.   Total Energy  Conserved En.    Temperature
   -4.74614e+04    7.44743e+03   -4.00139e+04   -4.00139e+04    2.96351e+02
 Pres. DC (bar) Pressure (bar)   Constr. rmsd
   -1.91828e+02   -1.81627e+03    4.38262e-06


DD  step 49 load imb.: force  8.1%  pme mesh/force 1.231

step 100 Turning on dynamic load balancing, because the performance loss due to load imbalance is 6.0 %.

DD  step 999  vol min/aver 0.783  load imb.: force  9.3%  pme mesh/force 0.854
           Step           Time
           1000        2.00000

   Energies (kJ/mol)
           Bond            U-B    Proper Dih.  Improper Dih.          LJ-14
    9.28536e+01    1.87495e+02    8.59520e+01    4.39076e+00    2.07493e+02
     Coulomb-14        LJ (SR)  Disper. corr.   Coulomb (SR)   Coul. recip.
    7.09673e+02    4.28021e+03   -3.66728e+02   -4.47241e+04    2.81710e+02
      Potential    Kinetic En.   Total Energy  Conserved En.    Temperature
   -3.92411e+04    7.39023e+03   -3.18509e+04   -3.99554e+04    2.94075e+02
 Pres. DC (bar) Pressure (bar)   Constr. rmsd
   -1.91828e+02   -8.95260e+02    2.69527e-06


DD  step 1999  vol min/aver 0.805  load imb.: force  9.7%  pme mesh/force 0.941
           Step           Time
           2000        4.00000

   Energies (kJ/mol)
           Bond            U-B    Proper Dih.  Improper Dih.          LJ-14
    1.08127e+02    1.77155e+02    9.35620e+01    2.34212e+00    1.96623e+02
     Coulomb-14        LJ (SR)  Disper. corr.   Coulomb (SR)   Coul. recip.
    7.01046e+02    3.94805e+03   -3.66728e+02   -4.41801e+04    2.63332e+02
      Potential    Kinetic En.   Total Energy  Conserved En.    Temperature
   -3.90566e+04    7.53833e+03   -3.15183e+04   -3.99545e+04    2.99968e+02
 Pres. DC (bar) Pressure (bar)   Constr. rmsd
   -1.91828e+02   -1.57811e+03    1.16685e-06


DD  step 2999  vol min/aver 0.762  load imb.: force  7.3%  pme mesh/force 0.861
           Step           Time
           3000        6.00000

   Energies (kJ/mol)
           Bond            U-B    Proper Dih.  Improper Dih.          LJ-14
    8.11375e+01    2.02062e+02    1.06205e+02    8.51879e+00    2.01384e+02
     Coulomb-14        LJ (SR)  Disper. corr.   Coulomb (SR)   Coul. recip.
    7.29991e+02    4.29899e+03   -3.66728e+02   -4.45619e+04    3.04233e+02
      Potential    Kinetic En.   Total Energy  Conserved En.    Temperature
   -3.89961e+04    7.80144e+03   -3.11946e+04   -3.99530e+04    3.10437e+02
 Pres. DC (bar) Pressure (bar)   Constr. rmsd
   -1.91828e+02   -7.36362e+02    2.37735e-06


DD  step 3999  vol min/aver 0.762  load imb.: force 10.0%  pme mesh/force 0.844
           Step           Time
           4000        8.00000

   Energies (kJ/mol)
           Bond            U-B    Proper Dih.  Improper Dih.          LJ-14
    9.39218e+01    2.13262e+02    1.00765e+02    7.74863e+00    1.97417e+02
     Coulomb-14        LJ (SR)  Disper. corr.   Coulomb (SR)   Coul. recip.
    7.09711e+02    3.84308e+03   -3.66728e+02   -4.39923e+04    2.57266e+02
      Potential    Kinetic En.   Total Energy  Conserved En.    Temperature
   -3.89358e+04    7.44441e+03   -3.14914e+04   -3.99437e+04    2.96230e+02
 Pres. DC (bar) Pressure (bar)   Constr. rmsd
   -1.91828e+02   -1.44889e+03    3.34468e-06


DD  step 4999  vol min/aver 0.861  load imb.: force  8.4%  pme mesh/force 0.842
           Step           Time
           5000       10.00000

Writing checkpoint, step 5000 at Thu Jun  4 09:59:02 2020


   Energies (kJ/mol)
           Bond            U-B    Proper Dih.  Improper Dih.          LJ-14
    1.43525e+02    1.60796e+02    6.87582e+01    4.28940e+00    1.66932e+02
     Coulomb-14        LJ (SR)  Disper. corr.   Coulomb (SR)   Coul. recip.
    7.09506e+02    4.63420e+03   -3.66728e+02   -4.49598e+04    2.71127e+02
      Potential    Kinetic En.   Total Energy  Conserved En.    Temperature
   -3.91674e+04    7.58983e+03   -3.15776e+04   -3.99525e+04    3.02017e+02
 Pres. DC (bar) Pressure (bar)   Constr. rmsd
   -1.91828e+02   -9.05415e+02    1.87963e-06

	<======  ###############  ==>
	<====  A V E R A G E S  ====>
	<==  ###############  ======>

	Statistics over 5001 steps using 51 frames

   Energies (kJ/mol)
           Bond            U-B    Proper Dih.  Improper Dih.          LJ-14
    9.79538e+01    1.93985e+02    9.23748e+01    4.75155e+00    1.98197e+02
     Coulomb-14        LJ (SR)  Disper. corr.   Coulomb (SR)   Coul. recip.
    7.08280e+02    4.30644e+03   -3.66728e+02   -4.48229e+04    2.64275e+02
      Potential    Kinetic En.   Total Energy  Conserved En.    Temperature
   -3.93234e+04    7.45948e+03   -3.18639e+04   -3.99525e+04    2.96830e+02
 Pres. DC (bar) Pressure (bar)   Constr. rmsd
   -1.91828e+02   -9.96338e+02    0.00000e+00

   Total Virial (kJ/mol)
    3.46297e+03    2.57899e+01   -8.80812e+01
    2.59648e+01    3.37627e+03   -3.49698e+01
   -8.79241e+01   -3.49706e+01    3.48099e+03

   Pressure (bar)
   -1.01531e+03   -3.05900e+01    9.84538e+01
   -3.07727e+01   -9.40336e+02    3.12621e+01
    9.82898e+01    3.12630e+01   -1.03337e+03

    T-non-Water        T-Water
    3.06295e+02    2.96490e+02


	M E G A - F L O P S   A C C O U N T I N G

 NB=Group-cutoff nonbonded kernels    NxN=N-by-N cluster Verlet kernels
 RF=Reaction-Field  VdW=Van der Waals  QSTab=quadratic-spline table
 W3=SPC/TIP3p  W4=TIP4p (single or pairs)
 V&F=Potential and force  V=Potential only  F=Force only

 Computing:                               M-Number         M-Flops  % Flops
-----------------------------------------------------------------------------
 Pair Search distance check             147.046314        1323.417     0.2
 NxN Ewald Elec. + LJ [F]              8242.947024      544034.504    79.1
 NxN Ewald Elec. + LJ [V&F]              84.853056        9079.277     1.3
 NxN Ewald Elec. [F]                   1312.216880       80045.230    11.6
 NxN Ewald Elec. [V&F]                   13.525392        1136.133     0.2
 1,4 nonbonded interactions               0.980196          88.218     0.0
 Calc Weights                            45.054009        1621.944     0.2
 Spread Q Bspline                       961.152192        1922.304     0.3
 Gather F Bspline                       961.152192        5766.913     0.8
 3D-FFT                                4916.173038       39329.384     5.7
 Solve PME                               10.242048         655.491     0.1
 Reset In Box                             0.303303           0.910     0.0
 CG-CoM                                   0.306306           0.919     0.0
 Bonds                                    0.220044          12.983     0.0
 Propers                                  0.860172         196.979     0.0
 Impropers                                0.020004           4.161     0.0
 Virial                                   0.208233           3.748     0.0
 Stop-CM                                  0.156156           1.562     0.0
 Calc-Ekin                                3.009006          81.243     0.0
 Lincs                                    0.298580          17.915     0.0
 Lincs-Mat                                1.971012           7.884     0.0
 Constraint-V                            19.180249         153.442     0.0
 Constraint-Vir                           0.192661           4.624     0.0
 Settle                                   6.195639        2001.191     0.3
 Urey-Bradley                             0.750150         137.277     0.0
-----------------------------------------------------------------------------
 Total                                                  687627.653   100.0
-----------------------------------------------------------------------------


    D O M A I N   D E C O M P O S I T I O N   S T A T I S T I C S

 av. #atoms communicated per step for force:  2 x 22542.9
 av. #atoms communicated per step for LINCS:  2 x 888.3


Dynamic load balancing report:
 DLB was turned on during the run due to measured imbalance.
 Average load imbalance: 9.0%.
 The balanceable part of the MD step is 71%, load imbalance is computed from this.
 Part of the total run time spent waiting due to load imbalance: 6.4%.
 Steps where the load balancing was limited by -rdd, -rcon and/or -dds: X 0 % Y 0 % Z 0 %
 Average PME mesh/force load: 0.857
 Part of the total run time spent waiting due to PP/PME imbalance: 2.7 %

NOTE: 6.4 % of the available CPU time was lost due to load imbalance
      in the domain decomposition.
      You can consider manually changing the decomposition (option -dd);
      e.g. by using fewer domains along the box dimension in which there is
      considerable inhomogeneity in the simulated system.

     R E A L   C Y C L E   A N D   T I M E   A C C O U N T I N G

On 24 MPI ranks doing PP, and
on 8 MPI ranks doing PME

 Computing:          Num   Num      Call    Wall time         Giga-Cycles
                     Ranks Threads  Count      (s)         total sum    %
-----------------------------------------------------------------------------
 Domain decomp.        24    1        101       0.036          2.071   1.8
 DD comm. load         24    1        100       0.000          0.020   0.0
 DD comm. bounds       24    1         99       0.002          0.094   0.1
 Send X to PME         24    1       5001       0.013          0.751   0.7
 Neighbor search       24    1        101       0.077          4.425   3.9
 Comm. coord.          24    1       4900       0.099          5.656   5.0
 Force                 24    1       5001       0.871         50.006  43.8
 Wait + Comm. F        24    1       5001       0.202         11.582  10.2
 PME mesh *             8    1       5001       0.941         17.995  15.8
 PME wait for PP *                              0.550         10.514   9.2
 Wait + Recv. PME F    24    1       5001       0.010          0.551   0.5
 NB X/F buffer ops.    24    1      14801       0.051          2.901   2.5
 Write traj.           24    1          6       0.002          0.099   0.1
 Update                24    1       5001       0.014          0.810   0.7
 Constraints           24    1       5003       0.106          6.095   5.3
 Comm. energies        24    1        501       0.012          0.698   0.6
-----------------------------------------------------------------------------
 Total                                          1.491        114.096 100.0
-----------------------------------------------------------------------------
(*) Note that with separate PME ranks, the walltime column actually sums to
    twice the total reported, but the cycle count total and % are correct.
-----------------------------------------------------------------------------
 Breakdown of PME mesh computation
-----------------------------------------------------------------------------
 PME redist. X/F        8    1      10002       0.215          4.120   3.6
 PME spread             8    1       5001       0.175          3.357   2.9
 PME gather             8    1       5001       0.161          3.082   2.7
 PME 3D-FFT             8    1      10002       0.226          4.320   3.8
 PME 3D-FFT Comm.       8    1      20004       0.113          2.163   1.9
 PME solve Elec         8    1       5001       0.047          0.907   0.8
-----------------------------------------------------------------------------

               Core t (s)   Wall t (s)        (%)
       Time:       47.649        1.491     3196.1
                 (ns/day)    (hour/ns)
Performance:      579.644        0.041
Finished mdrun on rank 0 Thu Jun  4 09:59:02 2020

