# restart           False
# num_threads       6
# neurons           [200, 200, 200, 200]
# batch size        128
# num_epoch         12000
# use_mix           False
# old_ratio         7
# lr_0              0.0006
# decay_steps       80
# decay_steps_inner 0
# decay_rate        0.96
# resnet            True
# graph_file        None
Begin to optimize
# start training from scratch
epoch:   0, ab_err: 3.1594e-01, rel_err: 3.5438e+00, lr: 6.0000e-04
epoch: 200, ab_err: 8.4458e-02, rel_err: 3.2251e-01, lr: 5.5296e-04
epoch: 400, ab_err: 9.0110e-02, rel_err: 2.9191e-01, lr: 4.8922e-04
epoch: 600, ab_err: 7.1586e-02, rel_err: 2.2996e-01, lr: 4.5087e-04
epoch: 800, ab_err: 7.8233e-02, rel_err: 2.8798e-01, lr: 3.9890e-04
epoch: 1000, ab_err: 7.1859e-02, rel_err: 2.6216e-01, lr: 3.6763e-04
epoch: 1200, ab_err: 7.3705e-02, rel_err: 2.7341e-01, lr: 3.2525e-04
epoch: 1400, ab_err: 7.0035e-02, rel_err: 2.2720e-01, lr: 2.9975e-04
epoch: 1600, ab_err: 7.1403e-02, rel_err: 2.4293e-01, lr: 2.6520e-04
epoch: 1800, ab_err: 6.2762e-02, rel_err: 1.9869e-01, lr: 2.4441e-04
epoch: 2000, ab_err: 6.9303e-02, rel_err: 2.4339e-01, lr: 2.1624e-04
epoch: 2200, ab_err: 6.7296e-/home/linfengz/SCR/softwares/tf_venv_r1.8/lib/python3.6/site-packages/tensorflow/python/framework/dtypes.py:519: FutureWarning: Passing (type, 1) or '1type' as a synonym of type is deprecated; in a future version of numpy, it will be understood as (type, (1,)) / '(1,)type'.
  _np_qint8 = np.dtype([("qint8", np.int8, 1)])
/home/linfengz/SCR/softwares/tf_venv_r1.8/lib/python3.6/site-packages/tensorflow/python/framework/dtypes.py:520: FutureWarning: Passing (type, 1) or '1type' as a synonym of type is deprecated; in a future version of numpy, it will be understood as (type, (1,)) / '(1,)type'.
  _np_quint8 = np.dtype([("quint8", np.uint8, 1)])
/home/linfengz/SCR/softwares/tf_venv_r1.8/lib/python3.6/site-packages/tensorflow/python/framework/dtypes.py:521: FutureWarning: Passing (type, 1) or '1type' as a synonym of type is deprecated; in a future version of numpy, it will be understood as (type, (1,)) / '(1,)type'.
  _np_qint16 = np.dtype([("qint16", np.int16, 1)])
/home/linfengz/SCR/softwares/tf_venv_r1.8/lib/python3.6/site-packages/tensorflow/python/framework/dtypes.py:522: FutureWarning: Passing (type, 1) or '1type' as a synonym of type is deprecated; in a future version of numpy, it will be understood as (type, (1,)) / '(1,)type'.
  _np_quint16 = np.dtype([("quint16", np.uint16, 1)])
/home/linfengz/SCR/softwares/tf_venv_r1.8/lib/python3.6/site-packages/tensorflow/python/framework/dtypes.py:523: FutureWarning: Passing (type, 1) or '1type' as a synonym of type is deprecated; in a future version of numpy, it will be understood as (type, (1,)) / '(1,)type'.
  _np_qint32 = np.dtype([("qint32", np.int32, 1)])
/home/linfengz/SCR/softwares/tf_venv_r1.8/lib/python3.6/site-packages/tensorflow/python/framework/dtypes.py:528: FutureWarning: Passing (type, 1) or '1type' as a synonym of type is deprecated; in a future version of numpy, it will be understood as (type, (1,)) / '(1,)type'.
  np_resource = np.dtype([("resource", np.ubyte, 1)])
: 1.1441e-05
epoch: 8000, ab_err: 3.6947e-02, rel_err: 1.5714e-01, lr: 1.0122e-05
epoch: 8200, ab_err: 4.3200e-02, rel_err: 1.5528e-01, lr: 9.3286e-06
epoch: 8400, ab_err: 3.3474e-02, rel_err: 1.0689e-01, lr: 8.2533e-06
epoch: 8600, ab_err: 4.1927e-02, rel_err: 1.4831e-01, lr: 7.6063e-06
epoch: 8800, ab_err: 3.7267e-02, rel_err: 1.1633e-01, lr: 6.7295e-06
epoch: 9000, ab_err: 3.7325e-02, rel_err: 1.3758e-01, lr: 6.2020e-06
epoch: 9200, ab_err: 3.5111e-02, rel_err: 1.0323e-01, lr: 5.4871e-06
epoch: 9400, ab_err: 3.1904e-02, rel_err: 9.2379e-02, lr: 5.0569e-06
epoch: 9600, ab_err: 3.5340e-02, rel_err: 1.1190e-01, lr: 4.4740e-06
epoch: 9800, ab_err: 3.7900e-02, rel_err: 1.3392e-01, lr: 4.1233e-06
epoch: 10000, ab_err: 3.5234e-02, rel_err: 1.2922e-01, lr: 3.6480e-06
epoch: 10200, ab_err: 3.5707e-02, rel_err: 1.2307e-01, lr: 3.3620e-06
epoch: 10400, ab_err: 4.0067e-02, rel_err: 1.4131e-01, lr: 2.9745e-06
epoch: 10600, ab_err: 3.7156e-02, rel_err: 1.2160e-01, lr: 2.7413e-06
epoch: 10800, ab_err: 3.4944e-02, rel_err: 1.0977e-01, lr: 2.4253e-06
epoch: 11000, ab_err: 3.2825e-02, rel_err: 9.8863e-02, lr: 2.2352e-06
epoch: 11200, ab_err: 3.4947e-02, rel_err: 1.2125e-01, lr: 1.9775e-06
epoch: 11400, ab_err: 3.4999e-02, rel_err: 1.0578e-01, lr: 1.8225e-06
epoch: 11600, ab_err: 3.8355e-02, rel_err: 1.4560e-01, lr: 1.6124e-06
epoch: 11800, ab_err: 3.9081e-02, rel_err: 1.2983e-01, lr: 1.4860e-06
epoch: 12000, ab_err: 3.4633e-02, rel_err: 1.0495e-01, lr: 1.3147e-06
running time: 2089.853 s
