# restart           False
# num_threads       6
# neurons           [200, 200, 200, 200]
# batch size        128
# num_epoch         12000
# use_mix           False
# old_ratio         7
# lr_0              0.0006
# decay_steps       80
# decay_steps_inner 0
# decay_rate        0.96
# resnet            True
# graph_file        None
Begin to optimize
# start training from scratch
epoch:   0, ab_err: 3.4823e-01, rel_err: 4.3689e+00, lr: 6.0000e-04
epoch: 200, ab_err: 7.9833e-02, rel_err: 2.7913e-01, lr: 5.5296e-04
epoch: 400, ab_err: 7.7264e-02, rel_err: 2.9673e-01, lr: 4.8922e-04
epoch: 600, ab_err: 7.1065e-02, rel_err: 2.5391e-01, lr: 4.5087e-04
epoch: 800, ab_err: 7.4161e-02, rel_err: 2.6603e-01, lr: 3.9890e-04
epoch: 1000, ab_err: 7.2541e-02, rel_err: 2.4255e-01, lr: 3.6763e-04
epoch: 1200, ab_err: 7.2101e-02, rel_err: 2.4790e-01, lr: 3.2525e-04
epoch: 1400, ab_err: 6.3416e-02, rel_err: 1.9815e-01, lr: 2.9975e-04
epoch: 1600, ab_err: 7.1324e-02, rel_err: 2.4432e-01, lr: 2.6520e-04
epoch: 1800, ab_err: 6.4660e-02, rel_err: 2.0727e-01, lr: 2.4441e-04
epoch: 2000, ab_err: 5.7958e-02, rel_err: 1.8435e-01, lr: 2.1624e-04
epoch: 2200, ab_err: 6.2876e-/home/linfengz/SCR/softwares/tf_venv_r1.8/lib/python3.6/site-packages/tensorflow/python/framework/dtypes.py:519: FutureWarning: Passing (type, 1) or '1type' as a synonym of type is deprecated; in a future version of numpy, it will be understood as (type, (1,)) / '(1,)type'.
  _np_qint8 = np.dtype([("qint8", np.int8, 1)])
/home/linfengz/SCR/softwares/tf_venv_r1.8/lib/python3.6/site-packages/tensorflow/python/framework/dtypes.py:520: FutureWarning: Passing (type, 1) or '1type' as a synonym of type is deprecated; in a future version of numpy, it will be understood as (type, (1,)) / '(1,)type'.
  _np_quint8 = np.dtype([("quint8", np.uint8, 1)])
/home/linfengz/SCR/softwares/tf_venv_r1.8/lib/python3.6/site-packages/tensorflow/python/framework/dtypes.py:521: FutureWarning: Passing (type, 1) or '1type' as a synonym of type is deprecated; in a future version of numpy, it will be understood as (type, (1,)) / '(1,)type'.
  _np_qint16 = np.dtype([("qint16", np.int16, 1)])
/home/linfengz/SCR/softwares/tf_venv_r1.8/lib/python3.6/site-packages/tensorflow/python/framework/dtypes.py:522: FutureWarning: Passing (type, 1) or '1type' as a synonym of type is deprecated; in a future version of numpy, it will be understood as (type, (1,)) / '(1,)type'.
  _np_quint16 = np.dtype([("quint16", np.uint16, 1)])
/home/linfengz/SCR/softwares/tf_venv_r1.8/lib/python3.6/site-packages/tensorflow/python/framework/dtypes.py:523: FutureWarning: Passing (type, 1) or '1type' as a synonym of type is deprecated; in a future version of numpy, it will be understood as (type, (1,)) / '(1,)type'.
  _np_qint32 = np.dtype([("qint32", np.int32, 1)])
/home/linfengz/SCR/softwares/tf_venv_r1.8/lib/python3.6/site-packages/tensorflow/python/framework/dtypes.py:528: FutureWarning: Passing (type, 1) or '1type' as a synonym of type is deprecated; in a future version of numpy, it will be understood as (type, (1,)) / '(1,)type'.
  np_resource = np.dtype([("resource", np.ubyte, 1)])
: 1.1441e-05
epoch: 8000, ab_err: 3.2194e-02, rel_err: 1.1344e-01, lr: 1.0122e-05
epoch: 8200, ab_err: 3.1916e-02, rel_err: 9.6618e-02, lr: 9.3286e-06
epoch: 8400, ab_err: 3.5629e-02, rel_err: 1.2562e-01, lr: 8.2533e-06
epoch: 8600, ab_err: 3.8143e-02, rel_err: 1.1923e-01, lr: 7.6063e-06
epoch: 8800, ab_err: 3.4515e-02, rel_err: 1.0881e-01, lr: 6.7295e-06
epoch: 9000, ab_err: 3.2876e-02, rel_err: 1.2308e-01, lr: 6.2020e-06
epoch: 9200, ab_err: 3.7176e-02, rel_err: 1.4007e-01, lr: 5.4871e-06
epoch: 9400, ab_err: 3.5634e-02, rel_err: 1.2179e-01, lr: 5.0569e-06
epoch: 9600, ab_err: 3.7269e-02, rel_err: 1.5052e-01, lr: 4.4740e-06
epoch: 9800, ab_err: 3.1133e-02, rel_err: 9.6726e-02, lr: 4.1233e-06
epoch: 10000, ab_err: 3.4274e-02, rel_err: 1.1640e-01, lr: 3.6480e-06
epoch: 10200, ab_err: 3.6025e-02, rel_err: 1.2514e-01, lr: 3.3620e-06
epoch: 10400, ab_err: 3.1674e-02, rel_err: 1.0849e-01, lr: 2.9745e-06
epoch: 10600, ab_err: 3.4672e-02, rel_err: 1.3128e-01, lr: 2.7413e-06
epoch: 10800, ab_err: 3.9267e-02, rel_err: 1.3893e-01, lr: 2.4253e-06
epoch: 11000, ab_err: 3.4707e-02, rel_err: 1.1120e-01, lr: 2.2352e-06
epoch: 11200, ab_err: 3.8367e-02, rel_err: 1.4672e-01, lr: 1.9775e-06
epoch: 11400, ab_err: 2.8809e-02, rel_err: 9.0190e-02, lr: 1.8225e-06
epoch: 11600, ab_err: 4.0309e-02, rel_err: 1.3041e-01, lr: 1.6124e-06
epoch: 11800, ab_err: 3.3850e-02, rel_err: 1.2361e-01, lr: 1.4860e-06
epoch: 12000, ab_err: 3.4552e-02, rel_err: 1.2002e-01, lr: 1.3147e-06
running time: 3049.216 s
