-3.141593 -1.457501 -22.278027 -0.000000 1.278834 0.195884 0.000000
-2.879793 -3.241197 -18.675344 -0.911799 1.254717 0.370783 0.076121
-2.617994 -8.312846 -12.943316 -2.877257 1.222261 0.541838 0.161988
-2.356194 -16.202914 -8.517667 -4.326387 1.241198 0.841998 0.230089
-2.094395 -25.136783 -6.377797 -5.109123 1.405154 1.071660 0.426269
-1.832596 -32.591711 -3.671366 -6.633901 1.219724 0.754987 0.527843
-1.570796 -35.895082 -0.816767 -7.037857 0.471035 0.675885 0.675282
-1.308997 -33.220142 -1.845768 -6.420907 0.222020 0.625241 0.606298
-1.047198 -25.376078 -7.430238 -9.848609 0.353305 0.655958 0.607858
-0.785398 -15.006128 -16.509297 -17.077569 0.373166 0.784404 0.604703
-0.523599 -6.783436 -23.490791 -24.633767 0.215549 0.860803 0.479418
-0.261799 -1.628878 -30.461365 -28.888071 0.088520 0.959617 0.335736
0.000000 0.000000 -33.956806 -30.349718 0.000000 0.980973 0.319584
0.261799 -1.381307 -29.035481 -29.520488 0.105155 0.759012 0.555479
0.523599 -5.892395 -23.089193 -25.629066 0.125011 0.635049 0.491353
0.785398 -13.463263 -15.716570 -17.795799 0.153966 0.169450 0.543274
1.047198 -22.839037 -6.224506 -10.009143 0.123543 0.207492 0.734088
1.308997 -31.799514 -0.724316 -6.748497 0.129841 0.213957 0.800137
1.570796 -36.594017 0.000000 -7.169523 0.422404 0.008804 0.841866
1.832596 -34.890109 -3.604873 -6.948505 0.909594 0.213451 0.426249
2.094395 -27.695697 -6.569713 -5.112878 1.251928 0.643759 0.162166
2.356194 -17.760319 -8.532445 -4.085524 1.175650 0.344088 0.114125
2.617994 -9.032306 -12.273214 -2.717538 1.204715 0.147723 0.119360
2.879793 -3.244185 -17.495602 -0.789294 1.265151 0.175836 0.110404
3.141593 -1.457501 -22.278027 0.000000 1.278834 0.195884 0.000000
