-3.141593 -1.457501 -22.278027 -0.000000
-2.879793 -3.241197 -18.675344 -0.911799
-2.617994 -8.312846 -12.943316 -2.877257
-2.356194 -16.202914 -8.517667 -4.326387
-2.094395 -25.136783 -6.377797 -5.109123
-1.832596 -32.591711 -3.671366 -6.633901
-1.570796 -35.895082 -0.816767 -7.037857
-1.308997 -33.220142 -1.845768 -6.420907
-1.047198 -25.376078 -7.430238 -9.848609
-0.785398 -15.006128 -16.509297 -17.077569
-0.523599 -6.783436 -23.490791 -24.633767
-0.261799 -1.628878 -30.461365 -28.888071
0.000000 0.000000 -33.956806 -30.349718
0.261799 -1.381307 -29.035481 -29.520488
0.523599 -5.892395 -23.089193 -25.629066
0.785398 -13.463263 -15.716570 -17.795799
1.047198 -22.839037 -6.224506 -10.009143
1.308997 -31.799514 -0.724316 -6.748497
1.570796 -36.594017 0.000000 -7.169523
1.832596 -34.890109 -3.604873 -6.948505
2.094395 -27.695697 -6.569713 -5.112878
2.356194 -17.760319 -8.532445 -4.085524
2.617994 -9.032306 -12.273214 -2.717538
2.879793 -3.244185 -17.495602 -0.789294
3.141593 -1.457501 -22.278027 0.000000
