-3.141593 -3.141593 -38.337610 -26.650683 -1.313499 
-3.141593 -2.879793 -38.353910 -21.432057 -2.066515 
-3.141593 -2.617994 -39.419596 -14.664148 -3.939882 
-3.141593 -2.356194 -37.112779 -9.462518 -5.310853 
-3.141593 -2.094395 -31.588872 -6.393793 -6.003034 
-3.141593 -1.832596 -24.243961 -5.917545 -7.091571 
-3.141593 -1.570796 -20.845413 -2.956928 -7.610142 
-3.141593 -1.308997 -22.664907 -3.127834 -7.502810 
-3.141593 -1.047198 -30.205619 -8.567168 -11.050296 
-3.141593 -0.785398 -41.259184 -16.832913 -18.121559 
-3.141593 -0.523599 -51.028864 -22.522788 -25.492541 
-3.141593 -0.261799 -56.433083 -29.410199 -30.132317 
-3.141593 0.000000 -57.529923 -33.482256 -32.361882 
-3.141593 0.261799 -54.757334 -31.010491 -31.893077 
-3.141593 0.523599 -48.840606 -25.835358 -27.206436 
-3.141593 0.785398 -38.250912 -18.320311 -17.835153 
-3.141593 1.047198 -27.824939 -7.244103 -10.251409 
-3.141593 1.308997 -21.697931 -1.120100 -7.011489 
-3.141593 1.570796 -21.315283 -1.321906 -7.243033 
-3.141593 1.832596 -24.871393 -5.289155 -7.766947 
-3.141593 2.094395 -32.192485 -7.118250 -6.275524 
-3.141593 2.356194 -37.231846 -10.729226 -5.950254 
-3.141593 2.617994 -38.212483 -17.441143 -4.562230 
-3.141593 2.879793 -38.195884 -24.115111 -2.345258 
-3.141593 3.141593 -38.337610 -26.650683 -1.313499 

-2.879793 -3.141593 -36.789425 -28.035939 -3.447108 
-2.879793 -2.879793 -35.577869 -23.379157 -4.202522 
-2.879793 -2.617994 -34.046676 -17.122420 -6.094890 
-2.879793 -2.356194 -31.682366 -11.172117 -7.399127 
-2.879793 -2.094395 -27.668742 -8.542668 -7.801805 
-2.879793 -1.832596 -24.656860 -6.318581 -8.821159 
-2.879793 -1.570796 -24.694421 -3.729293 -8.200075 
-2.879793 -1.308997 -30.640189 -5.184920 -7.524769 
-2.879793 -1.047198 -38.796917 -12.137125 -11.236939 
-2.879793 -0.785398 -46.973366 -20.275644 -19.195149 
-2.879793 -0.523599 -53.225746 -25.718667 -27.509309 
-2.879793 -0.261799 -56.970603 -31.745210 -33.153589 
-2.879793 0.000000 -56.966168 -33.971069 -35.418527 
-2.879793 0.261799 -53.024393 -29.221820 -33.915957 
-2.879793 0.523599 -45.130704 -23.811976 -28.505406 
-2.879793 0.785398 -32.607454 -16.396240 -19.945774 
-2.879793 1.047198 -21.458629 -7.453227 -12.582778 
-2.879793 1.308997 -16.199220 -3.284347 -9.238181 
-2.879793 1.570796 -17.657634 -4.496101 -9.436287 
-2.879793 1.832596 -25.454852 -7.253407 -8.512179 
-2.879793 2.094395 -35.678004 -7.819412 -7.606824 
-2.879793 2.356194 -39.800988 -10.932661 -7.639606 
-2.879793 2.617994 -39.449870 -16.577425 -6.329003 
-2.879793 2.879793 -37.946816 -23.372988 -4.363548 
-2.879793 3.141593 -36.789425 -28.035939 -3.447108 

-2.617994 -3.141593 -31.482388 -31.659633 -8.777080 
-2.617994 -2.879793 -29.065637 -27.962763 -9.773662 
-2.617994 -2.617994 -27.223702 -21.773555 -11.549321 
-2.617994 -2.356194 -25.027194 -16.137005 -13.059762 
-2.617994 -2.094395 -22.203746 -14.048376 -12.943827 
-2.617994 -1.832596 -21.971545 -10.626954 -13.447051 
-2.617994 -1.570796 -25.548518 -8.572286 -12.167421 
-2.617994 -1.308997 -34.502484 -11.048055 -11.555475 
-2.617994 -1.047198 -42.607054 -18.598281 -15.447842 
-2.617994 -0.785398 -48.143122 -25.309341 -22.929264 
-2.617994 -0.523599 -52.327370 -30.282832 -33.030852 
-2.617994 -0.261799 -54.595400 -35.397177 -39.138822 
-2.617994 0.000000 -53.826196 -35.387880 -41.419083 
-2.617994 0.261799 -48.367174 -30.577814 -38.337921 
-2.617994 0.523599 -38.461844 -25.555811 -32.809754 
-2.617994 0.785398 -24.290318 -18.670705 -25.115862 
-2.617994 1.047198 -14.323196 -11.540719 -18.397571 
-2.617994 1.308997 -10.506638 -8.951449 -15.065193 
-2.617994 1.570796 -13.259095 -10.524371 -15.006451 
-2.617994 1.832596 -22.246677 -11.908192 -13.283543 
-2.617994 2.094395 -32.774821 -12.395143 -11.886160 
-2.617994 2.356194 -37.561589 -14.894676 -12.760672 
-2.617994 2.617994 -38.131994 -19.193029 -11.670363 
-2.617994 2.879793 -34.612838 -25.552982 -9.805264 
-2.617994 3.141593 -31.482388 -31.659633 -8.777080 

-2.356194 -3.141593 -22.620402 -37.355615 -17.344589 
-2.356194 -2.879793 -20.343426 -33.484712 -18.109055 
-2.356194 -2.617994 -19.404360 -26.858362 -20.267305 
-2.356194 -2.356194 -18.385484 -23.957670 -21.721703 
-2.356194 -2.094395 -17.263896 -22.382414 -21.173616 
-2.356194 -1.832596 -18.435756 -18.700415 -20.040498 
-2.356194 -1.570796 -24.231765 -16.939362 -18.772170 
-2.356194 -1.308997 -34.657455 -20.072724 -18.749541 
-2.356194 -1.047198 -41.153704 -26.962496 -22.666848 
-2.356194 -0.785398 -46.649042 -30.683171 -30.644531 
-2.356194 -0.523599 -50.044604 -35.087024 -40.673959 
-2.356194 -0.261799 -51.251097 -39.877825 -46.156553 
-2.356194 0.000000 -49.237387 -39.095102 -48.094997 
-2.356194 0.261799 -42.792893 -34.694739 -45.692794 
-2.356194 0.523599 -30.746759 -30.939044 -39.458788 
-2.356194 0.785398 -18.439729 -24.972767 -32.630850 
-2.356194 1.047198 -9.674149 -18.929568 -26.636997 
-2.356194 1.308997 -6.455848 -17.045391 -23.396134 
-2.356194 1.570796 -9.102083 -18.102635 -23.019808 
-2.356194 1.832596 -16.056431 -19.148142 -20.580814 
-2.356194 2.094395 -25.885859 -20.504672 -19.697241 
-2.356194 2.356194 -31.083144 -21.811372 -20.479332 
-2.356194 2.617994 -31.026396 -24.436782 -19.695839 
-2.356194 2.879793 -27.081381 -30.258464 -18.067321 
-2.356194 3.141593 -22.620402 -37.355615 -17.344589 

-2.094395 -3.141593 -13.031353 -41.257097 -27.654468 
-2.094395 -2.879793 -11.050553 -39.942760 -28.862923 
-2.094395 -2.617994 -11.323573 -34.805809 -31.255460 
-2.094395 -2.356194 -11.405437 -32.238837 -32.048926 
-2.094395 -2.094395 -10.745404 -31.455614 -30.464634 
-2.094395 -1.832596 -12.183050 -28.643871 -27.695924 
-2.094395 -1.570796 -17.920289 -26.674485 -25.637073 
-2.094395 -1.308997 -28.388165 -28.954424 -26.872167 
-2.094395 -1.047198 -37.219768 -33.854850 -30.965160 
-2.094395 -0.785398 -43.233012 -36.420206 -38.338842 
-2.094395 -0.523599 -46.900115 -41.069861 -46.805563 
-2.094395 -0.261799 -47.085654 -44.801545 -52.176255 
-2.094395 0.000000 -43.108311 -45.241353 -54.001113 
-2.094395 0.261799 -35.368840 -41.831815 -52.237478 
-2.094395 0.523599 -26.068016 -38.483369 -46.623534 
-2.094395 0.785398 -16.217117 -33.538557 -40.103811 
-2.094395 1.047198 -8.996772 -28.501486 -34.615525 
-2.094395 1.308997 -5.812314 -26.436490 -32.121062 
-2.094395 1.570796 -6.714448 -26.039435 -30.592829 
-2.094395 1.832596 -11.061561 -26.945706 -27.542057 
-2.094395 2.094395 -16.725124 -28.934802 -27.750572 
-2.094395 2.356194 -20.258057 -29.421684 -29.679988 
-2.094395 2.617994 -20.128048 -30.448247 -29.518762 
-2.094395 2.879793 -16.533466 -34.398090 -28.426658 
-2.094395 3.141593 -13.031353 -41.257097 -27.654468 

-1.832596 -3.141593 -4.666905 -44.416999 -37.606573 
-1.832596 -2.879793 -4.153053 -45.364215 -39.033676 
-1.832596 -2.617994 -4.971537 -41.576750 -40.467569 
-1.832596 -2.356194 -5.632414 -39.237273 -40.132283 
-1.832596 -2.094395 -5.501210 -37.542903 -37.094615 
-1.832596 -1.832596 -6.792803 -36.326606 -33.542628 
-1.832596 -1.570796 -10.609665 -34.855731 -32.255464 
-1.832596 -1.308997 -19.500174 -36.092042 -34.082591 
-1.832596 -1.047198 -30.183307 -39.458295 -38.545077 
-1.832596 -0.785398 -37.564790 -41.716854 -45.726437 
-1.832596 -0.523599 -40.839324 -44.636981 -52.466332 
-1.832596 -0.261799 -40.453732 -47.666056 -57.147194 
-1.832596 0.000000 -37.380550 -50.072130 -58.855581 
-1.832596 0.261799 -32.866875 -48.560589 -56.734473 
-1.832596 0.523599 -26.788159 -44.879711 -51.516982 
-1.832596 0.785398 -19.892360 -40.956584 -46.106921 
-1.832596 1.047198 -13.122354 -37.755322 -40.918758 
-1.832596 1.308997 -9.541248 -33.843492 -37.579144 
-1.832596 1.570796 -8.284661 -32.801169 -35.409065 
-1.832596 1.832596 -8.776857 -33.616211 -33.863084 
-1.832596 2.094395 -9.604779 -35.112615 -34.781726 
-1.832596 2.356194 -10.755658 -36.609321 -37.248432 
-1.832596 2.617994 -10.187540 -36.448832 -39.042858 
-1.832596 2.879793 -7.329147 -39.223454 -37.713448 
-1.832596 3.141593 -4.666905 -44.416999 -37.606573 

-1.570796 -3.141593 -0.755549 -46.684600 -41.285071 
-1.570796 -2.879793 -0.690832 -46.970268 -43.097553 
-1.570796 -2.617994 -2.665421 -42.805216 -43.793420 
-1.570796 -2.356194 -4.167208 -40.163018 -42.820820 
-1.570796 -2.094395 -4.898734 -38.524431 -40.699000 
-1.570796 -1.832596 -5.379206 -37.764137 -36.844735 
-1.570796 -1.570796 -7.898322 -37.695222 -36.799374 
-1.570796 -1.308997 -13.515982 -38.636987 -37.773607 
-1.570796 -1.047198 -20.864784 -40.944542 -41.585652 
-1.570796 -0.785398 -29.375381 -41.743099 -48.650442 
-1.570796 -0.523599 -32.580994 -44.804655 -55.355977 
-1.570796 -0.261799 -33.782089 -49.063756 -60.360600 
-1.570796 0.000000 -34.604349 -52.782362 -62.097278 
-1.570796 0.261799 -33.655724 -53.223521 -60.062805 
-1.570796 0.523599 -32.847713 -49.926525 -54.384538 
-1.570796 0.785398 -29.380836 -46.026272 -47.610483 
-1.570796 1.047198 -24.368636 -43.333972 -41.874494 
-1.570796 1.308997 -16.665687 -39.367393 -37.715128 
-1.570796 1.570796 -11.819932 -36.979547 -36.243625 
-1.570796 1.832596 -8.439581 -36.924116 -37.012236 
-1.570796 2.094395 -6.090488 -38.160324 -38.519982 
-1.570796 2.356194 -5.459364 -39.816970 -42.179507 
-1.570796 2.617994 -4.679783 -40.096466 -42.032465 
-1.570796 2.879793 -2.551513 -41.663801 -40.913905 
-1.570796 3.141593 -0.755549 -46.684600 -41.285071 

-1.308997 -3.141593 -1.731622 -46.429476 -36.154820 
-1.308997 -2.879793 -3.429549 -44.761663 -37.714630 
-1.308997 -2.617994 -6.317943 -39.511908 -39.257244 
-1.308997 -2.356194 -8.905446 -36.121947 -39.391151 
-1.308997 -2.094395 -10.142386 -34.547025 -37.194138 
-1.308997 -1.832596 -9.614641 -33.441964 -36.363203 
-1.308997 -1.570796 -10.168451 -33.353569 -36.009559 
-1.308997 -1.308997 -12.102121 -35.679948 -36.001390 
-1.308997 -1.047198 -16.116486 -37.748423 -40.414950 
-1.308997 -0.785398 -21.989054 -37.760602 -46.998958 
-1.308997 -0.523599 -27.242121 -41.424570 -53.703984 
-1.308997 -0.261799 -31.159526 -46.493011 -58.600626 
-1.308997 0.000000 -34.255927 -50.725096 -59.831930 
-1.308997 0.261799 -37.066087 -52.235004 -58.097962 
-1.308997 0.523599 -38.240986 -49.548369 -51.436091 
-1.308997 0.785398 -37.643682 -45.870121 -43.988474 
-1.308997 1.047198 -33.410094 -44.044315 -37.804956 
-1.308997 1.308997 -25.799679 -39.264375 -34.048220 
-1.308997 1.570796 -16.336290 -35.566303 -32.408337 
-1.308997 1.832596 -9.184145 -34.133450 -33.385577 
-1.308997 2.094395 -6.388957 -34.883208 -35.610233 
-1.308997 2.356194 -5.458422 -37.543849 -37.153535 
-1.308997 2.617994 -4.087436 -38.808922 -36.871106 
-1.308997 2.879793 -2.177273 -40.978382 -36.370529 
-1.308997 3.141593 -1.731622 -46.429476 -36.154820 

-1.047198 -3.141593 -8.621630 -41.507146 -25.924790 
-1.047198 -2.879793 -11.792280 -38.891119 -27.137630 
-1.047198 -2.617994 -16.638350 -33.468548 -28.711556 
-1.047198 -2.356194 -20.037633 -28.810863 -29.215979 
-1.047198 -2.094395 -20.380416 -27.436055 -28.406506 
-1.047198 -1.832596 -17.926187 -26.926665 -29.859294 
-1.047198 -1.570796 -15.439191 -27.775007 -30.271688 
-1.047198 -1.308997 -14.166925 -28.166062 -31.223038 
-1.047198 -1.047198 -15.303745 -29.219434 -35.023498 
-1.047198 -0.785398 -19.688112 -31.419353 -40.906002 
-1.047198 -0.523599 -25.100162 -36.414051 -48.455474 
-1.047198 -0.261799 -31.775269 -42.126897 -53.120912 
-1.047198 0.000000 -36.240891 -46.414903 -53.963577 
-1.047198 0.261799 -39.788129 -48.416015 -52.129497 
-1.047198 0.523599 -42.015254 -45.762164 -46.053053 
-1.047198 0.785398 -42.102256 -43.024837 -37.506369 
-1.047198 1.047198 -40.531800 -39.894115 -30.103554 
-1.047198 1.308997 -33.180495 -32.577361 -26.747040 
-1.047198 1.570796 -21.827981 -26.715019 -26.537571 
-1.047198 1.832596 -13.968949 -24.422851 -27.945626 
-1.047198 2.094395 -10.421844 -26.429089 -28.619900 
-1.047198 2.356194 -9.705037 -30.727829 -29.065273 
-1.047198 2.617994 -8.399390 -33.002031 -28.245195 
-1.047198 2.879793 -7.357649 -36.679974 -26.412141 
-1.047198 3.141593 -8.621630 -41.507146 -25.924790 

-0.785398 -3.141593 -20.931059 -34.505439 -14.923916 
-0.785398 -2.879793 -25.911851 -31.501048 -16.072072 
-0.785398 -2.617994 -31.845008 -25.235021 -17.352046 
-0.785398 -2.356194 -35.521213 -21.045445 -18.585600 
-0.785398 -2.094395 -33.182710 -18.964785 -18.809005 
-0.785398 -1.832596 -26.737441 -19.311978 -20.408018 
-0.785398 -1.570796 -20.092513 -19.695788 -22.017936 
-0.785398 -1.308997 -16.452519 -17.500982 -23.947861 
-0.785398 -1.047198 -16.793614 -18.576144 -26.914217 
-0.785398 -0.785398 -21.100495 -23.477599 -33.042206 
-0.785398 -0.523599 -28.514254 -29.015529 -40.001133 
-0.785398 -0.261799 -35.402908 -35.317131 -45.443821 
-0.785398 0.000000 -39.570938 -42.577737 -47.108355 
-0.785398 0.261799 -43.047089 -45.046485 -45.078113 
-0.785398 0.523599 -44.454786 -42.148296 -39.426554 
-0.785398 0.785398 -44.441418 -37.891144 -29.603115 
-0.785398 1.047198 -44.509978 -33.098562 -22.267848 
-0.785398 1.308997 -38.950027 -22.224620 -18.310284 
-0.785398 1.570796 -28.459669 -15.015705 -18.927266 
-0.785398 1.832596 -20.647886 -13.629306 -19.240819 
-0.785398 2.094395 -18.281131 -17.444748 -19.104567 
-0.785398 2.356194 -18.476635 -23.485059 -18.935238 
-0.785398 2.617994 -17.956169 -25.847740 -17.809081 
-0.785398 2.879793 -18.131989 -30.772339 -15.776859 
-0.785398 3.141593 -20.931059 -34.505439 -14.923916 

-0.523599 -3.141593 -36.082364 -27.787740 -6.660294 
-0.523599 -2.879793 -41.711266 -23.238948 -7.774728 
-0.523599 -2.617994 -46.553291 -17.369998 -9.602968 
-0.523599 -2.356194 -48.127187 -13.611004 -10.977598 
-0.523599 -2.094395 -43.483757 -12.183944 -11.316662 
-0.523599 -1.832596 -33.338480 -13.654015 -11.915456 
-0.523599 -1.570796 -24.627410 -10.393063 -14.673832 
-0.523599 -1.308997 -20.444736 -8.561185 -17.012578 
-0.523599 -1.047198 -21.559954 -10.914863 -19.380541 
-0.523599 -0.785398 -27.080954 -18.025072 -25.470559 
-0.523599 -0.523599 -34.606871 -24.769209 -32.121974 
-0.523599 -0.261799 -41.061112 -32.356986 -37.083929 
-0.523599 0.000000 -44.322751 -40.605156 -38.672275 
-0.523599 0.261799 -45.418758 -42.912610 -37.377921 
-0.523599 0.523599 -45.873419 -38.825973 -32.649062 
-0.523599 0.785398 -46.534450 -32.695504 -23.109794 
-0.523599 1.047198 -44.903209 -23.813084 -15.047015 
-0.523599 1.308997 -41.208140 -11.991754 -11.709871 
-0.523599 1.570796 -32.153727 -6.046614 -12.727353 
-0.523599 1.832596 -27.318224 -6.080979 -11.809832 
-0.523599 2.094395 -27.752577 -11.839571 -11.525554 
-0.523599 2.356194 -29.783637 -17.387160 -11.019067 
-0.523599 2.617994 -30.929250 -19.297179 -9.215872 
-0.523599 2.879793 -32.616042 -25.221293 -7.265807 
-0.523599 3.141593 -36.082364 -27.787740 -6.660294 

-0.261799 -3.141593 -51.344265 -22.979615 -1.585240 
-0.261799 -2.879793 -52.194330 -18.411815 -2.795795 
-0.261799 -2.617994 -53.483021 -13.080269 -4.900816 
-0.261799 -2.356194 -53.710865 -9.079310 -6.112265 
-0.261799 -2.094395 -47.487060 -8.874412 -6.422460 
-0.261799 -1.832596 -37.516566 -8.639925 -7.210469 
-0.261799 -1.570796 -29.724231 -3.390880 -9.523521 
-0.261799 -1.308997 -27.223007 -2.975373 -10.675745 
-0.261799 -1.047198 -29.904973 -7.820083 -13.590681 
-0.261799 -0.785398 -34.497965 -17.164531 -20.237793 
-0.261799 -0.523599 -39.853891 -25.507196 -26.768278 
-0.261799 -0.261799 -44.485212 -34.176955 -30.431161 
-0.261799 0.000000 -47.469768 -40.243609 -32.160268 
-0.261799 0.261799 -47.344253 -40.122921 -31.801734 
-0.261799 0.523599 -46.296390 -34.201760 -28.281475 
-0.261799 0.785398 -45.004806 -26.917089 -19.322620 
-0.261799 1.047198 -42.797526 -15.101860 -11.468511 
-0.261799 1.308997 -39.054822 -4.622882 -8.081912 
-0.261799 1.570796 -33.771752 -0.805317 -9.403936 
-0.261799 1.832596 -33.860416 -3.001758 -7.644493 
-0.261799 2.094395 -37.640646 -9.676590 -6.396312 
-0.261799 2.356194 -42.452986 -11.009998 -5.835749 
-0.261799 2.617994 -45.172537 -13.912093 -4.411507 
-0.261799 2.879793 -48.365606 -19.970757 -2.407235 
-0.261799 3.141593 -51.344265 -22.979615 -1.585240 

0.000000 -3.141593 -56.411139 -20.450977 0.000000 
0.000000 -2.879793 -54.349467 -17.851228 -0.899351 
0.000000 -2.617994 -52.950568 -12.673197 -3.011749 
0.000000 -2.356194 -51.307249 -8.846734 -4.638379 
0.000000 -2.094395 -45.373174 -9.178491 -5.044732 
0.000000 -1.832596 -37.856280 -4.109005 -6.255588 
0.000000 -1.570796 -33.263445 0.000000 -7.193867 
0.000000 -1.308997 -34.138827 -1.483816 -6.710872 
0.000000 -1.047198 -38.000603 -8.895179 -9.659699 
0.000000 -0.785398 -41.910243 -20.672574 -17.016085 
0.000000 -0.523599 -44.639715 -28.578228 -24.285078 
0.000000 -0.261799 -46.983347 -37.727864 -28.717411 
0.000000 0.000000 -47.816436 -40.427788 -30.372308 
0.000000 0.261799 -46.991888 -35.522365 -29.945517 
0.000000 0.523599 -44.510194 -28.940103 -26.309060 
0.000000 0.785398 -41.413865 -20.839259 -19.010347 
0.000000 1.047198 -37.572014 -9.154328 -11.493051 
0.000000 1.308997 -33.750606 -1.587973 -8.639653 
0.000000 1.570796 -33.956993 -0.023028 -9.178101 
0.000000 1.832596 -38.450230 -3.687979 -6.403771 
0.000000 2.094395 -46.548773 -8.248380 -4.447193 
0.000000 2.356194 -53.051944 -7.151410 -3.800087 
0.000000 2.617994 -55.815891 -10.411780 -2.678480 
0.000000 2.879793 -56.896473 -15.830938 -0.934363 
0.000000 3.141593 -56.411139 -20.450977 -0.000000 

0.261799 -3.141593 -50.082997 -20.460490 -1.296467 
0.261799 -2.879793 -46.271564 -19.203708 -2.072863 
0.261799 -2.617994 -43.672369 -14.813205 -4.503309 
0.261799 -2.356194 -41.809951 -12.263282 -5.998166 
0.261799 -2.094395 -37.663126 -9.546054 -6.592714 
0.261799 -1.832596 -34.217229 -2.717701 -7.553185 
0.261799 -1.570796 -35.023660 -0.461109 -7.392954 
0.261799 -1.308997 -40.123816 -4.278236 -5.781104 
0.261799 -1.047198 -42.947327 -13.937806 -8.927401 
0.261799 -0.785398 -45.762603 -25.731159 -16.873143 
0.261799 -0.523599 -47.419200 -33.344458 -24.526428 
0.261799 -0.261799 -47.449226 -40.999249 -30.152156 
0.261799 0.000000 -46.336813 -39.326040 -32.327598 
0.261799 0.261799 -44.414883 -32.379097 -31.049210 
0.261799 0.523599 -40.290890 -24.329467 -27.114033 
0.261799 0.785398 -34.544129 -16.742724 -20.730768 
0.261799 1.047198 -29.874806 -6.958202 -14.513356 
0.261799 1.308997 -27.123344 -2.420146 -12.123582 
0.261799 1.570796 -30.142840 -2.918516 -11.761261 
0.261799 1.832596 -38.910375 -8.157266 -8.116192 
0.261799 2.094395 -49.019475 -7.201553 -5.709067 
0.261799 2.356194 -54.343745 -6.788885 -4.572166 
0.261799 2.617994 -55.995682 -9.525902 -3.757438 
0.261799 2.879793 -54.384265 -14.371383 -2.188295 
0.261799 3.141593 -50.082997 -20.460490 -1.296467 

0.523599 -3.141593 -34.887302 -23.786541 -5.790570 
0.523599 -2.879793 -31.370342 -22.630966 -6.634784 
0.523599 -2.617994 -29.702134 -18.894308 -8.921879 
0.523599 -2.356194 -29.240602 -17.807020 -10.279149 
0.523599 -2.094395 -27.726846 -11.124095 -10.346724 
0.523599 -1.832596 -27.666048 -5.545863 -11.649480 
0.523599 -1.570796 -32.630338 -5.106048 -10.289719 
0.523599 -1.308997 -40.683793 -10.939569 -8.113976 
0.523599 -1.047198 -43.708227 -21.599960 -11.086497 
0.523599 -0.785398 -45.294699 -30.923929 -19.471079 
0.523599 -0.523599 -47.150584 -38.164681 -28.794289 
0.523599 -0.261799 -47.001265 -42.742149 -35.235812 
0.523599 0.000000 -44.304303 -37.645622 -37.453983 
0.523599 0.261799 -40.103487 -29.590155 -36.201287 
0.523599 0.523599 -34.068286 -22.789021 -31.579668 
0.523599 0.785398 -27.455492 -16.302681 -24.548853 
0.523599 1.047198 -22.414654 -9.285649 -19.234038 
0.523599 1.308997 -21.757917 -7.236924 -16.873605 
0.523599 1.570796 -25.810562 -9.567498 -15.980694 
0.523599 1.832596 -34.183447 -12.234122 -12.280918 
0.523599 2.094395 -43.609832 -9.243467 -9.679381 
0.523599 2.356194 -47.425309 -9.545642 -9.148535 
0.523599 2.617994 -47.179465 -11.831991 -8.377563 
0.523599 2.879793 -41.184888 -16.739337 -6.503935 
0.523599 3.141593 -34.887302 -23.786541 -5.790570 

0.785398 -3.141593 -19.225181 -30.022606 -13.646582 
0.785398 -2.879793 -16.762095 -27.650311 -14.434274 
0.785398 -2.617994 -16.879450 -24.596155 -16.265477 
0.785398 -2.356194 -17.276738 -22.792618 -17.670771 
0.785398 -2.094395 -17.637490 -15.832334 -17.417288 
0.785398 -1.832596 -20.018741 -12.396180 -18.084018 
0.785398 -1.570796 -27.638169 -14.014063 -15.830485 
0.785398 -1.308997 -37.431562 -20.526480 -13.725012 
0.785398 -1.047198 -41.383183 -28.542899 -17.124899 
0.785398 -0.785398 -43.267813 -34.278072 -25.271104 
0.785398 -0.523599 -44.514274 -40.398144 -35.435296 
0.785398 -0.261799 -44.396092 -44.515545 -41.026822 
0.785398 0.000000 -41.444277 -39.015827 -42.544441 
0.785398 0.261799 -36.020878 -31.685676 -41.726118 
0.785398 0.523599 -29.018127 -25.406455 -36.809130 
0.785398 0.785398 -22.513013 -20.593330 -30.352308 
0.785398 1.047198 -19.073734 -16.107024 -24.393356 
0.785398 1.308997 -18.702787 -15.568581 -22.155342 
0.785398 1.570796 -22.722929 -17.945725 -21.333315 
0.785398 1.832596 -27.963996 -17.188797 -18.988955 
0.785398 2.094395 -32.963271 -15.094725 -16.930923 
0.785398 2.356194 -34.253411 -15.340031 -16.813770 
0.785398 2.617994 -30.628704 -17.599391 -16.141612 
0.785398 2.879793 -24.242839 -23.022396 -14.347716 
0.785398 3.141593 -19.225181 -30.022606 -13.646582 

1.047198 -3.141593 -7.328130 -37.549372 -23.664238 
1.047198 -2.879793 -6.238844 -33.369406 -24.450989 
1.047198 -2.617994 -7.484426 -30.951124 -25.442037 
1.047198 -2.356194 -8.855491 -28.976056 -26.764567 
1.047198 -2.094395 -9.579785 -23.993828 -26.664804 
1.047198 -1.832596 -12.886747 -22.149084 -26.420848 
1.047198 -1.570796 -21.210776 -24.417710 -23.621015 
1.047198 -1.308997 -30.643928 -29.893999 -22.070173 
1.047198 -1.047198 -37.319586 -33.569211 -25.507563 
1.047198 -0.785398 -40.493720 -38.668926 -33.628125 
1.047198 -0.523599 -41.632989 -43.667170 -42.409226 
1.047198 -0.261799 -40.411450 -46.645271 -46.813721 
1.047198 0.000000 -36.615835 -43.731602 -47.687256 
1.047198 0.261799 -31.337083 -37.755750 -47.077563 
1.047198 0.523599 -26.817219 -32.194768 -43.307528 
1.047198 0.785398 -22.711070 -28.673138 -37.086454 
1.047198 1.047198 -19.750940 -25.977929 -31.714242 
1.047198 1.308997 -18.429646 -25.520850 -28.836871 
1.047198 1.570796 -18.403315 -25.188089 -28.269601 
1.047198 1.832596 -19.150328 -24.596298 -26.545140 
1.047198 2.094395 -20.018085 -23.856642 -25.432515 
1.047198 2.356194 -19.159744 -23.708561 -26.383374 
1.047198 2.617994 -15.787063 -26.426349 -26.040060 
1.047198 2.879793 -10.840888 -31.806339 -24.630522 
1.047198 3.141593 -7.328130 -37.549372 -23.664238 

1.308997 -3.141593 -0.614716 -44.880475 -33.629109 
1.308997 -2.879793 -1.175992 -40.186113 -34.531379 
1.308997 -2.617994 -3.286883 -37.936998 -35.683606 
1.308997 -2.356194 -4.847035 -35.839462 -36.475531 
1.308997 -2.094395 -5.644793 -32.864133 -35.654226 
1.308997 -1.832596 -8.806927 -32.059922 -33.750311 
1.308997 -1.570796 -15.016414 -33.282840 -31.261441 
1.308997 -1.308997 -22.639713 -35.667517 -30.761526 
1.308997 -1.047198 -30.302236 -38.456544 -34.760264 
1.308997 -0.785398 -35.993226 -41.424795 -41.608972 
1.308997 -0.523599 -36.568561 -45.633738 -47.815679 
1.308997 -0.261799 -34.173609 -49.002994 -51.291979 
1.308997 0.000000 -31.215643 -48.594013 -52.831957 
1.308997 0.261799 -29.608529 -44.429561 -52.663078 
1.308997 0.523599 -28.480107 -40.032758 -50.199488 
1.308997 0.785398 -27.075069 -37.745787 -44.876921 
1.308997 1.047198 -22.289065 -35.516332 -39.080611 
1.308997 1.308997 -17.251195 -33.599030 -36.023894 
1.308997 1.570796 -13.242586 -32.913694 -34.793482 
1.308997 1.832596 -10.687163 -32.864436 -33.783429 
1.308997 2.094395 -9.323695 -32.526087 -33.815470 
1.308997 2.356194 -8.503390 -33.047279 -35.956450 
1.308997 2.617994 -5.809578 -36.266214 -36.320798 
1.308997 2.879793 -2.534433 -40.884441 -34.732842 
1.308997 3.141593 -0.614716 -44.880475 -33.629109 

1.570796 -3.141593 -0.000000 -49.359429 -40.368432 
1.570796 -2.879793 -2.166643 -45.017575 -41.089349 
1.570796 -2.617994 -5.066722 -41.852480 -42.165691 
1.570796 -2.356194 -6.492957 -39.831614 -41.635624 
1.570796 -2.094395 -6.757160 -37.708601 -40.295811 
1.570796 -1.832596 -8.024500 -36.962519 -38.241414 
1.570796 -1.570796 -11.360174 -36.440483 -37.061262 
1.570796 -1.308997 -14.531919 -37.509141 -37.467707 
1.570796 -1.047198 -20.239300 -39.428044 -41.385050 
1.570796 -0.785398 -26.417944 -42.768056 -46.967359 
1.570796 -0.523599 -28.150133 -45.907120 -51.313413 
1.570796 -0.261799 -28.615260 -49.991879 -54.585046 
1.570796 0.000000 -30.002019 -50.894730 -55.885225 
1.570796 0.261799 -31.966844 -49.546303 -56.064135 
1.570796 0.523599 -34.113103 -47.108050 -53.866620 
1.570796 0.785398 -32.350592 -44.760803 -49.189122 
1.570796 1.047198 -25.308398 -41.617080 -42.940698 
1.570796 1.308997 -17.045646 -39.405693 -39.341719 
1.570796 1.570796 -10.378828 -39.394642 -36.908217 
1.570796 1.832596 -6.352857 -39.881521 -36.268071 
1.570796 2.094395 -4.511431 -40.352280 -39.138463 
1.570796 2.356194 -3.537818 -40.935008 -42.848164 
1.570796 2.617994 -2.115040 -43.453492 -43.137952 
1.570796 2.879793 -0.366497 -47.603309 -41.304091 
1.570796 3.141593 0.000000 -49.359429 -40.368432 

1.832596 -3.141593 -5.137265 -49.821962 -39.618958 
1.832596 -2.879793 -8.051070 -44.480935 -39.879450 
1.832596 -2.617994 -11.521302 -39.957416 -40.537627 
1.832596 -2.356194 -12.215593 -37.694514 -40.405907 
1.832596 -2.094395 -11.060294 -36.628382 -38.427350 
1.832596 -1.832596 -9.673470 -35.025204 -38.029231 
1.832596 -1.570796 -8.165828 -35.612664 -38.272627 
1.832596 -1.308997 -8.566468 -36.130417 -38.486055 
1.832596 -1.047198 -12.117925 -38.086568 -41.691951 
1.832596 -0.785398 -18.102398 -40.999584 -47.157253 
1.832596 -0.523599 -23.397026 -44.652477 -51.138335 
1.832596 -0.261799 -28.634610 -48.538496 -53.725915 
1.832596 0.000000 -33.746255 -51.035758 -55.016154 
1.832596 0.261799 -37.852278 -50.747114 -54.943546 
1.832596 0.523599 -38.903162 -48.167002 -52.002571 
1.832596 0.785398 -36.909909 -45.803702 -47.151585 
1.832596 1.047198 -31.033007 -42.538894 -39.758463 
1.832596 1.308997 -20.914260 -39.975238 -35.938340 
1.832596 1.570796 -11.718090 -39.104456 -34.423019 
1.832596 1.832596 -6.777570 -39.633071 -35.379249 
1.832596 2.094395 -5.127968 -41.351508 -39.621543 
1.832596 2.356194 -5.004612 -43.140166 -43.093472 
1.832596 2.617994 -4.551247 -45.796332 -43.166382 
1.832596 2.879793 -3.977220 -49.674907 -41.230461 
1.832596 3.141593 -5.137265 -49.821962 -39.618958 

2.094395 -3.141593 -13.923507 -46.205852 -30.209277 
2.094395 -2.879793 -17.705075 -40.444025 -30.468896 
2.094395 -2.617994 -21.406496 -34.958282 -31.065160 
2.094395 -2.356194 -21.132757 -32.880216 -31.893379 
2.094395 -2.094395 -17.688037 -30.986881 -31.259967 
2.094395 -1.832596 -11.858864 -30.045822 -31.378624 
2.094395 -1.570796 -6.784286 -28.987325 -33.015085 
2.094395 -1.308997 -5.217715 -28.572609 -33.315133 
2.094395 -1.047198 -8.311887 -30.736919 -35.944058 
2.094395 -0.785398 -15.563883 -34.478840 -41.144680 
2.094395 -0.523599 -24.958236 -38.039862 -46.126860 
2.094395 -0.261799 -34.124999 -42.563999 -48.593667 
2.094395 0.000000 -41.518988 -46.338764 -51.040548 
2.094395 0.261799 -44.890925 -47.038367 -50.301446 
2.094395 0.523599 -44.287027 -44.373620 -46.956919 
2.094395 0.785398 -41.145858 -41.919042 -42.201808 
2.094395 1.047198 -36.407326 -36.755528 -35.060663 
2.094395 1.308997 -27.510445 -32.066571 -30.675010 
2.094395 1.570796 -17.110558 -30.148268 -28.789033 
2.094395 1.832596 -11.560926 -31.302057 -30.076584 
2.094395 2.094395 -10.501762 -33.917962 -33.229518 
2.094395 2.356194 -11.474538 -36.320957 -34.354733 
2.094395 2.617994 -12.141787 -40.675211 -33.437821 
2.094395 2.879793 -12.070698 -45.421250 -31.303614 
2.094395 3.141593 -13.923507 -46.205852 -30.209277 

2.356194 -3.141593 -23.083934 -40.188512 -18.659685 
2.356194 -2.879793 -27.617424 -33.675383 -19.103691 
2.356194 -2.617994 -31.995098 -26.848322 -20.475416 
2.356194 -2.356194 -31.366846 -23.201732 -21.803689 
2.356194 -2.094395 -25.828661 -21.448586 -21.496611 
2.356194 -1.832596 -15.780996 -21.204972 -22.134349 
2.356194 -1.570796 -7.924036 -19.897646 -25.041400 
2.356194 -1.308997 -5.300375 -18.571374 -25.102762 
2.356194 -1.047198 -8.300016 -20.802601 -27.049013 
2.356194 -0.785398 -17.188462 -25.673659 -32.431145 
2.356194 -0.523599 -29.807502 -29.906391 -38.733926 
2.356194 -0.261799 -41.489805 -35.230834 -43.227738 
2.356194 0.000000 -46.951279 -40.359981 -45.593174 
2.356194 0.261799 -48.772796 -41.951715 -44.562778 
2.356194 0.523599 -47.614459 -39.376576 -39.832372 
2.356194 0.785398 -43.766716 -35.766277 -33.117348 
2.356194 1.047198 -38.308102 -27.988400 -24.986513 
2.356194 1.308997 -30.502117 -20.623947 -20.823020 
2.356194 1.570796 -21.824797 -18.207199 -20.671166 
2.356194 1.832596 -16.409131 -20.565913 -21.846254 
2.356194 2.094395 -16.219862 -25.008427 -23.006294 
2.356194 2.356194 -17.993043 -27.136613 -23.663881 
2.356194 2.617994 -19.901350 -32.147555 -22.175284 
2.356194 2.879793 -20.779790 -38.402882 -19.781352 
2.356194 3.141593 -23.083934 -40.188512 -18.659685 

2.617994 -3.141593 -30.604610 -33.239481 -9.018747 
2.617994 -2.879793 -34.256839 -25.907704 -9.745366 
2.617994 -2.617994 -38.959231 -19.598986 -11.466717 
2.617994 -2.356194 -38.549408 -15.325376 -12.702796 
2.617994 -2.094395 -31.933457 -13.429748 -12.911030 
2.617994 -1.832596 -19.896443 -13.260564 -14.382332 
2.617994 -1.570796 -10.958961 -11.743039 -16.958758 
2.617994 -1.308997 -8.272160 -10.468369 -17.273832 
2.617994 -1.047198 -12.333235 -12.843069 -19.328317 
2.617994 -0.785398 -22.560928 -18.691273 -24.965674 
2.617994 -0.523599 -36.689012 -23.483555 -31.586157 
2.617994 -0.261799 -46.665993 -30.067244 -37.041539 
2.617994 0.000000 -52.211914 -36.629018 -39.044920 
2.617994 0.261799 -52.163763 -38.233886 -38.602316 
2.617994 0.523599 -49.487874 -34.604171 -33.949104 
2.617994 0.785398 -44.156223 -29.222302 -24.539534 
2.617994 1.047198 -37.074728 -18.475716 -16.564749 
2.617994 1.308997 -29.868141 -10.168024 -12.901053 
2.617994 1.570796 -21.867211 -8.198710 -13.499182 
2.617994 1.832596 -19.010204 -11.667763 -14.769856 
2.617994 2.094395 -20.655566 -16.584358 -14.249380 
2.617994 2.356194 -24.230171 -19.284920 -14.253477 
2.617994 2.617994 -27.041634 -26.115565 -12.506131 
2.617994 2.879793 -27.965359 -32.062096 -10.195661 
2.617994 3.141593 -30.604610 -33.239481 -9.018747 

2.879793 -3.141593 -35.266329 -28.143817 -3.053762 
2.879793 -2.879793 -38.143386 -21.778356 -3.811525 
2.879793 -2.617994 -40.712268 -15.280779 -5.965953 
2.879793 -2.356194 -40.421040 -10.573588 -7.096795 
2.879793 -2.094395 -33.529488 -8.127841 -7.582108 
2.879793 -1.832596 -21.764348 -8.042162 -8.878247 
2.879793 -1.570796 -14.894386 -5.939551 -10.782535 
2.879793 -1.308997 -14.014107 -5.102434 -11.232060 
2.879793 -1.047198 -19.485580 -8.619026 -14.272288 
2.879793 -0.785398 -30.876023 -15.852040 -19.783289 
2.879793 -0.523599 -44.275518 -21.468060 -26.391379 
2.879793 -0.261799 -52.631729 -28.587645 -31.479890 
2.879793 0.000000 -55.492200 -34.224785 -34.029384 
2.879793 0.261799 -54.603040 -34.710081 -33.973018 
2.879793 0.523599 -50.015201 -29.913753 -28.831053 
2.879793 0.785398 -42.303183 -23.253580 -19.903765 
2.879793 1.047198 -33.361929 -11.043862 -11.870965 
2.879793 1.308997 -25.748024 -3.403800 -8.049402 
2.879793 1.570796 -21.205928 -2.402416 -8.516320 
2.879793 1.832596 -21.836954 -6.403677 -9.751610 
2.879793 2.094395 -25.461435 -10.422940 -8.615333 
2.879793 2.356194 -30.104881 -13.887159 -8.206164 
2.879793 2.617994 -33.510907 -20.801238 -6.381045 
2.879793 2.879793 -34.506219 -27.760484 -4.194531 
2.879793 3.141593 -35.266329 -28.143817 -3.053762 

3.141593 -3.141593 -38.337610 -26.650683 -1.313499 
3.141593 -2.879793 -38.353910 -21.432057 -2.066515 
3.141593 -2.617994 -39.419596 -14.664148 -3.939882 
3.141593 -2.356194 -37.112779 -9.462518 -5.310853 
3.141593 -2.094395 -31.588872 -6.393793 -6.003034 
3.141593 -1.832596 -24.243961 -5.917545 -7.091571 
3.141593 -1.570796 -20.845413 -2.956928 -7.610142 
3.141593 -1.308997 -22.664907 -3.127834 -7.502810 
3.141593 -1.047198 -30.205619 -8.567168 -11.050296 
3.141593 -0.785398 -41.259184 -16.832913 -18.121559 
3.141593 -0.523599 -51.028864 -22.522788 -25.492541 
3.141593 -0.261799 -56.433083 -29.410199 -30.132317 
3.141593 0.000000 -57.529923 -33.482256 -32.361882 
3.141593 0.261799 -54.757334 -31.010491 -31.893077 
3.141593 0.523599 -48.840606 -25.835358 -27.206436 
3.141593 0.785398 -38.250912 -18.320311 -17.835153 
3.141593 1.047198 -27.824939 -7.244103 -10.251409 
3.141593 1.308997 -21.697931 -1.120100 -7.011489 
3.141593 1.570796 -21.315283 -1.321906 -7.243033 
3.141593 1.832596 -24.871393 -5.289155 -7.766947 
3.141593 2.094395 -32.192485 -7.118250 -6.275524 
3.141593 2.356194 -37.231846 -10.729226 -5.950254 
3.141593 2.617994 -38.212483 -17.441143 -4.562230 
3.141593 2.879793 -38.195884 -24.115111 -2.345258 
3.141593 3.141593 -38.337610 -26.650683 -1.313499 

