# restart           False
# num_threads       6
# neurons           [300, 300, 300, 300]
# batch size        128
# num_epoch         12000
# use_mix           False
# old_ratio         7
# lr_0              0.0006
# decay_steps       80
# decay_steps_inner 0
# decay_rate        0.96
# resnet            True
# graph_file        None
Begin to optimize
# start training from scratch
epoch:   0, ab_err: 4.9034e-01, rel_err: 2.5606e+00, lr: 6.0000e-04
epoch: 200, ab_err: 2.4088e-01, rel_err: 6.1899e-01, lr: 5.5296e-04
epoch: 400, ab_err: 9.2708e-02, rel_err: 2.0657e-01, lr: 4.8922e-04
epoch: 600, ab_err: 4.1442e-02, rel_err: 9.0873e-02, lr: 4.5087e-04
epoch: 800, ab_err: 2.6820e-02, rel_err: 5.9519e-02, lr: 3.9890e-04
epoch: 1000, ab_err: 2.1275e-02, rel_err: 4.7410e-02, lr: 3.6763e-04
epoch: 1200, ab_err: 1.6096e-02, rel_err: 3.5538e-02, lr: 3.2525e-04
epoch: 1400, ab_err: 1.4470e-02, rel_err: 3.2463e-02, lr: 2.9975e-04
epoch: 1600, ab_err: 1.3393e-02, rel_err: 2.9805e-02, lr: 2.6520e-04
epoch: 1800, ab_err: 1.2837e-02, rel_err: 2.7907e-02, lr: 2.4441e-04
epoch: 2000, ab_err: 1.1088e-02, rel_err: 2.4397e-02, lr: 2.1624e-04
epoch: 2200, ab_err: 8.8379e-/home/linfengz/SCR/softwares/tf_venv_r1.8/lib/python3.6/site-packages/tensorflow/python/framework/dtypes.py:519: FutureWarning: Passing (type, 1) or '1type' as a synonym of type is deprecated; in a future version of numpy, it will be understood as (type, (1,)) / '(1,)type'.
  _np_qint8 = np.dtype([("qint8", np.int8, 1)])
/home/linfengz/SCR/softwares/tf_venv_r1.8/lib/python3.6/site-packages/tensorflow/python/framework/dtypes.py:520: FutureWarning: Passing (type, 1) or '1type' as a synonym of type is deprecated; in a future version of numpy, it will be understood as (type, (1,)) / '(1,)type'.
  _np_quint8 = np.dtype([("quint8", np.uint8, 1)])
/home/linfengz/SCR/softwares/tf_venv_r1.8/lib/python3.6/site-packages/tensorflow/python/framework/dtypes.py:521: FutureWarning: Passing (type, 1) or '1type' as a synonym of type is deprecated; in a future version of numpy, it will be understood as (type, (1,)) / '(1,)type'.
  _np_qint16 = np.dtype([("qint16", np.int16, 1)])
/home/linfengz/SCR/softwares/tf_venv_r1.8/lib/python3.6/site-packages/tensorflow/python/framework/dtypes.py:522: FutureWarning: Passing (type, 1) or '1type' as a synonym of type is deprecated; in a future version of numpy, it will be understood as (type, (1,)) / '(1,)type'.
  _np_quint16 = np.dtype([("quint16", np.uint16, 1)])
/home/linfengz/SCR/softwares/tf_venv_r1.8/lib/python3.6/site-packages/tensorflow/python/framework/dtypes.py:523: FutureWarning: Passing (type, 1) or '1type' as a synonym of type is deprecated; in a future version of numpy, it will be understood as (type, (1,)) / '(1,)type'.
  _np_qint32 = np.dtype([("qint32", np.int32, 1)])
/home/linfengz/SCR/softwares/tf_venv_r1.8/lib/python3.6/site-packages/tensorflow/python/framework/dtypes.py:528: FutureWarning: Passing (type, 1) or '1type' as a synonym of type is deprecated; in a future version of numpy, it will be understood as (type, (1,)) / '(1,)type'.
  np_resource = np.dtype([("resource", np.ubyte, 1)])
: 1.1441e-05
epoch: 8000, ab_err: 4.6533e-04, rel_err: 1.0475e-03, lr: 1.0122e-05
epoch: 8200, ab_err: 3.8369e-04, rel_err: 8.2511e-04, lr: 9.3286e-06
epoch: 8400, ab_err: 4.0810e-04, rel_err: 8.6401e-04, lr: 8.2533e-06
epoch: 8600, ab_err: 3.3086e-04, rel_err: 7.4637e-04, lr: 7.6063e-06
epoch: 8800, ab_err: 3.1322e-04, rel_err: 6.8680e-04, lr: 6.7295e-06
epoch: 9000, ab_err: 2.5314e-04, rel_err: 5.4306e-04, lr: 6.2020e-06
epoch: 9200, ab_err: 2.6062e-04, rel_err: 5.7682e-04, lr: 5.4871e-06
epoch: 9400, ab_err: 2.0360e-04, rel_err: 4.5700e-04, lr: 5.0569e-06
epoch: 9600, ab_err: 2.2720e-04, rel_err: 5.0388e-04, lr: 4.4740e-06
epoch: 9800, ab_err: 1.9228e-04, rel_err: 4.2479e-04, lr: 4.1233e-06
epoch: 10000, ab_err: 1.5495e-04, rel_err: 3.4277e-04, lr: 3.6480e-06
epoch: 10200, ab_err: 1.3789e-04, rel_err: 2.9840e-04, lr: 3.3620e-06
epoch: 10400, ab_err: 1.3831e-04, rel_err: 3.1171e-04, lr: 2.9745e-06
epoch: 10600, ab_err: 1.1905e-04, rel_err: 2.5539e-04, lr: 2.7413e-06
epoch: 10800, ab_err: 1.2096e-04, rel_err: 2.7029e-04, lr: 2.4253e-06
epoch: 11000, ab_err: 9.8239e-05, rel_err: 2.1829e-04, lr: 2.2352e-06
epoch: 11200, ab_err: 8.0701e-05, rel_err: 1.7710e-04, lr: 1.9775e-06
epoch: 11400, ab_err: 7.4632e-05, rel_err: 1.6204e-04, lr: 1.8225e-06
epoch: 11600, ab_err: 6.8476e-05, rel_err: 1.4888e-04, lr: 1.6124e-06
epoch: 11800, ab_err: 5.4957e-05, rel_err: 1.1610e-04, lr: 1.4860e-06
epoch: 12000, ab_err: 5.0327e-05, rel_err: 1.1132e-04, lr: 1.3147e-06
running time: 1448.858 s
