-3.141593 -2.755459 -22.619227 0.000000
-2.879793 -4.669625 -18.545433 -0.997043
-2.617994 -10.134127 -13.211470 -2.371770
-2.356194 -18.331886 -9.955247 -3.926261
-2.094395 -26.670822 -8.083743 -5.281848
-1.832596 -32.211908 -3.925070 -7.999142
-1.570796 -34.527331 -0.437404 -9.601733
-1.308997 -32.780285 -0.790632 -8.505516
-1.047198 -26.274784 -5.858078 -11.215245
-0.785398 -15.659975 -14.437796 -17.506449
-0.523599 -7.096360 -19.904301 -23.826106
-0.261799 -1.812232 -26.489857 -28.464611
0.000000 0.000000 -30.937847 -30.113983
0.261799 -1.739127 -27.054624 -29.090373
0.523599 -6.543523 -21.725777 -25.251397
0.785398 -14.268444 -15.495974 -18.114360
1.047198 -24.000965 -5.993970 -11.370241
1.308997 -32.549871 -0.462366 -8.133104
1.570796 -35.053858 0.000000 -10.421818
1.832596 -33.993530 -4.470988 -8.432006
2.094395 -27.500855 -8.711688 -5.705303
2.356194 -18.536501 -9.870549 -4.062814
2.617994 -10.144105 -13.092430 -2.562735
2.879793 -4.473656 -18.161636 -0.745828
3.141593 -2.755459 -22.619227 -0.000000
