-3.141593 -2.755459 -22.619227 0.000000 0.535069 0.187715 0.000000
-2.879793 -4.669625 -18.545433 -0.997043 0.447879 0.561439 0.070545
-2.617994 -10.134127 -13.211470 -2.371770 0.370503 0.393564 0.081911
-2.356194 -18.331886 -9.955247 -3.926261 0.594681 0.614360 0.189926
-2.094395 -26.670822 -8.083743 -5.281848 0.983249 0.579583 0.100619
-1.832596 -32.211908 -3.925070 -7.999142 3.050938 0.530069 0.119077
-1.570796 -34.527331 -0.437404 -9.601733 2.466615 0.406148 0.269052
-1.308997 -32.780285 -0.790632 -8.505516 0.598847 0.491766 0.392266
-1.047198 -26.274784 -5.858078 -11.215245 0.156144 0.476124 0.600241
-0.785398 -15.659975 -14.437796 -17.506449 0.125031 0.234892 0.571965
-0.523599 -7.096360 -19.904301 -23.826106 0.040744 1.643278 0.889829
-0.261799 -1.812232 -26.489857 -28.464611 0.046108 2.880890 1.147268
0.000000 0.000000 -30.937847 -30.113983 0.000000 1.820473 1.540368
0.261799 -1.739127 -27.054624 -29.090373 0.057987 1.776295 1.524089
0.523599 -6.543523 -21.725777 -25.251397 0.072506 1.144218 0.377216
0.785398 -14.268444 -15.495974 -18.114360 0.078322 0.205263 0.597310
1.047198 -24.000965 -5.993970 -11.370241 0.121938 0.124806 0.547137
1.308997 -32.549871 -0.462366 -8.133104 0.369104 0.129531 0.733193
1.570796 -35.053858 0.000000 -10.421818 0.741040 0.032134 0.605268
1.832596 -33.993530 -4.470988 -8.432006 1.197926 0.082897 0.192900
2.094395 -27.500855 -8.711688 -5.705303 1.081737 0.336724 0.220936
2.356194 -18.536501 -9.870549 -4.062814 0.524817 0.187137 0.102723
2.617994 -10.144105 -13.092430 -2.562735 0.522345 0.270984 0.082530
2.879793 -4.473656 -18.161636 -0.745828 0.526678 0.281138 0.076273
3.141593 -2.755459 -22.619227 -0.000000 0.535069 0.187715 0.000000
