# restart           False
# num_threads       6
# neurons           [200, 200, 200, 200]
# batch size        128
# num_epoch         12000
# use_mix           False
# old_ratio         7
# lr_0              0.0006
# decay_steps       80
# decay_steps_inner 0
# decay_rate        0.96
# resnet            True
# graph_file        None
Begin to optimize
# start training from scratch
epoch:   0, ab_err: 3.3013e-01, rel_err: 6.2684e+00, lr: 6.0000e-04
epoch: 200, ab_err: 8.5404e-02, rel_err: 2.7052e-01, lr: 5.5296e-04
epoch: 400, ab_err: 8.3185e-02, rel_err: 2.5144e-01, lr: 4.8922e-04
epoch: 600, ab_err: 7.7563e-02, rel_err: 2.4028e-01, lr: 4.5087e-04
epoch: 800, ab_err: 7.8288e-02, rel_err: 2.2188e-01, lr: 3.9890e-04
epoch: 1000, ab_err: 7.6535e-02, rel_err: 2.3823e-01, lr: 3.6763e-04
epoch: 1200, ab_err: 7.9412e-02, rel_err: 2.2160e-01, lr: 3.2525e-04
epoch: 1400, ab_err: 6.5016e-02, rel_err: 1.8931e-01, lr: 2.9975e-04
epoch: 1600, ab_err: 7.1616e-02, rel_err: 2.0348e-01, lr: 2.6520e-04
epoch: 1800, ab_err: 6.8443e-02, rel_err: 1.9249e-01, lr: 2.4441e-04
epoch: 2000, ab_err: 5.9439e-02, rel_err: 1.7139e-01, lr: 2.1624e-04
epoch: 2200, ab_err: 5.6272e-/home/linfengz/SCR/softwares/tf_venv_r1.8/lib/python3.6/site-packages/tensorflow/python/framework/dtypes.py:519: FutureWarning: Passing (type, 1) or '1type' as a synonym of type is deprecated; in a future version of numpy, it will be understood as (type, (1,)) / '(1,)type'.
  _np_qint8 = np.dtype([("qint8", np.int8, 1)])
/home/linfengz/SCR/softwares/tf_venv_r1.8/lib/python3.6/site-packages/tensorflow/python/framework/dtypes.py:520: FutureWarning: Passing (type, 1) or '1type' as a synonym of type is deprecated; in a future version of numpy, it will be understood as (type, (1,)) / '(1,)type'.
  _np_quint8 = np.dtype([("quint8", np.uint8, 1)])
/home/linfengz/SCR/softwares/tf_venv_r1.8/lib/python3.6/site-packages/tensorflow/python/framework/dtypes.py:521: FutureWarning: Passing (type, 1) or '1type' as a synonym of type is deprecated; in a future version of numpy, it will be understood as (type, (1,)) / '(1,)type'.
  _np_qint16 = np.dtype([("qint16", np.int16, 1)])
/home/linfengz/SCR/softwares/tf_venv_r1.8/lib/python3.6/site-packages/tensorflow/python/framework/dtypes.py:522: FutureWarning: Passing (type, 1) or '1type' as a synonym of type is deprecated; in a future version of numpy, it will be understood as (type, (1,)) / '(1,)type'.
  _np_quint16 = np.dtype([("quint16", np.uint16, 1)])
/home/linfengz/SCR/softwares/tf_venv_r1.8/lib/python3.6/site-packages/tensorflow/python/framework/dtypes.py:523: FutureWarning: Passing (type, 1) or '1type' as a synonym of type is deprecated; in a future version of numpy, it will be understood as (type, (1,)) / '(1,)type'.
  _np_qint32 = np.dtype([("qint32", np.int32, 1)])
/home/linfengz/SCR/softwares/tf_venv_r1.8/lib/python3.6/site-packages/tensorflow/python/framework/dtypes.py:528: FutureWarning: Passing (type, 1) or '1type' as a synonym of type is deprecated; in a future version of numpy, it will be understood as (type, (1,)) / '(1,)type'.
  np_resource = np.dtype([("resource", np.ubyte, 1)])
: 1.1441e-05
epoch: 8000, ab_err: 3.2428e-02, rel_err: 7.5806e-02, lr: 1.0122e-05
epoch: 8200, ab_err: 3.2284e-02, rel_err: 7.6605e-02, lr: 9.3286e-06
epoch: 8400, ab_err: 2.7108e-02, rel_err: 7.6013e-02, lr: 8.2533e-06
epoch: 8600, ab_err: 3.1897e-02, rel_err: 8.3652e-02, lr: 7.6063e-06
epoch: 8800, ab_err: 3.2357e-02, rel_err: 7.0292e-02, lr: 6.7295e-06
epoch: 9000, ab_err: 3.1061e-02, rel_err: 8.9150e-02, lr: 6.2020e-06
epoch: 9200, ab_err: 3.4977e-02, rel_err: 8.7432e-02, lr: 5.4871e-06
epoch: 9400, ab_err: 3.1807e-02, rel_err: 7.8211e-02, lr: 5.0569e-06
epoch: 9600, ab_err: 3.0001e-02, rel_err: 7.5707e-02, lr: 4.4740e-06
epoch: 9800, ab_err: 3.6453e-02, rel_err: 1.0000e-01, lr: 4.1233e-06
epoch: 10000, ab_err: 3.3048e-02, rel_err: 7.8629e-02, lr: 3.6480e-06
epoch: 10200, ab_err: 2.8770e-02, rel_err: 7.8969e-02, lr: 3.3620e-06
epoch: 10400, ab_err: 3.2988e-02, rel_err: 9.0303e-02, lr: 2.9745e-06
epoch: 10600, ab_err: 3.7468e-02, rel_err: 9.3521e-02, lr: 2.7413e-06
epoch: 10800, ab_err: 2.7641e-02, rel_err: 6.6749e-02, lr: 2.4253e-06
epoch: 11000, ab_err: 3.1389e-02, rel_err: 6.9312e-02, lr: 2.2352e-06
epoch: 11200, ab_err: 2.9345e-02, rel_err: 7.5001e-02, lr: 1.9775e-06
epoch: 11400, ab_err: 3.2170e-02, rel_err: 7.9304e-02, lr: 1.8225e-06
epoch: 11600, ab_err: 2.8552e-02, rel_err: 8.3028e-02, lr: 1.6124e-06
epoch: 11800, ab_err: 2.8403e-02, rel_err: 7.3886e-02, lr: 1.4860e-06
epoch: 12000, ab_err: 3.1990e-02, rel_err: 8.6798e-02, lr: 1.3147e-06
running time: 850.265 s
