-3.141593 -0.831480 -22.297132 0.000000
-2.879793 -2.660939 -19.003139 -0.945794
-2.617994 -7.800818 -13.537905 -2.839263
-2.356194 -15.723102 -8.982106 -4.322055
-2.094395 -24.581778 -6.667822 -4.999033
-1.832596 -32.027458 -3.417324 -6.200647
-1.570796 -35.371560 -0.530008 -6.896382
-1.308997 -32.992834 -1.811640 -6.384353
-1.047198 -25.134464 -7.498363 -9.738431
-0.785398 -14.931608 -15.595339 -17.147486
-0.523599 -6.687764 -21.302245 -24.428360
-0.261799 -1.606299 -28.202001 -29.000696
0.000000 0.000000 -32.840580 -30.982978
0.261799 -1.243779 -28.144183 -30.038525
0.523599 -5.634448 -22.465912 -25.800997
0.785398 -13.051201 -15.714140 -18.110359
1.047198 -22.417698 -6.453229 -10.639262
1.308997 -31.437271 -0.830082 -7.349412
1.570796 -36.018545 0.000000 -7.591203
1.832596 -34.150459 -3.516356 -6.794592
2.094395 -27.140214 -6.554507 -5.008112
2.356194 -17.263588 -8.218196 -4.324051
2.617994 -8.379219 -11.795601 -2.895770
2.879793 -2.601123 -17.166429 -0.920761
3.141593 -0.831480 -22.297132 0.000000
