-3.141593 -0.957974 -22.175710 0.000000 0.545414 0.377818 0.000000
-2.879793 -2.711455 -18.297139 -0.910350 0.581079 0.450283 0.073591
-2.617994 -7.889804 -12.595575 -2.541224 0.653782 0.556916 0.062951
-2.356194 -15.642163 -8.222365 -3.956352 0.705213 0.502730 0.038205
-2.094395 -23.833209 -5.786334 -4.628847 0.712560 0.504518 0.184482
-1.832596 -29.440937 -3.304486 -6.290521 0.931767 0.350184 0.264590
-1.570796 -33.885178 -0.411987 -6.323183 1.401587 0.266262 0.356775
-1.308997 -32.430156 -1.346351 -5.722562 0.755368 0.312729 0.381501
-1.047198 -25.081769 -6.787053 -8.937944 0.167722 0.379139 0.372273
-0.785398 -15.309331 -15.546682 -16.853142 0.211695 0.443650 0.439534
-0.523599 -6.820110 -21.680796 -24.131220 0.129032 1.434273 0.468951
-0.261799 -1.625235 -27.366739 -27.373813 0.172930 1.599493 1.047606
0.000000 0.000000 -30.032963 -28.285141 0.000000 0.743335 1.223306
0.261799 -1.397553 -25.176605 -26.484166 0.118877 0.974224 1.911465
0.523599 -5.993008 -19.417067 -22.709682 0.073240 1.705559 2.060117
0.785398 -13.607276 -14.568278 -16.871426 0.155876 0.588681 0.189016
1.047198 -23.002321 -6.081925 -9.548895 0.304813 0.143595 0.208070
1.308997 -31.597734 -0.555497 -6.231200 0.361439 0.121278 0.441836
1.570796 -34.297505 0.000000 -6.769825 1.447153 0.046083 0.477213
1.832596 -33.033124 -3.503802 -6.896527 1.168458 0.090468 0.245240
2.094395 -26.863297 -5.580581 -5.263309 0.911706 0.455739 0.141297
2.356194 -17.212805 -7.944679 -4.251783 0.729937 0.402496 0.107560
2.617994 -8.510528 -11.956001 -2.661105 0.628555 0.524327 0.186852
2.879793 -2.752474 -17.157036 -0.835596 0.545538 0.425742 0.130173
3.141593 -0.957974 -22.175710 -0.000000 0.545414 0.377818 0.000000
