0.0000e+00 0.0000e+00 -3.3003e+01 -2.7411e+01
2.6180e-01 -1.2222e+00 -2.6263e+01 -2.6205e+01
5.2360e-01 -5.7516e+00 -1.9857e+01 -2.2953e+01
7.8540e-01 -1.3480e+01 -1.5398e+01 -1.6149e+01
1.0472e+00 -2.2933e+01 -6.5409e+00 -9.0246e+00
1.3090e+00 -3.1430e+01 -1.1855e+00 -6.0537e+00
1.5708e+00 -3.4084e+01 -7.8412e-01 -6.8416e+00
1.8326e+00 -3.3253e+01 -4.2742e+00 -7.1978e+00
2.0944e+00 -2.7552e+01 -6.3602e+00 -5.4417e+00
2.3562e+00 -1.7829e+01 -8.5687e+00 -4.2991e+00
2.6180e+00 -9.1391e+00 -1.2598e+01 -2.7062e+00
2.8798e+00 -3.3186e+00 -1.7762e+01 -9.1694e-01
3.1416e+00 -1.5383e+00 -2.2397e+01 0.0000e+00
3.1416e+00 -1.5383e+00 -2.2397e+01 -0.0000e+00
3.4034e+00 -3.2867e+00 -1.7965e+01 -6.5498e-01
3.6652e+00 -8.4087e+00 -1.2218e+01 -2.1913e+00
3.9270e+00 -1.5872e+01 -7.9810e+00 -3.5060e+00
4.1888e+00 -2.4051e+01 -5.8361e+00 -4.2426e+00
4.4506e+00 -2.9881e+01 -3.1252e+00 -6.3493e+00
4.7124e+00 -3.4177e+01 0.0000e+00 -6.6872e+00
4.9742e+00 -3.1400e+01 -1.1636e+00 -6.1795e+00
5.2360e+00 -2.5256e+01 -6.7648e+00 -9.4997e+00
5.4978e+00 -1.5355e+01 -1.5676e+01 -1.7179e+01
5.7596e+00 -7.1168e+00 -2.2889e+01 -2.4274e+01
6.0214e+00 -1.7986e+00 -2.9524e+01 -2.6239e+01
