0.0000e+00 0.0000e+00 -3.2288e+01 -3.1908e+01 1.4553e-02 1.3460e-01 1.3707e-01
2.6180e-01 -1.1540e+00 -2.8255e+01 -3.0840e+01 7.3945e-02 1.3025e-01 2.3396e-01
5.2360e-01 -5.4379e+00 -2.2706e+01 -2.6055e+01 1.1547e-01 1.6772e-01 1.7477e-01
7.8540e-01 -1.2668e+01 -1.5648e+01 -1.7546e+01 3.7402e-02 6.3181e-02 3.6497e-01
1.0472e+00 -2.1833e+01 -6.2560e+00 -1.0041e+01 5.0307e-02 9.0156e-02 3.4153e-01
1.3090e+00 -3.0758e+01 -6.7088e-01 -6.6887e+00 7.7227e-02 5.3422e-02 2.5333e-01
1.5708e+00 -3.6028e+01 0.0000e+00 -6.9863e+00 4.2403e-01 0.0000e+00 2.9601e-01
1.8326e+00 -3.4355e+01 -3.3512e+00 -6.1904e+00 4.5088e-01 2.7434e-02 8.6568e-02
2.0944e+00 -2.7004e+01 -6.1890e+00 -4.6979e+00 3.5605e-01 1.4914e-01 6.2330e-02
2.3562e+00 -1.6945e+01 -7.5548e+00 -4.1335e+00 3.4742e-01 1.7352e-01 3.8400e-02
2.6180e+00 -8.0205e+00 -1.0978e+01 -2.8751e+00 3.4096e-01 1.4675e-01 5.2823e-02
2.8798e+00 -2.2393e+00 -1.6105e+01 -9.7501e-01 3.0713e-01 1.8754e-01 2.6429e-02
3.1416e+00 -3.7462e-01 -2.1242e+01 0.0000e+00 2.8758e-01 1.9620e-01 0.0000e+00
3.1416e+00 -3.7462e-01 -2.1242e+01 0.0000e+00 2.8758e-01 1.9620e-01 0.0000e+00
3.4034e+00 -2.2835e+00 -1.8308e+01 -8.6036e-01 3.1101e-01 2.1921e-01 4.2365e-02
3.6652e+00 -7.4944e+00 -1.2881e+01 -2.8220e+00 3.5447e-01 1.4472e-01 4.9849e-02
3.9270e+00 -1.5506e+01 -8.1954e+00 -4.1739e+00 3.5941e-01 1.5807e-01 7.6291e-02
4.1888e+00 -2.4457e+01 -6.0178e+00 -4.7667e+00 4.6737e-01 1.9681e-01 4.4581e-02
4.4506e+00 -3.2119e+01 -3.1137e+00 -5.9224e+00 3.5396e-01 1.6652e-01 1.9366e-01
4.7124e+00 -3.5299e+01 -2.8518e-01 -6.5597e+00 3.3007e-01 2.0917e-01 2.2579e-01
4.9742e+00 -3.2338e+01 -1.5874e+00 -6.0382e+00 3.3343e-01 1.6025e-01 2.1766e-01
5.2360e+00 -2.4614e+01 -7.1028e+00 -9.2955e+00 8.4426e-02 1.7633e-01 1.8469e-01
5.4978e+00 -1.4746e+01 -1.5116e+01 -1.6619e+01 8.9372e-02 1.8518e-01 1.7771e-01
5.7596e+00 -6.7077e+00 -2.0813e+01 -2.4447e+01 5.1294e-02 1.9907e-01 2.0136e-01
6.0214e+00 -1.7054e+00 -2.7666e+01 -2.9802e+01 6.1199e-02 1.8388e-01 2.4677e-01
