0.0000e+00 0.0000e+00 -3.2765e+01 -3.1432e+01 0.0000e+00 3.5406e-01 4.2841e-01
1.0472e-01 -1.5330e-01 -3.1679e+01 -3.1464e+01 2.2575e-02 1.5065e-01 4.8509e-01
2.0944e-01 -7.6083e-01 -2.9499e+01 -3.0947e+01 4.4462e-02 1.5109e-01 5.6170e-01
3.1416e-01 -1.8334e+00 -2.7164e+01 -2.9798e+01 6.3208e-02 2.5551e-01 6.3571e-01
4.1888e-01 -3.4026e+00 -2.4905e+01 -2.8054e+01 7.7102e-02 3.0435e-01 6.2800e-01
5.2360e-01 -5.5055e+00 -2.2759e+01 -2.5634e+01 5.5013e-02 3.4704e-01 5.4181e-01
6.2832e-01 -8.1168e+00 -2.0542e+01 -2.2721e+01 4.2463e-02 3.2855e-01 3.7255e-01
7.3304e-01 -1.1131e+01 -1.7626e+01 -1.9379e+01 3.6182e-02 1.4819e-01 2.8821e-01
8.3776e-01 -1.4500e+01 -1.3885e+01 -1.5854e+01 6.0648e-02 6.8235e-02 2.1174e-01
9.4248e-01 -1.8137e+01 -1.0049e+01 -1.2685e+01 9.7322e-02 7.5123e-02 1.6370e-01
1.0472e+00 -2.1897e+01 -6.6163e+00 -1.0054e+01 9.2736e-02 7.9357e-02 2.2706e-01
1.1519e+00 -2.5664e+01 -3.8245e+00 -8.1829e+00 8.8284e-02 7.3137e-02 2.4858e-01
1.2566e+00 -2.9227e+01 -1.7815e+00 -7.1059e+00 1.1394e-01 7.0096e-02 2.8241e-01
1.3614e+00 -3.2292e+01 -5.1741e-01 -6.6912e+00 1.0004e-01 3.0266e-02 3.0397e-01
1.4661e+00 -3.4560e+01 0.0000e+00 -6.8355e+00 1.0577e-01 0.0000e+00 3.0372e-01
1.5708e+00 -3.5795e+01 -2.4847e-01 -7.1881e+00 1.0809e-01 5.2514e-02 2.3798e-01
1.6755e+00 -3.5994e+01 -1.1212e+00 -7.1490e+00 9.1635e-02 5.7678e-02 1.5316e-01
1.7802e+00 -3.5109e+01 -2.5023e+00 -6.4423e+00 2.4813e-01 4.0824e-02 1.4568e-01
1.8850e+00 -3.3406e+01 -4.3154e+00 -5.6712e+00 3.2993e-01 5.6280e-02 1.3167e-01
1.9897e+00 -3.0748e+01 -5.7344e+00 -4.9323e+00 3.8826e-01 1.3429e-01 1.2320e-01
2.0944e+00 -2.7320e+01 -6.3967e+00 -4.4896e+00 4.2912e-01 2.3627e-01 1.0231e-01
2.1991e+00 -2.3413e+01 -6.7828e+00 -4.2124e+00 4.0354e-01 3.1188e-01 7.6228e-02
2.3038e+00 -1.9344e+01 -7.4092e+00 -4.1383e+00 3.8120e-01 3.7773e-01 5.4001e-02
2.4086e+00 -1.5369e+01 -8.4000e+00 -3.9306e+00 3.9065e-01 4.2602e-01 6.9293e-02
2.5133e+00 -1.1685e+01 -9.6934e+00 -3.4682e+00 3.7509e-01 4.9177e-01 9.4715e-02
2.6180e+00 -8.4021e+00 -1.1306e+01 -2.8073e+00 3.6587e-01 4.9693e-01 6.5136e-02
2.7227e+00 -5.6636e+00 -1.3188e+01 -2.0363e+00 3.4943e-01 5.2969e-01 4.7723e-02
2.8274e+00 -3.5374e+00 -1.5327e+01 -1.2636e+00 3.5958e-01 5.4509e-01 3.7217e-02
2.9322e+00 -2.0162e+00 -1.7714e+01 -6.0961e-01 3.6018e-01 5.3169e-01 2.8291e-02
3.0369e+00 -1.1386e+00 -2.0100e+01 -1.6804e-01 3.5581e-01 5.1298e-01 2.9528e-02
3.1416e+00 -8.4893e-01 -2.1580e+01 0.0000e+00 3.6573e-01 4.2085e-01 0.0000e+00
3.1416e+00 -8.4893e-01 -2.1580e+01 -0.0000e+00 3.6573e-01 4.2085e-01 0.0000e+00
3.2463e+00 -1.1319e+00 -2.1212e+01 -1.4949e-01 3.8529e-01 3.6128e-01 2.7162e-02
3.3510e+00 -1.9957e+00 -1.9508e+01 -5.6698e-01 3.8812e-01 3.2562e-01 3.4631e-02
3.4558e+00 -3.3992e+00 -1.7283e+01 -1.2224e+00 3.8321e-01 3.3440e-01 2.8801e-02
3.5605e+00 -5.3383e+00 -1.5097e+01 -2.0077e+00 3.7840e-01 3.7395e-01 4.7581e-02
3.6652e+00 -7.7754e+00 -1.2948e+01 -2.8177e+00 3.6886e-01 3.9576e-01 8.2237e-02
3.7699e+00 -1.0703e+01 -1.0941e+01 -3.5194e+00 3.6647e-01 4.0976e-01 8.9577e-02
3.8746e+00 -1.4018e+01 -9.3407e+00 -4.0382e+00 3.5552e-01 3.7844e-01 1.0440e-01
3.9794e+00 -1.7579e+01 -8.0803e+00 -4.3523e+00 3.4424e-01 3.9626e-01 1.0663e-01
4.0841e+00 -2.1155e+01 -7.1853e+00 -4.5640e+00 3.1047e-01 3.9148e-01 8.0072e-02
4.1888e+00 -2.4641e+01 -6.6011e+00 -4.7665e+00 2.8631e-01 3.7467e-01 8.4077e-02
4.2935e+00 -2.7869e+01 -5.8026e+00 -5.1010e+00 2.2975e-01 3.1664e-01 9.4749e-02
4.3982e+00 -3.0664e+01 -4.3410e+00 -5.4346e+00 2.7216e-01 3.1195e-01 1.7973e-01
4.5029e+00 -3.3020e+01 -2.6770e+00 -6.0605e+00 4.8162e-01 3.4911e-01 2.2518e-01
4.6077e+00 -3.4586e+01 -1.3552e+00 -6.5639e+00 6.3836e-01 3.7289e-01 2.4243e-01
4.7124e+00 -3.5102e+01 -6.8161e-01 -6.4611e+00 6.9589e-01 3.3833e-01 2.0732e-01
4.8171e+00 -3.4543e+01 -6.7354e-01 -6.0370e+00 4.5360e-01 3.3591e-01 1.9582e-01
4.9218e+00 -3.3216e+01 -1.3563e+00 -5.7832e+00 3.4984e-01 3.0011e-01 1.9872e-01
5.0265e+00 -3.1158e+01 -2.6958e+00 -6.1520e+00 1.9337e-01 2.7425e-01 2.3233e-01
5.1313e+00 -2.8213e+01 -4.7559e+00 -7.3170e+00 8.3241e-02 2.7886e-01 2.1337e-01
5.2360e+00 -2.4567e+01 -7.5443e+00 -9.2476e+00 7.1661e-02 3.0034e-01 2.0888e-01
5.3407e+00 -2.0551e+01 -1.0920e+01 -1.1827e+01 7.8605e-02 3.0524e-01 2.0613e-01
5.4454e+00 -1.6496e+01 -1.4207e+01 -1.4931e+01 1.1253e-01 2.6695e-01 1.8005e-01
5.5501e+00 -1.2728e+01 -1.6889e+01 -1.8138e+01 1.3296e-01 2.4593e-01 1.7830e-01
5.6549e+00 -9.3976e+00 -1.9142e+01 -2.1214e+01 1.2880e-01 2.4520e-01 2.3775e-01
5.7596e+00 -6.5569e+00 -2.1468e+01 -2.3982e+01 1.0936e-01 2.7647e-01 3.0234e-01
5.8643e+00 -4.2364e+00 -2.4043e+01 -2.6309e+01 7.3872e-02 2.9142e-01 3.6428e-01
5.9690e+00 -2.3917e+00 -2.6815e+01 -2.8202e+01 8.6052e-02 3.2277e-01 4.0885e-01
6.0737e+00 -1.0748e+00 -2.9592e+01 -2.9701e+01 8.8630e-02 3.6379e-01 3.7958e-01
6.1785e+00 -2.9824e-01 -3.1861e+01 -3.0789e+01 4.8056e-02 3.8897e-01 3.9829e-01
