0.0000e+00 0.0000e+00 -3.2841e+01 -3.0983e+01
2.6180e-01 -1.2438e+00 -2.8144e+01 -3.0039e+01
5.2360e-01 -5.6344e+00 -2.2466e+01 -2.5801e+01
7.8540e-01 -1.3051e+01 -1.5714e+01 -1.8110e+01
1.0472e+00 -2.2418e+01 -6.4532e+00 -1.0639e+01
1.3090e+00 -3.1437e+01 -8.3008e-01 -7.3494e+00
1.5708e+00 -3.6019e+01 0.0000e+00 -7.5912e+00
1.8326e+00 -3.4150e+01 -3.5164e+00 -6.7946e+00
2.0944e+00 -2.7140e+01 -6.5545e+00 -5.0081e+00
2.3562e+00 -1.7264e+01 -8.2182e+00 -4.3241e+00
2.6180e+00 -8.3792e+00 -1.1796e+01 -2.8958e+00
2.8798e+00 -2.6011e+00 -1.7166e+01 -9.2076e-01
3.1416e+00 -8.3148e-01 -2.2297e+01 0.0000e+00
3.1416e+00 -8.3148e-01 -2.2297e+01 0.0000e+00
3.4034e+00 -2.6609e+00 -1.9003e+01 -9.4579e-01
3.6652e+00 -7.8008e+00 -1.3538e+01 -2.8393e+00
3.9270e+00 -1.5723e+01 -8.9821e+00 -4.3221e+00
4.1888e+00 -2.4582e+01 -6.6678e+00 -4.9990e+00
4.4506e+00 -3.2027e+01 -3.4173e+00 -6.2006e+00
4.7124e+00 -3.5372e+01 -5.3001e-01 -6.8964e+00
4.9742e+00 -3.2993e+01 -1.8116e+00 -6.3844e+00
5.2360e+00 -2.5134e+01 -7.4984e+00 -9.7384e+00
5.4978e+00 -1.4932e+01 -1.5595e+01 -1.7147e+01
5.7596e+00 -6.6878e+00 -2.1302e+01 -2.4428e+01
6.0214e+00 -1.6063e+00 -2.8202e+01 -2.9001e+01
