0.0000e+00 0.0000e+00 -3.3957e+01 -3.0350e+01 0.0000e+00 9.8097e-01 3.1958e-01
2.6180e-01 -1.3813e+00 -2.9035e+01 -2.9520e+01 1.0515e-01 7.5901e-01 5.5548e-01
5.2360e-01 -5.8924e+00 -2.3089e+01 -2.5629e+01 1.2501e-01 6.3505e-01 4.9135e-01
7.8540e-01 -1.3463e+01 -1.5717e+01 -1.7796e+01 1.5397e-01 1.6945e-01 5.4327e-01
1.0472e+00 -2.2839e+01 -6.2245e+00 -1.0009e+01 1.2354e-01 2.0749e-01 7.3409e-01
1.3090e+00 -3.1800e+01 -7.2432e-01 -6.7485e+00 1.2984e-01 2.1396e-01 8.0014e-01
1.5708e+00 -3.6594e+01 0.0000e+00 -7.1695e+00 4.2240e-01 8.8040e-03 8.4187e-01
1.8326e+00 -3.4890e+01 -3.6049e+00 -6.9485e+00 9.0959e-01 2.1345e-01 4.2625e-01
2.0944e+00 -2.7696e+01 -6.5697e+00 -5.1129e+00 1.2519e+00 6.4376e-01 1.6217e-01
2.3562e+00 -1.7760e+01 -8.5324e+00 -4.0855e+00 1.1757e+00 3.4409e-01 1.1413e-01
2.6180e+00 -9.0323e+00 -1.2273e+01 -2.7175e+00 1.2047e+00 1.4772e-01 1.1936e-01
2.8798e+00 -3.2442e+00 -1.7496e+01 -7.8929e-01 1.2652e+00 1.7584e-01 1.1040e-01
3.1416e+00 -1.4575e+00 -2.2278e+01 -0.0000e+00 1.2788e+00 1.9588e-01 0.0000e+00
3.1416e+00 -1.4575e+00 -2.2278e+01 0.0000e+00 1.2788e+00 1.9588e-01 0.0000e+00
3.4034e+00 -3.2412e+00 -1.8675e+01 -9.1180e-01 1.2547e+00 3.7078e-01 7.6121e-02
3.6652e+00 -8.3128e+00 -1.2943e+01 -2.8773e+00 1.2223e+00 5.4184e-01 1.6199e-01
3.9270e+00 -1.6203e+01 -8.5177e+00 -4.3264e+00 1.2412e+00 8.4200e-01 2.3009e-01
4.1888e+00 -2.5137e+01 -6.3778e+00 -5.1091e+00 1.4052e+00 1.0717e+00 4.2627e-01
4.4506e+00 -3.2592e+01 -3.6714e+00 -6.6339e+00 1.2197e+00 7.5499e-01 5.2784e-01
4.7124e+00 -3.5895e+01 -8.1677e-01 -7.0379e+00 4.7103e-01 6.7588e-01 6.7528e-01
4.9742e+00 -3.3220e+01 -1.8458e+00 -6.4209e+00 2.2202e-01 6.2524e-01 6.0630e-01
5.2360e+00 -2.5376e+01 -7.4302e+00 -9.8486e+00 3.5330e-01 6.5596e-01 6.0786e-01
5.4978e+00 -1.5006e+01 -1.6509e+01 -1.7078e+01 3.7317e-01 7.8440e-01 6.0470e-01
5.7596e+00 -6.7834e+00 -2.3491e+01 -2.4634e+01 2.1555e-01 8.6080e-01 4.7942e-01
6.0214e+00 -1.6289e+00 -3.0461e+01 -2.8888e+01 8.8520e-02 9.5962e-01 3.3574e-01
