0.0000e+00 0.0000e+00 -3.2506e+01 -3.1303e+01
2.6180e-01 -1.2165e+00 -2.8074e+01 -3.0520e+01
5.2360e-01 -5.4618e+00 -2.2515e+01 -2.5618e+01
7.8540e-01 -1.2730e+01 -1.5580e+01 -1.7521e+01
1.0472e+00 -2.1869e+01 -6.3578e+00 -1.0048e+01
1.3090e+00 -3.0793e+01 -7.9939e-01 -6.8114e+00
1.5708e+00 -3.5767e+01 0.0000e+00 -7.1715e+00
1.8326e+00 -3.4387e+01 -3.1406e+00 -6.0632e+00
2.0944e+00 -2.7301e+01 -6.1383e+00 -4.4813e+00
2.3562e+00 -1.7311e+01 -7.6207e+00 -4.0764e+00
2.6180e+00 -8.4105e+00 -1.1045e+01 -2.8081e+00
2.8798e+00 -2.6746e+00 -1.6274e+01 -9.0158e-01
3.1416e+00 -8.2001e-01 -2.1342e+01 0.0000e+00
3.1416e+00 -8.2001e-01 -2.1342e+01 -0.0000e+00
3.4034e+00 -2.6155e+00 -1.8179e+01 -8.4093e-01
3.6652e+00 -7.7645e+00 -1.2700e+01 -2.8213e+00
3.9270e+00 -1.5761e+01 -8.3982e+00 -4.2293e+00
4.1888e+00 -2.4633e+01 -6.3449e+00 -4.7829e+00
4.4506e+00 -3.1883e+01 -3.2609e+00 -5.6935e+00
4.7124e+00 -3.5123e+01 -4.0711e-01 -6.4198e+00
4.9742e+00 -3.2333e+01 -1.7076e+00 -5.8838e+00
5.2360e+00 -2.4573e+01 -7.2970e+00 -9.2484e+00
5.4978e+00 -1.4589e+01 -1.5401e+01 -1.6497e+01
5.7596e+00 -6.5142e+00 -2.1227e+01 -2.3928e+01
6.0214e+00 -1.6360e+00 -2.7954e+01 -2.8893e+01
