0.0000e+00 0.0000e+00 -3.2200e+01 -3.1717e+01
2.6180e-01 -1.1896e+00 -2.8396e+01 -3.0612e+01
5.2360e-01 -5.4775e+00 -2.2592e+01 -2.5592e+01
7.8540e-01 -1.2647e+01 -1.5602e+01 -1.7130e+01
1.0472e+00 -2.1720e+01 -6.2637e+00 -9.6207e+00
1.3090e+00 -3.0692e+01 -6.8493e-01 -6.1312e+00
1.5708e+00 -3.5920e+01 0.0000e+00 -6.4894e+00
1.8326e+00 -3.3952e+01 -3.1480e+00 -5.8781e+00
2.0944e+00 -2.6698e+01 -5.8687e+00 -4.5017e+00
2.3562e+00 -1.6696e+01 -7.3318e+00 -4.0428e+00
2.6180e+00 -7.8467e+00 -1.0786e+01 -2.8153e+00
2.8798e+00 -2.0778e+00 -1.6038e+01 -9.6095e-01
3.1416e+00 -2.0963e-01 -2.1187e+01 0.0000e+00
3.1416e+00 -2.0963e-01 -2.1187e+01 -0.0000e+00
3.4034e+00 -2.0649e+00 -1.8030e+01 -8.6955e-01
3.6652e+00 -7.2213e+00 -1.2510e+01 -2.7946e+00
3.9270e+00 -1.5153e+01 -7.8415e+00 -4.1747e+00
4.1888e+00 -2.3934e+01 -5.6830e+00 -4.6960e+00
4.4506e+00 -3.1710e+01 -3.2027e+00 -5.8354e+00
4.7124e+00 -3.5403e+01 -4.5571e-01 -6.2362e+00
4.9742e+00 -3.2304e+01 -1.7706e+00 -5.6320e+00
5.2360e+00 -2.4524e+01 -7.2444e+00 -8.9385e+00
5.4978e+00 -1.4642e+01 -1.5288e+01 -1.6430e+01
5.7596e+00 -6.6108e+00 -2.0996e+01 -2.4247e+01
6.0214e+00 -1.7293e+00 -2.7696e+01 -2.9574e+01
