0.0000e+00 0.0000e+00 -3.0938e+01 -3.0114e+01
2.6180e-01 -1.7391e+00 -2.7055e+01 -2.9090e+01
5.2360e-01 -6.5435e+00 -2.1726e+01 -2.5251e+01
7.8540e-01 -1.4268e+01 -1.5496e+01 -1.8114e+01
1.0472e+00 -2.4001e+01 -5.9940e+00 -1.1370e+01
1.3090e+00 -3.2550e+01 -4.6237e-01 -8.1331e+00
1.5708e+00 -3.5054e+01 0.0000e+00 -1.0422e+01
1.8326e+00 -3.3994e+01 -4.4710e+00 -8.4320e+00
2.0944e+00 -2.7501e+01 -8.7117e+00 -5.7053e+00
2.3562e+00 -1.8537e+01 -9.8705e+00 -4.0628e+00
2.6180e+00 -1.0144e+01 -1.3092e+01 -2.5627e+00
2.8798e+00 -4.4737e+00 -1.8162e+01 -7.4583e-01
3.1416e+00 -2.7555e+00 -2.2619e+01 0.0000e+00
3.1416e+00 -2.7555e+00 -2.2619e+01 -0.0000e+00
3.4034e+00 -4.6696e+00 -1.8545e+01 -9.9704e-01
3.6652e+00 -1.0134e+01 -1.3211e+01 -2.3718e+00
3.9270e+00 -1.8332e+01 -9.9552e+00 -3.9263e+00
4.1888e+00 -2.6671e+01 -8.0837e+00 -5.2818e+00
4.4506e+00 -3.2212e+01 -3.9251e+00 -7.9991e+00
4.7124e+00 -3.4527e+01 -4.3740e-01 -9.6017e+00
4.9742e+00 -3.2780e+01 -7.9063e-01 -8.5055e+00
5.2360e+00 -2.6275e+01 -5.8581e+00 -1.1215e+01
5.4978e+00 -1.5660e+01 -1.4438e+01 -1.7506e+01
5.7596e+00 -7.0964e+00 -1.9904e+01 -2.3826e+01
6.0214e+00 -1.8122e+00 -2.6490e+01 -2.8465e+01
