0.0000e+00 0.0000e+00 -3.2574e+01 -3.1929e+01 5.0170e-03 1.3046e-01 1.6821e-01
1.0472e-01 -1.5276e-01 -3.1752e+01 -3.1894e+01 4.9855e-02 1.3911e-01 1.8314e-01
2.0944e-01 -7.4386e-01 -2.9758e+01 -3.1280e+01 6.7288e-02 1.0503e-01 1.9531e-01
3.1416e-01 -1.8066e+00 -2.7435e+01 -3.0126e+01 8.0044e-02 1.2639e-01 1.9994e-01
4.1888e-01 -3.3755e+00 -2.5137e+01 -2.8408e+01 9.6172e-02 1.9233e-01 1.7328e-01
5.2360e-01 -5.4612e+00 -2.2969e+01 -2.6010e+01 1.0115e-01 1.8149e-01 1.4280e-01
6.2832e-01 -8.0706e+00 -2.0686e+01 -2.2965e+01 8.2904e-02 1.6003e-01 2.1723e-01
7.3304e-01 -1.1068e+01 -1.7753e+01 -1.9486e+01 7.3190e-02 8.9935e-02 3.3823e-01
8.3776e-01 -1.4424e+01 -1.3974e+01 -1.5826e+01 6.1781e-02 3.6412e-02 3.6914e-01
9.4248e-01 -1.8053e+01 -1.0057e+01 -1.2696e+01 6.3368e-02 5.7298e-02 3.5375e-01
1.0472e+00 -2.1847e+01 -6.5494e+00 -9.9985e+00 6.5661e-02 6.4557e-02 3.3143e-01
1.1519e+00 -2.5588e+01 -3.7111e+00 -8.1181e+00 8.8300e-02 7.3131e-02 3.0133e-01
1.2566e+00 -2.9148e+01 -1.6784e+00 -6.9999e+00 9.3404e-02 5.1591e-02 2.6934e-01
1.3614e+00 -3.2284e+01 -4.5272e-01 -6.4877e+00 1.1457e-01 3.2913e-02 2.9995e-01
1.4661e+00 -3.4681e+01 0.0000e+00 -6.5550e+00 2.5247e-01 0.0000e+00 3.0678e-01
1.5708e+00 -3.6050e+01 -3.1044e-01 -6.9565e+00 4.3140e-01 1.4225e-02 2.7574e-01
1.6755e+00 -3.6188e+01 -1.2629e+00 -7.1038e+00 4.9959e-01 3.1692e-02 1.9392e-01
1.7802e+00 -3.5222e+01 -2.7428e+00 -6.5385e+00 4.5366e-01 3.1697e-02 1.2268e-01
1.8850e+00 -3.3279e+01 -4.5407e+00 -5.8129e+00 3.4873e-01 2.6727e-02 7.1790e-02
1.9897e+00 -3.0487e+01 -5.9108e+00 -5.0922e+00 2.5155e-01 6.6059e-02 3.6142e-02
2.0944e+00 -2.7023e+01 -6.5071e+00 -4.6457e+00 3.4604e-01 1.3942e-01 6.1744e-02
2.1991e+00 -2.3051e+01 -6.8328e+00 -4.3596e+00 3.3371e-01 1.3454e-01 4.7351e-02
2.3038e+00 -1.8966e+01 -7.4051e+00 -4.2310e+00 3.4288e-01 1.3932e-01 4.0611e-02
2.4086e+00 -1.4977e+01 -8.3578e+00 -3.9984e+00 3.5410e-01 1.4765e-01 2.1372e-02
2.5133e+00 -1.1312e+01 -9.6709e+00 -3.5699e+00 3.4314e-01 1.4352e-01 2.4467e-02
2.6180e+00 -8.0364e+00 -1.1277e+01 -2.8881e+00 3.3894e-01 1.5294e-01 3.0643e-02
2.7227e+00 -5.2958e+00 -1.3126e+01 -2.0917e+00 3.3053e-01 1.6649e-01 2.0198e-02
2.8274e+00 -3.1376e+00 -1.5251e+01 -1.3028e+00 3.2419e-01 1.7574e-01 1.4961e-02
2.9322e+00 -1.6000e+00 -1.7595e+01 -6.3809e-01 3.2158e-01 1.6816e-01 1.1673e-02
3.0369e+00 -7.1277e-01 -1.9991e+01 -1.8222e-01 3.1565e-01 1.9768e-01 1.1402e-02
3.1416e+00 -4.2357e-01 -2.1500e+01 0.0000e+00 3.1780e-01 1.8676e-01 0.0000e+00
3.1416e+00 -4.2357e-01 -2.1500e+01 0.0000e+00 3.1780e-01 1.8676e-01 0.0000e+00
3.2463e+00 -7.3665e-01 -2.1207e+01 -1.4020e-01 3.2791e-01 1.8171e-01 1.0213e-02
3.3510e+00 -1.6290e+00 -1.9583e+01 -5.7515e-01 3.3349e-01 1.7926e-01 1.0513e-02
3.4558e+00 -3.0711e+00 -1.7538e+01 -1.2039e+00 3.3993e-01 1.9179e-01 2.2886e-02
3.5605e+00 -5.0379e+00 -1.5356e+01 -1.9676e+00 3.5232e-01 1.3548e-01 4.2667e-02
3.6652e+00 -7.5244e+00 -1.3163e+01 -2.7712e+00 3.7894e-01 1.4439e-01 4.8017e-02
3.7699e+00 -1.0462e+01 -1.1032e+01 -3.4495e+00 3.8448e-01 1.4074e-01 3.5265e-02
3.8746e+00 -1.3765e+01 -9.2660e+00 -3.9636e+00 3.8189e-01 1.7612e-01 2.3144e-02
3.9794e+00 -1.7321e+01 -7.8676e+00 -4.3302e+00 3.6885e-01 1.9787e-01 3.9003e-02
4.0841e+00 -2.0936e+01 -6.9048e+00 -4.5179e+00 3.8783e-01 2.2734e-01 6.2437e-02
4.1888e+00 -2.4478e+01 -6.2882e+00 -4.6796e+00 4.3986e-01 2.0348e-01 7.7456e-02
4.2935e+00 -2.7843e+01 -5.5552e+00 -5.0336e+00 4.3142e-01 1.1224e-01 1.2695e-01
4.3982e+00 -3.0845e+01 -4.1850e+00 -5.4997e+00 4.2706e-01 1.2857e-01 1.6237e-01
4.5029e+00 -3.3246e+01 -2.5410e+00 -6.1750e+00 2.9145e-01 2.0297e-01 2.0121e-01
4.6077e+00 -3.4777e+01 -1.2569e+00 -6.6467e+00 2.9109e-01 2.1338e-01 1.8199e-01
4.7124e+00 -3.5330e+01 -5.7785e-01 -6.5612e+00 3.3608e-01 1.9553e-01 1.9515e-01
4.8171e+00 -3.4818e+01 -6.2733e-01 -6.1623e+00 3.2632e-01 1.8816e-01 2.1124e-01
4.9218e+00 -3.3395e+01 -1.3081e+00 -5.9048e+00 3.1900e-01 1.6024e-01 1.9999e-01
5.0265e+00 -3.1152e+01 -2.5944e+00 -6.2734e+00 2.9393e-01 1.6405e-01 1.9521e-01
5.1313e+00 -2.8288e+01 -4.6406e+00 -7.4330e+00 2.0479e-01 1.8558e-01 1.8374e-01
5.2360e+00 -2.4660e+01 -7.3948e+00 -9.2857e+00 1.0148e-01 1.6501e-01 1.7256e-01
5.3407e+00 -2.0628e+01 -1.0688e+01 -1.1879e+01 1.0153e-01 1.7361e-01 1.7973e-01
5.4454e+00 -1.6631e+01 -1.3988e+01 -1.5028e+01 1.0067e-01 1.7514e-01 1.7913e-01
5.5501e+00 -1.2895e+01 -1.6674e+01 -1.8278e+01 9.3489e-02 1.8439e-01 1.4802e-01
5.6549e+00 -9.5909e+00 -1.8870e+01 -2.1454e+01 6.5924e-02 1.9195e-01 1.4063e-01
5.7596e+00 -6.7451e+00 -2.1092e+01 -2.4420e+01 6.7935e-02 1.7805e-01 1.8174e-01
5.8643e+00 -4.3919e+00 -2.3661e+01 -2.6916e+01 6.2042e-02 1.8432e-01 2.6203e-01
5.9690e+00 -2.5078e+00 -2.6537e+01 -2.8883e+01 6.1094e-02 1.5060e-01 2.9510e-01
6.0737e+00 -1.1740e+00 -2.9249e+01 -3.0343e+01 5.6010e-02 1.3185e-01 2.7334e-01
6.1785e+00 -3.4923e-01 -3.1553e+01 -3.1385e+01 3.5012e-02 1.3502e-01 1.9389e-01
