0.0000e+00 0.0000e+00 -4.6453e+01 -3.8976e+01 -3.1170e+01
0.0000e+00 2.6180e-01 -4.5764e+01 -3.3867e+01 -3.0585e+01
0.0000e+00 5.2360e-01 -4.3592e+01 -2.6742e+01 -2.6211e+01
0.0000e+00 7.8540e-01 -4.0142e+01 -2.0180e+01 -1.9128e+01
0.0000e+00 1.0472e+00 -3.7384e+01 -8.9855e+00 -1.1636e+01
0.0000e+00 1.3090e+00 -3.3202e+01 -1.3740e+00 -8.9088e+00
0.0000e+00 1.5708e+00 -3.3217e+01 0.0000e+00 -9.2741e+00
0.0000e+00 1.8326e+00 -3.8291e+01 -3.6574e+00 -6.0971e+00
0.0000e+00 2.0944e+00 -4.6668e+01 -8.8125e+00 -4.1600e+00
0.0000e+00 2.3562e+00 -5.2962e+01 -7.9294e+00 -3.7813e+00
0.0000e+00 2.6180e+00 -5.6746e+01 -1.1232e+01 -2.5735e+00
0.0000e+00 2.8798e+00 -5.8114e+01 -1.6666e+01 -7.7191e-01
0.0000e+00 3.1416e+00 -5.6681e+01 -2.0965e+01 0.0000e+00
0.0000e+00 3.1416e+00 -5.6681e+01 -2.0965e+01 -0.0000e+00
0.0000e+00 3.4034e+00 -5.5638e+01 -1.8046e+01 -9.0310e-01
0.0000e+00 3.6652e+00 -5.5006e+01 -1.2911e+01 -2.9053e+00
0.0000e+00 3.9270e+00 -5.1956e+01 -9.3775e+00 -4.4497e+00
0.0000e+00 4.1888e+00 -4.5196e+01 -9.4517e+00 -5.1336e+00
0.0000e+00 4.4506e+00 -3.7260e+01 -4.0516e+00 -6.0475e+00
0.0000e+00 4.7124e+00 -3.3015e+01 -1.5208e-01 -7.7507e+00
0.0000e+00 4.9742e+00 -3.3862e+01 -1.5676e+00 -7.3609e+00
0.0000e+00 5.2360e+00 -3.8025e+01 -8.7808e+00 -1.0464e+01
0.0000e+00 5.4978e+00 -4.2178e+01 -1.9987e+01 -1.7489e+01
0.0000e+00 5.7596e+00 -4.5520e+01 -2.7914e+01 -2.4398e+01
0.0000e+00 6.0214e+00 -4.6370e+01 -3.5239e+01 -2.8655e+01
2.6180e-01 0.0000e+00 -4.5980e+01 -3.8027e+01 -3.3582e+01
2.6180e-01 2.6180e-01 -4.3234e+01 -3.0577e+01 -3.1882e+01
2.6180e-01 5.2360e-01 -3.8999e+01 -2.4132e+01 -2.6990e+01
2.6180e-01 7.8540e-01 -3.3433e+01 -1.6503e+01 -2.0896e+01
2.6180e-01 1.0472e+00 -2.8662e+01 -6.7305e+00 -1.4679e+01
2.6180e-01 1.3090e+00 -2.6497e+01 -2.2805e+00 -1.2352e+01
2.6180e-01 1.5708e+00 -2.9809e+01 -2.9689e+00 -1.1564e+01
2.6180e-01 1.8326e+00 -3.8676e+01 -7.9769e+00 -7.8449e+00
2.6180e-01 2.0944e+00 -4.9315e+01 -7.8673e+00 -5.5460e+00
2.6180e-01 2.3562e+00 -5.5626e+01 -7.4461e+00 -4.7790e+00
2.6180e-01 2.6180e+00 -5.7759e+01 -1.0282e+01 -3.7971e+00
2.6180e-01 2.8798e+00 -5.4825e+01 -1.5115e+01 -2.1683e+00
2.6180e-01 3.1416e+00 -5.0048e+01 -2.0940e+01 -1.1795e+00
2.6180e-01 3.1416e+00 -5.0048e+01 -2.0940e+01 -1.1795e+00
2.6180e-01 3.4034e+00 -4.6041e+01 -1.9644e+01 -2.0331e+00
2.6180e-01 3.6652e+00 -4.3715e+01 -1.5035e+01 -4.3296e+00
2.6180e-01 3.9270e+00 -4.1714e+01 -1.2664e+01 -5.8310e+00
2.6180e-01 4.1888e+00 -3.7600e+01 -9.6525e+00 -6.6509e+00
2.6180e-01 4.4506e+00 -3.3752e+01 -2.8794e+00 -7.5866e+00
2.6180e-01 4.7124e+00 -3.4495e+01 -5.1966e-01 -7.9771e+00
2.6180e-01 4.9742e+00 -4.0358e+01 -4.4159e+00 -6.4048e+00
2.6180e-01 5.2360e+00 -4.4208e+01 -1.3887e+01 -9.5652e+00
2.6180e-01 5.4978e+00 -4.6863e+01 -2.5073e+01 -1.7235e+01
2.6180e-01 5.7596e+00 -4.8146e+01 -3.3539e+01 -2.5398e+01
2.6180e-01 6.0214e+00 -4.7942e+01 -3.9403e+01 -3.1056e+01
5.2360e-01 0.0000e+00 -4.3018e+01 -3.7105e+01 -3.7569e+01
5.2360e-01 2.6180e-01 -3.9095e+01 -2.9255e+01 -3.6194e+01
5.2360e-01 5.2360e-01 -3.3525e+01 -2.3102e+01 -3.1115e+01
5.2360e-01 7.8540e-01 -2.6808e+01 -1.6076e+01 -2.4464e+01
5.2360e-01 1.0472e+00 -2.2099e+01 -9.0545e+00 -1.9158e+01
5.2360e-01 1.3090e+00 -2.1551e+01 -7.1018e+00 -1.7047e+01
5.2360e-01 1.5708e+00 -2.5940e+01 -9.4678e+00 -1.5763e+01
5.2360e-01 1.8326e+00 -3.4445e+01 -1.2434e+01 -1.2327e+01
5.2360e-01 2.0944e+00 -4.3362e+01 -9.9533e+00 -9.8933e+00
5.2360e-01 2.3562e+00 -4.8212e+01 -1.0358e+01 -9.1571e+00
5.2360e-01 2.6180e+00 -4.7138e+01 -1.2557e+01 -8.3155e+00
5.2360e-01 2.8798e+00 -4.0943e+01 -1.7516e+01 -6.5168e+00
5.2360e-01 3.1416e+00 -3.4963e+01 -2.4340e+01 -5.6055e+00
5.2360e-01 3.1416e+00 -3.4963e+01 -2.4340e+01 -5.6055e+00
5.2360e-01 3.4034e+00 -3.1117e+01 -2.3184e+01 -6.5543e+00
5.2360e-01 3.6652e+00 -2.9625e+01 -1.9224e+01 -8.4737e+00
5.2360e-01 3.9270e+00 -2.8894e+01 -1.7989e+01 -1.0336e+01
5.2360e-01 4.1888e+00 -2.7446e+01 -1.1133e+01 -1.0477e+01
5.2360e-01 4.4506e+00 -2.7288e+01 -5.6974e+00 -1.2137e+01
5.2360e-01 4.7124e+00 -3.2294e+01 -5.1484e+00 -1.0859e+01
5.2360e-01 4.9742e+00 -4.2085e+01 -1.0910e+01 -8.7742e+00
5.2360e-01 5.2360e+00 -4.6749e+01 -2.1443e+01 -1.1887e+01
5.2360e-01 5.4978e+00 -4.8138e+01 -3.0062e+01 -2.0063e+01
5.2360e-01 5.7596e+00 -4.7953e+01 -3.7158e+01 -2.9549e+01
5.2360e-01 6.0214e+00 -4.6226e+01 -4.1884e+01 -3.5217e+01
7.8540e-01 0.0000e+00 -4.0388e+01 -3.8239e+01 -4.2617e+01
7.8540e-01 2.6180e-01 -3.5541e+01 -3.1178e+01 -4.1228e+01
7.8540e-01 5.2360e-01 -2.8821e+01 -2.5583e+01 -3.6445e+01
7.8540e-01 7.8540e-01 -2.2394e+01 -2.0489e+01 -3.0230e+01
7.8540e-01 1.0472e+00 -1.8801e+01 -1.5809e+01 -2.4477e+01
7.8540e-01 1.3090e+00 -1.8505e+01 -1.5383e+01 -2.2320e+01
7.8540e-01 1.5708e+00 -2.2412e+01 -1.7747e+01 -2.1707e+01
7.8540e-01 1.8326e+00 -2.7660e+01 -1.7738e+01 -1.8998e+01
7.8540e-01 2.0944e+00 -3.2620e+01 -1.6078e+01 -1.6826e+01
7.8540e-01 2.3562e+00 -3.4372e+01 -1.6399e+01 -1.6680e+01
7.8540e-01 2.6180e+00 -3.0735e+01 -1.8559e+01 -1.5886e+01
7.8540e-01 2.8798e+00 -2.4051e+01 -2.3773e+01 -1.4175e+01
7.8540e-01 3.1416e+00 -1.8793e+01 -3.0410e+01 -1.3399e+01
7.8540e-01 3.1416e+00 -1.8793e+01 -3.0410e+01 -1.3399e+01
7.8540e-01 3.4034e+00 -1.6460e+01 -2.8004e+01 -1.4151e+01
7.8540e-01 3.6652e+00 -1.6529e+01 -2.4907e+01 -1.6116e+01
7.8540e-01 3.9270e+00 -1.7205e+01 -2.3090e+01 -1.7541e+01
7.8540e-01 4.1888e+00 -1.7335e+01 -1.6025e+01 -1.7541e+01
7.8540e-01 4.4506e+00 -1.9687e+01 -1.2385e+01 -1.8585e+01
7.8540e-01 4.7124e+00 -2.7313e+01 -1.3847e+01 -1.6560e+01
7.8540e-01 4.9742e+00 -3.8827e+01 -2.0694e+01 -1.4666e+01
7.8540e-01 5.2360e+00 -4.5132e+01 -2.8172e+01 -1.8058e+01
7.8540e-01 5.4978e+00 -4.6766e+01 -3.4896e+01 -2.6173e+01
7.8540e-01 5.7596e+00 -4.6078e+01 -4.0719e+01 -3.5691e+01
7.8540e-01 6.0214e+00 -4.3941e+01 -4.3326e+01 -4.0625e+01
1.0472e+00 0.0000e+00 -3.7102e+01 -4.2837e+01 -4.7792e+01
1.0472e+00 2.6180e-01 -3.1580e+01 -3.7106e+01 -4.6787e+01
1.0472e+00 5.2360e-01 -2.6334e+01 -3.2394e+01 -4.2679e+01
1.0472e+00 7.8540e-01 -2.2318e+01 -2.8697e+01 -3.6873e+01
1.0472e+00 1.0472e+00 -1.9345e+01 -2.5894e+01 -3.1763e+01
1.0472e+00 1.3090e+00 -1.8137e+01 -2.5335e+01 -2.9315e+01
1.0472e+00 1.5708e+00 -1.8090e+01 -2.5424e+01 -2.8896e+01
1.0472e+00 1.8326e+00 -1.8884e+01 -2.5130e+01 -2.6676e+01
1.0472e+00 2.0944e+00 -1.9622e+01 -2.4242e+01 -2.5357e+01
1.0472e+00 2.3562e+00 -1.8771e+01 -2.4413e+01 -2.6208e+01
1.0472e+00 2.6180e+00 -1.5432e+01 -2.7225e+01 -2.6138e+01
1.0472e+00 2.8798e+00 -1.0741e+01 -3.2412e+01 -2.4416e+01
1.0472e+00 3.1416e+00 -7.1777e+00 -3.7697e+01 -2.3497e+01
1.0472e+00 3.1416e+00 -7.1777e+00 -3.7697e+01 -2.3497e+01
1.0472e+00 3.4034e+00 -5.9856e+00 -3.4084e+01 -2.4353e+01
1.0472e+00 3.6652e+00 -7.2120e+00 -3.1276e+01 -2.5427e+01
1.0472e+00 3.9270e+00 -8.5031e+00 -2.9253e+01 -2.6788e+01
1.0472e+00 4.1888e+00 -9.3173e+00 -2.4184e+01 -2.6785e+01
1.0472e+00 4.4506e+00 -1.2580e+01 -2.2181e+01 -2.6651e+01
1.0472e+00 4.7124e+00 -2.0934e+01 -2.4531e+01 -2.4125e+01
1.0472e+00 4.9742e+00 -3.1574e+01 -3.0334e+01 -2.2563e+01
1.0472e+00 5.2360e+00 -3.9132e+01 -3.2790e+01 -2.6147e+01
1.0472e+00 5.4978e+00 -4.2435e+01 -3.7681e+01 -3.4049e+01
1.0472e+00 5.7596e+00 -4.2132e+01 -4.3640e+01 -4.2113e+01
1.0472e+00 6.0214e+00 -4.0171e+01 -4.5404e+01 -4.6810e+01
1.3090e+00 0.0000e+00 -3.2071e+01 -4.8293e+01 -5.3213e+01
1.3090e+00 2.6180e-01 -3.0296e+01 -4.4377e+01 -5.2064e+01
1.3090e+00 5.2360e-01 -2.8863e+01 -3.9820e+01 -4.8749e+01
1.3090e+00 7.8540e-01 -2.6571e+01 -3.7372e+01 -4.3503e+01
1.3090e+00 1.0472e+00 -2.1589e+01 -3.5884e+01 -3.9117e+01
1.3090e+00 1.3090e+00 -1.6799e+01 -3.3923e+01 -3.6207e+01
1.3090e+00 1.5708e+00 -1.2780e+01 -3.3261e+01 -3.5258e+01
1.3090e+00 1.8326e+00 -1.0218e+01 -3.3648e+01 -3.3660e+01
1.3090e+00 2.0944e+00 -9.1720e+00 -3.3537e+01 -3.4035e+01
1.3090e+00 2.3562e+00 -8.2793e+00 -3.3690e+01 -3.6167e+01
1.3090e+00 2.6180e+00 -5.7546e+00 -3.6864e+01 -3.6390e+01
1.3090e+00 2.8798e+00 -2.4026e+00 -4.1628e+01 -3.4650e+01
1.3090e+00 3.1416e+00 -4.9784e-01 -4.5046e+01 -3.3841e+01
1.3090e+00 3.1416e+00 -4.9784e-01 -4.5046e+01 -3.3841e+01
1.3090e+00 3.4034e+00 -1.0033e+00 -4.1096e+01 -3.4688e+01
1.3090e+00 3.6652e+00 -3.1039e+00 -3.7799e+01 -3.5452e+01
1.3090e+00 3.9270e+00 -4.6921e+00 -3.6153e+01 -3.6197e+01
1.3090e+00 4.1888e+00 -5.3933e+00 -3.3139e+01 -3.5752e+01
1.3090e+00 4.4506e+00 -8.3894e+00 -3.2231e+01 -3.3942e+01
1.3090e+00 4.7124e+00 -1.4475e+01 -3.3580e+01 -3.1919e+01
1.3090e+00 4.9742e+00 -2.2406e+01 -3.6313e+01 -3.1405e+01
1.3090e+00 5.2360e+00 -3.0219e+01 -3.7484e+01 -3.5340e+01
1.3090e+00 5.4978e+00 -3.4739e+01 -4.0778e+01 -4.2355e+01
1.3090e+00 5.7596e+00 -3.6062e+01 -4.5491e+01 -4.8813e+01
1.3090e+00 6.0214e+00 -3.5143e+01 -4.8819e+01 -5.2408e+01
1.5708e+00 0.0000e+00 -3.0970e+01 -5.3025e+01 -5.6252e+01
1.5708e+00 2.6180e-01 -3.3506e+01 -5.0115e+01 -5.4917e+01
1.5708e+00 5.2360e-01 -3.4887e+01 -4.6170e+01 -5.1988e+01
1.5708e+00 7.8540e-01 -3.1646e+01 -4.3678e+01 -4.7254e+01
1.5708e+00 1.0472e+00 -2.4707e+01 -4.1475e+01 -4.2848e+01
1.5708e+00 1.3090e+00 -1.6632e+01 -3.8804e+01 -3.9743e+01
1.5708e+00 1.5708e+00 -9.9247e+00 -3.9082e+01 -3.7204e+01
1.5708e+00 1.8326e+00 -6.0277e+00 -4.0299e+01 -3.6379e+01
1.5708e+00 2.0944e+00 -4.1538e+00 -4.1100e+01 -3.9824e+01
1.5708e+00 2.3562e+00 -3.5980e+00 -4.1308e+01 -4.3304e+01
1.5708e+00 2.6180e+00 -2.0544e+00 -4.4015e+01 -4.3402e+01
1.5708e+00 2.8798e+00 -3.6478e-01 -4.8441e+01 -4.1348e+01
1.5708e+00 3.1416e+00 -0.0000e+00 -5.0229e+01 -4.0310e+01
1.5708e+00 3.1416e+00 0.0000e+00 -5.0229e+01 -4.0310e+01
1.5708e+00 3.4034e+00 -1.9691e+00 -4.6207e+01 -4.0928e+01
1.5708e+00 3.6652e+00 -4.9170e+00 -4.1603e+01 -4.1795e+01
1.5708e+00 3.9270e+00 -6.3502e+00 -3.9889e+01 -4.1949e+01
1.5708e+00 4.1888e+00 -6.6068e+00 -3.8213e+01 -4.0983e+01
1.5708e+00 4.4506e+00 -7.4315e+00 -3.6989e+01 -3.8392e+01
1.5708e+00 4.7124e+00 -1.0263e+01 -3.7324e+01 -3.7105e+01
1.5708e+00 4.9742e+00 -1.3926e+01 -3.8653e+01 -3.7841e+01
1.5708e+00 5.2360e+00 -1.9865e+01 -3.9592e+01 -4.1248e+01
1.5708e+00 5.4978e+00 -2.6034e+01 -4.2325e+01 -4.7278e+01
1.5708e+00 5.7596e+00 -2.8342e+01 -4.6292e+01 -5.2082e+01
1.5708e+00 6.0214e+00 -2.9205e+01 -5.1369e+01 -5.5648e+01
1.8326e+00 0.0000e+00 -3.4129e+01 -5.2929e+01 -5.5308e+01
1.8326e+00 2.6180e-01 -3.8215e+01 -5.1257e+01 -5.3894e+01
1.8326e+00 5.2360e-01 -3.8623e+01 -4.7739e+01 -5.0252e+01
1.8326e+00 7.8540e-01 -3.6153e+01 -4.5113e+01 -4.5325e+01
1.8326e+00 1.0472e+00 -3.0037e+01 -4.1835e+01 -4.0734e+01
1.8326e+00 1.3090e+00 -2.0309e+01 -3.9061e+01 -3.6406e+01
1.8326e+00 1.5708e+00 -1.1464e+01 -3.8403e+01 -3.4118e+01
1.8326e+00 1.8326e+00 -6.4591e+00 -3.9747e+01 -3.5271e+01
1.8326e+00 2.0944e+00 -4.9853e+00 -4.1800e+01 -3.9959e+01
1.8326e+00 2.3562e+00 -5.0357e+00 -4.2943e+01 -4.3509e+01
1.8326e+00 2.6180e+00 -4.5520e+00 -4.5577e+01 -4.3022e+01
1.8326e+00 2.8798e+00 -4.0241e+00 -4.9378e+01 -4.1015e+01
1.8326e+00 3.1416e+00 -5.1640e+00 -5.0133e+01 -3.9191e+01
1.8326e+00 3.1416e+00 -5.1640e+00 -5.0133e+01 -3.9191e+01
1.8326e+00 3.4034e+00 -8.0172e+00 -4.5307e+01 -3.9305e+01
1.8326e+00 3.6652e+00 -1.1603e+01 -4.0854e+01 -4.0163e+01
1.8326e+00 3.9270e+00 -1.2497e+01 -3.7835e+01 -3.9860e+01
1.8326e+00 4.1888e+00 -1.1017e+01 -3.6433e+01 -3.8981e+01
1.8326e+00 4.4506e+00 -9.2488e+00 -3.4902e+01 -3.7652e+01
1.8326e+00 4.7124e+00 -7.3491e+00 -3.5667e+01 -3.7846e+01
1.8326e+00 4.9742e+00 -7.9486e+00 -3.6450e+01 -3.8377e+01
1.8326e+00 5.2360e+00 -1.1690e+01 -3.8038e+01 -4.1175e+01
1.8326e+00 5.4978e+00 -1.7814e+01 -4.0356e+01 -4.6696e+01
1.8326e+00 5.7596e+00 -2.3595e+01 -4.4132e+01 -5.1585e+01
1.8326e+00 6.0214e+00 -2.8731e+01 -4.9342e+01 -5.4695e+01
2.0944e+00 0.0000e+00 -3.9648e+01 -4.8174e+01 -5.0161e+01
2.0944e+00 2.6180e-01 -4.2447e+01 -4.7903e+01 -4.9098e+01
2.0944e+00 5.2360e-01 -4.2305e+01 -4.4488e+01 -4.5204e+01
2.0944e+00 7.8540e-01 -3.9763e+01 -4.1313e+01 -3.9346e+01
2.0944e+00 1.0472e+00 -3.4430e+01 -3.6440e+01 -3.3584e+01
2.0944e+00 1.3090e+00 -2.6322e+01 -3.1489e+01 -2.9670e+01
2.0944e+00 1.5708e+00 -1.6981e+01 -2.9817e+01 -2.8016e+01
2.0944e+00 1.8326e+00 -1.1507e+01 -3.0967e+01 -2.9642e+01
2.0944e+00 2.0944e+00 -1.0530e+01 -3.4049e+01 -3.2401e+01
2.0944e+00 2.3562e+00 -1.1269e+01 -3.5625e+01 -3.4175e+01
2.0944e+00 2.6180e+00 -1.1863e+01 -3.9720e+01 -3.2968e+01
2.0944e+00 2.8798e+00 -1.2199e+01 -4.4089e+01 -3.0822e+01
2.0944e+00 3.1416e+00 -1.4054e+01 -4.5201e+01 -2.9701e+01
2.0944e+00 3.1416e+00 -1.4054e+01 -4.5201e+01 -2.9701e+01
2.0944e+00 3.4034e+00 -1.8186e+01 -3.9613e+01 -2.9902e+01
2.0944e+00 3.6652e+00 -2.1640e+01 -3.4621e+01 -3.0796e+01
2.0944e+00 3.9270e+00 -2.1609e+01 -3.2014e+01 -3.1289e+01
2.0944e+00 4.1888e+00 -1.7642e+01 -3.0353e+01 -3.1092e+01
2.0944e+00 4.4506e+00 -1.1719e+01 -2.9149e+01 -3.0883e+01
2.0944e+00 4.7124e+00 -6.5444e+00 -2.8639e+01 -3.2537e+01
2.0944e+00 4.9742e+00 -5.0287e+00 -2.8041e+01 -3.2371e+01
2.0944e+00 5.2360e+00 -8.2837e+00 -3.0161e+01 -3.4960e+01
2.0944e+00 5.4978e+00 -1.5558e+01 -3.3667e+01 -4.0748e+01
2.0944e+00 5.7596e+00 -2.5216e+01 -3.7546e+01 -4.5822e+01
2.0944e+00 6.0214e+00 -3.4187e+01 -4.2774e+01 -4.8882e+01
2.3562e+00 0.0000e+00 -4.4963e+01 -4.1506e+01 -4.3846e+01
2.3562e+00 2.6180e-01 -4.7256e+01 -4.2618e+01 -4.2878e+01
2.3562e+00 5.2360e-01 -4.6540e+01 -3.9077e+01 -3.8806e+01
2.3562e+00 7.8540e-01 -4.3461e+01 -3.5120e+01 -3.1270e+01
2.3562e+00 1.0472e+00 -3.7783e+01 -2.7340e+01 -2.4294e+01
2.3562e+00 1.3090e+00 -3.0286e+01 -2.0178e+01 -2.0026e+01
2.3562e+00 1.5708e+00 -2.1746e+01 -1.7924e+01 -1.9959e+01
2.3562e+00 1.8326e+00 -1.6476e+01 -2.0186e+01 -2.1367e+01
2.3562e+00 2.0944e+00 -1.6253e+01 -2.4224e+01 -2.2348e+01
2.3562e+00 2.3562e+00 -1.7948e+01 -2.6448e+01 -2.3353e+01
2.3562e+00 2.6180e+00 -1.9799e+01 -3.1804e+01 -2.1816e+01
2.3562e+00 2.8798e+00 -2.0742e+01 -3.7318e+01 -1.9325e+01
2.3562e+00 3.1416e+00 -2.3494e+01 -3.8579e+01 -1.8265e+01
2.3562e+00 3.1416e+00 -2.3494e+01 -3.8579e+01 -1.8265e+01
2.3562e+00 3.4034e+00 -2.7986e+01 -3.2951e+01 -1.8714e+01
2.3562e+00 3.6652e+00 -3.2184e+01 -2.6312e+01 -2.0028e+01
2.3562e+00 3.9270e+00 -3.2661e+01 -2.2754e+01 -2.1171e+01
2.3562e+00 4.1888e+00 -2.6542e+01 -2.0883e+01 -2.0848e+01
2.3562e+00 4.4506e+00 -1.6061e+01 -2.0556e+01 -2.1579e+01
2.3562e+00 4.7124e+00 -8.3267e+00 -1.9421e+01 -2.4101e+01
2.3562e+00 4.9742e+00 -5.7283e+00 -1.8149e+01 -2.4185e+01
2.3562e+00 5.2360e+00 -8.9131e+00 -2.0340e+01 -2.6358e+01
2.3562e+00 5.4978e+00 -1.7785e+01 -2.4868e+01 -3.2373e+01
2.3562e+00 5.7596e+00 -3.0125e+01 -2.9153e+01 -3.8163e+01
2.3562e+00 6.0214e+00 -4.0249e+01 -3.4904e+01 -4.1653e+01
2.6180e+00 0.0000e+00 -4.9369e+01 -3.6365e+01 -3.6129e+01
2.6180e+00 2.6180e-01 -5.1456e+01 -3.8010e+01 -3.6299e+01
2.6180e+00 5.2360e-01 -5.0709e+01 -3.3967e+01 -3.2800e+01
2.6180e+00 7.8540e-01 -4.6170e+01 -2.8746e+01 -2.3643e+01
2.6180e+00 1.0472e+00 -3.8466e+01 -1.8123e+01 -1.6054e+01
2.6180e+00 1.3090e+00 -3.0050e+01 -9.9296e+00 -1.2172e+01
2.6180e+00 1.5708e+00 -2.2231e+01 -7.9308e+00 -1.2696e+01
2.6180e+00 1.8326e+00 -1.9228e+01 -1.1249e+01 -1.4103e+01
2.6180e+00 2.0944e+00 -2.0630e+01 -1.5792e+01 -1.3707e+01
2.6180e+00 2.3562e+00 -2.4162e+01 -1.8536e+01 -1.3884e+01
2.6180e+00 2.6180e+00 -2.6864e+01 -2.5254e+01 -1.2179e+01
2.6180e+00 2.8798e+00 -2.7827e+01 -3.1060e+01 -9.7630e+00
2.6180e+00 3.1416e+00 -3.0651e+01 -3.2039e+01 -8.6380e+00
2.6180e+00 3.1416e+00 -3.0651e+01 -3.2039e+01 -8.6380e+00
2.6180e+00 3.4034e+00 -3.4848e+01 -2.5335e+01 -9.3667e+00
2.6180e+00 3.6652e+00 -3.8964e+01 -1.9106e+01 -1.1146e+01
2.6180e+00 3.9270e+00 -4.0119e+01 -1.4793e+01 -1.2370e+01
2.6180e+00 4.1888e+00 -3.2818e+01 -1.2751e+01 -1.2441e+01
2.6180e+00 4.4506e+00 -2.0381e+01 -1.2732e+01 -1.3493e+01
2.6180e+00 4.7124e+00 -1.1529e+01 -1.1396e+01 -1.5900e+01
2.6180e+00 4.9742e+00 -9.0149e+00 -9.9736e+00 -1.6351e+01
2.6180e+00 5.2360e+00 -1.3104e+01 -1.2410e+01 -1.8775e+01
2.6180e+00 5.4978e+00 -2.3330e+01 -1.8055e+01 -2.4492e+01
2.6180e+00 5.7596e+00 -3.6379e+01 -2.2686e+01 -3.0403e+01
2.6180e+00 6.0214e+00 -4.5008e+01 -2.9170e+01 -3.5121e+01
2.8798e+00 0.0000e+00 -5.2111e+01 -3.3891e+01 -3.4021e+01
2.8798e+00 2.6180e-01 -5.3015e+01 -3.4051e+01 -3.3305e+01
2.8798e+00 5.2360e-01 -5.0826e+01 -2.9355e+01 -2.8016e+01
2.8798e+00 7.8540e-01 -4.3799e+01 -2.2780e+01 -1.9123e+01
2.8798e+00 1.0472e+00 -3.4708e+01 -1.0669e+01 -1.1159e+01
2.8798e+00 1.3090e+00 -2.6581e+01 -3.2092e+00 -7.5015e+00
2.8798e+00 1.5708e+00 -2.1736e+01 -2.1164e+00 -7.9587e+00
2.8798e+00 1.8326e+00 -2.2052e+01 -6.1669e+00 -9.2078e+00
2.8798e+00 2.0944e+00 -2.5992e+01 -9.6339e+00 -8.2536e+00
2.8798e+00 2.3562e+00 -3.1001e+01 -1.3080e+01 -7.8498e+00
2.8798e+00 2.6180e+00 -3.3496e+01 -2.0314e+01 -6.0878e+00
2.8798e+00 2.8798e+00 -3.4328e+01 -2.6762e+01 -3.8451e+00
2.8798e+00 3.1416e+00 -3.6170e+01 -2.7597e+01 -2.7440e+00
2.8798e+00 3.1416e+00 -3.6170e+01 -2.7597e+01 -2.7440e+00
2.8798e+00 3.4034e+00 -3.9009e+01 -2.1182e+01 -3.4077e+00
2.8798e+00 3.6652e+00 -4.1396e+01 -1.4924e+01 -5.4450e+00
2.8798e+00 3.9270e+00 -4.1808e+01 -1.0064e+01 -6.6194e+00
2.8798e+00 4.1888e+00 -3.3726e+01 -7.5963e+00 -6.8355e+00
2.8798e+00 4.4506e+00 -2.2714e+01 -7.7020e+00 -8.1118e+00
2.8798e+00 4.7124e+00 -1.5720e+01 -5.3696e+00 -9.8572e+00
2.8798e+00 4.9742e+00 -1.4729e+01 -4.5999e+00 -1.0268e+01
2.8798e+00 5.2360e+00 -2.0378e+01 -8.1480e+00 -1.3509e+01
2.8798e+00 5.4978e+00 -3.1704e+01 -1.5257e+01 -1.9262e+01
2.8798e+00 5.7596e+00 -4.3525e+01 -2.0899e+01 -2.5650e+01
2.8798e+00 6.0214e+00 -4.9317e+01 -2.7609e+01 -3.1103e+01
3.1416e+00 0.0000e+00 -5.3675e+01 -3.3243e+01 -3.2674e+01
3.1416e+00 2.6180e-01 -5.2509e+01 -3.0475e+01 -3.1570e+01
3.1416e+00 5.2360e-01 -4.8414e+01 -2.5416e+01 -2.6035e+01
3.1416e+00 7.8540e-01 -3.9209e+01 -1.7888e+01 -1.7139e+01
3.1416e+00 1.0472e+00 -2.8482e+01 -6.9408e+00 -9.8079e+00
3.1416e+00 1.3090e+00 -2.2191e+01 -9.0934e-01 -6.4599e+00
3.1416e+00 1.5708e+00 -2.1468e+01 -1.0738e+00 -6.7490e+00
3.1416e+00 1.8326e+00 -2.5376e+01 -4.9757e+00 -7.1174e+00
3.1416e+00 2.0944e+00 -3.2684e+01 -6.2791e+00 -5.8565e+00
3.1416e+00 2.3562e+00 -3.8067e+01 -9.9338e+00 -5.5868e+00
3.1416e+00 2.6180e+00 -3.9536e+01 -1.6556e+01 -4.1911e+00
3.1416e+00 2.8798e+00 -3.8485e+01 -2.3631e+01 -2.0052e+00
3.1416e+00 3.1416e+00 -3.8247e+01 -2.6289e+01 -9.7288e-01
3.1416e+00 3.1416e+00 -3.8247e+01 -2.6289e+01 -9.7288e-01
3.1416e+00 3.4034e+00 -3.9063e+01 -2.1000e+01 -1.6874e+00
3.1416e+00 3.6652e+00 -3.9818e+01 -1.4277e+01 -3.5046e+00
3.1416e+00 3.9270e+00 -3.7946e+01 -8.9466e+00 -4.7802e+00
3.1416e+00 4.1888e+00 -3.2103e+01 -5.9902e+00 -5.3399e+00
3.1416e+00 4.4506e+00 -2.4599e+01 -5.3925e+00 -6.2849e+00
3.1416e+00 4.7124e+00 -2.1459e+01 -2.4134e+00 -6.6452e+00
3.1416e+00 4.9742e+00 -2.3349e+01 -2.6730e+00 -6.5020e+00
3.1416e+00 5.2360e+00 -3.1037e+01 -8.1020e+00 -1.0172e+01
3.1416e+00 5.4978e+00 -4.1809e+01 -1.6197e+01 -1.7199e+01
3.1416e+00 5.7596e+00 -4.9284e+01 -2.1742e+01 -2.4489e+01
3.1416e+00 6.0214e+00 -5.2627e+01 -2.8736e+01 -3.0123e+01
3.1416e+00 0.0000e+00 -5.3675e+01 -3.3243e+01 -3.2674e+01
3.1416e+00 2.6180e-01 -5.2509e+01 -3.0475e+01 -3.1570e+01
3.1416e+00 5.2360e-01 -4.8414e+01 -2.5416e+01 -2.6035e+01
3.1416e+00 7.8540e-01 -3.9209e+01 -1.7888e+01 -1.7139e+01
3.1416e+00 1.0472e+00 -2.8482e+01 -6.9408e+00 -9.8079e+00
3.1416e+00 1.3090e+00 -2.2191e+01 -9.0934e-01 -6.4599e+00
3.1416e+00 1.5708e+00 -2.1468e+01 -1.0738e+00 -6.7490e+00
3.1416e+00 1.8326e+00 -2.5376e+01 -4.9757e+00 -7.1174e+00
3.1416e+00 2.0944e+00 -3.2684e+01 -6.2791e+00 -5.8565e+00
3.1416e+00 2.3562e+00 -3.8067e+01 -9.9338e+00 -5.5868e+00
3.1416e+00 2.6180e+00 -3.9536e+01 -1.6556e+01 -4.1911e+00
3.1416e+00 2.8798e+00 -3.8485e+01 -2.3631e+01 -2.0052e+00
3.1416e+00 3.1416e+00 -3.8247e+01 -2.6289e+01 -9.7288e-01
3.1416e+00 3.1416e+00 -3.8247e+01 -2.6289e+01 -9.7288e-01
3.1416e+00 3.4034e+00 -3.9063e+01 -2.1000e+01 -1.6874e+00
3.1416e+00 3.6652e+00 -3.9818e+01 -1.4277e+01 -3.5046e+00
3.1416e+00 3.9270e+00 -3.7946e+01 -8.9466e+00 -4.7802e+00
3.1416e+00 4.1888e+00 -3.2103e+01 -5.9902e+00 -5.3399e+00
3.1416e+00 4.4506e+00 -2.4599e+01 -5.3925e+00 -6.2849e+00
3.1416e+00 4.7124e+00 -2.1459e+01 -2.4134e+00 -6.6452e+00
3.1416e+00 4.9742e+00 -2.3349e+01 -2.6730e+00 -6.5020e+00
3.1416e+00 5.2360e+00 -3.1037e+01 -8.1020e+00 -1.0172e+01
3.1416e+00 5.4978e+00 -4.1809e+01 -1.6197e+01 -1.7199e+01
3.1416e+00 5.7596e+00 -4.9284e+01 -2.1742e+01 -2.4489e+01
3.1416e+00 6.0214e+00 -5.2627e+01 -2.8736e+01 -3.0123e+01
3.4034e+00 0.0000e+00 -5.2257e+01 -3.3373e+01 -3.5228e+01
3.4034e+00 2.6180e-01 -4.9344e+01 -2.8675e+01 -3.3322e+01
3.4034e+00 5.2360e-01 -4.3478e+01 -2.3305e+01 -2.7660e+01
3.4034e+00 7.8540e-01 -3.2484e+01 -1.6026e+01 -1.9326e+01
3.4034e+00 1.0472e+00 -2.1492e+01 -7.0819e+00 -1.1981e+01
3.4034e+00 1.3090e+00 -1.6493e+01 -2.9901e+00 -8.8083e+00
3.4034e+00 1.5708e+00 -1.7762e+01 -4.1019e+00 -8.9867e+00
3.4034e+00 1.8326e+00 -2.5654e+01 -6.5560e+00 -8.1008e+00
3.4034e+00 2.0944e+00 -3.6087e+01 -6.9354e+00 -7.0555e+00
3.4034e+00 2.3562e+00 -4.2080e+01 -1.0284e+01 -7.1326e+00
3.4034e+00 2.6180e+00 -4.1723e+01 -1.5843e+01 -5.9628e+00
3.4034e+00 2.8798e+00 -3.9238e+01 -2.2808e+01 -3.9555e+00
3.4034e+00 3.1416e+00 -3.7240e+01 -2.7642e+01 -2.9941e+00
3.4034e+00 3.1416e+00 -3.7240e+01 -2.7642e+01 -2.9941e+00
3.4034e+00 3.4034e+00 -3.5907e+01 -2.3142e+01 -3.6871e+00
3.4034e+00 3.6652e+00 -3.4562e+01 -1.6610e+01 -5.5810e+00
3.4034e+00 3.9270e+00 -3.1913e+01 -1.0450e+01 -6.8063e+00
3.4034e+00 4.1888e+00 -2.7808e+01 -8.2391e+00 -7.1885e+00
3.4034e+00 4.4506e+00 -2.4761e+01 -5.8074e+00 -8.0300e+00
3.4034e+00 4.7124e+00 -2.5258e+01 -3.2621e+00 -7.1613e+00
3.4034e+00 4.9742e+00 -3.0891e+01 -4.7278e+00 -6.5990e+00
3.4034e+00 5.2360e+00 -3.9567e+01 -1.1730e+01 -1.0331e+01
3.4034e+00 5.4978e+00 -4.7491e+01 -1.9977e+01 -1.8082e+01
3.4034e+00 5.7596e+00 -5.1847e+01 -2.4962e+01 -2.6619e+01
3.4034e+00 6.0214e+00 -5.3190e+01 -3.1128e+01 -3.2609e+01
3.6652e+00 0.0000e+00 -4.8990e+01 -3.4831e+01 -3.9762e+01
3.6652e+00 2.6180e-01 -4.4588e+01 -2.9908e+01 -3.7485e+01
3.6652e+00 5.2360e-01 -3.6857e+01 -2.4819e+01 -3.2099e+01
3.6652e+00 7.8540e-01 -2.4275e+01 -1.8365e+01 -2.4614e+01
3.6652e+00 1.0472e+00 -1.4382e+01 -1.1185e+01 -1.7650e+01
3.6652e+00 1.3090e+00 -1.0600e+01 -8.6120e+00 -1.4500e+01
3.6652e+00 1.5708e+00 -1.3571e+01 -1.0076e+01 -1.4645e+01
3.6652e+00 1.8326e+00 -2.2381e+01 -1.1244e+01 -1.2818e+01
3.6652e+00 2.0944e+00 -3.3417e+01 -1.1453e+01 -1.1553e+01
3.6652e+00 2.3562e+00 -4.0052e+01 -1.3998e+01 -1.2398e+01
3.6652e+00 2.6180e+00 -3.9318e+01 -1.8435e+01 -1.1224e+01
3.6652e+00 2.8798e+00 -3.5228e+01 -2.4949e+01 -9.3350e+00
3.6652e+00 3.1416e+00 -3.1918e+01 -3.1001e+01 -8.3445e+00
3.6652e+00 3.1416e+00 -3.1918e+01 -3.1001e+01 -8.3445e+00
3.6652e+00 3.4034e+00 -2.9402e+01 -2.7447e+01 -9.1788e+00
3.6652e+00 3.6652e+00 -2.7546e+01 -2.1178e+01 -1.1047e+01
3.6652e+00 3.9270e+00 -2.4930e+01 -1.5575e+01 -1.2442e+01
3.6652e+00 4.1888e+00 -2.2339e+01 -1.3717e+01 -1.2424e+01
3.6652e+00 4.4506e+00 -2.2112e+01 -1.0139e+01 -1.2666e+01
3.6652e+00 4.7124e+00 -2.5558e+01 -8.1118e+00 -1.1235e+01
3.6652e+00 4.9742e+00 -3.4764e+01 -1.0627e+01 -1.0631e+01
3.6652e+00 5.2360e+00 -4.3345e+01 -1.8350e+01 -1.4264e+01
3.6652e+00 5.4978e+00 -4.9380e+01 -2.5041e+01 -2.2066e+01
3.6652e+00 5.7596e+00 -5.1357e+01 -2.9433e+01 -3.1457e+01
3.6652e+00 6.0214e+00 -5.1374e+01 -3.4453e+01 -3.7875e+01
3.9270e+00 0.0000e+00 -4.4989e+01 -3.8588e+01 -4.4634e+01
3.9270e+00 2.6180e-01 -3.9800e+01 -3.4514e+01 -4.2314e+01
3.9270e+00 5.2360e-01 -3.0471e+01 -3.0347e+01 -3.7974e+01
3.9270e+00 7.8540e-01 -1.8466e+01 -2.4624e+01 -3.2032e+01
3.9270e+00 1.0472e+00 -9.6524e+00 -1.8541e+01 -2.5993e+01
3.9270e+00 1.3090e+00 -6.5202e+00 -1.6617e+01 -2.2834e+01
3.9270e+00 1.5708e+00 -9.1123e+00 -1.7640e+01 -2.2570e+01
3.9270e+00 1.8326e+00 -1.6145e+01 -1.8618e+01 -1.9799e+01
3.9270e+00 2.0944e+00 -2.5831e+01 -1.9346e+01 -1.9184e+01
3.9270e+00 2.3562e+00 -3.2341e+01 -2.0907e+01 -2.0058e+01
3.9270e+00 2.6180e+00 -3.1575e+01 -2.3725e+01 -1.9328e+01
3.9270e+00 2.8798e+00 -2.7019e+01 -2.9204e+01 -1.7574e+01
3.9270e+00 3.1416e+00 -2.2572e+01 -3.6140e+01 -1.6894e+01
3.9270e+00 3.1416e+00 -2.2572e+01 -3.6140e+01 -1.6894e+01
3.9270e+00 3.4034e+00 -2.0497e+01 -3.2956e+01 -1.7788e+01
3.9270e+00 3.6652e+00 -1.9595e+01 -2.6855e+01 -1.9967e+01
3.9270e+00 3.9270e+00 -1.8454e+01 -2.3464e+01 -2.1312e+01
3.9270e+00 4.1888e+00 -1.7283e+01 -2.1937e+01 -2.0669e+01
3.9270e+00 4.4506e+00 -1.8462e+01 -1.8308e+01 -1.9612e+01
3.9270e+00 4.7124e+00 -2.4321e+01 -1.6694e+01 -1.8141e+01
3.9270e+00 4.9742e+00 -3.4340e+01 -1.9717e+01 -1.7715e+01
3.9270e+00 5.2360e+00 -4.3097e+01 -2.6257e+01 -2.1731e+01
3.9270e+00 5.4978e+00 -4.8688e+01 -3.0471e+01 -2.9555e+01
3.9270e+00 5.7596e+00 -4.9755e+01 -3.4652e+01 -3.8229e+01
3.9270e+00 6.0214e+00 -4.8202e+01 -3.8785e+01 -4.3886e+01
4.1888e+00 0.0000e+00 -4.1301e+01 -4.5086e+01 -5.0587e+01
4.1888e+00 2.6180e-01 -3.4879e+01 -4.2257e+01 -4.9171e+01
4.1888e+00 5.2360e-01 -2.5861e+01 -3.8016e+01 -4.5492e+01
4.1888e+00 7.8540e-01 -1.5943e+01 -3.3382e+01 -3.9759e+01
4.1888e+00 1.0472e+00 -8.7531e+00 -2.8179e+01 -3.3939e+01
4.1888e+00 1.3090e+00 -5.6254e+00 -2.5806e+01 -3.1047e+01
4.1888e+00 1.5708e+00 -6.4667e+00 -2.5899e+01 -2.9959e+01
4.1888e+00 1.8326e+00 -1.1046e+01 -2.6428e+01 -2.7432e+01
4.1888e+00 2.0944e+00 -1.6962e+01 -2.8090e+01 -2.7522e+01
4.1888e+00 2.3562e+00 -2.0816e+01 -2.8477e+01 -2.9181e+01
4.1888e+00 2.6180e+00 -2.0618e+01 -2.9767e+01 -2.9051e+01
4.1888e+00 2.8798e+00 -1.6458e+01 -3.3597e+01 -2.7814e+01
4.1888e+00 3.1416e+00 -1.2922e+01 -4.0357e+01 -2.7228e+01
4.1888e+00 3.1416e+00 -1.2922e+01 -4.0357e+01 -2.7228e+01
4.1888e+00 3.4034e+00 -1.1070e+01 -4.0071e+01 -2.8582e+01
4.1888e+00 3.6652e+00 -1.1194e+01 -3.4000e+01 -3.0746e+01
4.1888e+00 3.9270e+00 -1.1218e+01 -3.1393e+01 -3.1701e+01
4.1888e+00 4.1888e+00 -1.1037e+01 -3.0932e+01 -3.0120e+01
4.1888e+00 4.4506e+00 -1.2266e+01 -2.8212e+01 -2.7174e+01
4.1888e+00 4.7124e+00 -1.8120e+01 -2.6699e+01 -2.5276e+01
4.1888e+00 4.9742e+00 -2.8533e+01 -2.8855e+01 -2.5893e+01
4.1888e+00 5.2360e+00 -3.8559e+01 -3.3643e+01 -2.9989e+01
4.1888e+00 5.4978e+00 -4.5188e+01 -3.6511e+01 -3.8020e+01
4.1888e+00 5.7596e+00 -4.7391e+01 -4.0531e+01 -4.6116e+01
4.1888e+00 6.0214e+00 -4.5693e+01 -4.4236e+01 -4.9824e+01
4.4506e+00 0.0000e+00 -3.7276e+01 -5.1061e+01 -5.6946e+01
4.4506e+00 2.6180e-01 -3.2441e+01 -4.9605e+01 -5.5987e+01
4.4506e+00 5.2360e-01 -2.5945e+01 -4.5934e+01 -5.2064e+01
4.4506e+00 7.8540e-01 -1.9594e+01 -4.1638e+01 -4.5683e+01
4.4506e+00 1.0472e+00 -1.2900e+01 -3.7539e+01 -4.0209e+01
4.4506e+00 1.3090e+00 -9.2198e+00 -3.3664e+01 -3.7681e+01
4.4506e+00 1.5708e+00 -7.9903e+00 -3.3100e+01 -3.5150e+01
4.4506e+00 1.8326e+00 -8.5637e+00 -3.3168e+01 -3.3750e+01
4.4506e+00 2.0944e+00 -9.8063e+00 -3.5045e+01 -3.4973e+01
4.4506e+00 2.3562e+00 -1.1198e+01 -3.6149e+01 -3.6432e+01
4.4506e+00 2.6180e+00 -1.0363e+01 -3.5717e+01 -3.7530e+01
4.4506e+00 2.8798e+00 -7.5484e+00 -3.8802e+01 -3.7116e+01
4.4506e+00 3.1416e+00 -4.8195e+00 -4.4519e+01 -3.7065e+01
4.4506e+00 3.1416e+00 -4.8195e+00 -4.4519e+01 -3.7065e+01
4.4506e+00 3.4034e+00 -4.0610e+00 -4.5947e+01 -3.8484e+01
4.4506e+00 3.6652e+00 -4.7156e+00 -4.1104e+01 -4.0151e+01
4.4506e+00 3.9270e+00 -5.4544e+00 -3.8443e+01 -4.0515e+01
4.4506e+00 4.1888e+00 -5.6584e+00 -3.6928e+01 -3.8098e+01
4.4506e+00 4.4506e+00 -6.6792e+00 -3.5222e+01 -3.3816e+01
4.4506e+00 4.7124e+00 -1.1193e+01 -3.4855e+01 -3.1751e+01
4.4506e+00 4.9742e+00 -1.9774e+01 -3.6016e+01 -3.3388e+01
4.4506e+00 5.2360e+00 -3.0541e+01 -3.9792e+01 -3.7770e+01
4.4506e+00 5.4978e+00 -3.8182e+01 -4.1691e+01 -4.4921e+01
4.4506e+00 5.7596e+00 -4.1854e+01 -4.4225e+01 -5.2866e+01
4.4506e+00 6.0214e+00 -4.0696e+01 -4.7800e+01 -5.6373e+01
4.7124e+00 0.0000e+00 -3.4740e+01 -5.3865e+01 -6.0013e+01
4.7124e+00 2.6180e-01 -3.3609e+01 -5.4116e+01 -5.8975e+01
4.7124e+00 5.2360e-01 -3.2520e+01 -5.0527e+01 -5.5380e+01
4.7124e+00 7.8540e-01 -2.8919e+01 -4.6576e+01 -4.8620e+01
4.7124e+00 1.0472e+00 -2.3766e+01 -4.3532e+01 -4.2430e+01
4.7124e+00 1.3090e+00 -1.6949e+01 -3.9035e+01 -3.9287e+01
4.7124e+00 1.5708e+00 -1.1876e+01 -3.7547e+01 -3.6427e+01
4.7124e+00 1.8326e+00 -8.3999e+00 -3.6497e+01 -3.6028e+01
4.7124e+00 2.0944e+00 -6.1636e+00 -3.7440e+01 -3.8435e+01
4.7124e+00 2.3562e+00 -5.8266e+00 -3.9973e+01 -3.9892e+01
4.7124e+00 2.6180e+00 -4.7463e+00 -4.0130e+01 -4.0890e+01
4.7124e+00 2.8798e+00 -2.3326e+00 -4.2119e+01 -4.0547e+01
4.7124e+00 3.1416e+00 -7.3423e-01 -4.6820e+01 -4.0301e+01
4.7124e+00 3.1416e+00 -7.3423e-01 -4.6820e+01 -4.0301e+01
4.7124e+00 3.4034e+00 -8.5025e-01 -4.8605e+01 -4.1683e+01
4.7124e+00 3.6652e+00 -2.4990e+00 -4.3846e+01 -4.3282e+01
4.7124e+00 3.9270e+00 -3.9591e+00 -4.1014e+01 -4.2778e+01
4.7124e+00 4.1888e+00 -4.8072e+00 -3.9375e+01 -4.0068e+01
4.7124e+00 4.4506e+00 -5.2876e+00 -3.7528e+01 -3.7100e+01
4.7124e+00 4.7124e+00 -8.1573e+00 -3.7043e+01 -3.6623e+01
4.7124e+00 4.9742e+00 -1.4086e+01 -3.8106e+01 -3.8113e+01
4.7124e+00 5.2360e+00 -2.1779e+01 -4.1362e+01 -4.1775e+01
4.7124e+00 5.4978e+00 -2.8631e+01 -4.2455e+01 -4.9088e+01
4.7124e+00 5.7596e+00 -3.3375e+01 -4.4702e+01 -5.6287e+01
4.7124e+00 6.0214e+00 -3.4818e+01 -4.9009e+01 -5.9754e+01
4.9742e+00 0.0000e+00 -3.3780e+01 -5.2122e+01 -5.7842e+01
4.9742e+00 2.6180e-01 -3.7106e+01 -5.3978e+01 -5.6637e+01
4.9742e+00 5.2360e-01 -3.8689e+01 -5.0516e+01 -5.2781e+01
4.9742e+00 7.8540e-01 -3.6787e+01 -4.6272e+01 -4.5581e+01
4.9742e+00 1.0472e+00 -3.2717e+01 -4.3237e+01 -3.8871e+01
4.9742e+00 1.3090e+00 -2.6148e+01 -3.9233e+01 -3.5198e+01
4.9742e+00 1.5708e+00 -1.6469e+01 -3.6057e+01 -3.3269e+01
4.9742e+00 1.8326e+00 -9.2041e+00 -3.3426e+01 -3.3555e+01
4.9742e+00 2.0944e+00 -6.2144e+00 -3.3695e+01 -3.4816e+01
4.9742e+00 2.3562e+00 -5.2383e+00 -3.7846e+01 -3.5948e+01
4.9742e+00 2.6180e+00 -3.9837e+00 -3.9478e+01 -3.6775e+01
4.9742e+00 2.8798e+00 -2.0784e+00 -4.1707e+01 -3.6461e+01
4.9742e+00 3.1416e+00 -1.6812e+00 -4.5839e+01 -3.5807e+01
4.9742e+00 3.1416e+00 -1.6812e+00 -4.5839e+01 -3.5807e+01
4.9742e+00 3.4034e+00 -3.2356e+00 -4.6987e+01 -3.7252e+01
4.9742e+00 3.6652e+00 -6.1213e+00 -4.1360e+01 -3.8654e+01
4.9742e+00 3.9270e+00 -8.6482e+00 -3.7342e+01 -3.8598e+01
4.9742e+00 4.1888e+00 -9.7446e+00 -3.5899e+01 -3.6380e+01
4.9742e+00 4.4506e+00 -9.1743e+00 -3.4349e+01 -3.5866e+01
4.9742e+00 4.7124e+00 -1.0103e+01 -3.4275e+01 -3.6411e+01
4.9742e+00 4.9742e+00 -1.2402e+01 -3.5350e+01 -3.7538e+01
4.9742e+00 5.2360e+00 -1.6824e+01 -3.8206e+01 -4.1154e+01
4.9742e+00 5.4978e+00 -2.1821e+01 -3.9076e+01 -4.7938e+01
4.9742e+00 5.7596e+00 -2.7202e+01 -4.1649e+01 -5.4207e+01
4.9742e+00 6.0214e+00 -3.0789e+01 -4.6327e+01 -5.7307e+01
5.2360e+00 0.0000e+00 -3.6730e+01 -4.7004e+01 -5.1336e+01
5.2360e+00 2.6180e-01 -4.0556e+01 -4.8985e+01 -5.0340e+01
5.2360e+00 5.2360e-01 -4.2896e+01 -4.6170e+01 -4.6575e+01
5.2360e+00 7.8540e-01 -4.3252e+01 -4.1861e+01 -3.8592e+01
5.2360e+00 1.0472e+00 -4.0233e+01 -3.8953e+01 -3.1406e+01
5.2360e+00 1.3090e+00 -3.3557e+01 -3.3165e+01 -2.7097e+01
5.2360e+00 1.5708e+00 -2.1875e+01 -2.6877e+01 -2.6866e+01
5.2360e+00 1.8326e+00 -1.3604e+01 -2.4415e+01 -2.7843e+01
5.2360e+00 2.0944e+00 -1.0188e+01 -2.5972e+01 -2.8115e+01
5.2360e+00 2.3562e+00 -9.4295e+00 -3.1081e+01 -2.8812e+01
5.2360e+00 2.6180e+00 -8.1458e+00 -3.4240e+01 -2.8097e+01
5.2360e+00 2.8798e+00 -7.1238e+00 -3.7194e+01 -2.6509e+01
5.2360e+00 3.1416e+00 -8.3363e+00 -4.1925e+01 -2.5947e+01
5.2360e+00 3.1416e+00 -8.3363e+00 -4.1925e+01 -2.5947e+01
5.2360e+00 3.4034e+00 -1.1744e+01 -4.0749e+01 -2.6896e+01
5.2360e+00 3.6652e+00 -1.6365e+01 -3.4453e+01 -2.8532e+01
5.2360e+00 3.9270e+00 -1.9861e+01 -2.9750e+01 -2.9053e+01
5.2360e+00 4.1888e+00 -2.0135e+01 -2.8336e+01 -2.8063e+01
5.2360e+00 4.4506e+00 -1.7539e+01 -2.7252e+01 -2.9043e+01
5.2360e+00 4.7124e+00 -1.4983e+01 -2.7766e+01 -3.0475e+01
5.2360e+00 4.9742e+00 -1.4065e+01 -2.7836e+01 -3.1976e+01
5.2360e+00 5.2360e+00 -1.5415e+01 -2.9125e+01 -3.5323e+01
5.2360e+00 5.4978e+00 -1.9028e+01 -3.1751e+01 -4.1756e+01
5.2360e+00 5.7596e+00 -2.4380e+01 -3.5237e+01 -4.7444e+01
5.2360e+00 6.0214e+00 -3.0757e+01 -4.0419e+01 -5.0782e+01
5.4978e+00 0.0000e+00 -3.8689e+01 -4.2205e+01 -4.3973e+01
5.4978e+00 2.6180e-01 -4.2400e+01 -4.4672e+01 -4.3341e+01
5.4978e+00 5.2360e-01 -4.4817e+01 -4.1415e+01 -3.9201e+01
5.4978e+00 7.8540e-01 -4.6380e+01 -3.6309e+01 -3.0635e+01
5.4978e+00 1.0472e+00 -4.5721e+01 -3.1917e+01 -2.2673e+01
5.4978e+00 1.3090e+00 -3.9744e+01 -2.1834e+01 -1.8691e+01
5.4978e+00 1.5708e+00 -2.8219e+01 -1.5072e+01 -1.9113e+01
5.4978e+00 1.8326e+00 -2.0223e+01 -1.3808e+01 -1.9329e+01
5.4978e+00 2.0944e+00 -1.8025e+01 -1.7304e+01 -1.9049e+01
5.4978e+00 2.3562e+00 -1.8225e+01 -2.3761e+01 -1.8981e+01
5.4978e+00 2.6180e+00 -1.7724e+01 -2.6832e+01 -1.7659e+01
5.4978e+00 2.8798e+00 -1.7946e+01 -3.1521e+01 -1.5828e+01
5.4978e+00 3.1416e+00 -2.0568e+01 -3.5132e+01 -1.4889e+01
5.4978e+00 3.1416e+00 -2.0568e+01 -3.5132e+01 -1.4889e+01
5.4978e+00 3.4034e+00 -2.5934e+01 -3.1941e+01 -1.5830e+01
5.4978e+00 3.6652e+00 -3.2153e+01 -2.5660e+01 -1.7509e+01
5.4978e+00 3.9270e+00 -3.5727e+01 -2.1259e+01 -1.8553e+01
5.4978e+00 4.1888e+00 -3.3694e+01 -1.9642e+01 -1.8938e+01
5.4978e+00 4.4506e+00 -2.6452e+01 -1.9629e+01 -2.0178e+01
5.4978e+00 4.7124e+00 -1.9695e+01 -1.9488e+01 -2.2301e+01
5.4978e+00 4.9742e+00 -1.5806e+01 -1.7421e+01 -2.4181e+01
5.4978e+00 5.2360e+00 -1.6142e+01 -1.8415e+01 -2.7119e+01
5.4978e+00 5.4978e+00 -2.0453e+01 -2.3249e+01 -3.2767e+01
5.4978e+00 5.7596e+00 -2.7250e+01 -2.8930e+01 -3.9025e+01
5.4978e+00 6.0214e+00 -3.4139e+01 -3.4949e+01 -4.2617e+01
5.7596e+00 0.0000e+00 -4.1552e+01 -3.9668e+01 -3.7581e+01
5.7596e+00 2.6180e-01 -4.4195e+01 -4.1204e+01 -3.7434e+01
5.7596e+00 5.2360e-01 -4.5920e+01 -3.6852e+01 -3.2903e+01
5.7596e+00 7.8540e-01 -4.6837e+01 -3.1234e+01 -2.3440e+01
5.7596e+00 1.0472e+00 -4.7346e+01 -2.3149e+01 -1.5388e+01
5.7596e+00 1.3090e+00 -4.1755e+01 -1.1710e+01 -1.1872e+01
5.7596e+00 1.5708e+00 -3.1731e+01 -6.0040e+00 -1.2836e+01
5.7596e+00 1.8326e+00 -2.6930e+01 -6.2192e+00 -1.1884e+01
5.7596e+00 2.0944e+00 -2.7460e+01 -1.1935e+01 -1.1351e+01
5.7596e+00 2.3562e+00 -2.9503e+01 -1.7838e+01 -1.0887e+01
5.7596e+00 2.6180e+00 -3.0482e+01 -2.0160e+01 -9.2612e+00
5.7596e+00 2.8798e+00 -3.2272e+01 -2.5908e+01 -7.3953e+00
5.7596e+00 3.1416e+00 -3.5994e+01 -2.8530e+01 -6.6330e+00
5.7596e+00 3.1416e+00 -3.5994e+01 -2.8530e+01 -6.6330e+00
5.7596e+00 3.4034e+00 -4.2039e+01 -2.3836e+01 -7.5347e+00
5.7596e+00 3.6652e+00 -4.7715e+01 -1.7992e+01 -9.2774e+00
5.7596e+00 3.9270e+00 -4.9244e+01 -1.3827e+01 -1.0546e+01
5.7596e+00 4.1888e+00 -4.3537e+01 -1.2457e+01 -1.1295e+01
5.7596e+00 4.4506e+00 -3.2684e+01 -1.3993e+01 -1.2148e+01
5.7596e+00 4.7124e+00 -2.4102e+01 -1.0543e+01 -1.4600e+01
5.7596e+00 4.9742e+00 -1.9822e+01 -8.3953e+00 -1.7357e+01
5.7596e+00 5.2360e+00 -2.0954e+01 -1.0821e+01 -1.9773e+01
5.7596e+00 5.4978e+00 -2.6196e+01 -1.7903e+01 -2.5140e+01
5.7596e+00 5.7596e+00 -3.2454e+01 -2.4566e+01 -3.1576e+01
5.7596e+00 6.0214e+00 -3.7700e+01 -3.1798e+01 -3.5610e+01
6.0214e+00 0.0000e+00 -4.4379e+01 -3.8856e+01 -3.2736e+01
6.0214e+00 2.6180e-01 -4.5512e+01 -3.8327e+01 -3.2738e+01
6.0214e+00 5.2360e-01 -4.5728e+01 -3.1972e+01 -2.8281e+01
6.0214e+00 7.8540e-01 -4.4943e+01 -2.5304e+01 -1.9699e+01
6.0214e+00 1.0472e+00 -4.4604e+01 -1.4439e+01 -1.1742e+01
6.0214e+00 1.3090e+00 -3.8825e+01 -4.5955e+00 -8.7029e+00
6.0214e+00 1.5708e+00 -3.3349e+01 -7.7611e-01 -9.5475e+00
6.0214e+00 1.8326e+00 -3.3301e+01 -2.9254e+00 -7.5417e+00
6.0214e+00 2.0944e+00 -3.7535e+01 -9.7256e+00 -6.2135e+00
6.0214e+00 2.3562e+00 -4.1950e+01 -1.1690e+01 -5.7391e+00
6.0214e+00 2.6180e+00 -4.4733e+01 -1.4700e+01 -4.2161e+00
6.0214e+00 2.8798e+00 -4.7721e+01 -2.0672e+01 -2.3198e+00
6.0214e+00 3.1416e+00 -5.0944e+01 -2.3506e+01 -1.5773e+00
6.0214e+00 3.1416e+00 -5.0944e+01 -2.3506e+01 -1.5773e+00
6.0214e+00 3.4034e+00 -5.3694e+01 -1.8856e+01 -2.6459e+00
6.0214e+00 3.6652e+00 -5.6411e+01 -1.3650e+01 -4.5678e+00
6.0214e+00 3.9270e+00 -5.5343e+01 -9.8361e+00 -6.0583e+00
6.0214e+00 4.1888e+00 -4.7627e+01 -9.3646e+00 -6.7113e+00
6.0214e+00 4.4506e+00 -3.6687e+01 -8.6846e+00 -7.2882e+00
6.0214e+00 4.7124e+00 -2.9056e+01 -3.6698e+00 -9.7736e+00
6.0214e+00 4.9742e+00 -2.6313e+01 -2.8917e+00 -1.1337e+01
6.0214e+00 5.2360e+00 -2.9026e+01 -7.7217e+00 -1.4099e+01
6.0214e+00 5.4978e+00 -3.4603e+01 -1.6942e+01 -2.0175e+01
6.0214e+00 5.7596e+00 -3.9549e+01 -2.4611e+01 -2.6492e+01
6.0214e+00 6.0214e+00 -4.2192e+01 -3.2033e+01 -3.0340e+01
