# restart           False
# num_threads       6
# neurons           [200, 200, 200, 200]
# batch size        128
# num_epoch         12000
# use_mix           False
# old_ratio         7
# lr_0              0.0006
# decay_steps       80
# decay_steps_inner 0
# decay_rate        0.96
# resnet            True
# graph_file        None
Begin to optimize
# start training from scratch
epoch:   0, ab_err: 3.3568e-01, rel_err: 1.4050e+01, lr: 6.0000e-04
epoch: 200, ab_err: 7.8915e-02, rel_err: 2.9713e-01, lr: 5.5296e-04
epoch: 400, ab_err: 7.8262e-02, rel_err: 2.6835e-01, lr: 4.8922e-04
epoch: 600, ab_err: 7.1541e-02, rel_err: 2.4922e-01, lr: 4.5087e-04
epoch: 800, ab_err: 8.5593e-02, rel_err: 2.6293e-01, lr: 3.9890e-04
epoch: 1000, ab_err: 7.6956e-02, rel_err: 2.6053e-01, lr: 3.6763e-04
epoch: 1200, ab_err: 7.4548e-02, rel_err: 2.6922e-01, lr: 3.2525e-04
epoch: 1400, ab_err: 6.9637e-02, rel_err: 2.4361e-01, lr: 2.9975e-04
epoch: 1600, ab_err: 6.9783e-02, rel_err: 2.4518e-01, lr: 2.6520e-04
epoch: 1800, ab_err: 7.4228e-02, rel_err: 2.6300e-01, lr: 2.4441e-04
epoch: 2000, ab_err: 6.2113e-02, rel_err: 2.2547e-01, lr: 2.1624e-04
epoch: 2200, ab_err: 6.1157e-/home/linfengz/SCR/softwares/tf_venv_r1.8/lib/python3.6/site-packages/tensorflow/python/framework/dtypes.py:519: FutureWarning: Passing (type, 1) or '1type' as a synonym of type is deprecated; in a future version of numpy, it will be understood as (type, (1,)) / '(1,)type'.
  _np_qint8 = np.dtype([("qint8", np.int8, 1)])
/home/linfengz/SCR/softwares/tf_venv_r1.8/lib/python3.6/site-packages/tensorflow/python/framework/dtypes.py:520: FutureWarning: Passing (type, 1) or '1type' as a synonym of type is deprecated; in a future version of numpy, it will be understood as (type, (1,)) / '(1,)type'.
  _np_quint8 = np.dtype([("quint8", np.uint8, 1)])
/home/linfengz/SCR/softwares/tf_venv_r1.8/lib/python3.6/site-packages/tensorflow/python/framework/dtypes.py:521: FutureWarning: Passing (type, 1) or '1type' as a synonym of type is deprecated; in a future version of numpy, it will be understood as (type, (1,)) / '(1,)type'.
  _np_qint16 = np.dtype([("qint16", np.int16, 1)])
/home/linfengz/SCR/softwares/tf_venv_r1.8/lib/python3.6/site-packages/tensorflow/python/framework/dtypes.py:522: FutureWarning: Passing (type, 1) or '1type' as a synonym of type is deprecated; in a future version of numpy, it will be understood as (type, (1,)) / '(1,)type'.
  _np_quint16 = np.dtype([("quint16", np.uint16, 1)])
/home/linfengz/SCR/softwares/tf_venv_r1.8/lib/python3.6/site-packages/tensorflow/python/framework/dtypes.py:523: FutureWarning: Passing (type, 1) or '1type' as a synonym of type is deprecated; in a future version of numpy, it will be understood as (type, (1,)) / '(1,)type'.
  _np_qint32 = np.dtype([("qint32", np.int32, 1)])
/home/linfengz/SCR/softwares/tf_venv_r1.8/lib/python3.6/site-packages/tensorflow/python/framework/dtypes.py:528: FutureWarning: Passing (type, 1) or '1type' as a synonym of type is deprecated; in a future version of numpy, it will be understood as (type, (1,)) / '(1,)type'.
  np_resource = np.dtype([("resource", np.ubyte, 1)])
: 1.1441e-05
epoch: 8000, ab_err: 4.5482e-02, rel_err: 1.6369e-01, lr: 1.0122e-05
epoch: 8200, ab_err: 5.0214e-02, rel_err: 2.0786e-01, lr: 9.3286e-06
epoch: 8400, ab_err: 4.4838e-02, rel_err: 1.6393e-01, lr: 8.2533e-06
epoch: 8600, ab_err: 4.3509e-02, rel_err: 1.4985e-01, lr: 7.6063e-06
epoch: 8800, ab_err: 4.2265e-02, rel_err: 1.4851e-01, lr: 6.7295e-06
epoch: 9000, ab_err: 4.4112e-02, rel_err: 1.6003e-01, lr: 6.2020e-06
epoch: 9200, ab_err: 4.3289e-02, rel_err: 1.3583e-01, lr: 5.4871e-06
epoch: 9400, ab_err: 5.0174e-02, rel_err: 1.6039e-01, lr: 5.0569e-06
epoch: 9600, ab_err: 4.4968e-02, rel_err: 1.7882e-01, lr: 4.4740e-06
epoch: 9800, ab_err: 4.2637e-02, rel_err: 1.4666e-01, lr: 4.1233e-06
epoch: 10000, ab_err: 4.0275e-02, rel_err: 1.5107e-01, lr: 3.6480e-06
epoch: 10200, ab_err: 4.1689e-02, rel_err: 1.3925e-01, lr: 3.3620e-06
epoch: 10400, ab_err: 3.9190e-02, rel_err: 1.2073e-01, lr: 2.9745e-06
epoch: 10600, ab_err: 4.7737e-02, rel_err: 1.7012e-01, lr: 2.7413e-06
epoch: 10800, ab_err: 4.5147e-02, rel_err: 1.6098e-01, lr: 2.4253e-06
epoch: 11000, ab_err: 4.4421e-02, rel_err: 1.5271e-01, lr: 2.2352e-06
epoch: 11200, ab_err: 4.4720e-02, rel_err: 1.5101e-01, lr: 1.9775e-06
epoch: 11400, ab_err: 4.5118e-02, rel_err: 1.3980e-01, lr: 1.8225e-06
epoch: 11600, ab_err: 3.9681e-02, rel_err: 1.1068e-01, lr: 1.6124e-06
epoch: 11800, ab_err: 4.5484e-02, rel_err: 1.7296e-01, lr: 1.4860e-06
epoch: 12000, ab_err: 4.2420e-02, rel_err: 1.5359e-01, lr: 1.3147e-06
running time: 4213.837 s
