# restart           False
# num_threads       6
# neurons           [200, 200, 200, 200]
# batch size        128
# num_epoch         12000
# use_mix           False
# old_ratio         7
# lr_0              0.0006
# decay_steps       80
# decay_steps_inner 0
# decay_rate        0.96
# resnet            True
# graph_file        None
Begin to optimize
# start training from scratch
epoch:   0, ab_err: 3.4440e-01, rel_err: 7.2889e+00, lr: 6.0000e-04
epoch: 200, ab_err: 9.6329e-02, rel_err: 3.2893e-01, lr: 5.5296e-04
epoch: 400, ab_err: 8.4387e-02, rel_err: 2.9121e-01, lr: 4.8922e-04
epoch: 600, ab_err: 8.3093e-02, rel_err: 2.7084e-01, lr: 4.5087e-04
epoch: 800, ab_err: 7.2748e-02, rel_err: 2.0604e-01, lr: 3.9890e-04
epoch: 1000, ab_err: 8.1240e-02, rel_err: 2.5190e-01, lr: 3.6763e-04
epoch: 1200, ab_err: 8.1335e-02, rel_err: 2.5887e-01, lr: 3.2525e-04
epoch: 1400, ab_err: 7.6544e-02, rel_err: 3.2360e-01, lr: 2.9975e-04
epoch: 1600, ab_err: 7.5024e-02, rel_err: 2.3911e-01, lr: 2.6520e-04
epoch: 1800, ab_err: 6.3561e-02, rel_err: 2.1503e-01, lr: 2.4441e-04
epoch: 2000, ab_err: 6.6309e-02, rel_err: 2.0485e-01, lr: 2.1624e-04
epoch: 2200, ab_err: 5.9121e-/home/linfengz/SCR/softwares/tf_venv_r1.8/lib/python3.6/site-packages/tensorflow/python/framework/dtypes.py:519: FutureWarning: Passing (type, 1) or '1type' as a synonym of type is deprecated; in a future version of numpy, it will be understood as (type, (1,)) / '(1,)type'.
  _np_qint8 = np.dtype([("qint8", np.int8, 1)])
/home/linfengz/SCR/softwares/tf_venv_r1.8/lib/python3.6/site-packages/tensorflow/python/framework/dtypes.py:520: FutureWarning: Passing (type, 1) or '1type' as a synonym of type is deprecated; in a future version of numpy, it will be understood as (type, (1,)) / '(1,)type'.
  _np_quint8 = np.dtype([("quint8", np.uint8, 1)])
/home/linfengz/SCR/softwares/tf_venv_r1.8/lib/python3.6/site-packages/tensorflow/python/framework/dtypes.py:521: FutureWarning: Passing (type, 1) or '1type' as a synonym of type is deprecated; in a future version of numpy, it will be understood as (type, (1,)) / '(1,)type'.
  _np_qint16 = np.dtype([("qint16", np.int16, 1)])
/home/linfengz/SCR/softwares/tf_venv_r1.8/lib/python3.6/site-packages/tensorflow/python/framework/dtypes.py:522: FutureWarning: Passing (type, 1) or '1type' as a synonym of type is deprecated; in a future version of numpy, it will be understood as (type, (1,)) / '(1,)type'.
  _np_quint16 = np.dtype([("quint16", np.uint16, 1)])
/home/linfengz/SCR/softwares/tf_venv_r1.8/lib/python3.6/site-packages/tensorflow/python/framework/dtypes.py:523: FutureWarning: Passing (type, 1) or '1type' as a synonym of type is deprecated; in a future version of numpy, it will be understood as (type, (1,)) / '(1,)type'.
  _np_qint32 = np.dtype([("qint32", np.int32, 1)])
/home/linfengz/SCR/softwares/tf_venv_r1.8/lib/python3.6/site-packages/tensorflow/python/framework/dtypes.py:528: FutureWarning: Passing (type, 1) or '1type' as a synonym of type is deprecated; in a future version of numpy, it will be understood as (type, (1,)) / '(1,)type'.
  np_resource = np.dtype([("resource", np.ubyte, 1)])
: 1.1441e-05
epoch: 8000, ab_err: 4.0909e-02, rel_err: 1.2184e-01, lr: 1.0122e-05
epoch: 8200, ab_err: 3.3757e-02, rel_err: 9.7610e-02, lr: 9.3286e-06
epoch: 8400, ab_err: 3.8163e-02, rel_err: 1.3623e-01, lr: 8.2533e-06
epoch: 8600, ab_err: 3.7718e-02, rel_err: 1.1890e-01, lr: 7.6063e-06
epoch: 8800, ab_err: 4.1542e-02, rel_err: 1.3302e-01, lr: 6.7295e-06
epoch: 9000, ab_err: 4.0540e-02, rel_err: 1.2375e-01, lr: 6.2020e-06
epoch: 9200, ab_err: 3.8966e-02, rel_err: 1.2267e-01, lr: 5.4871e-06
epoch: 9400, ab_err: 3.6347e-02, rel_err: 1.0308e-01, lr: 5.0569e-06
epoch: 9600, ab_err: 4.1569e-02, rel_err: 1.3317e-01, lr: 4.4740e-06
epoch: 9800, ab_err: 3.2706e-02, rel_err: 9.9592e-02, lr: 4.1233e-06
epoch: 10000, ab_err: 4.0664e-02, rel_err: 1.4027e-01, lr: 3.6480e-06
epoch: 10200, ab_err: 3.7876e-02, rel_err: 1.1285e-01, lr: 3.3620e-06
epoch: 10400, ab_err: 3.7474e-02, rel_err: 1.1094e-01, lr: 2.9745e-06
epoch: 10600, ab_err: 4.0613e-02, rel_err: 1.2894e-01, lr: 2.7413e-06
epoch: 10800, ab_err: 3.8328e-02, rel_err: 1.1394e-01, lr: 2.4253e-06
epoch: 11000, ab_err: 3.5140e-02, rel_err: 1.1502e-01, lr: 2.2352e-06
epoch: 11200, ab_err: 3.8017e-02, rel_err: 1.1325e-01, lr: 1.9775e-06
epoch: 11400, ab_err: 3.2195e-02, rel_err: 9.6934e-02, lr: 1.8225e-06
epoch: 11600, ab_err: 3.5026e-02, rel_err: 1.1044e-01, lr: 1.6124e-06
epoch: 11800, ab_err: 3.6280e-02, rel_err: 1.0876e-01, lr: 1.4860e-06
epoch: 12000, ab_err: 3.4083e-02, rel_err: 1.1358e-01, lr: 1.3147e-06
running time: 1487.600 s
