                      :-) GROMACS - gmx mdrun, 2019.2 (-:

                            GROMACS is written by:
     Emile Apol      Rossen Apostolov      Paul Bauer     Herman J.C. Berendsen
    Par Bjelkmar      Christian Blau   Viacheslav Bolnykh     Kevin Boyd    
 Aldert van Buuren   Rudi van Drunen     Anton Feenstra       Alan Gray     
  Gerrit Groenhof     Anca Hamuraru    Vincent Hindriksen  M. Eric Irrgang  
  Aleksei Iupinov   Christoph Junghans     Joe Jordan     Dimitrios Karkoulis
    Peter Kasson        Jiri Kraus      Carsten Kutzner      Per Larsson    
  Justin A. Lemkul    Viveca Lindahl    Magnus Lundborg     Erik Marklund   
    Pascal Merz     Pieter Meulenhoff    Teemu Murtola       Szilard Pall   
    Sander Pronk      Roland Schulz      Michael Shirts    Alexey Shvetsov  
   Alfons Sijbers     Peter Tieleman      Jon Vincent      Teemu Virolainen 
 Christian Wennberg    Maarten Wolf   
                           and the project leaders:
        Mark Abraham, Berk Hess, Erik Lindahl, and David van der Spoel

Copyright (c) 1991-2000, University of Groningen, The Netherlands.
Copyright (c) 2001-2018, The GROMACS development team at
Uppsala University, Stockholm University and
the Royal Institute of Technology, Sweden.
check out http://www.gromacs.org for more information.

GROMACS is free software; you can redistribute it and/or modify it
under the terms of the GNU Lesser General Public License
as published by the Free Software Foundation; either version 2.1
of the License, or (at your option) any later version.

GROMACS:      gmx mdrun, version 2019.2
Executable:   /home/dongdong/software/GMX20192plumed/bin/gmx
Data prefix:  /home/dongdong/software/GMX20192plumed
Working dir:  /scratch/gpfs/dongdong/peptoid/chi1
Process ID:   577
Command line:
  gmx mdrun -deffnm npt -v

GROMACS version:    2019.2
Precision:          single
Memory model:       64 bit
MPI library:        thread_mpi
OpenMP support:     enabled (GMX_OPENMP_MAX_THREADS = 64)
GPU support:        CUDA
SIMD instructions:  AVX_256
FFT library:        fftw-3.3.8-sse2-avx-avx2-avx2_128
RDTSCP usage:       enabled
TNG support:        enabled
Hwloc support:      hwloc-1.11.8
Tracing support:    disabled
C compiler:         /usr/bin/cc GNU 4.8.5
C compiler flags:    -mavx     -O3 -DNDEBUG -funroll-all-loops -fexcess-precision=fast  
C++ compiler:       /usr/bin/c++ GNU 4.8.5
C++ compiler flags:  -mavx    -std=c++11   -O3 -DNDEBUG -funroll-all-loops -fexcess-precision=fast  
CUDA compiler:      /usr/local/cuda-10.1/bin/nvcc nvcc: NVIDIA (R) Cuda compiler driver;Copyright (c) 2005-2019 NVIDIA Corporation;Built on Wed_Apr_24_19:10:27_PDT_2019;Cuda compilation tools, release 10.1, V10.1.168
CUDA compiler flags:-gencode;arch=compute_30,code=sm_30;-gencode;arch=compute_35,code=sm_35;-gencode;arch=compute_37,code=sm_37;-gencode;arch=compute_50,code=sm_50;-gencode;arch=compute_52,code=sm_52;-gencode;arch=compute_60,code=sm_60;-gencode;arch=compute_61,code=sm_61;-gencode;arch=compute_70,code=sm_70;-gencode;arch=compute_75,code=compute_75;-use_fast_math;;; ;-mavx;-std=c++11;-O3;-DNDEBUG;-funroll-all-loops;-fexcess-precision=fast;
CUDA driver:        10.20
CUDA runtime:       N/A

NOTE: Detection of GPUs failed. The API reported:
      no CUDA-capable device is detected
      GROMACS cannot run tasks on a GPU.

Running on 1 node with total 40 cores, 40 logical cores, 0 compatible GPUs
Hardware detected:
  CPU info:
    Vendor: Intel
    Brand:  Intel(R) Xeon(R) Gold 6148 CPU @ 2.40GHz
    Family: 6   Model: 85   Stepping: 4
    Features: aes apic avx avx2 avx512f avx512cd avx512bw avx512vl clfsh cmov cx8 cx16 f16c fma hle htt intel lahf mmx msr nonstop_tsc pcid pclmuldq pdcm pdpe1gb popcnt pse rdrnd rdtscp rtm sse2 sse3 sse4.1 sse4.2 ssse3 tdt x2apic
    Number of AVX-512 FMA units: Cannot run AVX-512 detection - assuming 2
  Hardware topology: Full, with devices
    Sockets, cores, and logical processors:
      Socket  0: [   0] [   1] [   2] [   3] [   4] [   5] [   6] [   7] [   8] [   9] [  10] [  11] [  12] [  13] [  14] [  15] [  16] [  17] [  18] [  19]
      Socket  1: [  20] [  21] [  22] [  23] [  24] [  25] [  26] [  27] [  28] [  29] [  30] [  31] [  32] [  33] [  34] [  35] [  36] [  37] [  38] [  39]
    Numa nodes:
      Node  0 (100873314304 bytes mem):   0   1   2   3   4   5   6   7   8   9  10  11  12  13  14  15  16  17  18  19
      Node  1 (101448323072 bytes mem):  20  21  22  23  24  25  26  27  28  29  30  31  32  33  34  35  36  37  38  39
      Latency:
               0     1
         0  1.00  2.10
         1  2.10  1.00
    Caches:
      L1: 32768 bytes, linesize 64 bytes, assoc. 8, shared 1 ways
      L2: 1048576 bytes, linesize 64 bytes, assoc. 16, shared 1 ways
      L3: 28835840 bytes, linesize 64 bytes, assoc. 11, shared 20 ways
    PCI devices:
      0000:02:00.0  Id: 14e4:1657  Class: 0x0200  Numa: 0
      0000:02:00.1  Id: 14e4:1657  Class: 0x0200  Numa: 0
      0000:02:00.2  Id: 14e4:1657  Class: 0x0200  Numa: 0
      0000:02:00.3  Id: 14e4:1657  Class: 0x0200  Numa: 0
      0000:01:00.1  Id: 102b:0538  Class: 0x0300  Numa: 0
      0000:12:00.0  Id: 14e4:168e  Class: 0x0200  Numa: 0
      0000:12:00.1  Id: 14e4:168e  Class: 0x0200  Numa: 0
      0000:13:00.0  Id: 8086:24f0  Class: 0x0208  Numa: 0
      0000:5c:00.0  Id: 9005:028f  Class: 0x0107  Numa: 0
      0000:5d:00.0  Id: 15b3:1007  Class: 0x0207  Numa: 0

Highest SIMD level requested by all nodes in run: AVX_512
SIMD instructions selected at compile time:       AVX_256
This program was compiled for different hardware than you are running on,
which could influence performance.

++++ PLEASE READ AND CITE THE FOLLOWING REFERENCE ++++
M. J. Abraham, T. Murtola, R. Schulz, S. Páll, J. C. Smith, B. Hess, E.
Lindahl
GROMACS: High performance molecular simulations through multi-level
parallelism from laptops to supercomputers
SoftwareX 1 (2015) pp. 19-25
-------- -------- --- Thank You --- -------- --------


++++ PLEASE READ AND CITE THE FOLLOWING REFERENCE ++++
S. Páll, M. J. Abraham, C. Kutzner, B. Hess, E. Lindahl
Tackling Exascale Software Challenges in Molecular Dynamics Simulations with
GROMACS
In S. Markidis & E. Laure (Eds.), Solving Software Challenges for Exascale 8759 (2015) pp. 3-27
-------- -------- --- Thank You --- -------- --------


++++ PLEASE READ AND CITE THE FOLLOWING REFERENCE ++++
S. Pronk, S. Páll, R. Schulz, P. Larsson, P. Bjelkmar, R. Apostolov, M. R.
Shirts, J. C. Smith, P. M. Kasson, D. van der Spoel, B. Hess, and E. Lindahl
GROMACS 4.5: a high-throughput and highly parallel open source molecular
simulation toolkit
Bioinformatics 29 (2013) pp. 845-54
-------- -------- --- Thank You --- -------- --------


++++ PLEASE READ AND CITE THE FOLLOWING REFERENCE ++++
B. Hess and C. Kutzner and D. van der Spoel and E. Lindahl
GROMACS 4: Algorithms for highly efficient, load-balanced, and scalable
molecular simulation
J. Chem. Theory Comput. 4 (2008) pp. 435-447
-------- -------- --- Thank You --- -------- --------


++++ PLEASE READ AND CITE THE FOLLOWING REFERENCE ++++
D. van der Spoel, E. Lindahl, B. Hess, G. Groenhof, A. E. Mark and H. J. C.
Berendsen
GROMACS: Fast, Flexible and Free
J. Comp. Chem. 26 (2005) pp. 1701-1719
-------- -------- --- Thank You --- -------- --------


++++ PLEASE READ AND CITE THE FOLLOWING REFERENCE ++++
E. Lindahl and B. Hess and D. van der Spoel
GROMACS 3.0: A package for molecular simulation and trajectory analysis
J. Mol. Mod. 7 (2001) pp. 306-317
-------- -------- --- Thank You --- -------- --------


++++ PLEASE READ AND CITE THE FOLLOWING REFERENCE ++++
H. J. C. Berendsen, D. van der Spoel and R. van Drunen
GROMACS: A message-passing parallel molecular dynamics implementation
Comp. Phys. Comm. 91 (1995) pp. 43-56
-------- -------- --- Thank You --- -------- --------


++++ PLEASE CITE THE DOI FOR THIS VERSION OF GROMACS ++++
https://doi.org/10.5281/zenodo.2636382
-------- -------- --- Thank You --- -------- --------

Input Parameters:
   integrator                     = md
   tinit                          = 0
   dt                             = 0.002
   nsteps                         = 250000
   init-step                      = 0
   simulation-part                = 1
   comm-mode                      = Linear
   nstcomm                        = 100
   bd-fric                        = 0
   ld-seed                        = 807718846
   emtol                          = 10
   emstep                         = 0.01
   niter                          = 20
   fcstep                         = 0
   nstcgsteep                     = 1000
   nbfgscorr                      = 10
   rtpi                           = 0.05
   nstxout                        = 10000
   nstvout                        = 10000
   nstfout                        = 0
   nstlog                         = 10000
   nstcalcenergy                  = 100
   nstenergy                      = 10000
   nstxout-compressed             = 0
   compressed-x-precision         = 1000
   cutoff-scheme                  = Verlet
   nstlist                        = 10
   ns-type                        = Grid
   pbc                            = xyz
   periodic-molecules             = false
   verlet-buffer-tolerance        = 0.005
   rlist                          = 1
   coulombtype                    = PME
   coulomb-modifier               = Potential-shift
   rcoulomb-switch                = 0
   rcoulomb                       = 1
   epsilon-r                      = 1
   epsilon-rf                     = inf
   vdw-type                       = Cut-off
   vdw-modifier                   = Potential-shift
   rvdw-switch                    = 0
   rvdw                           = 1
   DispCorr                       = EnerPres
   table-extension                = 1
   fourierspacing                 = 0.12
   fourier-nx                     = 25
   fourier-ny                     = 25
   fourier-nz                     = 25
   pme-order                      = 4
   ewald-rtol                     = 1e-05
   ewald-rtol-lj                  = 0.001
   lj-pme-comb-rule               = Geometric
   ewald-geometry                 = 0
   epsilon-surface                = 0
   tcoupl                         = V-rescale
   nsttcouple                     = 10
   nh-chain-length                = 0
   print-nose-hoover-chain-variables = false
   pcoupl                         = Parrinello-Rahman
   pcoupltype                     = Isotropic
   nstpcouple                     = 10
   tau-p                          = 2
   compressibility (3x3):
      compressibility[    0]={ 4.50000e-05,  0.00000e+00,  0.00000e+00}
      compressibility[    1]={ 0.00000e+00,  4.50000e-05,  0.00000e+00}
      compressibility[    2]={ 0.00000e+00,  0.00000e+00,  4.50000e-05}
   ref-p (3x3):
      ref-p[    0]={ 1.00000e+00,  0.00000e+00,  0.00000e+00}
      ref-p[    1]={ 0.00000e+00,  1.00000e+00,  0.00000e+00}
      ref-p[    2]={ 0.00000e+00,  0.00000e+00,  1.00000e+00}
   refcoord-scaling               = COM
   posres-com (3):
      posres-com[0]= 0.00000e+00
      posres-com[1]= 0.00000e+00
      posres-com[2]= 0.00000e+00
   posres-comB (3):
      posres-comB[0]= 0.00000e+00
      posres-comB[1]= 0.00000e+00
      posres-comB[2]= 0.00000e+00
   QMMM                           = false
   QMconstraints                  = 0
   QMMMscheme                     = 0
   MMChargeScaleFactor            = 1
qm-opts:
   ngQM                           = 0
   constraint-algorithm           = Lincs
   continuation                   = true
   Shake-SOR                      = false
   shake-tol                      = 0.0001
   lincs-order                    = 4
   lincs-iter                     = 1
   lincs-warnangle                = 30
   nwall                          = 0
   wall-type                      = 9-3
   wall-r-linpot                  = -1
   wall-atomtype[0]               = -1
   wall-atomtype[1]               = -1
   wall-density[0]                = 0
   wall-density[1]                = 0
   wall-ewald-zfac                = 3
   pull                           = false
   awh                            = false
   rotation                       = false
   interactiveMD                  = false
   disre                          = No
   disre-weighting                = Conservative
   disre-mixed                    = false
   dr-fc                          = 1000
   dr-tau                         = 0
   nstdisreout                    = 100
   orire-fc                       = 0
   orire-tau                      = 0
   nstorireout                    = 100
   free-energy                    = no
   cos-acceleration               = 0
   deform (3x3):
      deform[    0]={ 0.00000e+00,  0.00000e+00,  0.00000e+00}
      deform[    1]={ 0.00000e+00,  0.00000e+00,  0.00000e+00}
      deform[    2]={ 0.00000e+00,  0.00000e+00,  0.00000e+00}
   simulated-tempering            = false
   swapcoords                     = no
   userint1                       = 0
   userint2                       = 0
   userint3                       = 0
   userint4                       = 0
   userreal1                      = 0
   userreal2                      = 0
   userreal3                      = 0
   userreal4                      = 0
   applied-forces:
     electric-field:
       x:
         E0                       = 0
         omega                    = 0
         t0                       = 0
         sigma                    = 0
       y:
         E0                       = 0
         omega                    = 0
         t0                       = 0
         sigma                    = 0
       z:
         E0                       = 0
         omega                    = 0
         t0                       = 0
         sigma                    = 0
grpopts:
   nrdf:     93.9163     3273.08
   ref-t:         298         298
   tau-t:         0.1         0.1
annealing:          No          No
annealing-npoints:           0           0
   acc:	           0           0           0
   nfreeze:           N           N           N
   energygrp-flags[  0]: 0

Changing nstlist from 10 to 50, rlist from 1 to 1.108


Initializing Domain Decomposition on 16 ranks
Dynamic load balancing: locked
Minimum cell size due to atom displacement: 0.449 nm
Initial maximum distances in bonded interactions:
    two-body bonded interactions: 0.385 nm, LJ-14, atoms 8 35
  multi-body bonded interactions: 0.385 nm, Proper Dih., atoms 8 35
Minimum cell size due to bonded interactions: 0.424 nm
Maximum distance for 5 constraints, at 120 deg. angles, all-trans: 0.222 nm
Estimated maximum distance required for P-LINCS: 0.222 nm
Using 0 separate PME ranks, as there are too few total
 ranks for efficient splitting
Scaling the initial minimum size with 1/0.8 (option -dds) = 1.25
Optimizing the DD grid for 16 cells with a minimum initial size of 0.561 nm
The maximum allowed number of cells is: X 4 Y 4 Z 3
Domain decomposition grid 4 x 4 x 1, separate PME ranks 0
PME domain decomposition: 4 x 4 x 1
Domain decomposition rank 0, coordinates 0 0 0

The initial number of communication pulses is: X 2 Y 2
The initial domain decomposition cell size is: X 0.59 nm Y 0.59 nm

The maximum allowed distance for atoms involved in interactions is:
                 non-bonded interactions           1.108 nm
(the following are initial values, they could change due to box deformation)
            two-body bonded interactions  (-rdd)   1.108 nm
          multi-body bonded interactions  (-rdd)   0.593 nm
  atoms separated by up to 5 constraints  (-rcon)  0.593 nm

When dynamic load balancing gets turned on, these settings will change to:
The maximum number of communication pulses is: X 3 Y 3
The minimum size for domain decomposition cells is 0.475 nm
The requested allowed shrink of DD cells (option -dds) is: 0.80
The allowed shrink of domain decomposition cells is: X 0.80 Y 0.80
The maximum allowed distance for atoms involved in interactions is:
                 non-bonded interactions           1.108 nm
            two-body bonded interactions  (-rdd)   1.108 nm
          multi-body bonded interactions  (-rdd)   0.475 nm
  atoms separated by up to 5 constraints  (-rcon)  0.475 nm

Using 16 MPI threads
Using 2 OpenMP threads per tMPI thread

Pinning threads with an auto-selected logical core stride of 1
System total charge: 0.000
Will do PME sum in reciprocal space for electrostatic interactions.

++++ PLEASE READ AND CITE THE FOLLOWING REFERENCE ++++
U. Essmann, L. Perera, M. L. Berkowitz, T. Darden, H. Lee and L. G. Pedersen 
A smooth particle mesh Ewald method
J. Chem. Phys. 103 (1995) pp. 8577-8592
-------- -------- --- Thank You --- -------- --------

Using a Gaussian width (1/beta) of 0.320163 nm for Ewald
Potential shift: LJ r^-12: -1.000e+00 r^-6: -1.000e+00, Ewald -1.000e-05
Initialized non-bonded Ewald correction tables, spacing: 9.33e-04 size: 1073

Long Range LJ corr.: <C6> 3.0595e-04
Generated table with 1054 data points for Ewald.
Tabscale = 500 points/nm
Generated table with 1054 data points for LJ6.
Tabscale = 500 points/nm
Generated table with 1054 data points for LJ12.
Tabscale = 500 points/nm
Generated table with 1054 data points for 1-4 COUL.
Tabscale = 500 points/nm
Generated table with 1054 data points for 1-4 LJ6.
Tabscale = 500 points/nm
Generated table with 1054 data points for 1-4 LJ12.
Tabscale = 500 points/nm

Using SIMD 4x4 nonbonded short-range kernels

Using a dual 4x4 pair-list setup updated with dynamic pruning:
  outer list: updated every 50 steps, buffer 0.108 nm, rlist 1.108 nm
  inner list: updated every 12 steps, buffer 0.002 nm, rlist 1.002 nm
At tolerance 0.005 kJ/mol/ps per atom, equivalent classical 1x1 list would be:
  outer list: updated every 50 steps, buffer 0.233 nm, rlist 1.233 nm
  inner list: updated every 12 steps, buffer 0.047 nm, rlist 1.047 nm

Using Lorentz-Berthelot Lennard-Jones combination rule


Initializing Parallel LINear Constraint Solver

++++ PLEASE READ AND CITE THE FOLLOWING REFERENCE ++++
B. Hess
P-LINCS: A Parallel Linear Constraint Solver for molecular simulation
J. Chem. Theory Comput. 4 (2008) pp. 116-122
-------- -------- --- Thank You --- -------- --------

The number of constraints is 20
There are constraints between atoms in different decomposition domains,
will communicate selected coordinates each lincs iteration

++++ PLEASE READ AND CITE THE FOLLOWING REFERENCE ++++
S. Miyamoto and P. A. Kollman
SETTLE: An Analytical Version of the SHAKE and RATTLE Algorithms for Rigid
Water Models
J. Comp. Chem. 13 (1992) pp. 952-962
-------- -------- --- Thank You --- -------- --------


Linking all bonded interactions to atoms


Intra-simulation communication will occur every 10 steps.
Center of mass motion removal mode is Linear
We have the following groups for center of mass motion removal:
  0:  rest

++++ PLEASE READ AND CITE THE FOLLOWING REFERENCE ++++
G. Bussi, D. Donadio and M. Parrinello
Canonical sampling through velocity rescaling
J. Chem. Phys. 126 (2007) pp. 014101
-------- -------- --- Thank You --- -------- --------

There are: 1676 Atoms
Atom distribution over 16 domains: av 104 stddev 15 min 94 max 122

Started mdrun on rank 0 Fri Jun  5 16:27:40 2020

           Step           Time
              0        0.00000

   Energies (kJ/mol)
           Bond            U-B    Proper Dih.  Improper Dih.          LJ-14
    2.93630e+01    6.55445e+01    3.21409e+01    2.56862e+00    6.66872e+01
     Coulomb-14        LJ (SR)  Disper. corr.   Coulomb (SR)   Coul. recip.
    2.65145e+02    2.17125e+03   -2.07043e+02   -2.48632e+04    1.53756e+02
      Potential    Kinetic En.   Total Energy  Conserved En.    Temperature
   -2.22838e+04    3.93733e+03   -1.83465e+04   -1.83454e+04    2.81290e+02
 Pres. DC (bar) Pressure (bar)   Constr. rmsd
   -1.98223e+02   -1.89211e+03    2.56345e-06


DD  step 49 load imb.: force 10.2%

step 150 Turning on dynamic load balancing, because the performance loss due to load imbalance is 2.9 %.
step 3000 Turning off dynamic load balancing, because it is degrading performance.
Atom distribution over 16 domains: av 104 stddev 14 min 97 max 114
step 5000 Will no longer try dynamic load balancing, as it degraded performance.

DD  step 9999 load imb.: force  5.6%
           Step           Time
          10000       20.00000

   Energies (kJ/mol)
           Bond            U-B    Proper Dih.  Improper Dih.          LJ-14
    2.07395e+01    1.08940e+02    3.97539e+01    4.64924e+00    7.00394e+01
     Coulomb-14        LJ (SR)  Disper. corr.   Coulomb (SR)   Coul. recip.
    2.57326e+02    2.32493e+03   -2.20361e+02   -2.52387e+04    1.16760e+02
      Potential    Kinetic En.   Total Energy  Conserved En.    Temperature
   -2.25159e+04    4.21773e+03   -1.82982e+04   -1.83255e+04    3.01323e+02
 Pres. DC (bar) Pressure (bar)   Constr. rmsd
   -2.24510e+02   -4.42877e+02    2.98393e-06


DD  step 19999 load imb.: force  6.0%
           Step           Time
          20000       40.00000

   Energies (kJ/mol)
           Bond            U-B    Proper Dih.  Improper Dih.          LJ-14
    2.93689e+01    9.25398e+01    3.36445e+01    2.74046e+00    6.09634e+01
     Coulomb-14        LJ (SR)  Disper. corr.   Coulomb (SR)   Coul. recip.
    2.61579e+02    2.48432e+03   -2.15103e+02   -2.54019e+04    1.23671e+02
      Potential    Kinetic En.   Total Energy  Conserved En.    Temperature
   -2.25282e+04    3.96697e+03   -1.85612e+04   -1.82836e+04    2.83407e+02
 Pres. DC (bar) Pressure (bar)   Constr. rmsd
   -2.13935e+02   -2.52617e+02    1.94853e-06


DD  step 29999 load imb.: force  5.6%
           Step           Time
          30000       60.00000

   Energies (kJ/mol)
           Bond            U-B    Proper Dih.  Improper Dih.          LJ-14
    3.13224e+01    9.09977e+01    3.69936e+01    1.07835e+00    6.90635e+01
     Coulomb-14        LJ (SR)  Disper. corr.   Coulomb (SR)   Coul. recip.
    2.59006e+02    2.73718e+03   -2.21240e+02   -2.56144e+04    1.38812e+02
      Potential    Kinetic En.   Total Energy  Conserved En.    Temperature
   -2.24712e+04    4.12427e+03   -1.83469e+04   -1.82611e+04    2.94645e+02
 Pres. DC (bar) Pressure (bar)   Constr. rmsd
   -2.26302e+02    1.25749e+03    2.09110e-06


DD  step 39999 load imb.: force 11.9%
           Step           Time
          40000       80.00000

   Energies (kJ/mol)
           Bond            U-B    Proper Dih.  Improper Dih.          LJ-14
    2.84537e+01    9.39429e+01    2.08622e+01    1.96109e-02    8.45039e+01
     Coulomb-14        LJ (SR)  Disper. corr.   Coulomb (SR)   Coul. recip.
    2.62189e+02    2.24388e+03   -2.18562e+02   -2.50417e+04    1.30467e+02
      Potential    Kinetic En.   Total Energy  Conserved En.    Temperature
   -2.23959e+04    4.12459e+03   -1.82713e+04   -1.82333e+04    2.94669e+02
 Pres. DC (bar) Pressure (bar)   Constr. rmsd
   -2.20863e+02   -5.79393e+02    2.51942e-06


DD  step 49999 load imb.: force 10.1%
           Step           Time
          50000      100.00000

   Energies (kJ/mol)
           Bond            U-B    Proper Dih.  Improper Dih.          LJ-14
    3.71996e+01    1.19634e+02    3.39879e+01    1.32527e+00    7.43335e+01
     Coulomb-14        LJ (SR)  Disper. corr.   Coulomb (SR)   Coul. recip.
    2.69467e+02    2.35546e+03   -2.18947e+02   -2.50665e+04    1.51715e+02
      Potential    Kinetic En.   Total Energy  Conserved En.    Temperature
   -2.22424e+04    4.07302e+03   -1.81694e+04   -1.82105e+04    2.90984e+02
 Pres. DC (bar) Pressure (bar)   Constr. rmsd
   -2.21642e+02   -1.75606e+01    1.91339e-06


DD  step 59999 load imb.: force  7.6%
           Step           Time
          60000      120.00000

   Energies (kJ/mol)
           Bond            U-B    Proper Dih.  Improper Dih.          LJ-14
    2.86404e+01    8.58320e+01    2.19333e+01    3.26939e+00    8.72962e+01
     Coulomb-14        LJ (SR)  Disper. corr.   Coulomb (SR)   Coul. recip.
    2.60045e+02    2.63418e+03   -2.23054e+02   -2.56214e+04    1.33618e+02
      Potential    Kinetic En.   Total Energy  Conserved En.    Temperature
   -2.25897e+04    4.12338e+03   -1.84663e+04   -1.82084e+04    2.94582e+02
 Pres. DC (bar) Pressure (bar)   Constr. rmsd
   -2.30024e+02    1.37893e+03    1.67943e-06


DD  step 69999 load imb.: force  8.8%
           Step           Time
          70000      140.00000

   Energies (kJ/mol)
           Bond            U-B    Proper Dih.  Improper Dih.          LJ-14
    4.97373e+01    8.34389e+01    5.55407e+01    1.38558e+00    7.25170e+01
     Coulomb-14        LJ (SR)  Disper. corr.   Coulomb (SR)   Coul. recip.
    2.53465e+02    2.45007e+03   -2.20254e+02   -2.51017e+04    1.40705e+02
      Potential    Kinetic En.   Total Energy  Conserved En.    Temperature
   -2.22151e+04    4.05691e+03   -1.81582e+04   -1.81905e+04    2.89833e+02
 Pres. DC (bar) Pressure (bar)   Constr. rmsd
   -2.24292e+02    2.17893e+02    3.29501e-06


DD  step 79999 load imb.: force 11.7%
           Step           Time
          80000      160.00000

   Energies (kJ/mol)
           Bond            U-B    Proper Dih.  Improper Dih.          LJ-14
    3.41869e+01    9.62819e+01    3.24333e+01    8.45083e-01    6.60340e+01
     Coulomb-14        LJ (SR)  Disper. corr.   Coulomb (SR)   Coul. recip.
    2.67845e+02    2.78441e+03   -2.24846e+02   -2.56607e+04    1.47187e+02
      Potential    Kinetic En.   Total Energy  Conserved En.    Temperature
   -2.24564e+04    4.17532e+03   -1.82810e+04   -1.81679e+04    2.98293e+02
 Pres. DC (bar) Pressure (bar)   Constr. rmsd
   -2.33730e+02    1.80061e+03    2.42632e-06


DD  step 89999 load imb.: force  9.5%
           Step           Time
          90000      180.00000

   Energies (kJ/mol)
           Bond            U-B    Proper Dih.  Improper Dih.          LJ-14
    4.09342e+01    9.10972e+01    3.71791e+01    5.16583e+00    6.49485e+01
     Coulomb-14        LJ (SR)  Disper. corr.   Coulomb (SR)   Coul. recip.
    2.65596e+02    2.36215e+03   -2.19336e+02   -2.52955e+04    1.34388e+02
      Potential    Kinetic En.   Total Energy  Conserved En.    Temperature
   -2.25134e+04    4.18035e+03   -1.83330e+04   -1.81582e+04    2.98652e+02
 Pres. DC (bar) Pressure (bar)   Constr. rmsd
   -2.22428e+02   -6.54191e+02    4.10189e-06


DD  step 99999 load imb.: force  7.7%
           Step           Time
         100000      200.00000

   Energies (kJ/mol)
           Bond            U-B    Proper Dih.  Improper Dih.          LJ-14
    4.44335e+01    1.11923e+02    4.09399e+01    3.24465e+00    6.36289e+01
     Coulomb-14        LJ (SR)  Disper. corr.   Coulomb (SR)   Coul. recip.
    2.52326e+02    2.45153e+03   -2.16568e+02   -2.53264e+04    1.23471e+02
      Potential    Kinetic En.   Total Energy  Conserved En.    Temperature
   -2.24515e+04    4.19246e+03   -1.82590e+04   -1.81255e+04    2.99517e+02
 Pres. DC (bar) Pressure (bar)   Constr. rmsd
   -2.16857e+02   -4.78648e+02    2.39285e-06


DD  step 109999 load imb.: force  7.0%
           Step           Time
         110000      220.00000

   Energies (kJ/mol)
           Bond            U-B    Proper Dih.  Improper Dih.          LJ-14
    3.73677e+01    6.89645e+01    4.82619e+01    1.06871e+00    6.98978e+01
     Coulomb-14        LJ (SR)  Disper. corr.   Coulomb (SR)   Coul. recip.
    2.67528e+02    2.49939e+03   -2.16134e+02   -2.54579e+04    1.35995e+02
      Potential    Kinetic En.   Total Energy  Conserved En.    Temperature
   -2.25456e+04    4.23032e+03   -1.83153e+04   -1.80950e+04    3.02222e+02
 Pres. DC (bar) Pressure (bar)   Constr. rmsd
   -2.15989e+02   -3.44724e+02    1.44853e-06


DD  step 119999 load imb.: force  7.9%
           Step           Time
         120000      240.00000

   Energies (kJ/mol)
           Bond            U-B    Proper Dih.  Improper Dih.          LJ-14
    4.48354e+01    9.52973e+01    3.85001e+01    4.83626e+00    6.95258e+01
     Coulomb-14        LJ (SR)  Disper. corr.   Coulomb (SR)   Coul. recip.
    2.54143e+02    2.36300e+03   -2.14456e+02   -2.50110e+04    1.36045e+02
      Potential    Kinetic En.   Total Energy  Conserved En.    Temperature
   -2.22193e+04    4.19424e+03   -1.80250e+04   -1.80747e+04    2.99644e+02
 Pres. DC (bar) Pressure (bar)   Constr. rmsd
   -2.12653e+02   -6.81097e+02    2.48313e-06


DD  step 129999 load imb.: force  6.9%
           Step           Time
         130000      260.00000

   Energies (kJ/mol)
           Bond            U-B    Proper Dih.  Improper Dih.          LJ-14
    5.44503e+01    9.54747e+01    3.59048e+01    3.23947e+00    6.67612e+01
     Coulomb-14        LJ (SR)  Disper. corr.   Coulomb (SR)   Coul. recip.
    2.51011e+02    2.29950e+03   -2.18076e+02   -2.52303e+04    1.27574e+02
      Potential    Kinetic En.   Total Energy  Conserved En.    Temperature
   -2.25145e+04    4.31024e+03   -1.82043e+04   -1.80457e+04    3.07931e+02
 Pres. DC (bar) Pressure (bar)   Constr. rmsd
   -2.19883e+02   -1.12374e+03    2.05264e-06


DD  step 139999 load imb.: force  7.4%
           Step           Time
         140000      280.00000

   Energies (kJ/mol)
           Bond            U-B    Proper Dih.  Improper Dih.          LJ-14
    3.59028e+01    9.00172e+01    4.00522e+01    3.33102e+00    6.85894e+01
     Coulomb-14        LJ (SR)  Disper. corr.   Coulomb (SR)   Coul. recip.
    2.63183e+02    2.31198e+03   -2.18019e+02   -2.54175e+04    1.48521e+02
      Potential    Kinetic En.   Total Energy  Conserved En.    Temperature
   -2.26740e+04    4.15986e+03   -1.85141e+04   -1.80191e+04    2.97188e+02
 Pres. DC (bar) Pressure (bar)   Constr. rmsd
   -2.19769e+02   -1.04980e+03    1.66440e-06


DD  step 149999 load imb.: force  8.3%
           Step           Time
         150000      300.00000

   Energies (kJ/mol)
           Bond            U-B    Proper Dih.  Improper Dih.          LJ-14
    4.37825e+01    9.56691e+01    3.17659e+01    7.14794e-01    6.40422e+01
     Coulomb-14        LJ (SR)  Disper. corr.   Coulomb (SR)   Coul. recip.
    2.73275e+02    2.25012e+03   -2.18752e+02   -2.50680e+04    1.40752e+02
      Potential    Kinetic En.   Total Energy  Conserved En.    Temperature
   -2.23866e+04    4.26812e+03   -1.81185e+04   -1.79907e+04    3.04922e+02
 Pres. DC (bar) Pressure (bar)   Constr. rmsd
   -2.21247e+02   -1.04582e+03    3.56082e-06


DD  step 159999 load imb.: force  7.6%
           Step           Time
         160000      320.00000

   Energies (kJ/mol)
           Bond            U-B    Proper Dih.  Improper Dih.          LJ-14
    4.96231e+01    7.92621e+01    3.16691e+01    8.97418e-01    6.17691e+01
     Coulomb-14        LJ (SR)  Disper. corr.   Coulomb (SR)   Coul. recip.
    2.51767e+02    2.29343e+03   -2.18397e+02   -2.50784e+04    1.29622e+02
      Potential    Kinetic En.   Total Energy  Conserved En.    Temperature
   -2.23987e+04    4.19244e+03   -1.82063e+04   -1.79804e+04    2.99515e+02
 Pres. DC (bar) Pressure (bar)   Constr. rmsd
   -2.20529e+02   -9.22851e+02    2.19940e-06


DD  step 169999 load imb.: force  8.1%
           Step           Time
         170000      340.00000

   Energies (kJ/mol)
           Bond            U-B    Proper Dih.  Improper Dih.          LJ-14
    3.94361e+01    7.29266e+01    3.74788e+01    3.80799e-01    6.90494e+01
     Coulomb-14        LJ (SR)  Disper. corr.   Coulomb (SR)   Coul. recip.
    2.64948e+02    2.38782e+03   -2.17212e+02   -2.51622e+04    1.33502e+02
      Potential    Kinetic En.   Total Energy  Conserved En.    Temperature
   -2.23738e+04    4.20539e+03   -1.81685e+04   -1.79601e+04    3.00441e+02
 Pres. DC (bar) Pressure (bar)   Constr. rmsd
   -2.18146e+02   -3.75206e+02    4.19493e-06


DD  step 179999 load imb.: force  6.7%
           Step           Time
         180000      360.00000

   Energies (kJ/mol)
           Bond            U-B    Proper Dih.  Improper Dih.          LJ-14
    3.16033e+01    9.14436e+01    4.15864e+01    5.96120e+00    6.70661e+01
     Coulomb-14        LJ (SR)  Disper. corr.   Coulomb (SR)   Coul. recip.
    2.67374e+02    2.54037e+03   -2.14292e+02   -2.55504e+04    1.34630e+02
      Potential    Kinetic En.   Total Energy  Conserved En.    Temperature
   -2.25847e+04    4.09101e+03   -1.84936e+04   -1.79292e+04    2.92269e+02
 Pres. DC (bar) Pressure (bar)   Constr. rmsd
   -2.12327e+02   -3.65833e+02    1.27015e-06


DD  step 189999 load imb.: force  9.2%
           Step           Time
         190000      380.00000

   Energies (kJ/mol)
           Bond            U-B    Proper Dih.  Improper Dih.          LJ-14
    5.03451e+01    8.16237e+01    5.08215e+01    2.71641e+00    6.33498e+01
     Coulomb-14        LJ (SR)  Disper. corr.   Coulomb (SR)   Coul. recip.
    2.71280e+02    2.57084e+03   -2.18597e+02   -2.55999e+04    1.51612e+02
      Potential    Kinetic En.   Total Energy  Conserved En.    Temperature
   -2.25759e+04    4.27608e+03   -1.82998e+04   -1.79172e+04    3.05491e+02
 Pres. DC (bar) Pressure (bar)   Constr. rmsd
   -2.20934e+02   -1.36184e+02    1.51529e-06


DD  step 199999 load imb.: force 11.4%
           Step           Time
         200000      400.00000

   Energies (kJ/mol)
           Bond            U-B    Proper Dih.  Improper Dih.          LJ-14
    2.83486e+01    1.13993e+02    2.78839e+01    4.24097e+00    7.46923e+01
     Coulomb-14        LJ (SR)  Disper. corr.   Coulomb (SR)   Coul. recip.
    2.61597e+02    2.26403e+03   -2.19706e+02   -2.52198e+04    1.21480e+02
      Potential    Kinetic En.   Total Energy  Conserved En.    Temperature
   -2.25432e+04    4.30650e+03   -1.82367e+04   -1.78867e+04    3.07664e+02
 Pres. DC (bar) Pressure (bar)   Constr. rmsd
   -2.23179e+02   -4.44187e+02    6.37519e-07


DD  step 209999 load imb.: force  8.4%
           Step           Time
         210000      420.00000

   Energies (kJ/mol)
           Bond            U-B    Proper Dih.  Improper Dih.          LJ-14
    3.08281e+01    1.05716e+02    4.16805e+01    3.08135e+00    7.71348e+01
     Coulomb-14        LJ (SR)  Disper. corr.   Coulomb (SR)   Coul. recip.
    2.60920e+02    2.61737e+03   -2.19955e+02   -2.54785e+04    1.43719e+02
      Potential    Kinetic En.   Total Energy  Conserved En.    Temperature
   -2.24180e+04    4.37067e+03   -1.80473e+04   -1.78535e+04    3.12249e+02
 Pres. DC (bar) Pressure (bar)   Constr. rmsd
   -2.23685e+02    1.05783e+03    4.64930e-06


DD  step 219999 load imb.: force  6.9%
           Step           Time
         220000      440.00000

   Energies (kJ/mol)
           Bond            U-B    Proper Dih.  Improper Dih.          LJ-14
    4.77731e+01    9.82298e+01    3.25434e+01    1.68190e+00    6.99152e+01
     Coulomb-14        LJ (SR)  Disper. corr.   Coulomb (SR)   Coul. recip.
    2.53343e+02    2.21524e+03   -2.18907e+02   -2.50728e+04    1.37813e+02
      Potential    Kinetic En.   Total Energy  Conserved En.    Temperature
   -2.24351e+04    4.33533e+03   -1.80998e+04   -1.78327e+04    3.09724e+02
 Pres. DC (bar) Pressure (bar)   Constr. rmsd
   -2.21561e+02   -8.25307e+02    3.36032e-06


DD  step 229999 load imb.: force  6.9%
           Step           Time
         230000      460.00000

   Energies (kJ/mol)
           Bond            U-B    Proper Dih.  Improper Dih.          LJ-14
    5.12805e+01    1.09571e+02    3.77653e+01    2.18386e+00    6.83813e+01
     Coulomb-14        LJ (SR)  Disper. corr.   Coulomb (SR)   Coul. recip.
    2.54461e+02    2.34080e+03   -2.15262e+02   -2.50812e+04    1.43286e+02
      Potential    Kinetic En.   Total Energy  Conserved En.    Temperature
   -2.22888e+04    4.25630e+03   -1.80325e+04   -1.78177e+04    3.04078e+02
 Pres. DC (bar) Pressure (bar)   Constr. rmsd
   -2.14251e+02   -6.22749e+02    2.43993e-06


DD  step 239999 load imb.: force  7.1%
           Step           Time
         240000      480.00000

   Energies (kJ/mol)
           Bond            U-B    Proper Dih.  Improper Dih.          LJ-14
    1.75327e+01    8.10797e+01    2.67102e+01    3.90958e-01    8.00533e+01
     Coulomb-14        LJ (SR)  Disper. corr.   Coulomb (SR)   Coul. recip.
    2.52986e+02    2.64053e+03   -2.25041e+02   -2.56733e+04    1.27790e+02
      Potential    Kinetic En.   Total Energy  Conserved En.    Temperature
   -2.26712e+04    4.26459e+03   -1.84066e+04   -1.77955e+04    3.04670e+02
 Pres. DC (bar) Pressure (bar)   Constr. rmsd
   -2.34137e+02    1.33626e+03    3.58802e-06


DD  step 249999 load imb.: force  6.5%
           Step           Time
         250000      500.00000

Writing checkpoint, step 250000 at Fri Jun  5 16:29:01 2020


   Energies (kJ/mol)
           Bond            U-B    Proper Dih.  Improper Dih.          LJ-14
    3.31269e+01    1.01588e+02    2.52870e+01    1.52710e+00    7.57366e+01
     Coulomb-14        LJ (SR)  Disper. corr.   Coulomb (SR)   Coul. recip.
    2.57719e+02    2.35798e+03   -2.13317e+02   -2.52908e+04    1.47502e+02
      Potential    Kinetic En.   Total Energy  Conserved En.    Temperature
   -2.25036e+04    4.24071e+03   -1.82629e+04   -1.77579e+04    3.02964e+02
 Pres. DC (bar) Pressure (bar)   Constr. rmsd
   -2.10402e+02   -6.42353e+02    3.68663e-06

	<======  ###############  ==>
	<====  A V E R A G E S  ====>
	<==  ###############  ======>

	Statistics over 250001 steps using 2501 frames

   Energies (kJ/mol)
           Bond            U-B    Proper Dih.  Improper Dih.          LJ-14
    3.79855e+01    8.92190e+01    3.50757e+01    2.15672e+00    6.98246e+01
     Coulomb-14        LJ (SR)  Disper. corr.   Coulomb (SR)   Coul. recip.
    2.62567e+02    2.48592e+03   -2.18390e+02   -2.53553e+04    1.35224e+02
      Potential    Kinetic En.   Total Energy  Conserved En.    Temperature
   -2.24557e+04    4.17169e+03   -1.82840e+04   -1.80556e+04    2.98033e+02
 Pres. DC (bar) Pressure (bar)   Constr. rmsd
   -2.20552e+02    7.25354e-03    0.00000e+00

          Box-X          Box-Y          Box-Z
    2.85564e+00    2.85564e+00    2.01924e+00

   Total Virial (kJ/mol)
    1.39129e+03   -5.67999e-02    6.02202e+00
   -7.81589e-02    1.39202e+03    3.22318e+00
    6.01185e+00    3.21738e+00    1.39322e+03

   Pressure (bar)
    1.94983e+00   -4.12595e+00   -8.11714e+00
   -4.08388e+00    8.41404e-01   -7.19289e+00
   -8.09697e+00   -7.18087e+00   -2.76947e+00

    T-non-Water        T-Water
    2.97903e+02    2.98037e+02


	M E G A - F L O P S   A C C O U N T I N G

 NB=Group-cutoff nonbonded kernels    NxN=N-by-N cluster Verlet kernels
 RF=Reaction-Field  VdW=Van der Waals  QSTab=quadratic-spline table
 W3=SPC/TIP3p  W4=TIP4p (single or pairs)
 V&F=Potential and force  V=Potential only  F=Force only

 Computing:                               M-Number         M-Flops  % Flops
-----------------------------------------------------------------------------
 Pair Search distance check            4002.398742       36021.589     0.2
 NxN Ewald Elec. + LJ [F]            260314.500952    17180757.063    79.9
 NxN Ewald Elec. + LJ [V&F]            2630.213152      281432.807     1.3
 NxN Ewald Elec. [F]                  44624.938824     2722121.268    12.7
 NxN Ewald Elec. [V&F]                  450.656080       37855.111     0.2
 1,4 nonbonded interactions              20.000080        1800.007     0.0
 Calc Weights                          1257.005028       45252.181     0.2
 Spread Q Bspline                     26816.107264       53632.215     0.2
 Gather F Bspline                     26816.107264      160896.644     0.7
 3D-FFT                              108840.435360      870723.483     4.0
 Solve PME                              625.002500       40000.160     0.2
 Reset In Box                             8.378324          25.135     0.0
 CG-CoM                                   8.381676          25.145     0.0
 Bonds                                    4.500018         265.501     0.0
 Propers                                 16.000064        3664.015     0.0
 Impropers                                0.500002         104.000     0.0
 Virial                                  59.902396        1078.243     0.0
 Stop-CM                                  4.191676          41.917     0.0
 Calc-Ekin                               83.803352        2262.691     0.0
 Lincs                                    6.801928         408.116     0.0
 Lincs-Mat                               56.079240         224.317     0.0
 Constraint-V                           540.584003        4324.672     0.0
 Constraint-Vir                          53.380120        1281.123     0.0
 Settle                                 175.660049       56738.196     0.3
 Urey-Bradley                            16.500066        3019.512     0.0
-----------------------------------------------------------------------------
 Total                                                21503955.109   100.0
-----------------------------------------------------------------------------


    D O M A I N   D E C O M P O S I T I O N   S T A T I S T I C S

 av. #atoms communicated per step for force:  2 x 12473.3
 av. #atoms communicated per step for LINCS:  2 x 499.5


Dynamic load balancing report:
 DLB got disabled because it was unsuitable to use.
 Average load imbalance: 8.6%.
 The balanceable part of the MD step is 42%, load imbalance is computed from this.
 Part of the total run time spent waiting due to load imbalance: 3.6%.


     R E A L   C Y C L E   A N D   T I M E   A C C O U N T I N G

On 16 MPI ranks, each using 2 OpenMP threads

 Computing:          Num   Num      Call    Wall time         Giga-Cycles
                     Ranks Threads  Count      (s)         total sum    %
-----------------------------------------------------------------------------
 Domain decomp.        16    2       5000       1.281         98.135   1.6
 DD comm. load         16    2       2530       0.007          0.567   0.0
 DD comm. bounds       16    2         57       0.001          0.074   0.0
 Neighbor search       16    2       5001       2.113        161.861   2.6
 Comm. coord.          16    2     245000       4.181        320.377   5.2
 Force                 16    2     250001      23.802       1823.696  29.7
 Wait + Comm. F        16    2     250001       4.878        373.773   6.1
 PME mesh              16    2     250001      34.560       2647.957  43.1
 NB X/F buffer ops.    16    2     740001       3.393        259.970   4.2
 Write traj.           16    2         26       0.003          0.259   0.0
 Update                16    2     250001       1.229         94.163   1.5
 Constraints           16    2     250001       3.878        297.095   4.8
 Comm. energies        16    2      25001       0.278         21.332   0.3
 Rest                                           0.656         50.287   0.8
-----------------------------------------------------------------------------
 Total                                         80.262       6149.544 100.0
-----------------------------------------------------------------------------
 Breakdown of PME mesh computation
-----------------------------------------------------------------------------
 PME redist. X/F       16    2     500002      13.034        998.673  16.2
 PME spread            16    2     250001       5.982        458.359   7.5
 PME gather            16    2     250001       5.275        404.131   6.6
 PME 3D-FFT            16    2     500002       4.339        332.480   5.4
 PME 3D-FFT Comm.      16    2    1000004       5.078        389.056   6.3
 PME solve Elec        16    2     250001       0.476         36.436   0.6
-----------------------------------------------------------------------------

               Core t (s)   Wall t (s)        (%)
       Time:     2568.367       80.262     3200.0
                 (ns/day)    (hour/ns)
Performance:      538.242        0.045
Finished mdrun on rank 0 Fri Jun  5 16:29:01 2020

