                      :-) GROMACS - gmx mdrun, 2019.2 (-:

                            GROMACS is written by:
     Emile Apol      Rossen Apostolov      Paul Bauer     Herman J.C. Berendsen
    Par Bjelkmar      Christian Blau   Viacheslav Bolnykh     Kevin Boyd    
 Aldert van Buuren   Rudi van Drunen     Anton Feenstra       Alan Gray     
  Gerrit Groenhof     Anca Hamuraru    Vincent Hindriksen  M. Eric Irrgang  
  Aleksei Iupinov   Christoph Junghans     Joe Jordan     Dimitrios Karkoulis
    Peter Kasson        Jiri Kraus      Carsten Kutzner      Per Larsson    
  Justin A. Lemkul    Viveca Lindahl    Magnus Lundborg     Erik Marklund   
    Pascal Merz     Pieter Meulenhoff    Teemu Murtola       Szilard Pall   
    Sander Pronk      Roland Schulz      Michael Shirts    Alexey Shvetsov  
   Alfons Sijbers     Peter Tieleman      Jon Vincent      Teemu Virolainen 
 Christian Wennberg    Maarten Wolf   
                           and the project leaders:
        Mark Abraham, Berk Hess, Erik Lindahl, and David van der Spoel

Copyright (c) 1991-2000, University of Groningen, The Netherlands.
Copyright (c) 2001-2018, The GROMACS development team at
Uppsala University, Stockholm University and
the Royal Institute of Technology, Sweden.
check out http://www.gromacs.org for more information.

GROMACS is free software; you can redistribute it and/or modify it
under the terms of the GNU Lesser General Public License
as published by the Free Software Foundation; either version 2.1
of the License, or (at your option) any later version.

GROMACS:      gmx mdrun, version 2019.2
Executable:   /home/dongdong/software/GMX20192plumed/bin/gmx
Data prefix:  /home/dongdong/software/GMX20192plumed
Working dir:  /scratch/gpfs/dongdong/peptoid/chi1
Process ID:   40773
Command line:
  gmx mdrun -deffnm nvt -v

GROMACS version:    2019.2
Precision:          single
Memory model:       64 bit
MPI library:        thread_mpi
OpenMP support:     enabled (GMX_OPENMP_MAX_THREADS = 64)
GPU support:        CUDA
SIMD instructions:  AVX_256
FFT library:        fftw-3.3.8-sse2-avx-avx2-avx2_128
RDTSCP usage:       enabled
TNG support:        enabled
Hwloc support:      hwloc-1.11.8
Tracing support:    disabled
C compiler:         /usr/bin/cc GNU 4.8.5
C compiler flags:    -mavx     -O3 -DNDEBUG -funroll-all-loops -fexcess-precision=fast  
C++ compiler:       /usr/bin/c++ GNU 4.8.5
C++ compiler flags:  -mavx    -std=c++11   -O3 -DNDEBUG -funroll-all-loops -fexcess-precision=fast  
CUDA compiler:      /usr/local/cuda-10.1/bin/nvcc nvcc: NVIDIA (R) Cuda compiler driver;Copyright (c) 2005-2019 NVIDIA Corporation;Built on Wed_Apr_24_19:10:27_PDT_2019;Cuda compilation tools, release 10.1, V10.1.168
CUDA compiler flags:-gencode;arch=compute_30,code=sm_30;-gencode;arch=compute_35,code=sm_35;-gencode;arch=compute_37,code=sm_37;-gencode;arch=compute_50,code=sm_50;-gencode;arch=compute_52,code=sm_52;-gencode;arch=compute_60,code=sm_60;-gencode;arch=compute_61,code=sm_61;-gencode;arch=compute_70,code=sm_70;-gencode;arch=compute_75,code=compute_75;-use_fast_math;;; ;-mavx;-std=c++11;-O3;-DNDEBUG;-funroll-all-loops;-fexcess-precision=fast;
CUDA driver:        10.20
CUDA runtime:       N/A

NOTE: Detection of GPUs failed. The API reported:
      no CUDA-capable device is detected
      GROMACS cannot run tasks on a GPU.

Running on 1 node with total 40 cores, 40 logical cores, 0 compatible GPUs
Hardware detected:
  CPU info:
    Vendor: Intel
    Brand:  Intel(R) Xeon(R) Gold 6148 CPU @ 2.40GHz
    Family: 6   Model: 85   Stepping: 4
    Features: aes apic avx avx2 avx512f avx512cd avx512bw avx512vl clfsh cmov cx8 cx16 f16c fma hle htt intel lahf mmx msr nonstop_tsc pcid pclmuldq pdcm pdpe1gb popcnt pse rdrnd rdtscp rtm sse2 sse3 sse4.1 sse4.2 ssse3 tdt x2apic
    Number of AVX-512 FMA units: Cannot run AVX-512 detection - assuming 2
  Hardware topology: Full, with devices
    Sockets, cores, and logical processors:
      Socket  0: [   0] [   1] [   2] [   3] [   4] [   5] [   6] [   7] [   8] [   9] [  10] [  11] [  12] [  13] [  14] [  15] [  16] [  17] [  18] [  19]
      Socket  1: [  20] [  21] [  22] [  23] [  24] [  25] [  26] [  27] [  28] [  29] [  30] [  31] [  32] [  33] [  34] [  35] [  36] [  37] [  38] [  39]
    Numa nodes:
      Node  0 (100873314304 bytes mem):   0   1   2   3   4   5   6   7   8   9  10  11  12  13  14  15  16  17  18  19
      Node  1 (101448323072 bytes mem):  20  21  22  23  24  25  26  27  28  29  30  31  32  33  34  35  36  37  38  39
      Latency:
               0     1
         0  1.00  2.10
         1  2.10  1.00
    Caches:
      L1: 32768 bytes, linesize 64 bytes, assoc. 8, shared 1 ways
      L2: 1048576 bytes, linesize 64 bytes, assoc. 16, shared 1 ways
      L3: 28835840 bytes, linesize 64 bytes, assoc. 11, shared 20 ways
    PCI devices:
      0000:02:00.0  Id: 14e4:1657  Class: 0x0200  Numa: 0
      0000:02:00.1  Id: 14e4:1657  Class: 0x0200  Numa: 0
      0000:02:00.2  Id: 14e4:1657  Class: 0x0200  Numa: 0
      0000:02:00.3  Id: 14e4:1657  Class: 0x0200  Numa: 0
      0000:01:00.1  Id: 102b:0538  Class: 0x0300  Numa: 0
      0000:12:00.0  Id: 14e4:168e  Class: 0x0200  Numa: 0
      0000:12:00.1  Id: 14e4:168e  Class: 0x0200  Numa: 0
      0000:13:00.0  Id: 8086:24f0  Class: 0x0208  Numa: 0
      0000:5c:00.0  Id: 9005:028f  Class: 0x0107  Numa: 0
      0000:5d:00.0  Id: 15b3:1007  Class: 0x0207  Numa: 0

Highest SIMD level requested by all nodes in run: AVX_512
SIMD instructions selected at compile time:       AVX_256
This program was compiled for different hardware than you are running on,
which could influence performance.

++++ PLEASE READ AND CITE THE FOLLOWING REFERENCE ++++
M. J. Abraham, T. Murtola, R. Schulz, S. Páll, J. C. Smith, B. Hess, E.
Lindahl
GROMACS: High performance molecular simulations through multi-level
parallelism from laptops to supercomputers
SoftwareX 1 (2015) pp. 19-25
-------- -------- --- Thank You --- -------- --------


++++ PLEASE READ AND CITE THE FOLLOWING REFERENCE ++++
S. Páll, M. J. Abraham, C. Kutzner, B. Hess, E. Lindahl
Tackling Exascale Software Challenges in Molecular Dynamics Simulations with
GROMACS
In S. Markidis & E. Laure (Eds.), Solving Software Challenges for Exascale 8759 (2015) pp. 3-27
-------- -------- --- Thank You --- -------- --------


++++ PLEASE READ AND CITE THE FOLLOWING REFERENCE ++++
S. Pronk, S. Páll, R. Schulz, P. Larsson, P. Bjelkmar, R. Apostolov, M. R.
Shirts, J. C. Smith, P. M. Kasson, D. van der Spoel, B. Hess, and E. Lindahl
GROMACS 4.5: a high-throughput and highly parallel open source molecular
simulation toolkit
Bioinformatics 29 (2013) pp. 845-54
-------- -------- --- Thank You --- -------- --------


++++ PLEASE READ AND CITE THE FOLLOWING REFERENCE ++++
B. Hess and C. Kutzner and D. van der Spoel and E. Lindahl
GROMACS 4: Algorithms for highly efficient, load-balanced, and scalable
molecular simulation
J. Chem. Theory Comput. 4 (2008) pp. 435-447
-------- -------- --- Thank You --- -------- --------


++++ PLEASE READ AND CITE THE FOLLOWING REFERENCE ++++
D. van der Spoel, E. Lindahl, B. Hess, G. Groenhof, A. E. Mark and H. J. C.
Berendsen
GROMACS: Fast, Flexible and Free
J. Comp. Chem. 26 (2005) pp. 1701-1719
-------- -------- --- Thank You --- -------- --------


++++ PLEASE READ AND CITE THE FOLLOWING REFERENCE ++++
E. Lindahl and B. Hess and D. van der Spoel
GROMACS 3.0: A package for molecular simulation and trajectory analysis
J. Mol. Mod. 7 (2001) pp. 306-317
-------- -------- --- Thank You --- -------- --------


++++ PLEASE READ AND CITE THE FOLLOWING REFERENCE ++++
H. J. C. Berendsen, D. van der Spoel and R. van Drunen
GROMACS: A message-passing parallel molecular dynamics implementation
Comp. Phys. Comm. 91 (1995) pp. 43-56
-------- -------- --- Thank You --- -------- --------


++++ PLEASE CITE THE DOI FOR THIS VERSION OF GROMACS ++++
https://doi.org/10.5281/zenodo.2636382
-------- -------- --- Thank You --- -------- --------

Input Parameters:
   integrator                     = md
   tinit                          = 0
   dt                             = 0.002
   nsteps                         = 5000
   init-step                      = 0
   simulation-part                = 1
   comm-mode                      = Linear
   nstcomm                        = 100
   bd-fric                        = 0
   ld-seed                        = 1612936814
   emtol                          = 10
   emstep                         = 0.01
   niter                          = 20
   fcstep                         = 0
   nstcgsteep                     = 1000
   nbfgscorr                      = 10
   rtpi                           = 0.05
   nstxout                        = 1000
   nstvout                        = 1000
   nstfout                        = 0
   nstlog                         = 1000
   nstcalcenergy                  = 100
   nstenergy                      = 1000
   nstxout-compressed             = 0
   compressed-x-precision         = 1000
   cutoff-scheme                  = Verlet
   nstlist                        = 10
   ns-type                        = Grid
   pbc                            = xyz
   periodic-molecules             = false
   verlet-buffer-tolerance        = 0.005
   rlist                          = 1
   coulombtype                    = PME
   coulomb-modifier               = Potential-shift
   rcoulomb-switch                = 0
   rcoulomb                       = 1
   epsilon-r                      = 1
   epsilon-rf                     = inf
   vdw-type                       = Cut-off
   vdw-modifier                   = Potential-shift
   rvdw-switch                    = 0
   rvdw                           = 1
   DispCorr                       = EnerPres
   table-extension                = 1
   fourierspacing                 = 0.12
   fourier-nx                     = 25
   fourier-ny                     = 25
   fourier-nz                     = 25
   pme-order                      = 4
   ewald-rtol                     = 1e-05
   ewald-rtol-lj                  = 0.001
   lj-pme-comb-rule               = Geometric
   ewald-geometry                 = 0
   epsilon-surface                = 0
   tcoupl                         = V-rescale
   nsttcouple                     = 10
   nh-chain-length                = 0
   print-nose-hoover-chain-variables = false
   pcoupl                         = No
   pcoupltype                     = Isotropic
   nstpcouple                     = -1
   tau-p                          = 1
   compressibility (3x3):
      compressibility[    0]={ 0.00000e+00,  0.00000e+00,  0.00000e+00}
      compressibility[    1]={ 0.00000e+00,  0.00000e+00,  0.00000e+00}
      compressibility[    2]={ 0.00000e+00,  0.00000e+00,  0.00000e+00}
   ref-p (3x3):
      ref-p[    0]={ 0.00000e+00,  0.00000e+00,  0.00000e+00}
      ref-p[    1]={ 0.00000e+00,  0.00000e+00,  0.00000e+00}
      ref-p[    2]={ 0.00000e+00,  0.00000e+00,  0.00000e+00}
   refcoord-scaling               = No
   posres-com (3):
      posres-com[0]= 0.00000e+00
      posres-com[1]= 0.00000e+00
      posres-com[2]= 0.00000e+00
   posres-comB (3):
      posres-comB[0]= 0.00000e+00
      posres-comB[1]= 0.00000e+00
      posres-comB[2]= 0.00000e+00
   QMMM                           = false
   QMconstraints                  = 0
   QMMMscheme                     = 0
   MMChargeScaleFactor            = 1
qm-opts:
   ngQM                           = 0
   constraint-algorithm           = Lincs
   continuation                   = false
   Shake-SOR                      = false
   shake-tol                      = 0.0001
   lincs-order                    = 4
   lincs-iter                     = 1
   lincs-warnangle                = 30
   nwall                          = 0
   wall-type                      = 9-3
   wall-r-linpot                  = -1
   wall-atomtype[0]               = -1
   wall-atomtype[1]               = -1
   wall-density[0]                = 0
   wall-density[1]                = 0
   wall-ewald-zfac                = 3
   pull                           = false
   awh                            = false
   rotation                       = false
   interactiveMD                  = false
   disre                          = No
   disre-weighting                = Conservative
   disre-mixed                    = false
   dr-fc                          = 1000
   dr-tau                         = 0
   nstdisreout                    = 100
   orire-fc                       = 0
   orire-tau                      = 0
   nstorireout                    = 100
   free-energy                    = no
   cos-acceleration               = 0
   deform (3x3):
      deform[    0]={ 0.00000e+00,  0.00000e+00,  0.00000e+00}
      deform[    1]={ 0.00000e+00,  0.00000e+00,  0.00000e+00}
      deform[    2]={ 0.00000e+00,  0.00000e+00,  0.00000e+00}
   simulated-tempering            = false
   swapcoords                     = no
   userint1                       = 0
   userint2                       = 0
   userint3                       = 0
   userint4                       = 0
   userreal1                      = 0
   userreal2                      = 0
   userreal3                      = 0
   userreal4                      = 0
   applied-forces:
     electric-field:
       x:
         E0                       = 0
         omega                    = 0
         t0                       = 0
         sigma                    = 0
       y:
         E0                       = 0
         omega                    = 0
         t0                       = 0
         sigma                    = 0
       z:
         E0                       = 0
         omega                    = 0
         t0                       = 0
         sigma                    = 0
grpopts:
   nrdf:     93.9163     3273.08
   ref-t:         298         298
   tau-t:         0.1         0.1
annealing:          No          No
annealing-npoints:           0           0
   acc:	           0           0           0
   nfreeze:           N           N           N
   energygrp-flags[  0]: 0

Changing nstlist from 10 to 50, rlist from 1 to 1.108


Initializing Domain Decomposition on 16 ranks
Dynamic load balancing: locked
Minimum cell size due to atom displacement: 0.449 nm
Initial maximum distances in bonded interactions:
    two-body bonded interactions: 0.387 nm, LJ-14, atoms 13 23
  multi-body bonded interactions: 0.387 nm, Proper Dih., atoms 13 23
Minimum cell size due to bonded interactions: 0.425 nm
Maximum distance for 5 constraints, at 120 deg. angles, all-trans: 0.222 nm
Estimated maximum distance required for P-LINCS: 0.222 nm
Using 0 separate PME ranks, as there are too few total
 ranks for efficient splitting
Scaling the initial minimum size with 1/0.8 (option -dds) = 1.25
Optimizing the DD grid for 16 cells with a minimum initial size of 0.561 nm
The maximum allowed number of cells is: X 4 Y 4 Z 3
Domain decomposition grid 4 x 4 x 1, separate PME ranks 0
PME domain decomposition: 4 x 4 x 1
Domain decomposition rank 0, coordinates 0 0 0

The initial number of communication pulses is: X 2 Y 2
The initial domain decomposition cell size is: X 0.59 nm Y 0.59 nm

The maximum allowed distance for atoms involved in interactions is:
                 non-bonded interactions           1.108 nm
            two-body bonded interactions  (-rdd)   1.108 nm
          multi-body bonded interactions  (-rdd)   0.593 nm
  atoms separated by up to 5 constraints  (-rcon)  0.593 nm

When dynamic load balancing gets turned on, these settings will change to:
The maximum number of communication pulses is: X 3 Y 3
The minimum size for domain decomposition cells is 0.475 nm
The requested allowed shrink of DD cells (option -dds) is: 0.80
The allowed shrink of domain decomposition cells is: X 0.80 Y 0.80
The maximum allowed distance for atoms involved in interactions is:
                 non-bonded interactions           1.108 nm
            two-body bonded interactions  (-rdd)   1.108 nm
          multi-body bonded interactions  (-rdd)   0.475 nm
  atoms separated by up to 5 constraints  (-rcon)  0.475 nm

Using 16 MPI threads
Using 2 OpenMP threads per tMPI thread

Pinning threads with an auto-selected logical core stride of 1
System total charge: 0.000
Will do PME sum in reciprocal space for electrostatic interactions.

++++ PLEASE READ AND CITE THE FOLLOWING REFERENCE ++++
U. Essmann, L. Perera, M. L. Berkowitz, T. Darden, H. Lee and L. G. Pedersen 
A smooth particle mesh Ewald method
J. Chem. Phys. 103 (1995) pp. 8577-8592
-------- -------- --- Thank You --- -------- --------

Using a Gaussian width (1/beta) of 0.320163 nm for Ewald
Potential shift: LJ r^-12: -1.000e+00 r^-6: -1.000e+00, Ewald -1.000e-05
Initialized non-bonded Ewald correction tables, spacing: 9.33e-04 size: 1073

Long Range LJ corr.: <C6> 3.0595e-04
Generated table with 1054 data points for Ewald.
Tabscale = 500 points/nm
Generated table with 1054 data points for LJ6.
Tabscale = 500 points/nm
Generated table with 1054 data points for LJ12.
Tabscale = 500 points/nm
Generated table with 1054 data points for 1-4 COUL.
Tabscale = 500 points/nm
Generated table with 1054 data points for 1-4 LJ6.
Tabscale = 500 points/nm
Generated table with 1054 data points for 1-4 LJ12.
Tabscale = 500 points/nm

Using SIMD 4x4 nonbonded short-range kernels

Using a dual 4x4 pair-list setup updated with dynamic pruning:
  outer list: updated every 50 steps, buffer 0.108 nm, rlist 1.108 nm
  inner list: updated every 12 steps, buffer 0.002 nm, rlist 1.002 nm
At tolerance 0.005 kJ/mol/ps per atom, equivalent classical 1x1 list would be:
  outer list: updated every 50 steps, buffer 0.233 nm, rlist 1.233 nm
  inner list: updated every 12 steps, buffer 0.047 nm, rlist 1.047 nm

Using Lorentz-Berthelot Lennard-Jones combination rule

Removing pbc first time

Initializing Parallel LINear Constraint Solver

++++ PLEASE READ AND CITE THE FOLLOWING REFERENCE ++++
B. Hess
P-LINCS: A Parallel Linear Constraint Solver for molecular simulation
J. Chem. Theory Comput. 4 (2008) pp. 116-122
-------- -------- --- Thank You --- -------- --------

The number of constraints is 20
There are constraints between atoms in different decomposition domains,
will communicate selected coordinates each lincs iteration

++++ PLEASE READ AND CITE THE FOLLOWING REFERENCE ++++
S. Miyamoto and P. A. Kollman
SETTLE: An Analytical Version of the SHAKE and RATTLE Algorithms for Rigid
Water Models
J. Comp. Chem. 13 (1992) pp. 952-962
-------- -------- --- Thank You --- -------- --------


Linking all bonded interactions to atoms


Intra-simulation communication will occur every 10 steps.
Center of mass motion removal mode is Linear
We have the following groups for center of mass motion removal:
  0:  rest

++++ PLEASE READ AND CITE THE FOLLOWING REFERENCE ++++
G. Bussi, D. Donadio and M. Parrinello
Canonical sampling through velocity rescaling
J. Chem. Phys. 126 (2007) pp. 014101
-------- -------- --- Thank You --- -------- --------

There are: 1676 Atoms
Atom distribution over 16 domains: av 104 stddev 14 min 94 max 118

Constraining the starting coordinates (step 0)

Constraining the coordinates at t0-dt (step 0)
RMS relative constraint deviation after constraining: 0.00e+00
Initial temperature: 299.92 K

Started mdrun on rank 0 Fri Jun  5 16:26:31 2020

           Step           Time
              0        0.00000

   Energies (kJ/mol)
           Bond            U-B    Proper Dih.  Improper Dih.          LJ-14
    1.59735e+01    4.13275e+01    1.80146e+01    8.36218e-02    6.24092e+01
     Coulomb-14        LJ (SR)  Disper. corr.   Coulomb (SR)   Coul. recip.
    2.60459e+02    3.77439e+03   -2.07043e+02   -3.08496e+04    7.25568e+01
      Potential    Kinetic En.   Total Energy  Conserved En.    Temperature
   -2.68114e+04    4.19939e+03   -2.26120e+04   -2.26120e+04    3.00012e+02
 Pres. DC (bar) Pressure (bar)   Constr. rmsd
   -1.98223e+02   -1.54942e+03    2.74980e-06


DD  step 49 load imb.: force  9.0%

step 100 Turning on dynamic load balancing, because the performance loss due to load imbalance is 2.7 %.

DD  step 999  vol min/aver 0.851  load imb.: force  4.7%
           Step           Time
           1000        2.00000

   Energies (kJ/mol)
           Bond            U-B    Proper Dih.  Improper Dih.          LJ-14
    2.87224e+01    8.93185e+01    3.03792e+01    1.67733e+00    7.00946e+01
     Coulomb-14        LJ (SR)  Disper. corr.   Coulomb (SR)   Coul. recip.
    2.69725e+02    2.32184e+03   -2.07043e+02   -2.48620e+04    1.62688e+02
      Potential    Kinetic En.   Total Energy  Conserved En.    Temperature
   -2.20946e+04    4.07324e+03   -1.80214e+04   -2.25830e+04    2.91000e+02
 Pres. DC (bar) Pressure (bar)   Constr. rmsd
   -1.98223e+02   -8.28982e+02    2.20686e-06


DD  load balancing is limited by minimum cell size in dimension Y
DD  step 1999  vol min/aver 0.896! load imb.: force  5.7%
           Step           Time
           2000        4.00000

   Energies (kJ/mol)
           Bond            U-B    Proper Dih.  Improper Dih.          LJ-14
    4.20695e+01    6.56274e+01    3.99256e+01    9.21220e-01    6.58876e+01
     Coulomb-14        LJ (SR)  Disper. corr.   Coulomb (SR)   Coul. recip.
    2.64876e+02    2.28064e+03   -2.07043e+02   -2.49323e+04    1.36934e+02
      Potential    Kinetic En.   Total Energy  Conserved En.    Temperature
   -2.22425e+04    4.09895e+03   -1.81435e+04   -2.25859e+04    2.92836e+02
 Pres. DC (bar) Pressure (bar)   Constr. rmsd
   -1.98223e+02   -1.52893e+03    1.60280e-06


DD  step 2999  vol min/aver 0.827  load imb.: force  8.5%

step 3000 Turning off dynamic load balancing, because it is degrading performance.
Atom distribution over 16 domains: av 104 stddev 15 min 89 max 115
           Step           Time
           3000        6.00000

   Energies (kJ/mol)
           Bond            U-B    Proper Dih.  Improper Dih.          LJ-14
    3.49333e+01    1.20710e+02    3.51129e+01    1.54122e+00    6.60836e+01
     Coulomb-14        LJ (SR)  Disper. corr.   Coulomb (SR)   Coul. recip.
    2.63962e+02    2.42197e+03   -2.07043e+02   -2.49818e+04    1.60709e+02
      Potential    Kinetic En.   Total Energy  Conserved En.    Temperature
   -2.20838e+04    4.03306e+03   -1.80507e+04   -2.25772e+04    2.88129e+02
 Pres. DC (bar) Pressure (bar)   Constr. rmsd
   -1.98223e+02   -6.90315e+02    3.49415e-06


DD  step 3999 load imb.: force 15.4%
           Step           Time
           4000        8.00000

   Energies (kJ/mol)
           Bond            U-B    Proper Dih.  Improper Dih.          LJ-14
    4.23477e+01    1.10260e+02    3.30053e+01    3.17342e+00    6.57663e+01
     Coulomb-14        LJ (SR)  Disper. corr.   Coulomb (SR)   Coul. recip.
    2.50834e+02    2.42543e+03   -2.07043e+02   -2.49913e+04    1.28440e+02
      Potential    Kinetic En.   Total Energy  Conserved En.    Temperature
   -2.21391e+04    4.03590e+03   -1.81032e+04   -2.25747e+04    2.88332e+02
 Pres. DC (bar) Pressure (bar)   Constr. rmsd
   -1.98223e+02   -1.03104e+03    1.27064e-06


DD  step 4999 load imb.: force  9.0%

step 5000 Turning on dynamic load balancing, because the performance loss due to load imbalance is 2.9 %.
           Step           Time
           5000       10.00000

Writing checkpoint, step 5000 at Fri Jun  5 16:26:33 2020


   Energies (kJ/mol)
           Bond            U-B    Proper Dih.  Improper Dih.          LJ-14
    2.93630e+01    6.55445e+01    3.21409e+01    2.56862e+00    6.66872e+01
     Coulomb-14        LJ (SR)  Disper. corr.   Coulomb (SR)   Coul. recip.
    2.65145e+02    2.17125e+03   -2.07043e+02   -2.48632e+04    1.53756e+02
      Potential    Kinetic En.   Total Energy  Conserved En.    Temperature
   -2.22838e+04    3.93733e+03   -1.83465e+04   -2.25765e+04    2.81290e+02
 Pres. DC (bar) Pressure (bar)   Constr. rmsd
   -1.98223e+02   -1.89212e+03    2.56345e-06

	<======  ###############  ==>
	<====  A V E R A G E S  ====>
	<==  ###############  ======>

	Statistics over 5001 steps using 51 frames

   Energies (kJ/mol)
           Bond            U-B    Proper Dih.  Improper Dih.          LJ-14
    3.67581e+01    8.88715e+01    3.54986e+01    2.77651e+00    6.88816e+01
     Coulomb-14        LJ (SR)  Disper. corr.   Coulomb (SR)   Coul. recip.
    2.62664e+02    2.45057e+03   -2.07043e+02   -2.52469e+04    1.41481e+02
      Potential    Kinetic En.   Total Energy  Conserved En.    Temperature
   -2.23665e+04    4.11955e+03   -1.82469e+04   -2.25806e+04    2.94309e+02
 Pres. DC (bar) Pressure (bar)   Constr. rmsd
   -1.98223e+02   -9.33075e+02    0.00000e+00

   Total Virial (kJ/mol)
    1.86157e+03   -4.80022e+00   -3.09534e+01
   -5.06163e+00    1.86933e+03   -3.39406e+01
   -3.11117e+01   -3.39673e+01    1.85236e+03

   Pressure (bar)
   -9.44004e+02    1.79464e+01    6.02736e+01
    1.84463e+01   -9.39128e+02    8.21737e+01
    6.05763e+01    8.22248e+01   -9.16091e+02

    T-non-Water        T-Water
    2.93794e+02    2.94323e+02


	M E G A - F L O P S   A C C O U N T I N G

 NB=Group-cutoff nonbonded kernels    NxN=N-by-N cluster Verlet kernels
 RF=Reaction-Field  VdW=Van der Waals  QSTab=quadratic-spline table
 W3=SPC/TIP3p  W4=TIP4p (single or pairs)
 V&F=Potential and force  V=Potential only  F=Force only

 Computing:                               M-Number         M-Flops  % Flops
-----------------------------------------------------------------------------
 Pair Search distance check              78.119336         703.074     0.2
 NxN Ewald Elec. + LJ [F]              4958.929984      327289.379    79.8
 NxN Ewald Elec. + LJ [V&F]              51.066584        5464.124     1.3
 NxN Ewald Elec. [F]                    834.272400       50890.616    12.4
 NxN Ewald Elec. [V&F]                    8.629992         724.919     0.2
 1,4 nonbonded interactions               0.400080          36.007     0.0
 Calc Weights                            25.145028         905.221     0.2
 Spread Q Bspline                       536.427264        1072.855     0.3
 Gather F Bspline                       536.427264        3218.564     0.8
 3D-FFT                                2177.235360       17417.883     4.2
 Solve PME                               12.502500         800.160     0.2
 Reset In Box                             0.167600           0.503     0.0
 CG-CoM                                   0.170952           0.513     0.0
 Bonds                                    0.090018           5.311     0.0
 Propers                                  0.320064          73.295     0.0
 Impropers                                0.010002           2.080     0.0
 Virial                                   0.122196           2.200     0.0
 Stop-CM                                  0.087152           0.872     0.0
 Calc-Ekin                                1.679352          45.343     0.0
 Lincs                                    0.139428           8.366     0.0
 Lincs-Mat                                1.149648           4.599     0.0
 Constraint-V                            10.830898          86.647     0.0
 Constraint-Vir                           0.109189           2.621     0.0
 Settle                                   3.518080        1136.340     0.3
 Urey-Bradley                             0.330066          60.402     0.0
-----------------------------------------------------------------------------
 Total                                                  409951.892   100.0
-----------------------------------------------------------------------------


    D O M A I N   D E C O M P O S I T I O N   S T A T I S T I C S

 av. #atoms communicated per step for force:  2 x 12195.3
 av. #atoms communicated per step for LINCS:  2 x 504.2


Dynamic load balancing report:
 DLB was turned on during the run due to measured imbalance.
 Average load imbalance: 7.3%.
 The balanceable part of the MD step is 40%, load imbalance is computed from this.
 Part of the total run time spent waiting due to load imbalance: 2.9%.
 Steps where the load balancing was limited by -rdd, -rcon and/or -dds: X 0 % Y 0 %


     R E A L   C Y C L E   A N D   T I M E   A C C O U N T I N G

On 16 MPI ranks, each using 2 OpenMP threads

 Computing:          Num   Num      Call    Wall time         Giga-Cycles
                     Ranks Threads  Count      (s)         total sum    %
-----------------------------------------------------------------------------
 Domain decomp.        16    2        101       0.030          2.322   1.8
 DD comm. load         16    2         80       0.000          0.023   0.0
 DD comm. bounds       16    2         59       0.001          0.082   0.1
 Neighbor search       16    2        101       0.047          3.578   2.8
 Comm. coord.          16    2       4900       0.089          6.847   5.3
 Force                 16    2       5001       0.459         35.169  27.4
 Wait + Comm. F        16    2       5001       0.101          7.751   6.0
 PME mesh              16    2       5001       0.740         56.659  44.1
 NB X/F buffer ops.    16    2      14801       0.068          5.203   4.1
 Write traj.           16    2          6       0.002          0.135   0.1
 Update                16    2       5001       0.025          1.922   1.5
 Constraints           16    2       5003       0.088          6.745   5.3
 Comm. energies        16    2        501       0.014          1.062   0.8
 Rest                                           0.011          0.858   0.7
-----------------------------------------------------------------------------
 Total                                          1.677        128.355 100.0
-----------------------------------------------------------------------------
 Breakdown of PME mesh computation
-----------------------------------------------------------------------------
 PME redist. X/F       16    2      10002       0.298         22.789  17.8
 PME spread            16    2       5001       0.124          9.524   7.4
 PME gather            16    2       5001       0.108          8.258   6.4
 PME 3D-FFT            16    2      10002       0.087          6.679   5.2
 PME 3D-FFT Comm.      16    2      20004       0.107          8.176   6.4
 PME solve Elec        16    2       5001       0.008          0.609   0.5
-----------------------------------------------------------------------------

               Core t (s)   Wall t (s)        (%)
       Time:       53.595        1.677     3196.7
                 (ns/day)    (hour/ns)
Performance:      515.448        0.047
Finished mdrun on rank 0 Fri Jun  5 16:26:33 2020

