# restart           False
# num_threads       6
# neurons           [200, 200, 200, 200]
# batch size        128
# num_epoch         12000
# use_mix           False
# old_ratio         7
# lr_0              0.0006
# decay_steps       80
# decay_steps_inner 0
# decay_rate        0.96
# resnet            True
# graph_file        None
Begin to optimize
# start training from scratch
epoch:   0, ab_err: 3.2856e-01, rel_err: 8.8040e+00, lr: 6.0000e-04
epoch: 200, ab_err: 7.9956e-02, rel_err: 2.7623e-01, lr: 5.5296e-04
epoch: 400, ab_err: 7.6416e-02, rel_err: 2.7774e-01, lr: 4.8922e-04
epoch: 600, ab_err: 7.7615e-02, rel_err: 2.5680e-01, lr: 4.5087e-04
epoch: 800, ab_err: 7.6245e-02, rel_err: 3.1276e-01, lr: 3.9890e-04
epoch: 1000, ab_err: 8.4144e-02, rel_err: 3.2329e-01, lr: 3.6763e-04
epoch: 1200, ab_err: 7.1316e-02, rel_err: 2.5916e-01, lr: 3.2525e-04
epoch: 1400, ab_err: 7.0472e-02, rel_err: 2.4029e-01, lr: 2.9975e-04
epoch: 1600, ab_err: 6.9688e-02, rel_err: 2.3224e-01, lr: 2.6520e-04
epoch: 1800, ab_err: 6.3345e-02, rel_err: 2.3514e-01, lr: 2.4441e-04
epoch: 2000, ab_err: 6.2781e-02, rel_err: 1.9055e-01, lr: 2.1624e-04
epoch: 2200, ab_err: 5.8466e-/home/linfengz/SCR/softwares/tf_venv_r1.8/lib/python3.6/site-packages/tensorflow/python/framework/dtypes.py:519: FutureWarning: Passing (type, 1) or '1type' as a synonym of type is deprecated; in a future version of numpy, it will be understood as (type, (1,)) / '(1,)type'.
  _np_qint8 = np.dtype([("qint8", np.int8, 1)])
/home/linfengz/SCR/softwares/tf_venv_r1.8/lib/python3.6/site-packages/tensorflow/python/framework/dtypes.py:520: FutureWarning: Passing (type, 1) or '1type' as a synonym of type is deprecated; in a future version of numpy, it will be understood as (type, (1,)) / '(1,)type'.
  _np_quint8 = np.dtype([("quint8", np.uint8, 1)])
/home/linfengz/SCR/softwares/tf_venv_r1.8/lib/python3.6/site-packages/tensorflow/python/framework/dtypes.py:521: FutureWarning: Passing (type, 1) or '1type' as a synonym of type is deprecated; in a future version of numpy, it will be understood as (type, (1,)) / '(1,)type'.
  _np_qint16 = np.dtype([("qint16", np.int16, 1)])
/home/linfengz/SCR/softwares/tf_venv_r1.8/lib/python3.6/site-packages/tensorflow/python/framework/dtypes.py:522: FutureWarning: Passing (type, 1) or '1type' as a synonym of type is deprecated; in a future version of numpy, it will be understood as (type, (1,)) / '(1,)type'.
  _np_quint16 = np.dtype([("quint16", np.uint16, 1)])
/home/linfengz/SCR/softwares/tf_venv_r1.8/lib/python3.6/site-packages/tensorflow/python/framework/dtypes.py:523: FutureWarning: Passing (type, 1) or '1type' as a synonym of type is deprecated; in a future version of numpy, it will be understood as (type, (1,)) / '(1,)type'.
  _np_qint32 = np.dtype([("qint32", np.int32, 1)])
/home/linfengz/SCR/softwares/tf_venv_r1.8/lib/python3.6/site-packages/tensorflow/python/framework/dtypes.py:528: FutureWarning: Passing (type, 1) or '1type' as a synonym of type is deprecated; in a future version of numpy, it will be understood as (type, (1,)) / '(1,)type'.
  np_resource = np.dtype([("resource", np.ubyte, 1)])
: 1.1441e-05
epoch: 8000, ab_err: 4.4259e-02, rel_err: 1.2665e-01, lr: 1.0122e-05
epoch: 8200, ab_err: 4.6099e-02, rel_err: 1.4089e-01, lr: 9.3286e-06
epoch: 8400, ab_err: 4.4429e-02, rel_err: 1.8625e-01, lr: 8.2533e-06
epoch: 8600, ab_err: 4.5861e-02, rel_err: 1.7721e-01, lr: 7.6063e-06
epoch: 8800, ab_err: 4.0006e-02, rel_err: 1.5192e-01, lr: 6.7295e-06
epoch: 9000, ab_err: 4.2499e-02, rel_err: 1.4667e-01, lr: 6.2020e-06
epoch: 9200, ab_err: 4.1227e-02, rel_err: 1.3991e-01, lr: 5.4871e-06
epoch: 9400, ab_err: 4.3727e-02, rel_err: 1.3792e-01, lr: 5.0569e-06
epoch: 9600, ab_err: 4.0111e-02, rel_err: 1.3414e-01, lr: 4.4740e-06
epoch: 9800, ab_err: 4.1125e-02, rel_err: 1.4252e-01, lr: 4.1233e-06
epoch: 10000, ab_err: 4.4805e-02, rel_err: 1.4764e-01, lr: 3.6480e-06
epoch: 10200, ab_err: 4.6095e-02, rel_err: 1.4841e-01, lr: 3.3620e-06
epoch: 10400, ab_err: 4.6380e-02, rel_err: 1.7045e-01, lr: 2.9745e-06
epoch: 10600, ab_err: 4.2704e-02, rel_err: 1.7549e-01, lr: 2.7413e-06
epoch: 10800, ab_err: 4.4936e-02, rel_err: 1.6210e-01, lr: 2.4253e-06
epoch: 11000, ab_err: 4.0955e-02, rel_err: 1.3472e-01, lr: 2.2352e-06
epoch: 11200, ab_err: 4.3828e-02, rel_err: 1.7194e-01, lr: 1.9775e-06
epoch: 11400, ab_err: 4.4417e-02, rel_err: 1.4580e-01, lr: 1.8225e-06
epoch: 11600, ab_err: 3.9402e-02, rel_err: 1.3727e-01, lr: 1.6124e-06
epoch: 11800, ab_err: 4.3188e-02, rel_err: 1.4990e-01, lr: 1.4860e-06
epoch: 12000, ab_err: 4.5277e-02, rel_err: 1.4932e-01, lr: 1.3147e-06
running time: 3603.328 s
