-3.141593 -1.538312 -22.396843 0.000000
-2.879793 -3.286661 -17.965214 -0.654978
-2.617994 -8.408670 -12.217997 -2.191277
-2.356194 -15.872293 -7.980951 -3.506039
-2.094395 -24.050520 -5.836124 -4.242560
-1.832596 -29.880632 -3.125202 -6.349294
-1.570796 -34.176527 0.000000 -6.687181
-1.308997 -31.400441 -1.163608 -6.179541
-1.047198 -25.255789 -6.764761 -9.499741
-0.785398 -15.354879 -15.675634 -17.178876
-0.523599 -7.116767 -22.888764 -24.273657
-0.261799 -1.798609 -29.524443 -26.239183
0.000000 0.000000 -33.003050 -27.411427
0.261799 -1.222170 -26.262530 -26.205267
0.523599 -5.751581 -19.857111 -22.952901
0.785398 -13.479540 -15.397695 -16.148802
1.047198 -22.932938 -6.540883 -9.024646
1.308997 -31.430117 -1.185497 -6.053707
1.570796 -34.083859 -0.784121 -6.841622
1.832596 -33.253374 -4.274188 -7.197800
2.094395 -27.551750 -6.360199 -5.441734
2.356194 -17.828588 -8.568717 -4.299118
2.617994 -9.139097 -12.598131 -2.706194
2.879793 -3.318564 -17.761993 -0.916943
3.141593 -1.538312 -22.396843 -0.000000
