# restart           False
# num_threads       6
# neurons           [200, 200, 200, 200]
# batch size        128
# num_epoch         12000
# use_mix           False
# old_ratio         7
# lr_0              0.0006
# decay_steps       80
# decay_steps_inner 0
# decay_rate        0.96
# resnet            True
# graph_file        None
Begin to optimize
# start training from scratch
epoch:   0, ab_err: 3.5177e-01, rel_err: 4.2792e+00, lr: 6.0000e-04
epoch: 200, ab_err: 8.0726e-02, rel_err: 2.5320e-01, lr: 5.5296e-04
epoch: 400, ab_err: 9.1528e-02, rel_err: 3.1737e-01, lr: 4.8922e-04
epoch: 600, ab_err: 8.4426e-02, rel_err: 2.9822e-01, lr: 4.5087e-04
epoch: 800, ab_err: 7.6667e-02, rel_err: 3.0873e-01, lr: 3.9890e-04
epoch: 1000, ab_err: 7.1221e-02, rel_err: 2.8647e-01, lr: 3.6763e-04
epoch: 1200, ab_err: 6.1608e-02, rel_err: 2.3746e-01, lr: 3.2525e-04
epoch: 1400, ab_err: 5.8164e-02, rel_err: 2.0066e-01, lr: 2.9975e-04
epoch: 1600, ab_err: 6.6036e-02, rel_err: 2.0724e-01, lr: 2.6520e-04
epoch: 1800, ab_err: 6.3741e-02, rel_err: 2.0368e-01, lr: 2.4441e-04
epoch: 2000, ab_err: 5.8852e-02, rel_err: 2.0327e-01, lr: 2.1624e-04
epoch: 2200, ab_err: 5.8525e-/home/linfengz/SCR/softwares/tf_venv_r1.8/lib/python3.6/site-packages/tensorflow/python/framework/dtypes.py:519: FutureWarning: Passing (type, 1) or '1type' as a synonym of type is deprecated; in a future version of numpy, it will be understood as (type, (1,)) / '(1,)type'.
  _np_qint8 = np.dtype([("qint8", np.int8, 1)])
/home/linfengz/SCR/softwares/tf_venv_r1.8/lib/python3.6/site-packages/tensorflow/python/framework/dtypes.py:520: FutureWarning: Passing (type, 1) or '1type' as a synonym of type is deprecated; in a future version of numpy, it will be understood as (type, (1,)) / '(1,)type'.
  _np_quint8 = np.dtype([("quint8", np.uint8, 1)])
/home/linfengz/SCR/softwares/tf_venv_r1.8/lib/python3.6/site-packages/tensorflow/python/framework/dtypes.py:521: FutureWarning: Passing (type, 1) or '1type' as a synonym of type is deprecated; in a future version of numpy, it will be understood as (type, (1,)) / '(1,)type'.
  _np_qint16 = np.dtype([("qint16", np.int16, 1)])
/home/linfengz/SCR/softwares/tf_venv_r1.8/lib/python3.6/site-packages/tensorflow/python/framework/dtypes.py:522: FutureWarning: Passing (type, 1) or '1type' as a synonym of type is deprecated; in a future version of numpy, it will be understood as (type, (1,)) / '(1,)type'.
  _np_quint16 = np.dtype([("quint16", np.uint16, 1)])
/home/linfengz/SCR/softwares/tf_venv_r1.8/lib/python3.6/site-packages/tensorflow/python/framework/dtypes.py:523: FutureWarning: Passing (type, 1) or '1type' as a synonym of type is deprecated; in a future version of numpy, it will be understood as (type, (1,)) / '(1,)type'.
  _np_qint32 = np.dtype([("qint32", np.int32, 1)])
/home/linfengz/SCR/softwares/tf_venv_r1.8/lib/python3.6/site-packages/tensorflow/python/framework/dtypes.py:528: FutureWarning: Passing (type, 1) or '1type' as a synonym of type is deprecated; in a future version of numpy, it will be understood as (type, (1,)) / '(1,)type'.
  np_resource = np.dtype([("resource", np.ubyte, 1)])
: 1.1441e-05
epoch: 8000, ab_err: 3.4964e-02, rel_err: 1.1110e-01, lr: 1.0122e-05
epoch: 8200, ab_err: 3.8002e-02, rel_err: 1.2526e-01, lr: 9.3286e-06
epoch: 8400, ab_err: 3.5611e-02, rel_err: 1.1407e-01, lr: 8.2533e-06
epoch: 8600, ab_err: 3.2543e-02, rel_err: 1.0676e-01, lr: 7.6063e-06
epoch: 8800, ab_err: 3.0315e-02, rel_err: 1.0317e-01, lr: 6.7295e-06
epoch: 9000, ab_err: 3.2497e-02, rel_err: 1.2346e-01, lr: 6.2020e-06
epoch: 9200, ab_err: 3.4315e-02, rel_err: 1.1259e-01, lr: 5.4871e-06
epoch: 9400, ab_err: 3.4325e-02, rel_err: 1.1358e-01, lr: 5.0569e-06
epoch: 9600, ab_err: 3.2984e-02, rel_err: 1.1683e-01, lr: 4.4740e-06
epoch: 9800, ab_err: 3.7806e-02, rel_err: 1.3752e-01, lr: 4.1233e-06
epoch: 10000, ab_err: 3.4185e-02, rel_err: 1.1645e-01, lr: 3.6480e-06
epoch: 10200, ab_err: 3.1181e-02, rel_err: 1.0339e-01, lr: 3.3620e-06
epoch: 10400, ab_err: 3.4413e-02, rel_err: 1.3706e-01, lr: 2.9745e-06
epoch: 10600, ab_err: 3.3246e-02, rel_err: 1.1579e-01, lr: 2.7413e-06
epoch: 10800, ab_err: 3.1391e-02, rel_err: 1.1262e-01, lr: 2.4253e-06
epoch: 11000, ab_err: 3.3259e-02, rel_err: 1.1576e-01, lr: 2.2352e-06
epoch: 11200, ab_err: 3.0604e-02, rel_err: 9.7791e-02, lr: 1.9775e-06
epoch: 11400, ab_err: 3.5174e-02, rel_err: 1.2507e-01, lr: 1.8225e-06
epoch: 11600, ab_err: 3.4637e-02, rel_err: 1.1520e-01, lr: 1.6124e-06
epoch: 11800, ab_err: 2.8927e-02, rel_err: 9.5971e-02, lr: 1.4860e-06
epoch: 12000, ab_err: 3.5406e-02, rel_err: 1.2819e-01, lr: 1.3147e-06
running time: 2891.070 s
