-3.141593 -3.141593 -38.247424 -26.289495 -0.972885 
-3.141593 -2.879793 -39.062918 -21.000002 -1.687396 
-3.141593 -2.617994 -39.818011 -14.277292 -3.504645 
-3.141593 -2.356194 -37.945596 -8.946552 -4.780217 
-3.141593 -2.094395 -32.102739 -5.990203 -5.339900 
-3.141593 -1.832596 -24.598656 -5.392485 -6.284879 
-3.141593 -1.570796 -21.459077 -2.413352 -6.645183 
-3.141593 -1.308997 -23.349398 -2.673006 -6.502016 
-3.141593 -1.047198 -31.037495 -8.101986 -10.171673 
-3.141593 -0.785398 -41.808952 -16.196895 -17.198957 
-3.141593 -0.523599 -49.284142 -21.741820 -24.488620 
-3.141593 -0.261799 -52.626890 -28.736094 -30.122789 
-3.141593 0.000000 -53.675408 -33.242886 -32.674490 
-3.141593 0.261799 -52.508760 -30.475434 -31.569603 
-3.141593 0.523599 -48.413543 -25.415607 -26.035209 
-3.141593 0.785398 -39.209152 -17.888383 -17.138742 
-3.141593 1.047198 -28.482121 -6.940847 -9.807891 
-3.141593 1.308997 -22.190572 -0.909335 -6.459865 
-3.141593 1.570796 -21.467568 -1.073775 -6.748993 
-3.141593 1.832596 -25.375812 -4.975689 -7.117396 
-3.141593 2.094395 -32.684128 -6.279125 -5.856508 
-3.141593 2.356194 -38.066531 -9.933791 -5.586762 
-3.141593 2.617994 -39.535880 -16.555738 -4.191094 
-3.141593 2.879793 -38.484780 -23.630712 -2.005230 
-3.141593 3.141593 -38.247424 -26.289495 -0.972885 

-2.879793 -3.141593 -37.239812 -27.642335 -2.994133 
-2.879793 -2.879793 -35.907331 -23.141748 -3.687142 
-2.879793 -2.617994 -34.562422 -16.610172 -5.580990 
-2.879793 -2.356194 -31.912949 -10.450410 -6.806340 
-2.879793 -2.094395 -27.808446 -8.239096 -7.188533 
-2.879793 -1.832596 -24.760680 -5.807431 -8.030049 
-2.879793 -1.570796 -25.258325 -3.262071 -7.161350 
-2.879793 -1.308997 -30.891365 -4.727788 -6.598961 
-2.879793 -1.047198 -39.566863 -11.730091 -10.331215 
-2.879793 -0.785398 -47.490566 -19.977134 -18.082411 
-2.879793 -0.523599 -51.847155 -24.962316 -26.618699 
-2.879793 -0.261799 -53.190124 -31.128172 -32.609045 
-2.879793 0.000000 -52.257409 -33.372949 -35.228226 
-2.879793 0.261799 -49.344401 -28.674571 -33.321588 
-2.879793 0.523599 -43.477833 -23.305086 -27.659749 
-2.879793 0.785398 -32.484493 -16.026246 -19.325710 
-2.879793 1.047198 -21.492049 -7.081944 -11.981093 
-2.879793 1.308997 -16.492723 -2.990098 -8.808259 
-2.879793 1.570796 -17.762246 -4.101933 -8.986663 
-2.879793 1.832596 -25.653588 -6.555988 -8.100791 
-2.879793 2.094395 -36.086908 -6.935409 -7.055514 
-2.879793 2.356194 -42.079854 -10.284452 -7.132558 
-2.879793 2.617994 -41.722968 -15.843447 -5.962780 
-2.879793 2.879793 -39.238491 -22.808468 -3.955499 
-2.879793 3.141593 -37.239812 -27.642335 -2.994133 

-2.617994 -3.141593 -31.918163 -31.000895 -8.344521 
-2.617994 -2.879793 -29.402132 -27.447358 -9.178776 
-2.617994 -2.617994 -27.546333 -21.177939 -11.046714 
-2.617994 -2.356194 -24.930385 -15.574823 -12.441612 
-2.617994 -2.094395 -22.338910 -13.717358 -12.424210 
-2.617994 -1.832596 -22.111528 -10.139115 -12.665694 
-2.617994 -1.570796 -25.557964 -8.111829 -11.235249 
-2.617994 -1.308997 -34.763649 -10.626609 -10.630646 
-2.617994 -1.047198 -43.344858 -18.349690 -14.264297 
-2.617994 -0.785398 -49.379941 -25.041348 -22.065601 
-2.617994 -0.523599 -51.356588 -29.432858 -31.456815 
-2.617994 -0.261799 -51.373656 -34.453423 -37.875090 
-2.617994 0.000000 -48.990206 -34.830809 -39.761813 
-2.617994 0.261799 -44.587948 -29.908393 -37.484545 
-2.617994 0.523599 -36.856563 -24.819479 -32.099124 
-2.617994 0.785398 -24.275456 -18.364860 -24.614001 
-2.617994 1.047198 -14.381581 -11.185446 -17.650365 
-2.617994 1.308997 -10.599535 -8.612011 -14.499855 
-2.617994 1.570796 -13.570879 -10.076415 -14.644952 
-2.617994 1.832596 -22.380671 -11.243652 -12.818255 
-2.617994 2.094395 -33.417248 -11.452945 -11.552986 
-2.617994 2.356194 -40.052337 -13.997945 -12.397927 
-2.617994 2.617994 -39.317679 -18.434546 -11.223663 
-2.617994 2.879793 -35.228304 -24.948910 -9.334985 
-2.617994 3.141593 -31.918163 -31.000895 -8.344521 

-2.356194 -3.141593 -22.571594 -36.139644 -16.893782 
-2.356194 -2.879793 -20.497174 -32.956242 -17.787635 
-2.356194 -2.617994 -19.594940 -26.855112 -19.967108 
-2.356194 -2.356194 -18.453907 -23.463650 -21.311891 
-2.356194 -2.094395 -17.283150 -21.937439 -20.669301 
-2.356194 -1.832596 -18.461567 -18.308105 -19.612333 
-2.356194 -1.570796 -24.320546 -16.694404 -18.140693 
-2.356194 -1.308997 -34.340280 -19.716510 -17.714927 
-2.356194 -1.047198 -43.096700 -26.256905 -21.731247 
-2.356194 -0.785398 -48.688175 -30.471082 -29.554804 
-2.356194 -0.523599 -49.754998 -34.651689 -38.229327 
-2.356194 -0.261799 -48.202255 -38.784864 -43.886289 
-2.356194 0.000000 -44.988759 -38.588058 -44.633949 
-2.356194 0.261799 -39.800459 -34.514240 -42.314381 
-2.356194 0.523599 -30.470714 -30.346975 -37.973504 
-2.356194 0.785398 -18.465824 -24.624093 -32.032091 
-2.356194 1.047198 -9.652364 -18.540743 -25.993156 
-2.356194 1.308997 -6.520221 -16.617040 -22.834114 
-2.356194 1.570796 -9.112302 -17.640084 -22.570214 
-2.356194 1.832596 -16.145400 -18.617981 -19.798599 
-2.356194 2.094395 -25.831264 -19.345825 -19.183845 
-2.356194 2.356194 -32.341412 -20.907113 -20.058189 
-2.356194 2.617994 -31.574915 -23.725442 -19.328143 
-2.356194 2.879793 -27.019351 -29.203603 -17.574247 
-2.356194 3.141593 -22.571594 -36.139644 -16.893782 

-2.094395 -3.141593 -12.922361 -40.357470 -27.228270 
-2.094395 -2.879793 -11.069653 -40.071012 -28.581832 
-2.094395 -2.617994 -11.194032 -34.000426 -30.745683 
-2.094395 -2.356194 -11.217975 -31.392873 -31.701089 
-2.094395 -2.094395 -11.036907 -30.931813 -30.120193 
-2.094395 -1.832596 -12.266062 -28.211850 -27.173884 
-2.094395 -1.570796 -18.120416 -26.699192 -25.275696 
-2.094395 -1.308997 -28.533409 -28.854918 -25.893128 
-2.094395 -1.047198 -38.559417 -33.643174 -29.988646 
-2.094395 -0.785398 -45.187771 -36.511034 -38.019901 
-2.094395 -0.523599 -47.390959 -40.530536 -46.116278 
-2.094395 -0.261799 -45.693296 -44.236234 -49.824082 
-2.094395 0.000000 -41.301277 -45.085619 -50.587180 
-2.094395 0.261799 -34.879489 -42.257070 -49.170794 
-2.094395 0.523599 -25.861437 -38.016417 -45.492018 
-2.094395 0.785398 -15.943422 -33.381850 -39.758623 
-2.094395 1.047198 -8.753053 -28.178773 -33.938676 
-2.094395 1.308997 -5.625429 -25.805797 -31.046601 
-2.094395 1.570796 -6.466745 -25.899256 -29.959009 
-2.094395 1.832596 -11.046057 -26.427551 -27.432495 
-2.094395 2.094395 -16.962010 -28.089745 -27.522138 
-2.094395 2.356194 -20.816079 -28.477070 -29.180950 
-2.094395 2.617994 -20.617786 -29.767044 -29.050571 
-2.094395 2.879793 -16.457516 -33.597087 -27.813658 
-2.094395 3.141593 -12.922361 -40.357470 -27.228270 

-1.832596 -3.141593 -4.819491 -44.518730 -37.064857 
-1.832596 -2.879793 -4.060973 -45.947014 -38.484463 
-1.832596 -2.617994 -4.715608 -41.103558 -40.151318 
-1.832596 -2.356194 -5.454440 -38.442613 -40.515037 
-1.832596 -2.094395 -5.658429 -36.928414 -38.097744 
-1.832596 -1.832596 -6.679172 -35.222260 -33.816358 
-1.832596 -1.570796 -11.192814 -34.854822 -31.750781 
-1.832596 -1.308997 -19.774341 -36.015695 -33.387583 
-1.832596 -1.047198 -30.540597 -39.792360 -37.769733 
-1.832596 -0.785398 -38.182458 -41.691335 -44.920923 
-1.832596 -0.523599 -41.854211 -44.224617 -52.865908 
-1.832596 -0.261799 -40.695578 -47.800204 -56.372812 
-1.832596 0.000000 -37.275904 -51.061398 -56.945566 
-1.832596 0.261799 -32.441204 -49.605344 -55.986747 
-1.832596 0.523599 -25.945334 -45.934076 -52.064233 
-1.832596 0.785398 -19.593547 -41.638269 -45.683063 
-1.832596 1.047198 -12.900440 -37.538786 -40.208926 
-1.832596 1.308997 -9.219803 -33.664128 -37.680930 
-1.832596 1.570796 -7.990310 -33.100223 -35.149806 
-1.832596 1.832596 -8.563748 -33.167841 -33.749964 
-1.832596 2.094395 -9.806294 -35.045354 -34.972759 
-1.832596 2.356194 -11.197854 -36.148928 -36.432073 
-1.832596 2.617994 -10.362578 -35.717325 -37.529977 
-1.832596 2.879793 -7.548373 -38.801515 -37.116279 
-1.832596 3.141593 -4.819491 -44.518730 -37.064857 

-1.570796 -3.141593 -0.734231 -46.819890 -40.301058 
-1.570796 -2.879793 -0.850245 -48.605027 -41.683311 
-1.570796 -2.617994 -2.498996 -43.846171 -43.281526 
-1.570796 -2.356194 -3.959120 -41.013896 -42.778406 
-1.570796 -2.094395 -4.807245 -39.375215 -40.067850 
-1.570796 -1.832596 -5.287582 -37.528022 -37.100262 
-1.570796 -1.570796 -8.157285 -37.042562 -36.622794 
-1.570796 -1.308997 -14.085795 -38.105792 -38.113443 
-1.570796 -1.047198 -21.779210 -41.361795 -41.775245 
-1.570796 -0.785398 -28.631373 -42.454540 -49.088242 
-1.570796 -0.523599 -33.374605 -44.702338 -56.286979 
-1.570796 -0.261799 -34.817868 -49.009025 -59.753659 
-1.570796 0.000000 -34.739708 -53.865062 -60.013402 
-1.570796 0.261799 -33.608765 -54.115604 -58.975443 
-1.570796 0.523599 -32.520450 -50.526798 -55.379721 
-1.570796 0.785398 -28.919356 -46.576334 -48.619532 
-1.570796 1.047198 -23.765766 -43.532075 -42.430278 
-1.570796 1.308997 -16.948700 -39.034619 -39.286900 
-1.570796 1.570796 -11.876385 -37.546876 -36.426641 
-1.570796 1.832596 -8.399941 -36.496916 -36.028374 
-1.570796 2.094395 -6.163593 -37.440388 -38.434536 
-1.570796 2.356194 -5.826643 -39.973310 -39.891928 
-1.570796 2.617994 -4.746289 -40.129759 -40.889612 
-1.570796 2.879793 -2.332605 -42.119454 -40.546662 
-1.570796 3.141593 -0.734231 -46.819890 -40.301058 

-1.308997 -3.141593 -1.681229 -45.838783 -35.806504 
-1.308997 -2.879793 -3.235630 -46.986839 -37.252485 
-1.308997 -2.617994 -6.121334 -41.359688 -38.653594 
-1.308997 -2.356194 -8.648169 -37.342190 -38.597872 
-1.308997 -2.094395 -9.744586 -35.898830 -36.380340 
-1.308997 -1.832596 -9.174287 -34.348569 -35.865971 
-1.308997 -1.570796 -10.102553 -34.275100 -36.410700 
-1.308997 -1.308997 -12.402483 -35.350389 -37.538282 
-1.308997 -1.047198 -16.824362 -38.205843 -41.154164 
-1.308997 -0.785398 -21.821102 -39.075766 -47.938273 
-1.308997 -0.523599 -27.201522 -41.649158 -54.206820 
-1.308997 -0.261799 -30.789003 -46.327204 -57.306522 
-1.308997 0.000000 -33.779787 -52.121731 -57.842455 
-1.308997 0.261799 -37.106403 -53.978074 -56.637222 
-1.308997 0.523599 -38.688509 -50.515687 -52.780843 
-1.308997 0.785398 -36.786946 -46.272173 -45.580798 
-1.308997 1.047198 -32.717194 -43.237277 -38.870854 
-1.308997 1.308997 -26.148227 -39.232958 -35.198047 
-1.308997 1.570796 -16.469317 -36.056746 -33.269328 
-1.308997 1.832596 -9.204094 -33.426048 -33.555014 
-1.308997 2.094395 -6.214446 -33.694984 -34.816391 
-1.308997 2.356194 -5.238321 -37.845560 -35.948186 
-1.308997 2.617994 -3.983674 -39.477574 -36.775213 
-1.308997 2.879793 -2.078440 -41.706676 -36.460600 
-1.308997 3.141593 -1.681229 -45.838783 -35.806504 

-1.047198 -3.141593 -8.336303 -41.925253 -25.946856 
-1.047198 -2.879793 -11.744494 -40.749292 -26.895617 
-1.047198 -2.617994 -16.364650 -34.452943 -28.531996 
-1.047198 -2.356194 -19.860816 -29.750190 -29.052856 
-1.047198 -2.094395 -20.135389 -28.335856 -28.063125 
-1.047198 -1.832596 -17.539499 -27.252377 -29.042655 
-1.047198 -1.570796 -14.983264 -27.765961 -30.475452 
-1.047198 -1.308997 -14.064717 -27.836210 -31.975536 
-1.047198 -1.047198 -15.414584 -29.125057 -35.323356 
-1.047198 -0.785398 -19.027928 -31.750592 -41.755547 
-1.047198 -0.523599 -24.380052 -35.237470 -47.443936 
-1.047198 -0.261799 -30.756540 -40.419174 -50.782049 
-1.047198 0.000000 -36.730068 -47.004048 -51.336080 
-1.047198 0.261799 -40.556242 -48.985207 -50.339678 
-1.047198 0.523599 -42.896264 -46.169727 -46.574606 
-1.047198 0.785398 -43.252137 -41.860503 -38.591507 
-1.047198 1.047198 -40.233204 -38.953305 -31.406298 
-1.047198 1.308997 -33.557484 -33.165180 -27.096993 
-1.047198 1.570796 -21.875288 -26.876591 -26.865773 
-1.047198 1.832596 -13.604498 -24.414566 -27.843354 
-1.047198 2.094395 -10.187689 -25.971977 -28.115024 
-1.047198 2.356194 -9.429498 -31.081256 -28.812307 
-1.047198 2.617994 -8.145847 -34.239710 -28.096699 
-1.047198 2.879793 -7.123806 -37.194494 -26.508934 
-1.047198 3.141593 -8.336303 -41.925253 -25.946856 

-0.785398 -3.141593 -20.568421 -35.132047 -14.888644 
-0.785398 -2.879793 -25.933898 -31.940855 -15.829632 
-0.785398 -2.617994 -32.153307 -25.659662 -17.508586 
-0.785398 -2.356194 -35.726598 -21.259475 -18.552596 
-0.785398 -2.094395 -33.693761 -19.641971 -18.938348 
-0.785398 -1.832596 -26.452285 -19.629274 -20.178007 
-0.785398 -1.570796 -19.695257 -19.488374 -22.300937 
-0.785398 -1.308997 -15.806361 -17.421348 -24.180829 
-0.785398 -1.047198 -16.141835 -18.415419 -27.119121 
-0.785398 -0.785398 -20.453484 -23.249060 -32.767405 
-0.785398 -0.523599 -27.249792 -28.929536 -39.025280 
-0.785398 -0.261799 -34.139178 -34.948783 -42.616572 
-0.785398 0.000000 -38.689362 -42.205083 -43.973290 
-0.785398 0.261799 -42.399531 -44.671899 -43.340676 
-0.785398 0.523599 -44.816684 -41.415200 -39.200765 
-0.785398 0.785398 -46.379685 -36.308934 -30.635331 
-0.785398 1.047198 -45.721142 -31.916776 -22.673434 
-0.785398 1.308997 -39.743842 -21.833628 -18.691202 
-0.785398 1.570796 -28.219215 -15.072306 -19.112851 
-0.785398 1.832596 -20.222998 -13.808404 -19.329041 
-0.785398 2.094395 -18.025195 -17.303736 -19.049108 
-0.785398 2.356194 -18.225179 -23.761098 -18.981297 
-0.785398 2.617994 -17.724167 -26.832059 -17.659272 
-0.785398 2.879793 -17.946064 -31.520533 -15.827559 
-0.785398 3.141593 -20.568421 -35.132047 -14.888644 

-0.523599 -3.141593 -35.993813 -28.530490 -6.632998 
-0.523599 -2.879793 -42.038844 -23.836043 -7.534730 
-0.523599 -2.617994 -47.715047 -17.991603 -9.277350 
-0.523599 -2.356194 -49.244416 -13.827084 -10.546262 
-0.523599 -2.094395 -43.536947 -12.456550 -11.294989 
-0.523599 -1.832596 -32.684456 -13.993046 -12.148424 
-0.523599 -1.570796 -24.102008 -10.543411 -14.599695 
-0.523599 -1.308997 -19.822459 -8.395284 -17.356820 
-0.523599 -1.047198 -20.954204 -10.820970 -19.773386 
-0.523599 -0.785398 -26.195600 -17.902670 -25.139748 
-0.523599 -0.523599 -32.454127 -24.565773 -31.576434 
-0.523599 -0.261799 -37.699689 -31.798173 -35.609822 
-0.523599 0.000000 -41.551660 -39.668144 -37.580645 
-0.523599 0.261799 -44.194800 -41.203549 -37.433786 
-0.523599 0.523599 -45.919518 -36.851754 -32.903450 
-0.523599 0.785398 -46.836644 -31.233874 -23.439978 
-0.523599 1.047198 -47.346264 -23.148864 -15.388485 
-0.523599 1.308997 -41.755117 -11.709728 -11.872437 
-0.523599 1.570796 -31.731075 -6.004009 -12.836204 
-0.523599 1.832596 -26.930082 -6.219210 -11.884168 
-0.523599 2.094395 -27.460362 -11.935236 -11.350819 
-0.523599 2.356194 -29.502927 -17.837789 -10.887363 
-0.523599 2.617994 -30.481819 -20.159560 -9.261155 
-0.523599 2.879793 -32.272032 -25.908270 -7.395301 
-0.523599 3.141593 -35.993813 -28.530490 -6.632998 

-0.261799 -3.141593 -50.944303 -23.505822 -1.577295 
-0.261799 -2.879793 -53.693609 -18.856362 -2.645870 
-0.261799 -2.617994 -56.410724 -13.650038 -4.567812 
-0.261799 -2.356194 -55.343360 -9.836145 -6.058275 
-0.261799 -2.094395 -47.627039 -9.364602 -6.711287 
-0.261799 -1.832596 -36.687282 -8.684575 -7.288167 
-0.261799 -1.570796 -29.056104 -3.669772 -9.773598 
-0.261799 -1.308997 -26.312543 -2.891703 -11.336772 
-0.261799 -1.047198 -29.025545 -7.721732 -14.098794 
-0.261799 -0.785398 -34.603444 -16.941706 -20.175182 
-0.261799 -0.523599 -39.549292 -24.611181 -26.491976 
-0.261799 -0.261799 -42.192361 -32.033162 -30.340398 
-0.261799 0.000000 -44.378578 -38.855937 -32.736031 
-0.261799 0.261799 -45.511748 -38.326887 -32.738437 
-0.261799 0.523599 -45.728075 -31.972498 -28.281163 
-0.261799 0.785398 -44.943358 -25.304435 -19.699186 
-0.261799 1.047198 -44.603773 -14.439222 -11.741724 
-0.261799 1.308997 -38.824834 -4.595470 -8.702863 
-0.261799 1.570796 -33.349354 -0.776112 -9.547539 
-0.261799 1.832596 -33.300979 -2.925408 -7.541671 
-0.261799 2.094395 -37.534939 -9.725649 -6.213526 
-0.261799 2.356194 -41.950484 -11.689649 -5.739068 
-0.261799 2.617994 -44.732752 -14.699894 -4.216065 
-0.261799 2.879793 -47.721397 -20.672033 -2.319825 
-0.261799 3.141593 -50.944303 -23.505822 -1.577295 

0.000000 -3.141593 -56.681073 -20.965348 -0.000000 
0.000000 -2.879793 -55.638161 -18.046160 -0.903103 
0.000000 -2.617994 -55.006245 -12.911327 -2.905324 
0.000000 -2.356194 -51.955562 -9.377488 -4.449717 
0.000000 -2.094395 -45.195735 -9.451739 -5.133574 
0.000000 -1.832596 -37.259971 -4.051647 -6.047544 
0.000000 -1.570796 -33.015217 -0.152076 -7.750707 
0.000000 -1.308997 -33.862263 -1.567648 -7.360884 
0.000000 -1.047198 -38.025046 -8.780820 -10.463691 
0.000000 -0.785398 -42.178451 -19.986593 -17.489327 
0.000000 -0.523599 -45.519757 -27.914352 -24.398185 
0.000000 -0.261799 -46.370268 -35.239178 -28.654859 
0.000000 0.000000 -46.452574 -38.976381 -31.170215 
0.000000 0.261799 -45.763727 -33.866689 -30.585235 
0.000000 0.523599 -43.592021 -26.742421 -26.210803 
0.000000 0.785398 -40.142386 -20.180098 -19.128199 
0.000000 1.047198 -37.383742 -8.985468 -11.636188 
0.000000 1.308997 -33.201923 -1.373996 -8.908809 
0.000000 1.570796 -33.216872 0.000000 -9.274090 
0.000000 1.832596 -38.290577 -3.657388 -6.097065 
0.000000 2.094395 -46.667830 -8.812484 -4.160007 
0.000000 2.356194 -52.961635 -7.929440 -3.781340 
0.000000 2.617994 -56.746009 -11.231966 -2.573516 
0.000000 2.879793 -58.114326 -16.666160 -0.771912 
0.000000 3.141593 -56.681073 -20.965348 0.000000 

0.261799 -3.141593 -50.047519 -20.939887 -1.179487 
0.261799 -2.879793 -46.041328 -19.644040 -2.033143 
0.261799 -2.617994 -43.714623 -15.035396 -4.329640 
0.261799 -2.356194 -41.714049 -12.663914 -5.830991 
0.261799 -2.094395 -37.600104 -9.652537 -6.650901 
0.261799 -1.832596 -33.752432 -2.879364 -7.586645 
0.261799 -1.570796 -34.494559 -0.519657 -7.977088 
0.261799 -1.308997 -40.358116 -4.415878 -6.404835 
0.261799 -1.047198 -44.208373 -13.886641 -9.565182 
0.261799 -0.785398 -46.863338 -25.072778 -17.235365 
0.261799 -0.523599 -48.145852 -33.539042 -25.397766 
0.261799 -0.261799 -47.942324 -39.403037 -31.055657 
0.261799 0.000000 -45.979802 -38.026712 -33.581681 
0.261799 0.261799 -43.233564 -30.576573 -31.881578 
0.261799 0.523599 -38.999354 -24.132278 -26.990443 
0.261799 0.785398 -33.432650 -16.503461 -20.895627 
0.261799 1.047198 -28.661776 -6.730486 -14.679345 
0.261799 1.308997 -26.496759 -2.280525 -12.351531 
0.261799 1.570796 -29.809191 -2.968906 -11.564177 
0.261799 1.832596 -38.675721 -7.976865 -7.844854 
0.261799 2.094395 -49.315014 -7.867260 -5.545964 
0.261799 2.356194 -55.626386 -7.446097 -4.778978 
0.261799 2.617994 -57.759297 -10.281714 -3.797073 
0.261799 2.879793 -54.824713 -15.115330 -2.168349 
0.261799 3.141593 -50.047519 -20.939887 -1.179487 

0.523599 -3.141593 -34.963383 -24.339556 -5.605499 
0.523599 -2.879793 -31.117176 -23.183518 -6.554346 
0.523599 -2.617994 -29.625281 -19.223550 -8.473735 
0.523599 -2.356194 -28.893535 -17.989129 -10.336016 
0.523599 -2.094395 -27.446365 -11.132526 -10.477326 
0.523599 -1.832596 -27.287881 -5.697358 -12.136667 
0.523599 -1.570796 -32.293806 -5.148389 -10.858528 
0.523599 -1.308997 -42.084752 -10.910250 -8.774245 
0.523599 -1.047198 -46.748542 -21.443173 -11.886988 
0.523599 -0.785398 -48.137542 -30.062442 -20.062909 
0.523599 -0.523599 -47.953152 -37.158316 -29.548796 
0.523599 -0.261799 -46.226351 -41.884367 -35.216869 
0.523599 0.000000 -43.018029 -37.104711 -37.568957 
0.523599 0.261799 -39.094888 -29.254726 -36.193676 
0.523599 0.523599 -33.524521 -23.102035 -31.115490 
0.523599 0.785398 -26.807797 -16.076271 -24.464074 
0.523599 1.047198 -22.099233 -9.054509 -19.157644 
0.523599 1.308997 -21.550700 -7.101774 -17.047172 
0.523599 1.570796 -25.940292 -9.467751 -15.762816 
0.523599 1.832596 -34.444902 -12.434129 -12.326826 
0.523599 2.094395 -43.362226 -9.953253 -9.893336 
0.523599 2.356194 -48.211950 -10.357876 -9.157063 
0.523599 2.617994 -47.138294 -12.556732 -8.315478 
0.523599 2.879793 -40.942962 -17.516116 -6.516796 
0.523599 3.141593 -34.963383 -24.339556 -5.605499 

0.785398 -3.141593 -18.793411 -30.410418 -13.398722 
0.785398 -2.879793 -16.459585 -28.004092 -14.151266 
0.785398 -2.617994 -16.529240 -24.907443 -16.116157 
0.785398 -2.356194 -17.205314 -23.090329 -17.541088 
0.785398 -2.094395 -17.335451 -16.024997 -17.540673 
0.785398 -1.832596 -19.686789 -12.385178 -18.585416 
0.785398 -1.570796 -27.313316 -13.847018 -16.560078 
0.785398 -1.308997 -38.827026 -20.693928 -14.666249 
0.785398 -1.047198 -45.131606 -28.172482 -18.058489 
0.785398 -0.785398 -46.766426 -34.895668 -26.172586 
0.785398 -0.523599 -46.078183 -40.719225 -35.691319 
0.785398 -0.261799 -43.941205 -43.325545 -40.625425 
0.785398 0.000000 -40.388117 -38.238717 -42.617411 
0.785398 0.261799 -35.540577 -31.177511 -41.227892 
0.785398 0.523599 -28.820653 -25.583291 -36.444967 
0.785398 0.785398 -22.394042 -20.488569 -30.230252 
0.785398 1.047198 -18.800973 -15.809097 -24.477116 
0.785398 1.308997 -18.504698 -15.382743 -22.319856 
0.785398 1.570796 -22.411891 -17.746821 -21.707340 
0.785398 1.832596 -27.660273 -17.738129 -18.998315 
0.785398 2.094395 -32.620376 -16.078263 -16.825754 
0.785398 2.356194 -34.372210 -16.399401 -16.679872 
0.785398 2.617994 -30.735023 -18.559303 -15.886178 
0.785398 2.879793 -24.050677 -23.772816 -14.175346 
0.785398 3.141593 -18.793411 -30.410418 -13.398722 

1.047198 -3.141593 -7.177709 -37.696727 -23.496753 
1.047198 -2.879793 -5.985593 -34.084447 -24.352608 
1.047198 -2.617994 -7.211994 -31.275532 -25.427379 
1.047198 -2.356194 -8.503117 -29.253412 -26.787686 
1.047198 -2.094395 -9.317346 -24.184308 -26.785371 
1.047198 -1.832596 -12.580205 -22.181461 -26.650527 
1.047198 -1.570796 -20.933697 -24.530855 -24.124513 
1.047198 -1.308997 -31.573787 -30.334487 -22.563304 
1.047198 -1.047198 -39.132480 -32.789934 -26.146882 
1.047198 -0.785398 -42.435347 -37.681330 -34.049476 
1.047198 -0.523599 -42.131568 -43.639597 -42.113263 
1.047198 -0.261799 -40.171355 -45.403939 -46.809762 
1.047198 0.000000 -37.102413 -42.836709 -47.792404 
1.047198 0.261799 -31.580441 -37.106026 -46.786765 
1.047198 0.523599 -26.334198 -32.393529 -42.678809 
1.047198 0.785398 -22.317577 -28.696773 -36.873119 
1.047198 1.047198 -19.344921 -25.893791 -31.763036 
1.047198 1.308997 -18.136766 -25.335463 -29.314592 
1.047198 1.570796 -18.090225 -25.423830 -28.896360 
1.047198 1.832596 -18.883596 -25.130303 -26.675522 
1.047198 2.094395 -19.622101 -24.241875 -25.357074 
1.047198 2.356194 -18.770982 -24.412548 -26.208309 
1.047198 2.617994 -15.431641 -27.225314 -26.137682 
1.047198 2.879793 -10.741363 -32.411952 -24.415513 
1.047198 3.141593 -7.177709 -37.696727 -23.496753 

1.308997 -3.141593 -0.497845 -45.045800 -33.840663 
1.308997 -2.879793 -1.003295 -41.096440 -34.688348 
1.308997 -2.617994 -3.103928 -37.798838 -35.452338 
1.308997 -2.356194 -4.692106 -36.152524 -36.197119 
1.308997 -2.094395 -5.393291 -33.138826 -35.751701 
1.308997 -1.832596 -8.389391 -32.230878 -33.941826 
1.308997 -1.570796 -14.474527 -33.580003 -31.918947 
1.308997 -1.308997 -22.405815 -36.313483 -31.404922 
1.308997 -1.047198 -30.219243 -37.484085 -35.339614 
1.308997 -0.785398 -34.739024 -40.778068 -42.355245 
1.308997 -0.523599 -36.062466 -45.490774 -48.813311 
1.308997 -0.261799 -35.143235 -48.818880 -52.408035 
1.308997 0.000000 -32.071457 -48.292697 -53.212608 
1.308997 0.261799 -30.296263 -44.376714 -52.063748 
1.308997 0.523599 -28.863097 -39.819737 -48.749373 
1.308997 0.785398 -26.570843 -37.372223 -43.503263 
1.308997 1.047198 -21.589141 -35.883954 -39.117289 
1.308997 1.308997 -16.799327 -33.923443 -36.207488 
1.308997 1.570796 -12.780452 -33.261439 -35.258222 
1.308997 1.832596 -10.217547 -33.648205 -33.659764 
1.308997 2.094395 -9.171954 -33.537344 -34.035176 
1.308997 2.356194 -8.279277 -33.689629 -36.166719 
1.308997 2.617994 -5.754630 -36.864037 -36.390020 
1.308997 2.879793 -2.402561 -41.627694 -34.649860 
1.308997 3.141593 -0.497845 -45.045800 -33.840663 

1.570796 -3.141593 -0.000000 -50.228590 -40.309975 
1.570796 -2.879793 -1.969062 -46.207110 -40.928134 
1.570796 -2.617994 -4.917032 -41.603316 -41.794845 
1.570796 -2.356194 -6.350233 -39.888689 -41.948868 
1.570796 -2.094395 -6.606796 -38.212740 -40.983419 
1.570796 -1.832596 -7.431457 -36.989331 -38.392066 
1.570796 -1.570796 -10.263244 -37.324327 -37.105229 
1.570796 -1.308997 -13.925937 -38.653002 -37.840524 
1.570796 -1.047198 -19.865455 -39.592430 -41.247897 
1.570796 -0.785398 -26.033941 -42.325040 -47.278356 
1.570796 -0.523599 -28.342014 -46.291620 -52.081898 
1.570796 -0.261799 -29.204599 -51.368543 -55.647912 
1.570796 0.000000 -30.969964 -53.025014 -56.252248 
1.570796 0.261799 -33.506035 -50.115188 -54.916876 
1.570796 0.523599 -34.886622 -46.170007 -51.987546 
1.570796 0.785398 -31.646290 -43.677862 -47.254317 
1.570796 1.047198 -24.706673 -41.474919 -42.848124 
1.570796 1.308997 -16.631918 -38.804396 -39.742851 
1.570796 1.570796 -9.924659 -39.081829 -37.204228 
1.570796 1.832596 -6.027686 -40.299414 -36.379434 
1.570796 2.094395 -4.153799 -41.100017 -39.823594 
1.570796 2.356194 -3.598008 -41.308416 -43.303598 
1.570796 2.617994 -2.054359 -44.015403 -43.402037 
1.570796 2.879793 -0.364779 -48.441129 -41.347913 
1.570796 3.141593 0.000000 -50.228590 -40.309975 

1.832596 -3.141593 -5.163986 -50.133094 -39.190688 
1.832596 -2.879793 -8.017239 -45.306736 -39.304553 
1.832596 -2.617994 -11.602758 -40.853986 -40.162837 
1.832596 -2.356194 -12.496852 -37.834899 -39.859811 
1.832596 -2.094395 -11.016725 -36.433171 -38.981070 
1.832596 -1.832596 -9.248829 -34.901618 -37.652350 
1.832596 -1.570796 -7.349073 -35.666572 -37.846404 
1.832596 -1.308997 -7.948619 -36.449885 -38.377426 
1.832596 -1.047198 -11.689502 -38.038411 -41.174521 
1.832596 -0.785398 -17.814135 -40.356497 -46.696135 
1.832596 -0.523599 -23.595254 -44.131601 -51.585281 
1.832596 -0.261799 -28.731046 -49.341956 -54.695212 
1.832596 0.000000 -34.128618 -52.929495 -55.307871 
1.832596 0.261799 -38.215342 -51.257180 -53.894007 
1.832596 0.523599 -38.623401 -47.739445 -50.252266 
1.832596 0.785398 -36.152812 -45.113320 -45.325064 
1.832596 1.047198 -30.037117 -41.834871 -40.733502 
1.832596 1.308997 -20.308961 -39.060598 -36.406008 
1.832596 1.570796 -11.464216 -38.403449 -34.117589 
1.832596 1.832596 -6.459059 -39.746676 -35.270948 
1.832596 2.094395 -4.985304 -41.800419 -39.959170 
1.832596 2.356194 -5.035705 -42.943373 -43.509124 
1.832596 2.617994 -4.552016 -45.577190 -43.022001 
1.832596 2.879793 -4.024131 -49.377804 -41.015198 
1.832596 3.141593 -5.163986 -50.133094 -39.190688 

2.094395 -3.141593 -14.053678 -45.201222 -29.700934 
2.094395 -2.879793 -18.186000 -39.612763 -29.902493 
2.094395 -2.617994 -21.639823 -34.621043 -30.795714 
2.094395 -2.356194 -21.608884 -32.013645 -31.288741 
2.094395 -2.094395 -17.641611 -30.352719 -31.091602 
2.094395 -1.832596 -11.719168 -29.148855 -30.882849 
2.094395 -1.570796 -6.544416 -28.638986 -32.537230 
2.094395 -1.308997 -5.028744 -28.040669 -32.370864 
2.094395 -1.047198 -8.283690 -30.161325 -34.960007 
2.094395 -0.785398 -15.558026 -33.666617 -40.747801 
2.094395 -0.523599 -25.215794 -37.545540 -45.822261 
2.094395 -0.261799 -34.186507 -42.773845 -48.881686 
2.094395 0.000000 -39.648207 -48.173627 -50.161465 
2.094395 0.261799 -42.446963 -47.902615 -49.098078 
2.094395 0.523599 -42.305065 -44.487753 -45.203592 
2.094395 0.785398 -39.762724 -41.313096 -39.346362 
2.094395 1.047198 -34.430299 -36.439737 -33.583737 
2.094395 1.308997 -26.321589 -31.489285 -29.670072 
2.094395 1.570796 -16.981289 -29.817492 -28.015566 
2.094395 1.832596 -11.506899 -30.966797 -29.642237 
2.094395 2.094395 -10.529870 -34.048915 -32.401408 
2.094395 2.356194 -11.268968 -35.624988 -34.175461 
2.094395 2.617994 -11.863426 -39.720204 -32.968283 
2.094395 2.879793 -12.199465 -44.088949 -30.822475 
2.094395 3.141593 -14.053678 -45.201222 -29.700934 

2.356194 -3.141593 -23.494434 -38.579058 -18.264943 
2.356194 -2.879793 -27.985861 -32.950906 -18.713634 
2.356194 -2.617994 -32.183735 -26.311796 -20.027996 
2.356194 -2.356194 -32.660762 -22.754213 -21.170516 
2.356194 -2.094395 -26.542047 -20.882532 -20.847880 
2.356194 -1.832596 -16.060933 -20.556116 -21.579260 
2.356194 -1.570796 -8.326691 -19.421088 -24.100814 
2.356194 -1.308997 -5.728258 -18.148516 -24.185285 
2.356194 -1.047198 -8.913073 -20.339750 -26.358494 
2.356194 -0.785398 -17.784883 -24.868305 -32.373145 
2.356194 -0.523599 -30.124802 -29.153388 -38.163005 
2.356194 -0.261799 -40.248541 -34.904266 -41.653427 
2.356194 0.000000 -44.963156 -41.505733 -43.845511 
2.356194 0.261799 -47.256228 -42.617891 -42.878337 
2.356194 0.523599 -46.539956 -39.077385 -38.806281 
2.356194 0.785398 -43.460504 -35.119596 -31.269551 
2.356194 1.047198 -37.783006 -27.340148 -24.293782 
2.356194 1.308997 -30.285656 -20.177569 -20.025670 
2.356194 1.570796 -21.745755 -17.924345 -19.959133 
2.356194 1.832596 -16.476372 -20.185966 -21.366782 
2.356194 2.094395 -16.253444 -24.223913 -22.347598 
2.356194 2.356194 -17.948453 -26.448370 -23.352995 
2.356194 2.617994 -19.799038 -31.804362 -21.816012 
2.356194 2.879793 -20.741764 -37.317815 -19.325459 
2.356194 3.141593 -23.494434 -38.579058 -18.264943 

2.617994 -3.141593 -30.650551 -32.039310 -8.638009 
2.617994 -2.879793 -34.847782 -25.335475 -9.366651 
2.617994 -2.617994 -38.964212 -19.106170 -11.145576 
2.617994 -2.356194 -40.119150 -14.793217 -12.370317 
2.617994 -2.094395 -32.817522 -12.751279 -12.440619 
2.617994 -1.832596 -20.381481 -12.732308 -13.492549 
2.617994 -1.570796 -11.529078 -11.396425 -15.899953 
2.617994 -1.308997 -9.014870 -9.973592 -16.350783 
2.617994 -1.047198 -13.103736 -12.410282 -18.775184 
2.617994 -0.785398 -23.330022 -18.054811 -24.492202 
2.617994 -0.523599 -36.379456 -22.686102 -30.402829 
2.617994 -0.261799 -45.007760 -29.170261 -35.120775 
2.617994 0.000000 -49.368571 -36.365497 -36.128896 
2.617994 0.261799 -51.456206 -38.009888 -36.298969 
2.617994 0.523599 -50.709221 -33.967138 -32.799723 
2.617994 0.785398 -46.170358 -28.745835 -23.643055 
2.617994 1.047198 -38.465513 -18.122711 -16.053851 
2.617994 1.308997 -30.049905 -9.929604 -12.172372 
2.617994 1.570796 -22.230815 -7.930800 -12.696449 
2.617994 1.832596 -19.227891 -11.248594 -14.102620 
2.617994 2.094395 -20.630313 -15.792338 -13.706677 
2.617994 2.356194 -24.161685 -18.536075 -13.883695 
2.617994 2.617994 -26.864332 -25.253756 -12.178632 
2.617994 2.879793 -27.827079 -31.060234 -9.763047 
2.617994 3.141593 -30.650551 -32.039310 -8.638009 

2.879793 -3.141593 -36.169986 -27.597235 -2.743979 
2.879793 -2.879793 -39.009191 -21.181677 -3.407712 
2.879793 -2.617994 -41.395995 -14.923647 -5.444983 
2.879793 -2.356194 -41.807688 -10.064413 -6.619450 
2.879793 -2.094395 -33.726303 -7.596340 -6.835535 
2.879793 -1.832596 -22.714098 -7.701980 -8.111800 
2.879793 -1.570796 -15.720218 -5.369641 -9.857167 
2.879793 -1.308997 -14.728762 -4.599899 -10.267559 
2.879793 -1.047198 -20.377549 -8.148005 -13.509095 
2.879793 -0.785398 -31.704249 -15.257114 -19.261992 
2.879793 -0.523599 -43.525484 -20.898651 -25.650488 
2.879793 -0.261799 -49.316985 -27.609416 -31.103109 
2.879793 0.000000 -52.111167 -33.891095 -34.021345 
2.879793 0.261799 -53.015212 -34.051349 -33.304890 
2.879793 0.523599 -50.825853 -29.354553 -28.015819 
2.879793 0.785398 -43.798611 -22.780318 -19.123338 
2.879793 1.047198 -34.708356 -10.669248 -11.158579 
2.879793 1.308997 -26.580992 -3.209207 -7.501482 
2.879793 1.570796 -21.736247 -2.116415 -7.958692 
2.879793 1.832596 -22.052488 -6.166924 -9.207828 
2.879793 2.094395 -25.991625 -9.633857 -8.253599 
2.879793 2.356194 -31.001070 -13.079971 -7.849807 
2.879793 2.617994 -33.496179 -20.313577 -6.087836 
2.879793 2.879793 -34.327512 -26.762120 -3.845088 
2.879793 3.141593 -36.169986 -27.597235 -2.743979 

3.141593 -3.141593 -38.247424 -26.289495 -0.972885 
3.141593 -2.879793 -39.062918 -21.000002 -1.687396 
3.141593 -2.617994 -39.818011 -14.277292 -3.504645 
3.141593 -2.356194 -37.945596 -8.946552 -4.780217 
3.141593 -2.094395 -32.102739 -5.990203 -5.339900 
3.141593 -1.832596 -24.598656 -5.392485 -6.284879 
3.141593 -1.570796 -21.459077 -2.413352 -6.645183 
3.141593 -1.308997 -23.349398 -2.673006 -6.502016 
3.141593 -1.047198 -31.037495 -8.101986 -10.171673 
3.141593 -0.785398 -41.808952 -16.196895 -17.198957 
3.141593 -0.523599 -49.284142 -21.741820 -24.488620 
3.141593 -0.261799 -52.626890 -28.736094 -30.122789 
3.141593 0.000000 -53.675408 -33.242886 -32.674490 
3.141593 0.261799 -52.508760 -30.475434 -31.569603 
3.141593 0.523599 -48.413543 -25.415607 -26.035209 
3.141593 0.785398 -39.209152 -17.888383 -17.138742 
3.141593 1.047198 -28.482121 -6.940847 -9.807891 
3.141593 1.308997 -22.190572 -0.909335 -6.459865 
3.141593 1.570796 -21.467568 -1.073775 -6.748993 
3.141593 1.832596 -25.375812 -4.975689 -7.117396 
3.141593 2.094395 -32.684128 -6.279125 -5.856508 
3.141593 2.356194 -38.066531 -9.933791 -5.586762 
3.141593 2.617994 -39.535880 -16.555738 -4.191094 
3.141593 2.879793 -38.484780 -23.630712 -2.005230 
3.141593 3.141593 -38.247424 -26.289495 -0.972885 

