-3.141593 -0.848931 -21.579840 0.000000 0.365728 0.420854 0.000000
-3.036873 -1.131914 -21.211659 -0.149487 0.385295 0.361282 0.027162
-2.932153 -1.995717 -19.508316 -0.566975 0.388122 0.325623 0.034631
-2.827433 -3.399248 -17.283232 -1.222405 0.383209 0.334402 0.028801
-2.722714 -5.338310 -15.097213 -2.007694 0.378405 0.373946 0.047581
-2.617994 -7.775366 -12.947516 -2.817725 0.368861 0.395758 0.082237
-2.513274 -10.702781 -10.941355 -3.519409 0.366470 0.409765 0.089577
-2.408554 -14.018277 -9.340731 -4.038184 0.355515 0.378436 0.104399
-2.303835 -17.578522 -8.080270 -4.352328 0.344239 0.396257 0.106629
-2.199115 -21.155237 -7.185303 -4.563994 0.310469 0.391482 0.080072
-2.094395 -24.640693 -6.601111 -4.766453 0.286312 0.374673 0.084077
-1.989675 -27.869212 -5.802564 -5.101013 0.229751 0.316636 0.094749
-1.884956 -30.664317 -4.340952 -5.434645 0.272163 0.311954 0.179728
-1.780236 -33.020003 -2.676962 -6.060547 0.481624 0.349110 0.225182
-1.675516 -34.586060 -1.355150 -6.563886 0.638358 0.372888 0.242427
-1.570796 -35.102163 -0.681615 -6.461108 0.695894 0.338334 0.207321
-1.466077 -34.543360 -0.673545 -6.037048 0.453599 0.335905 0.195816
-1.361357 -33.216461 -1.356321 -5.783244 0.349843 0.300110 0.198724
-1.256637 -31.157739 -2.695789 -6.151978 0.193373 0.274253 0.232331
-1.151917 -28.213364 -4.755942 -7.316971 0.083241 0.278861 0.213367
-1.047198 -24.567321 -7.544288 -9.247578 0.071661 0.300335 0.208880
-0.942478 -20.550686 -10.920410 -11.827057 0.078605 0.305238 0.206131
-0.837758 -16.496014 -14.207149 -14.931177 0.112530 0.266951 0.180049
-0.733038 -12.727652 -16.889166 -18.137645 0.132963 0.245930 0.178301
-0.628319 -9.397557 -19.141559 -21.213562 0.128804 0.245198 0.237747
-0.523599 -6.556866 -21.468389 -23.982183 0.109359 0.276473 0.302337
-0.418879 -4.236372 -24.042921 -26.308678 0.073872 0.291419 0.364275
-0.314159 -2.391749 -26.815406 -28.201710 0.086052 0.322772 0.408851
-0.209440 -1.074791 -29.592232 -29.701169 0.088630 0.363794 0.379583
-0.104720 -0.298241 -31.860820 -30.789084 0.048056 0.388965 0.398294
0.000000 0.000000 -32.765096 -31.432491 0.000000 0.354059 0.428407
0.104720 -0.153302 -31.678593 -31.463883 0.022575 0.150648 0.485087
0.209440 -0.760830 -29.499131 -30.946631 0.044462 0.151086 0.561695
0.314159 -1.833376 -27.164128 -29.797610 0.063208 0.255512 0.635708
0.418879 -3.402644 -24.904713 -28.054219 0.077102 0.304355 0.627997
0.523599 -5.505491 -22.759144 -25.633976 0.055013 0.347038 0.541806
0.628319 -8.116761 -20.541641 -22.720524 0.042463 0.328555 0.372551
0.733038 -11.131127 -17.625815 -19.379375 0.036182 0.148187 0.288206
0.837758 -14.499715 -13.885000 -15.853691 0.060648 0.068235 0.211740
0.942478 -18.136804 -10.048907 -12.684916 0.097322 0.075123 0.163695
1.047198 -21.897091 -6.616300 -10.054296 0.092736 0.079357 0.227057
1.151917 -25.664371 -3.824456 -8.182889 0.088284 0.073137 0.248578
1.256637 -29.226951 -1.781540 -7.105898 0.113940 0.070096 0.282411
1.361357 -32.292222 -0.517413 -6.691219 0.100036 0.030266 0.303975
1.466077 -34.559557 0.000000 -6.835478 0.105772 0.000000 0.303720
1.570796 -35.795305 -0.248472 -7.188057 0.108086 0.052514 0.237982
1.675516 -35.994401 -1.121189 -7.149048 0.091635 0.057678 0.153156
1.780236 -35.108703 -2.502336 -6.442319 0.248131 0.040824 0.145680
1.884956 -33.406305 -4.315398 -5.671213 0.329927 0.056280 0.131665
1.989675 -30.748049 -5.734389 -4.932274 0.388264 0.134291 0.123196
2.094395 -27.319666 -6.396722 -4.489603 0.429124 0.236266 0.102311
2.199115 -23.412562 -6.782792 -4.212448 0.403541 0.311879 0.076228
2.303835 -19.343698 -7.409155 -4.138297 0.381197 0.377732 0.054001
2.408554 -15.369347 -8.400034 -3.930622 0.390646 0.426025 0.069293
2.513274 -11.685446 -9.693360 -3.468250 0.375087 0.491773 0.094715
2.617994 -8.402060 -11.306414 -2.807329 0.365866 0.496929 0.065136
2.722714 -5.663565 -13.187826 -2.036256 0.349430 0.529691 0.047723
2.827433 -3.537433 -15.326904 -1.263637 0.359583 0.545090 0.037217
2.932153 -2.016209 -17.714389 -0.609607 0.360182 0.531688 0.028291
3.036873 -1.138600 -20.100002 -0.168045 0.355813 0.512983 0.029528
3.141593 -0.848931 -21.579840 -0.000000 0.365728 0.420854 0.000000
