-3.141593 -1.213090 -20.910131 0.000000
-2.879793 -2.996530 -17.970314 -0.900254
-2.617994 -8.084827 -12.635783 -2.807657
-2.356194 -16.000267 -8.430861 -4.237982
-2.094395 -24.818977 -6.368646 -4.830258
-1.832596 -32.071457 -3.207263 -5.467671
-1.570796 -35.500262 -0.340286 -6.047307
-1.308997 -32.548569 -1.812754 -5.626033
-1.047198 -24.451932 -7.611522 -8.991980
-0.785398 -14.712293 -15.547233 -16.270780
-0.523599 -6.617463 -21.212981 -23.432847
-0.261799 -1.622296 -28.112376 -28.385866
0.000000 0.000000 -32.793247 -31.490270
0.261799 -1.116774 -28.280600 -31.201732
0.523599 -5.478861 -22.936591 -26.235046
0.785398 -12.654951 -15.781964 -17.709989
1.047198 -21.693291 -6.569710 -10.035022
1.308997 -30.611275 -0.988119 -6.795770
1.570796 -35.721957 0.000000 -7.171111
1.832596 -34.229459 -3.218960 -6.233197
2.094395 -27.602252 -6.027393 -4.699891
2.356194 -17.589490 -7.255543 -4.095635
2.617994 -8.813097 -10.519081 -2.754598
2.879793 -3.089927 -15.601421 -0.835673
3.141593 -1.213090 -20.910131 0.000000
