-3.141593 -0.820014 -21.342386 0.000000 0.341402 0.351370 0.000000
-2.879793 -2.615502 -18.178957 -0.840934 0.378391 0.258804 0.037692
-2.617994 -7.764457 -12.699942 -2.821342 0.347769 0.333158 0.091896
-2.356194 -15.760559 -8.398169 -4.229307 0.318047 0.351965 0.115359
-2.094395 -24.633153 -6.344929 -4.782913 0.297752 0.353444 0.099040
-1.832596 -31.882852 -3.260908 -5.693474 0.364286 0.280649 0.231510
-1.570796 -35.123076 -0.407106 -6.419788 0.694538 0.310099 0.221864
-1.308997 -32.333040 -1.707620 -5.883831 0.266610 0.258734 0.187949
-1.047198 -24.572930 -7.297005 -9.248360 0.077627 0.299588 0.190446
-0.785398 -14.589462 -15.400881 -16.496605 0.133271 0.249759 0.197049
-0.523599 -6.514159 -21.226510 -23.928104 0.115801 0.268475 0.331722
-0.261799 -1.636046 -27.953821 -28.893315 0.072845 0.366481 0.478251
0.000000 0.000000 -32.505588 -31.302561 0.000000 0.369649 0.512820
0.261799 -1.216520 -28.073836 -30.519748 0.074808 0.292266 0.543700
0.523599 -5.461800 -22.515339 -25.617560 0.067688 0.376116 0.522266
0.785398 -12.729787 -15.579873 -17.520816 0.081058 0.115322 0.222393
1.047198 -21.869345 -6.357825 -10.047512 0.118256 0.120711 0.255311
1.308997 -30.793065 -0.799386 -6.811368 0.144625 0.114555 0.297630
1.570796 -35.767077 0.000000 -7.171467 0.097106 0.016080 0.252388
1.832596 -34.387116 -3.140563 -6.063151 0.287999 0.042652 0.173658
2.094395 -27.301333 -6.138263 -4.481318 0.421345 0.174495 0.130729
2.356194 -17.311415 -7.620730 -4.076423 0.365726 0.352222 0.068513
2.617994 -8.410482 -11.044537 -2.808052 0.346026 0.436655 0.045286
2.879793 -2.674568 -16.274418 -0.901581 0.332570 0.484486 0.040444
3.141593 -0.820014 -21.342386 -0.000000 0.341402 0.351370 0.000000
