-3.141593 -0.820014 -21.342386 0.000000
-2.879793 -2.615502 -18.178957 -0.840934
-2.617994 -7.764457 -12.699942 -2.821342
-2.356194 -15.760559 -8.398169 -4.229307
-2.094395 -24.633153 -6.344929 -4.782913
-1.832596 -31.882852 -3.260908 -5.693474
-1.570796 -35.123076 -0.407106 -6.419788
-1.308997 -32.333040 -1.707620 -5.883831
-1.047198 -24.572930 -7.297005 -9.248360
-0.785398 -14.589462 -15.400881 -16.496605
-0.523599 -6.514159 -21.226510 -23.928104
-0.261799 -1.636046 -27.953821 -28.893315
0.000000 0.000000 -32.505588 -31.302561
0.261799 -1.216520 -28.073836 -30.519748
0.523599 -5.461800 -22.515339 -25.617560
0.785398 -12.729787 -15.579873 -17.520816
1.047198 -21.869345 -6.357825 -10.047512
1.308997 -30.793065 -0.799386 -6.811368
1.570796 -35.767077 0.000000 -7.171467
1.832596 -34.387116 -3.140563 -6.063151
2.094395 -27.301333 -6.138263 -4.481318
2.356194 -17.311415 -7.620730 -4.076423
2.617994 -8.410482 -11.044537 -2.808052
2.879793 -2.674568 -16.274418 -0.901581
3.141593 -0.820014 -21.342386 -0.000000
