-3.141593 -3.141593 -37.544815 -26.540407 -2.178567 
-3.141593 -2.879793 -38.235327 -21.068767 -2.770560 
-3.141593 -2.617994 -38.776888 -14.070685 -4.456613 
-3.141593 -2.356194 -37.981896 -8.681759 -5.700714 
-3.141593 -2.094395 -31.983823 -5.754914 -6.203318 
-3.141593 -1.832596 -23.996422 -5.425080 -7.028121 
-3.141593 -1.570796 -20.932857 -2.549808 -7.687687 
-3.141593 -1.308997 -23.033507 -2.923210 -7.380998 
-3.141593 -1.047198 -31.025852 -8.509733 -11.025033 
-3.141593 -0.785398 -40.832345 -17.201367 -18.422590 
-3.141593 -0.523599 -44.506719 -22.722636 -25.864699 
-3.141593 -0.261799 -46.491904 -29.355406 -30.608102 
-3.141593 0.000000 -47.814460 -33.892686 -33.419814 
-3.141593 0.261799 -48.631786 -30.455239 -32.225968 
-3.141593 0.523599 -47.236288 -25.489089 -26.503855 
-3.141593 0.785398 -39.541489 -18.797742 -17.104078 
-3.141593 1.047198 -29.093692 -8.271846 -9.609150 
-3.141593 1.308997 -21.953406 -2.203939 -6.442403 
-3.141593 1.570796 -21.721110 -2.351272 -6.685934 
-3.141593 1.832596 -25.500793 -6.141226 -7.844161 
-3.141593 2.094395 -32.914526 -7.083057 -6.711126 
-3.141593 2.356194 -37.567296 -10.685415 -6.695457 
-3.141593 2.617994 -38.763122 -17.223768 -5.384362 
-3.141593 2.879793 -37.670161 -24.251213 -3.200098 
-3.141593 3.141593 -37.544815 -26.540407 -2.178567 

-2.879793 -3.141593 -36.810893 -28.398640 -4.116149 
-2.879793 -2.879793 -35.834551 -23.761663 -4.766538 
-2.879793 -2.617994 -34.659737 -16.321241 -6.563234 
-2.879793 -2.356194 -31.682938 -10.494912 -7.683706 
-2.879793 -2.094395 -27.933401 -8.028300 -8.176208 
-2.879793 -1.832596 -24.866502 -5.969489 -8.920612 
-2.879793 -1.570796 -25.595477 -3.458368 -8.074099 
-2.879793 -1.308997 -30.867441 -5.064753 -7.499062 
-2.879793 -1.047198 -39.693970 -12.186580 -11.369168 
-2.879793 -0.785398 -44.807401 -20.859486 -19.513830 
-2.879793 -0.523599 -47.154698 -26.402405 -27.989770 
-2.879793 -0.261799 -47.805117 -31.955713 -33.601298 
-2.879793 0.000000 -47.368528 -34.294286 -35.087474 
-2.879793 0.261799 -46.346479 -28.326004 -33.373622 
-2.879793 0.523599 -42.671765 -22.805031 -27.877349 
-2.879793 0.785398 -32.533123 -17.112364 -18.907219 
-2.879793 1.047198 -21.480229 -8.425557 -11.982773 
-2.879793 1.308997 -16.322668 -4.351988 -8.812232 
-2.879793 1.570796 -17.705680 -5.482593 -9.158738 
-2.879793 1.832596 -25.762107 -7.674977 -8.568317 
-2.879793 2.094395 -34.750042 -7.655027 -7.506585 
-2.879793 2.356194 -39.429579 -10.898685 -8.163906 
-2.879793 2.617994 -40.195601 -16.432477 -7.096661 
-2.879793 2.879793 -38.702480 -23.553418 -5.105665 
-2.879793 3.141593 -36.810893 -28.398640 -4.116149 

-2.617994 -3.141593 -32.343584 -31.304388 -9.437776 
-2.617994 -2.879793 -29.898432 -28.149682 -10.234741 
-2.617994 -2.617994 -27.670856 -21.568777 -11.913233 
-2.617994 -2.356194 -25.239402 -15.746580 -13.300531 
-2.617994 -2.094395 -22.576980 -13.610768 -13.202612 
-2.617994 -1.832596 -22.325621 -10.441230 -13.588054 
-2.617994 -1.570796 -26.072625 -8.283264 -12.230385 
-2.617994 -1.308997 -34.612321 -10.990544 -11.566773 
-2.617994 -1.047198 -40.772962 -18.987477 -15.570618 
-2.617994 -0.785398 -45.093465 -26.000746 -23.428664 
-2.617994 -0.523599 -47.163445 -31.082276 -31.520047 
-2.617994 -0.261799 -47.465498 -35.670367 -36.930185 
-2.617994 0.000000 -46.367039 -34.959925 -37.639036 
-2.617994 0.261799 -42.957745 -29.289032 -36.413835 
-2.617994 0.523599 -35.979363 -24.489488 -32.067157 
-2.617994 0.785398 -24.391274 -19.509184 -24.843426 
-2.617994 1.047198 -14.386565 -12.425230 -17.475584 
-2.617994 1.308997 -10.549571 -9.912781 -14.864276 
-2.617994 1.570796 -13.392955 -11.397815 -14.627372 
-2.617994 1.832596 -22.114340 -12.276928 -13.029728 
-2.617994 2.094395 -32.594039 -12.190068 -11.874506 
-2.617994 2.356194 -37.475677 -14.475138 -13.191857 
-2.617994 2.617994 -37.798496 -19.068088 -12.340812 
-2.617994 2.879793 -35.379803 -25.776703 -10.400461 
-2.617994 3.141593 -32.343584 -31.304388 -9.437776 

-2.356194 -3.141593 -22.743938 -36.180978 -18.023432 
-2.356194 -2.879793 -20.952145 -33.378054 -19.019158 
-2.356194 -2.617994 -19.697311 -27.195840 -20.995579 
-2.356194 -2.356194 -18.512917 -23.110867 -22.476355 
-2.356194 -2.094395 -17.259945 -21.972368 -21.581755 
-2.356194 -1.832596 -18.396891 -18.674324 -20.659117 
-2.356194 -1.570796 -24.379590 -16.949387 -18.904593 
-2.356194 -1.308997 -34.161299 -19.822140 -18.619092 
-2.356194 -1.047198 -40.908292 -26.737566 -22.725260 
-2.356194 -0.785398 -45.120135 -31.426261 -29.853031 
-2.356194 -0.523599 -46.644526 -36.085477 -37.138663 
-2.356194 -0.261799 -45.799865 -40.341590 -42.142999 
-2.356194 0.000000 -44.365490 -39.437070 -42.799303 
-2.356194 0.261799 -39.943725 -34.846560 -42.157538 
-2.356194 0.523599 -29.800917 -30.788221 -38.458504 
-2.356194 0.785398 -17.842268 -25.458439 -32.218138 
-2.356194 1.047198 -9.306612 -19.804381 -25.723030 
-2.356194 1.308997 -6.221232 -17.810277 -22.744425 
-2.356194 1.570796 -8.745803 -18.659442 -22.536265 
-2.356194 1.832596 -15.845732 -19.598599 -20.105338 
-2.356194 2.094395 -25.596314 -19.828426 -19.478145 
-2.356194 2.356194 -31.503987 -21.563287 -21.157622 
-2.356194 2.617994 -31.940047 -24.317871 -20.490166 
-2.356194 2.879793 -27.428849 -29.934134 -18.698761 
-2.356194 3.141593 -22.743938 -36.180978 -18.023432 

-2.094395 -3.141593 -13.116139 -41.609783 -28.472861 
-2.094395 -2.879793 -11.387561 -39.858151 -29.766697 
-2.094395 -2.617994 -11.298490 -33.317720 -31.849584 
-2.094395 -2.356194 -11.181621 -31.095884 -33.219805 
-2.094395 -2.094395 -10.985596 -31.183181 -31.825884 
-2.094395 -1.832596 -12.131939 -28.615076 -28.421807 
-2.094395 -1.570796 -18.098217 -26.845545 -26.608340 
-2.094395 -1.308997 -28.765689 -29.261617 -27.004165 
-2.094395 -1.047198 -38.894239 -34.442289 -30.754802 
-2.094395 -0.785398 -45.197132 -38.386697 -37.711326 
-2.094395 -0.523599 -46.672233 -41.586363 -44.397491 
-2.094395 -0.261799 -45.032045 -45.697078 -49.550680 
-2.094395 0.000000 -41.594410 -45.824798 -51.038085 
-2.094395 0.261799 -35.407257 -42.133161 -51.626501 
-2.094395 0.523599 -25.599580 -38.225485 -47.149202 
-2.094395 0.785398 -15.466928 -34.243921 -40.674864 
-2.094395 1.047198 -8.111148 -29.455174 -34.454643 
-2.094395 1.308997 -5.059989 -27.039155 -30.936849 
-2.094395 1.570796 -6.012314 -27.074824 -29.984701 
-2.094395 1.832596 -10.494209 -27.584513 -27.834320 
-2.094395 2.094395 -16.358153 -28.765795 -28.197520 
-2.094395 2.356194 -20.394597 -29.424284 -30.692189 
-2.094395 2.617994 -20.487424 -30.658746 -30.325700 
-2.094395 2.879793 -16.614779 -34.459889 -29.038288 
-2.094395 3.141593 -13.116139 -41.609783 -28.472861 

-1.832596 -3.141593 -4.672790 -46.178372 -38.427353 
-1.832596 -2.879793 -3.893530 -45.247534 -39.650866 
-1.832596 -2.617994 -4.587551 -39.920752 -42.069421 
-1.832596 -2.356194 -5.497133 -37.479790 -41.947364 
-1.832596 -2.094395 -5.075654 -37.933177 -40.383073 
-1.832596 -1.832596 -6.696757 -36.225418 -35.053062 
-1.832596 -1.570796 -10.398938 -34.192413 -34.204088 
-1.832596 -1.308997 -19.548147 -36.953835 -35.027467 
-1.832596 -1.047198 -31.137222 -40.805238 -38.883207 
-1.832596 -0.785398 -39.874134 -44.672541 -44.593872 
-1.832596 -0.523599 -42.183937 -47.473421 -51.051261 
-1.832596 -0.261799 -40.589188 -51.182882 -55.458150 
-1.832596 0.000000 -37.269348 -52.757428 -57.885693 
-1.832596 0.261799 -32.006536 -50.303595 -57.893991 
-1.832596 0.523599 -25.668709 -46.361977 -54.263853 
-1.832596 0.785398 -18.448510 -42.995966 -47.244781 
-1.832596 1.047198 -11.678526 -39.463210 -40.457550 
-1.832596 1.308997 -8.667447 -35.143050 -37.106685 
-1.832596 1.570796 -7.395449 -34.769404 -34.864293 
-1.832596 1.832596 -8.131301 -35.120050 -34.421987 
-1.832596 2.094395 -9.274606 -36.526724 -35.975168 
-1.832596 2.356194 -10.942595 -36.990842 -38.481284 
-1.832596 2.617994 -10.616356 -36.777622 -38.220437 
-1.832596 2.879793 -7.390602 -39.221749 -38.576749 
-1.832596 3.141593 -4.672790 -46.178372 -38.427353 

-1.570796 -3.141593 -0.369584 -48.270821 -42.164324 
-1.570796 -2.879793 -0.594545 -46.810237 -43.435003 
-1.570796 -2.617994 -2.167902 -41.340854 -45.102526 
-1.570796 -2.356194 -3.630493 -38.833331 -45.284786 
-1.570796 -2.094395 -4.688385 -39.867986 -42.147806 
-1.570796 -1.832596 -5.233677 -38.732566 -39.018322 
-1.570796 -1.570796 -7.840727 -36.656228 -39.782694 
-1.570796 -1.308997 -13.448493 -39.391562 -40.052264 
-1.570796 -1.047198 -21.127325 -42.898055 -43.150435 
-1.570796 -0.785398 -28.730542 -45.811456 -49.133313 
-1.570796 -0.523599 -32.501842 -49.087310 -54.513673 
-1.570796 -0.261799 -33.728739 -52.330190 -58.534857 
-1.570796 0.000000 -33.942808 -55.710270 -60.754973 
-1.570796 0.261799 -32.609882 -54.968129 -61.594232 
-1.570796 0.523599 -31.714155 -51.131386 -57.535004 
-1.570796 0.785398 -27.475110 -49.306214 -49.441200 
-1.570796 1.047198 -22.367727 -46.401862 -41.889682 
-1.570796 1.308997 -16.081554 -41.108227 -38.049856 
-1.570796 1.570796 -11.551408 -39.746095 -36.563685 
-1.570796 1.832596 -8.130499 -38.575602 -36.654479 
-1.570796 2.094395 -5.751278 -38.995568 -40.352444 
-1.570796 2.356194 -5.285061 -40.502488 -41.611787 
-1.570796 2.617994 -4.377792 -40.884306 -41.811386 
-1.570796 2.879793 -2.062793 -43.043294 -42.362378 
-1.570796 3.141593 -0.369584 -48.270821 -42.164324 

-1.308997 -3.141593 -1.346509 -46.713306 -36.644146 
-1.308997 -2.879793 -2.805172 -45.510795 -38.039614 
-1.308997 -2.617994 -5.461848 -39.644282 -39.958360 
-1.308997 -2.356194 -8.333023 -35.605640 -39.733949 
-1.308997 -2.094395 -9.446620 -35.396306 -37.137259 
-1.308997 -1.832596 -9.134288 -34.969134 -36.244938 
-1.308997 -1.570796 -10.012336 -34.073038 -38.381194 
-1.308997 -1.308997 -12.251501 -36.236838 -38.961797 
-1.308997 -1.047198 -16.250088 -38.941541 -43.434429 
-1.308997 -0.785398 -21.338411 -40.730812 -48.858143 
-1.308997 -0.523599 -26.707572 -43.731818 -53.732136 
-1.308997 -0.261799 -30.359869 -48.786211 -56.119860 
-1.308997 0.000000 -32.830613 -53.647267 -57.895812 
-1.308997 0.261799 -36.406321 -55.080277 -59.262590 
-1.308997 0.523599 -39.383165 -52.652105 -55.656766 
-1.308997 0.785398 -38.854093 -50.339249 -45.651870 
-1.308997 1.047198 -34.878460 -46.034268 -38.177157 
-1.308997 1.308997 -25.120230 -39.182765 -34.601285 
-1.308997 1.570796 -15.757333 -36.439911 -33.396497 
-1.308997 1.832596 -8.846427 -34.109431 -34.027477 
-1.308997 2.094395 -6.152151 -34.871702 -36.084350 
-1.308997 2.356194 -4.962715 -37.752773 -37.563484 
-1.308997 2.617994 -3.698630 -40.068905 -37.972682 
-1.308997 2.879793 -1.609309 -42.601241 -37.016422 
-1.308997 3.141593 -1.346509 -46.713306 -36.644146 

-1.047198 -3.141593 -8.261037 -42.333032 -26.384452 
-1.047198 -2.879793 -11.487781 -40.219173 -27.622651 
-1.047198 -2.617994 -15.920782 -34.055403 -29.480008 
-1.047198 -2.356194 -19.773333 -29.387250 -29.728006 
-1.047198 -2.094395 -20.120476 -28.305687 -28.649756 
-1.047198 -1.832596 -17.170949 -27.264015 -29.089698 
-1.047198 -1.570796 -14.789572 -27.631937 -31.413053 
-1.047198 -1.308997 -14.053845 -28.147565 -32.124289 
-1.047198 -1.047198 -15.287651 -29.130696 -36.249511 
-1.047198 -0.785398 -18.939275 -31.771647 -42.392209 
-1.047198 -0.523599 -24.407983 -36.593272 -46.721943 
-1.047198 -0.261799 -30.663763 -41.420748 -49.511189 
-1.047198 0.000000 -37.297633 -47.605075 -51.771091 
-1.047198 0.261799 -43.090588 -50.608536 -51.944913 
-1.047198 0.523599 -46.350013 -47.892307 -49.025506 
-1.047198 0.785398 -47.655598 -44.744937 -38.739881 
-1.047198 1.047198 -44.711305 -40.774246 -30.921326 
-1.047198 1.308997 -33.813550 -33.392424 -27.281864 
-1.047198 1.570796 -21.625922 -26.952121 -26.785844 
-1.047198 1.832596 -13.802202 -24.839728 -28.063464 
-1.047198 2.094395 -10.092035 -26.574730 -28.566612 
-1.047198 2.356194 -9.318174 -31.413347 -29.600699 
-1.047198 2.617994 -8.103897 -33.992660 -28.737435 
-1.047198 2.879793 -7.082218 -37.879994 -27.424912 
-1.047198 3.141593 -8.261037 -42.333032 -26.384452 

-0.785398 -3.141593 -20.229451 -35.963456 -15.459123 
-0.785398 -2.879793 -25.134436 -32.299684 -16.372298 
-0.785398 -2.617994 -31.445051 -26.268791 -17.622120 
-0.785398 -2.356194 -35.453999 -21.731320 -18.781357 
-0.785398 -2.094395 -34.055352 -19.772026 -19.273717 
-0.785398 -1.832596 -26.495996 -19.721032 -20.733020 
-0.785398 -1.570796 -19.913532 -19.642992 -22.463374 
-0.785398 -1.308997 -16.536249 -17.351833 -24.270069 
-0.785398 -1.047198 -16.616496 -18.342474 -27.279856 
-0.785398 -0.785398 -20.531352 -23.129231 -32.448906 
-0.785398 -0.523599 -26.170204 -28.566187 -38.205902 
-0.785398 -0.261799 -32.591892 -34.869285 -41.961830 
-0.785398 0.000000 -38.052691 -42.547248 -44.291441 
-0.785398 0.261799 -43.279790 -45.046729 -43.796835 
-0.785398 0.523599 -48.345529 -41.362154 -39.857668 
-0.785398 0.785398 -51.734824 -36.730696 -30.422147 
-0.785398 1.047198 -51.194190 -32.277362 -22.928282 
-0.785398 1.308997 -40.648210 -22.005123 -18.989860 
-0.785398 1.570796 -28.173095 -15.094164 -19.604615 
-0.785398 1.832596 -20.234511 -14.273085 -20.227211 
-0.785398 2.094395 -18.026227 -17.813599 -20.273717 
-0.785398 2.356194 -18.300611 -24.254703 -19.062765 
-0.785398 2.617994 -17.728121 -27.203553 -18.228668 
-0.785398 2.879793 -17.949156 -31.731268 -16.238721 
-0.785398 3.141593 -20.229451 -35.963456 -15.459123 

-0.523599 -3.141593 -35.935107 -29.252708 -6.787091 
-0.523599 -2.879793 -42.292882 -23.928245 -7.787420 
-0.523599 -2.617994 -48.490165 -18.341760 -9.358477 
-0.523599 -2.356194 -50.109763 -14.259716 -10.696435 
-0.523599 -2.094395 -44.519193 -12.816552 -11.584830 
-0.523599 -1.832596 -33.114185 -14.170848 -12.893097 
-0.523599 -1.570796 -24.853212 -10.587155 -14.696217 
-0.523599 -1.308997 -20.252369 -8.357197 -17.473156 
-0.523599 -1.047198 -21.263061 -10.794960 -20.096251 
-0.523599 -0.785398 -25.319684 -17.835660 -24.991772 
-0.523599 -0.523599 -28.969699 -23.870039 -31.196341 
-0.523599 -0.261799 -33.423995 -31.811318 -35.203947 
-0.523599 0.000000 -37.946322 -40.552374 -37.548634 
-0.523599 0.261799 -42.964591 -41.732152 -37.384799 
-0.523599 0.523599 -46.824831 -36.674299 -32.913779 
-0.523599 0.785398 -49.892924 -30.299924 -23.778226 
-0.523599 1.047198 -51.292929 -23.260852 -15.768877 
-0.523599 1.308997 -42.575261 -11.424989 -12.543229 
-0.523599 1.570796 -31.749577 -5.828132 -13.489904 
-0.523599 1.832596 -26.928929 -6.714243 -12.855489 
-0.523599 2.094395 -27.437598 -12.555623 -12.551431 
-0.523599 2.356194 -29.518538 -18.134751 -11.285511 
-0.523599 2.617994 -30.558746 -20.350856 -9.790023 
-0.523599 2.879793 -32.159696 -26.151524 -7.750440 
-0.523599 3.141593 -35.935107 -29.252708 -6.787091 

-0.261799 -3.141593 -51.559543 -23.697377 -1.602807 
-0.261799 -2.879793 -55.946187 -19.158535 -2.804598 
-0.261799 -2.617994 -57.985853 -14.315366 -4.574475 
-0.261799 -2.356194 -56.033748 -9.965147 -6.169140 
-0.261799 -2.094395 -48.348635 -9.465248 -7.094788 
-0.261799 -1.832596 -37.544501 -9.064948 -7.453042 
-0.261799 -1.570796 -29.204432 -3.507131 -10.280667 
-0.261799 -1.308997 -26.932351 -2.814969 -11.721136 
-0.261799 -1.047198 -29.627523 -7.948377 -14.580074 
-0.261799 -0.785398 -34.046285 -16.904208 -19.849945 
-0.261799 -0.523599 -37.331590 -24.235859 -25.750199 
-0.261799 -0.261799 -39.285017 -32.601861 -29.443332 
-0.261799 0.000000 -40.843964 -40.079467 -30.377122 
-0.261799 0.261799 -42.372721 -38.886600 -31.390658 
-0.261799 0.523599 -44.103835 -32.050476 -27.951511 
-0.261799 0.785398 -45.117901 -24.677789 -19.862611 
-0.261799 1.047198 -44.794240 -14.378061 -12.139337 
-0.261799 1.308997 -38.751400 -4.134911 -9.013431 
-0.261799 1.570796 -33.599204 -0.669878 -10.161139 
-0.261799 1.832596 -33.254738 -3.067083 -8.269365 
-0.261799 2.094395 -37.725852 -10.085525 -7.039113 
-0.261799 2.356194 -41.999833 -12.070334 -5.810054 
-0.261799 2.617994 -44.866227 -14.874586 -4.555324 
-0.261799 2.879793 -48.066908 -20.840436 -2.402127 
-0.261799 3.141593 -51.559543 -23.697377 -1.602807 

0.000000 -3.141593 -58.178280 -21.009117 0.000000 
0.000000 -2.879793 -57.119535 -18.402595 -0.971995 
0.000000 -2.617994 -55.099847 -13.441675 -2.968280 
0.000000 -2.356194 -52.096547 -9.525420 -4.443472 
0.000000 -2.094395 -46.075165 -9.710421 -5.594762 
0.000000 -1.832596 -38.356553 -4.299934 -6.730815 
0.000000 -1.570796 -33.725834 -0.089099 -7.821998 
0.000000 -1.308997 -34.297217 -1.245492 -7.598927 
0.000000 -1.047198 -38.178408 -8.817208 -10.827611 
0.000000 -0.785398 -40.976446 -20.074013 -17.904939 
0.000000 -0.523599 -43.314425 -27.815095 -24.399865 
0.000000 -0.261799 -44.563615 -36.995739 -26.630100 
0.000000 0.000000 -45.231969 -38.296727 -29.058242 
0.000000 0.261799 -43.772423 -32.324545 -28.817151 
0.000000 0.523599 -41.218713 -25.979010 -25.834535 
0.000000 0.785398 -38.022112 -19.724317 -19.095542 
0.000000 1.047198 -34.963492 -8.597225 -12.055618 
0.000000 1.308997 -33.347317 -0.986327 -9.325076 
0.000000 1.570796 -33.369006 0.000000 -9.896817 
0.000000 1.832596 -38.184691 -3.752941 -7.068120 
0.000000 2.094395 -47.185923 -9.014647 -5.154911 
0.000000 2.356194 -52.982746 -7.931138 -3.946232 
0.000000 2.617994 -55.807073 -11.299762 -2.682190 
0.000000 2.879793 -57.594361 -16.668566 -0.760940 
0.000000 3.141593 -58.178280 -21.009117 0.000000 

0.261799 -3.141593 -50.381480 -21.005034 -1.326677 
0.261799 -2.879793 -46.070250 -19.811839 -2.179869 
0.261799 -2.617994 -43.377119 -15.369494 -4.367965 
0.261799 -2.356194 -41.567080 -12.723309 -6.353679 
0.261799 -2.094395 -37.998957 -10.121361 -6.524898 
0.261799 -1.832596 -34.458993 -2.895417 -8.637489 
0.261799 -1.570796 -34.729657 -0.528182 -8.354188 
0.261799 -1.308997 -40.247406 -4.117006 -6.810945 
0.261799 -1.047198 -42.846062 -13.791840 -9.684460 
0.261799 -0.785398 -44.949649 -24.895919 -17.614142 
0.261799 -0.523599 -46.847054 -32.638732 -25.280242 
0.261799 -0.261799 -46.778122 -40.437212 -28.481178 
0.261799 0.000000 -45.656685 -36.057358 -32.646376 
0.261799 0.261799 -42.762013 -28.049431 -31.906965 
0.261799 0.523599 -37.429783 -22.625888 -27.121572 
0.261799 0.785398 -30.091084 -16.281903 -20.464980 
0.261799 1.047198 -26.338837 -6.323378 -15.043336 
0.261799 1.308997 -25.661928 -2.043993 -12.597813 
0.261799 1.570796 -29.597196 -2.950523 -12.095523 
0.261799 1.832596 -38.470274 -8.147644 -8.501817 
0.261799 2.094395 -49.329403 -8.065289 -6.184273 
0.261799 2.356194 -54.161212 -7.556263 -4.610235 
0.261799 2.617994 -55.852522 -10.408526 -3.899412 
0.261799 2.879793 -54.891960 -15.044259 -2.281280 
0.261799 3.141593 -50.381480 -21.005034 -1.326677 

0.523599 -3.141593 -34.488855 -24.655096 -5.792758 
0.523599 -2.879793 -30.867808 -23.405348 -6.889973 
0.523599 -2.617994 -29.544082 -19.403462 -8.817904 
0.523599 -2.356194 -28.856383 -18.446420 -10.526972 
0.523599 -2.094395 -27.891388 -11.347797 -10.625862 
0.523599 -1.832596 -28.179039 -5.830303 -12.915627 
0.523599 -1.570796 -33.160371 -5.154800 -11.100827 
0.523599 -1.308997 -39.975875 -10.582693 -9.057407 
0.523599 -1.047198 -42.926565 -21.410288 -12.068071 
0.523599 -0.785398 -44.516252 -30.376399 -20.259608 
0.523599 -0.523599 -45.502046 -36.052000 -28.468826 
0.523599 -0.261799 -45.777035 -41.238723 -32.690360 
0.523599 0.000000 -43.891153 -36.585810 -36.622123 
0.523599 0.261799 -39.359897 -28.064587 -36.718237 
0.523599 0.523599 -31.638432 -22.667033 -31.504111 
0.523599 0.785398 -24.086583 -15.633244 -24.604765 
0.523599 1.047198 -21.226714 -8.817509 -19.335115 
0.523599 1.308997 -20.606522 -7.067511 -17.404031 
0.523599 1.570796 -25.995818 -9.502421 -16.355804 
0.523599 1.832596 -35.221216 -12.702122 -12.981395 
0.523599 2.094395 -44.122171 -10.020079 -10.337357 
0.523599 2.356194 -47.957205 -10.378197 -9.388781 
0.523599 2.617994 -46.836707 -12.569316 -8.475410 
0.523599 2.879793 -41.080915 -17.560618 -6.678649 
0.523599 3.141593 -34.488855 -24.655096 -5.792758 

0.785398 -3.141593 -18.092951 -30.625140 -13.697551 
0.785398 -2.879793 -16.169010 -28.119037 -14.556721 
0.785398 -2.617994 -16.747737 -24.990322 -16.564032 
0.785398 -2.356194 -17.245710 -23.403286 -17.567293 
0.785398 -2.094395 -17.861784 -16.326236 -17.702046 
0.785398 -1.832596 -20.468885 -12.498615 -19.246082 
0.785398 -1.570796 -28.168203 -13.918155 -16.781289 
0.785398 -1.308997 -36.709439 -20.749158 -14.927903 
0.785398 -1.047198 -38.992023 -28.997725 -18.166395 
0.785398 -0.785398 -41.571066 -35.807144 -26.172108 
0.785398 -0.523599 -41.584899 -39.896781 -34.437651 
0.785398 -0.261799 -41.986757 -43.083180 -39.275885 
0.785398 0.000000 -39.896573 -37.910420 -41.223964 
0.785398 0.261799 -35.286993 -29.324802 -42.110954 
0.785398 0.523599 -27.591449 -25.553863 -37.627710 
0.785398 0.785398 -21.100869 -20.307319 -30.330982 
0.785398 1.047198 -17.933737 -15.798699 -24.349683 
0.785398 1.308997 -18.118800 -15.513517 -22.516850 
0.785398 1.570796 -22.629052 -17.790942 -22.415337 
0.785398 1.832596 -28.373153 -17.730527 -19.129415 
0.785398 2.094395 -33.736443 -16.138996 -17.246543 
0.785398 2.356194 -34.640178 -16.391625 -17.155778 
0.785398 2.617994 -30.072467 -18.547488 -16.246062 
0.785398 2.879793 -23.034435 -23.660647 -14.465927 
0.785398 3.141593 -18.092951 -30.625140 -13.697551 

1.047198 -3.141593 -7.099151 -37.725947 -23.879597 
1.047198 -2.879793 -6.013751 -34.398379 -24.521514 
1.047198 -2.617994 -7.380598 -31.961348 -26.080764 
1.047198 -2.356194 -8.646037 -29.393808 -26.949535 
1.047198 -2.094395 -9.841795 -24.417113 -26.736066 
1.047198 -1.832596 -13.253255 -22.249908 -27.205592 
1.047198 -1.570796 -21.578998 -24.503495 -24.429998 
1.047198 -1.308997 -31.778749 -30.999881 -22.829213 
1.047198 -1.047198 -36.001081 -35.226636 -26.117147 
1.047198 -0.785398 -37.138562 -39.151487 -33.815486 
1.047198 -0.523599 -38.016548 -44.518202 -41.248047 
1.047198 -0.261799 -37.062524 -46.717325 -46.736214 
1.047198 0.000000 -34.879587 -43.494781 -48.656150 
1.047198 0.261799 -30.950238 -36.650798 -48.038847 
1.047198 0.523599 -26.032537 -32.302180 -44.949809 
1.047198 0.785398 -21.850454 -29.016501 -38.096496 
1.047198 1.047198 -19.026239 -26.008405 -32.528636 
1.047198 1.308997 -18.115703 -25.528590 -29.726557 
1.047198 1.570796 -18.517799 -25.489802 -29.375759 
1.047198 1.832596 -19.846440 -25.153807 -27.317304 
1.047198 2.094395 -19.789076 -24.380158 -25.798501 
1.047198 2.356194 -18.506169 -24.433376 -26.517431 
1.047198 2.617994 -14.991202 -26.848709 -26.362051 
1.047198 2.879793 -10.357691 -32.115789 -24.846888 
1.047198 3.141593 -7.099151 -37.725947 -23.879597 

1.308997 -3.141593 -0.553141 -44.698538 -34.011349 
1.308997 -2.879793 -1.039105 -41.000057 -35.194585 
1.308997 -2.617994 -3.164829 -38.287109 -36.204722 
1.308997 -2.356194 -4.713605 -35.007800 -35.958650 
1.308997 -2.094395 -5.783833 -32.991524 -35.294682 
1.308997 -1.832596 -8.888829 -32.310420 -33.595413 
1.308997 -1.570796 -15.413705 -33.719689 -31.751938 
1.308997 -1.308997 -22.524946 -37.762596 -31.772599 
1.308997 -1.047198 -29.242598 -40.623272 -35.988955 
1.308997 -0.785398 -32.517400 -43.671814 -42.976852 
1.308997 -0.523599 -34.761764 -47.615073 -48.887446 
1.308997 -0.261799 -32.908399 -51.256068 -54.062086 
1.308997 0.000000 -30.189228 -50.451200 -56.195940 
1.308997 0.261799 -28.308460 -45.159961 -54.566407 
1.308997 0.523599 -27.403815 -40.515533 -51.839897 
1.308997 0.785398 -26.233019 -37.699214 -46.283815 
1.308997 1.047198 -21.756763 -35.980439 -40.034554 
1.308997 1.308997 -16.837607 -33.761517 -35.931678 
1.308997 1.570796 -13.433658 -32.698002 -34.417160 
1.308997 1.832596 -10.688051 -33.302592 -34.433227 
1.308997 2.094395 -9.335940 -33.312189 -35.103729 
1.308997 2.356194 -7.970698 -33.888809 -36.819991 
1.308997 2.617994 -5.580280 -36.420309 -36.899426 
1.308997 2.879793 -2.455748 -41.816900 -34.928753 
1.308997 3.141593 -0.553141 -44.698538 -34.011349 

1.570796 -3.141593 0.000000 -49.459599 -40.538267 
1.570796 -2.879793 -2.159079 -47.025969 -41.437486 
1.570796 -2.617994 -4.939367 -42.347202 -42.083208 
1.570796 -2.356194 -6.416241 -38.674230 -42.297152 
1.570796 -2.094395 -7.089831 -37.701554 -40.625506 
1.570796 -1.832596 -7.978469 -36.403778 -37.785550 
1.570796 -1.570796 -10.444756 -37.064525 -37.049163 
1.570796 -1.308997 -14.398765 -39.727997 -38.916366 
1.570796 -1.047198 -20.237585 -43.233111 -43.082524 
1.570796 -0.785398 -25.985695 -46.201380 -48.845056 
1.570796 -0.523599 -27.842087 -49.833375 -54.293536 
1.570796 -0.261799 -26.403516 -53.931689 -58.623502 
1.570796 0.000000 -28.402187 -55.160306 -60.526113 
1.570796 0.261799 -31.557956 -51.115479 -58.952016 
1.570796 0.523599 -33.809748 -46.058147 -55.234120 
1.570796 0.785398 -31.323044 -43.291269 -49.448872 
1.570796 1.047198 -24.775932 -40.701271 -44.336737 
1.570796 1.308997 -16.779491 -38.645930 -38.377408 
1.570796 1.570796 -10.014964 -37.415072 -36.724670 
1.570796 1.832596 -6.453270 -39.882912 -36.238970 
1.570796 2.094395 -4.929020 -40.534549 -40.232368 
1.570796 2.356194 -3.379162 -41.074641 -43.944684 
1.570796 2.617994 -2.069219 -43.068670 -43.820891 
1.570796 2.879793 -0.299875 -47.834290 -41.601507 
1.570796 3.141593 0.000000 -49.459599 -40.538267 

1.832596 -3.141593 -5.011869 -49.768095 -39.277485 
1.832596 -2.879793 -8.334013 -45.789200 -39.401660 
1.832596 -2.617994 -11.612261 -41.013493 -40.032168 
1.832596 -2.356194 -12.081110 -36.403668 -40.172373 
1.832596 -2.094395 -11.443427 -34.833572 -39.075354 
1.832596 -1.832596 -9.649328 -34.361138 -37.182164 
1.832596 -1.570796 -7.927349 -34.271959 -38.253271 
1.832596 -1.308997 -8.159482 -36.318947 -40.148331 
1.832596 -1.047198 -12.091830 -39.620287 -43.288755 
1.832596 -0.785398 -18.402409 -43.099197 -48.803118 
1.832596 -0.523599 -23.461713 -46.238666 -52.821060 
1.832596 -0.261799 -27.026035 -52.081871 -56.069882 
1.832596 0.000000 -33.541249 -54.469787 -58.483815 
1.832596 0.261799 -37.847349 -52.315784 -56.918869 
1.832596 0.523599 -38.059550 -47.905244 -51.760343 
1.832596 0.785398 -35.805927 -43.761365 -47.061418 
1.832596 1.047198 -29.872728 -41.036786 -41.124095 
1.832596 1.308997 -20.843412 -39.972070 -35.697548 
1.832596 1.570796 -11.776895 -37.845081 -32.949325 
1.832596 1.832596 -7.058133 -40.132026 -34.708938 
1.832596 2.094395 -5.383338 -41.319040 -40.201152 
1.832596 2.356194 -4.974006 -42.105777 -44.252717 
1.832596 2.617994 -4.558781 -44.482103 -43.259301 
1.832596 2.879793 -3.972797 -49.696343 -40.560729 
1.832596 3.141593 -5.011869 -49.768095 -39.277485 

2.094395 -3.141593 -14.184776 -45.184908 -30.262994 
2.094395 -2.879793 -18.533076 -40.566670 -30.707017 
2.094395 -2.617994 -21.979651 -34.646754 -31.311449 
2.094395 -2.356194 -22.124702 -30.979585 -32.071079 
2.094395 -2.094395 -18.058770 -29.591065 -31.633707 
2.094395 -1.832596 -12.059199 -29.096768 -31.177608 
2.094395 -1.570796 -6.873493 -28.223345 -33.481025 
2.094395 -1.308997 -5.203761 -28.215488 -34.542777 
2.094395 -1.047198 -8.279134 -30.875009 -37.103132 
2.094395 -0.785398 -15.788737 -34.948357 -41.578332 
2.094395 -0.523599 -25.625733 -38.816954 -45.467834 
2.094395 -0.261799 -35.139137 -44.652589 -48.169388 
2.094395 0.000000 -42.739366 -49.029699 -50.877710 
2.094395 0.261799 -44.757034 -47.905655 -50.069151 
2.094395 0.523599 -43.103340 -44.345095 -44.652264 
2.094395 0.785398 -40.569242 -39.874923 -39.741541 
2.094395 1.047198 -34.403424 -36.574016 -34.235369 
2.094395 1.308997 -27.176317 -32.466090 -29.079026 
2.094395 1.570796 -17.719381 -30.392812 -27.764352 
2.094395 1.832596 -12.075947 -32.103529 -29.612691 
2.094395 2.094395 -11.010139 -35.057480 -33.070324 
2.094395 2.356194 -11.424794 -36.245546 -35.125307 
2.094395 2.617994 -11.986581 -39.878669 -33.886917 
2.094395 2.879793 -12.160468 -44.546271 -31.742028 
2.094395 3.141593 -14.184776 -45.184908 -30.262994 

2.356194 -3.141593 -23.551308 -37.866848 -19.211445 
2.356194 -2.879793 -27.981743 -33.343925 -19.630559 
2.356194 -2.617994 -32.374857 -25.562193 -20.956551 
2.356194 -2.356194 -31.888778 -22.381685 -21.698977 
2.356194 -2.094395 -26.490580 -20.298904 -21.796771 
2.356194 -1.832596 -15.972231 -20.145936 -22.192364 
2.356194 -1.570796 -8.140591 -19.382911 -24.769822 
2.356194 -1.308997 -5.655277 -18.411883 -25.925495 
2.356194 -1.047198 -8.770236 -20.694095 -28.368072 
2.356194 -0.785398 -17.708054 -25.799998 -33.119321 
2.356194 -0.523599 -30.112947 -30.530960 -36.841147 
2.356194 -0.261799 -42.430067 -36.597816 -40.808401 
2.356194 0.000000 -48.155480 -42.753858 -43.930420 
2.356194 0.261799 -48.486440 -43.136375 -43.933241 
2.356194 0.523599 -46.865125 -38.878283 -38.970799 
2.356194 0.785398 -43.855148 -34.435741 -30.829523 
2.356194 1.047198 -38.431033 -28.382216 -24.008447 
2.356194 1.308997 -30.066684 -21.203383 -19.686169 
2.356194 1.570796 -21.726639 -19.167553 -19.741752 
2.356194 1.832596 -16.604139 -20.982684 -21.540109 
2.356194 2.094395 -16.697432 -25.085836 -23.220180 
2.356194 2.356194 -18.038990 -27.607195 -24.095199 
2.356194 2.617994 -19.878166 -32.888733 -22.835015 
2.356194 2.879793 -20.868104 -37.898942 -20.373949 
2.356194 3.141593 -23.551308 -37.866848 -19.211445 

2.617994 -3.141593 -30.830709 -31.743328 -9.913945 
2.617994 -2.879793 -32.978759 -25.022774 -10.408669 
2.617994 -2.617994 -37.741555 -18.897839 -12.063662 
2.617994 -2.356194 -39.337706 -14.413647 -13.213230 
2.617994 -2.094395 -32.542213 -12.432379 -13.141882 
2.617994 -1.832596 -20.317568 -12.391926 -14.077478 
2.617994 -1.570796 -11.257600 -11.521582 -16.248255 
2.617994 -1.308997 -8.811822 -10.244274 -17.646860 
2.617994 -1.047198 -13.071292 -12.770767 -20.413345 
2.617994 -0.785398 -23.161284 -18.979995 -25.511424 
2.617994 -0.523599 -36.383366 -24.047398 -30.068627 
2.617994 -0.261799 -44.057058 -30.667632 -35.394665 
2.617994 0.000000 -47.899503 -37.880886 -38.645586 
2.617994 0.261799 -49.157246 -38.791141 -38.196146 
2.617994 0.523599 -47.946525 -33.564591 -33.019367 
2.617994 0.785398 -44.163646 -29.046089 -23.031927 
2.617994 1.047198 -36.343655 -19.100173 -15.799898 
2.617994 1.308997 -28.528134 -10.971489 -12.003322 
2.617994 1.570796 -22.273568 -9.195598 -12.818637 
2.617994 1.832596 -19.250625 -12.434784 -14.441930 
2.617994 2.094395 -20.951076 -16.824203 -14.675895 
2.617994 2.356194 -24.374685 -19.397723 -14.896304 
2.617994 2.617994 -27.301247 -26.175719 -13.440461 
2.617994 2.879793 -28.495891 -31.757211 -11.001047 
2.617994 3.141593 -30.830709 -31.743328 -9.913945 

2.879793 -3.141593 -35.183713 -27.622816 -4.045325 
2.879793 -2.879793 -36.876282 -20.981395 -4.635822 
2.879793 -2.617994 -39.685792 -14.903344 -6.552975 
2.879793 -2.356194 -40.508644 -9.985349 -7.510068 
2.879793 -2.094395 -33.235752 -7.269226 -7.825542 
2.879793 -1.832596 -22.505097 -7.503712 -8.885652 
2.879793 -1.570796 -15.368660 -5.547336 -10.664974 
2.879793 -1.308997 -14.355722 -4.866482 -11.295286 
2.879793 -1.047198 -20.160852 -8.510209 -14.453803 
2.879793 -0.785398 -31.586387 -16.150754 -20.392948 
2.879793 -0.523599 -41.048492 -21.543518 -26.831377 
2.879793 -0.261799 -45.040718 -28.266352 -32.162903 
2.879793 0.000000 -46.899182 -34.447157 -34.546107 
2.879793 0.261799 -49.002553 -34.336882 -33.564955 
2.879793 0.523599 -49.218560 -29.493975 -28.087640 
2.879793 0.785398 -43.403551 -23.268671 -19.046678 
2.879793 1.047198 -34.158182 -11.893354 -10.660446 
2.879793 1.308997 -26.583534 -4.419797 -7.496778 
2.879793 1.570796 -21.904404 -3.423742 -8.155313 
2.879793 1.832596 -22.434079 -7.476119 -9.685281 
2.879793 2.094395 -25.958160 -10.503240 -9.165587 
2.879793 2.356194 -31.603008 -13.671820 -8.934493 
2.879793 2.617994 -33.147717 -20.887405 -7.290602 
2.879793 2.879793 -34.220168 -27.248115 -5.021367 
2.879793 3.141593 -35.183713 -27.622816 -4.045325 

3.141593 -3.141593 -37.544815 -26.540407 -2.178567 
3.141593 -2.879793 -38.235327 -21.068767 -2.770560 
3.141593 -2.617994 -38.776888 -14.070685 -4.456613 
3.141593 -2.356194 -37.981896 -8.681759 -5.700714 
3.141593 -2.094395 -31.983823 -5.754914 -6.203318 
3.141593 -1.832596 -23.996422 -5.425080 -7.028121 
3.141593 -1.570796 -20.932857 -2.549808 -7.687687 
3.141593 -1.308997 -23.033507 -2.923210 -7.380998 
3.141593 -1.047198 -31.025852 -8.509733 -11.025033 
3.141593 -0.785398 -40.832345 -17.201367 -18.422590 
3.141593 -0.523599 -44.506719 -22.722636 -25.864699 
3.141593 -0.261799 -46.491904 -29.355406 -30.608102 
3.141593 0.000000 -47.814460 -33.892686 -33.419814 
3.141593 0.261799 -48.631786 -30.455239 -32.225968 
3.141593 0.523599 -47.236288 -25.489089 -26.503855 
3.141593 0.785398 -39.541489 -18.797742 -17.104078 
3.141593 1.047198 -29.093692 -8.271846 -9.609150 
3.141593 1.308997 -21.953406 -2.203939 -6.442403 
3.141593 1.570796 -21.721110 -2.351272 -6.685934 
3.141593 1.832596 -25.500793 -6.141226 -7.844161 
3.141593 2.094395 -32.914526 -7.083057 -6.711126 
3.141593 2.356194 -37.567296 -10.685415 -6.695457 
3.141593 2.617994 -38.763122 -17.223768 -5.384362 
3.141593 2.879793 -37.670161 -24.251213 -3.200098 
3.141593 3.141593 -37.544815 -26.540407 -2.178567 

