# restart           False
# num_threads       6
# neurons           [200, 200, 200, 200]
# batch size        128
# num_epoch         12000
# use_mix           False
# old_ratio         7
# lr_0              0.0006
# decay_steps       80
# decay_steps_inner 0
# decay_rate        0.96
# resnet            True
# graph_file        None
Begin to optimize
# start training from scratch
epoch:   0, ab_err: 3.1413e-01, rel_err: 3.5059e+00, lr: 6.0000e-04
epoch: 200, ab_err: 8.3562e-02, rel_err: 2.8375e-01, lr: 5.5296e-04
epoch: 400, ab_err: 7.6853e-02, rel_err: 2.4196e-01, lr: 4.8922e-04
epoch: 600, ab_err: 8.0051e-02, rel_err: 2.6606e-01, lr: 4.5087e-04
epoch: 800, ab_err: 8.6770e-02, rel_err: 2.7975e-01, lr: 3.9890e-04
epoch: 1000, ab_err: 7.5779e-02, rel_err: 2.3168e-01, lr: 3.6763e-04
epoch: 1200, ab_err: 8.1965e-02, rel_err: 2.6330e-01, lr: 3.2525e-04
epoch: 1400, ab_err: 7.2173e-02, rel_err: 2.5574e-01, lr: 2.9975e-04
epoch: 1600, ab_err: 7.1743e-02, rel_err: 2.5246e-01, lr: 2.6520e-04
epoch: 1800, ab_err: 6.1448e-02, rel_err: 1.8545e-01, lr: 2.4441e-04
epoch: 2000, ab_err: 6.3650e-02, rel_err: 2.1868e-01, lr: 2.1624e-04
epoch: 2200, ab_err: 6.1131e-/home/linfengz/SCR/softwares/tf_venv_r1.8/lib/python3.6/site-packages/tensorflow/python/framework/dtypes.py:519: FutureWarning: Passing (type, 1) or '1type' as a synonym of type is deprecated; in a future version of numpy, it will be understood as (type, (1,)) / '(1,)type'.
  _np_qint8 = np.dtype([("qint8", np.int8, 1)])
/home/linfengz/SCR/softwares/tf_venv_r1.8/lib/python3.6/site-packages/tensorflow/python/framework/dtypes.py:520: FutureWarning: Passing (type, 1) or '1type' as a synonym of type is deprecated; in a future version of numpy, it will be understood as (type, (1,)) / '(1,)type'.
  _np_quint8 = np.dtype([("quint8", np.uint8, 1)])
/home/linfengz/SCR/softwares/tf_venv_r1.8/lib/python3.6/site-packages/tensorflow/python/framework/dtypes.py:521: FutureWarning: Passing (type, 1) or '1type' as a synonym of type is deprecated; in a future version of numpy, it will be understood as (type, (1,)) / '(1,)type'.
  _np_qint16 = np.dtype([("qint16", np.int16, 1)])
/home/linfengz/SCR/softwares/tf_venv_r1.8/lib/python3.6/site-packages/tensorflow/python/framework/dtypes.py:522: FutureWarning: Passing (type, 1) or '1type' as a synonym of type is deprecated; in a future version of numpy, it will be understood as (type, (1,)) / '(1,)type'.
  _np_quint16 = np.dtype([("quint16", np.uint16, 1)])
/home/linfengz/SCR/softwares/tf_venv_r1.8/lib/python3.6/site-packages/tensorflow/python/framework/dtypes.py:523: FutureWarning: Passing (type, 1) or '1type' as a synonym of type is deprecated; in a future version of numpy, it will be understood as (type, (1,)) / '(1,)type'.
  _np_qint32 = np.dtype([("qint32", np.int32, 1)])
/home/linfengz/SCR/softwares/tf_venv_r1.8/lib/python3.6/site-packages/tensorflow/python/framework/dtypes.py:528: FutureWarning: Passing (type, 1) or '1type' as a synonym of type is deprecated; in a future version of numpy, it will be understood as (type, (1,)) / '(1,)type'.
  np_resource = np.dtype([("resource", np.ubyte, 1)])
: 1.1441e-05
epoch: 8000, ab_err: 3.5115e-02, rel_err: 1.1876e-01, lr: 1.0122e-05
epoch: 8200, ab_err: 3.3694e-02, rel_err: 9.3684e-02, lr: 9.3286e-06
epoch: 8400, ab_err: 2.9593e-02, rel_err: 8.4429e-02, lr: 8.2533e-06
epoch: 8600, ab_err: 3.1653e-02, rel_err: 9.6883e-02, lr: 7.6063e-06
epoch: 8800, ab_err: 3.6000e-02, rel_err: 1.0710e-01, lr: 6.7295e-06
epoch: 9000, ab_err: 3.5989e-02, rel_err: 1.4099e-01, lr: 6.2020e-06
epoch: 9200, ab_err: 3.5996e-02, rel_err: 1.1912e-01, lr: 5.4871e-06
epoch: 9400, ab_err: 3.3319e-02, rel_err: 1.1176e-01, lr: 5.0569e-06
epoch: 9600, ab_err: 3.5118e-02, rel_err: 1.1976e-01, lr: 4.4740e-06
epoch: 9800, ab_err: 3.3533e-02, rel_err: 9.3391e-02, lr: 4.1233e-06
epoch: 10000, ab_err: 3.4206e-02, rel_err: 1.0215e-01, lr: 3.6480e-06
epoch: 10200, ab_err: 3.9888e-02, rel_err: 1.2082e-01, lr: 3.3620e-06
epoch: 10400, ab_err: 3.4626e-02, rel_err: 9.2579e-02, lr: 2.9745e-06
epoch: 10600, ab_err: 3.4472e-02, rel_err: 1.2035e-01, lr: 2.7413e-06
epoch: 10800, ab_err: 2.9927e-02, rel_err: 1.0961e-01, lr: 2.4253e-06
epoch: 11000, ab_err: 3.2626e-02, rel_err: 8.8940e-02, lr: 2.2352e-06
epoch: 11200, ab_err: 3.3134e-02, rel_err: 9.9685e-02, lr: 1.9775e-06
epoch: 11400, ab_err: 3.6236e-02, rel_err: 1.0129e-01, lr: 1.8225e-06
epoch: 11600, ab_err: 2.8132e-02, rel_err: 7.3516e-02, lr: 1.6124e-06
epoch: 11800, ab_err: 3.4684e-02, rel_err: 1.0243e-01, lr: 1.4860e-06
epoch: 12000, ab_err: 3.3374e-02, rel_err: 1.1986e-01, lr: 1.3147e-06
running time: 1469.957 s
