-1.238119 2.125657 -1.977240 2.080845 -1.648100 0.309270 -2.570749 2.689736 -1.552134 2.959432 3.750607 3.457184
-1.022846 2.232622 -1.062618 2.160267 -1.872723 -0.294404 -1.675652 2.321351 -1.455583 2.234604 2.706100 2.603215
-1.375861 2.966943 -1.449672 1.562783 -1.317031 -0.402937 -2.431867 2.882341 -2.414931 2.017216 2.398250 2.607396
-1.305426 2.442157 -1.823793 2.173089 -1.206677 -0.352503 -1.412427 0.752818 -2.031202 1.787902 2.272312 2.558632
-1.130452 2.312541 -1.692243 2.446077 -1.298378 -0.461970 -1.930445 0.625539 -1.427898 1.836559 2.354302 2.547893
-1.149523 2.523108 -1.722146 3.028587 -2.013532 0.004751 -1.338369 1.964320 -2.131564 1.683916 1.906929 2.539202
-2.535656 2.685705 -1.185068 2.678142 -1.274326 -0.541939 -2.830294 2.903081 -2.498256 1.689026 1.811686 2.552321
-1.259028 2.654009 -1.066915 2.643169 -1.338858 -0.471253 -2.288658 1.961326 -1.686474 1.595728 1.783212 2.089285
-1.088399 2.390745 -0.856188 2.394686 -1.662349 -0.071517 -2.603566 2.392029 -1.806120 1.191822 1.263371 2.121195
-2.129503 2.689778 -1.351094 3.065759 -1.651247 -0.795960 -0.303135 2.000182 -1.290257 1.485002 1.239715 2.032687
-1.562911 1.768131 -0.549980 2.251876 -1.287710 -0.289084 -1.964040 2.567751 -1.445295 1.180929 1.253364 2.089565
-2.657632 -2.685124 -2.002001 2.462254 -1.062492 -0.968686 -1.802908 -2.995091 -1.778332 1.339753 1.418681 2.296595
-1.236006 2.653133 -2.362360 2.832189 -1.795032 -0.155155 -1.266246 2.461236 -1.670280 1.294482 1.436848 2.443293
-3.076268 2.195949 -1.045245 2.298613 -0.948237 -0.880857 -0.866175 2.860618 -1.526280 1.599414 1.311505 1.659589
2.162937 2.107493 -1.238947 1.660555 -1.858929 -0.071334 -1.906948 2.676739 -1.128688 1.275048 1.448944 1.478781
-2.380849 2.738918 -0.787537 2.400950 -1.918596 -0.045563 -2.132152 2.262968 -1.384456 1.182440 1.195708 1.455571
-2.583365 2.394688 0.538909 1.098568 -1.819020 -0.245137 -1.616137 0.318008 -1.538107 1.156925 1.188270 1.709102
-1.082908 1.840685 0.718801 1.032057 -1.598962 0.115565 -2.864396 1.104755 -1.318710 1.315269 1.332835 1.705643
-1.236150 2.001759 1.172105 0.356699 -1.196300 -0.750004 -1.399016 1.197020 -1.022443 1.231255 1.564907 2.147897
-2.427843 2.434421 -1.576290 2.345140 -1.487162 0.375249 -2.701471 2.257027 -2.010028 0.899590 1.342494 1.633124
2.991036 2.363705 -1.932301 2.782322 -1.115930 -0.766811 -2.464871 2.326801 -1.497776 1.327446 2.062601 1.896071
-1.073876 2.204904 -2.025510 1.853067 -2.048622 1.793132 -3.015488 -3.077552 -1.730180 1.617240 1.659236 1.943124
-0.953750 2.883960 -1.218468 1.913474 -2.371423 0.560979 -2.077268 2.128814 -1.158874 1.564583 1.465825 1.718425
-1.111295 2.263947 -1.132479 2.535291 -2.097857 -0.536416 -2.325329 2.512181 -2.262390 0.966893 0.929396 1.575383
-1.957549 2.045469 -0.636126 2.134695 -1.655242 -0.060296 -1.824706 0.177718 -1.448010 1.560802 0.634700 0.781012
-1.080140 2.047306 -1.269198 2.491714 -2.132444 -0.346632 -2.576289 1.217209 -1.350320 1.599810 0.711073 0.451411
-1.439079 2.186874 -1.420759 2.484938 -2.181296 0.007570 -2.568665 2.078281 -2.581011 1.606484 0.656287 0.448970
-1.544590 2.148755 -1.502904 2.953425 -2.385476 -0.259789 -0.716061 2.631979 -2.098862 1.301246 0.683413 0.473704
-1.079948 1.891230 -1.082909 2.578432 -2.193263 1.022055 -2.422241 2.354363 -2.475234 1.481592 0.700614 0.485040
-0.971966 2.384669 -1.774934 2.115924 -1.619770 1.790978 -1.858084 2.174495 -2.034194 1.414161 0.761396 0.578276
-1.581694 1.917285 -1.770841 2.797271 -2.252836 2.746835 -2.020559 2.636475 -1.630123 1.426329 0.825861 0.435008
-1.244566 2.421273 -1.307351 2.858407 -2.577545 2.729057 -1.449258 2.769424 -2.037644 1.178078 0.751398 0.441342
-1.688653 2.068852 -1.271733 2.370290 -1.914743 2.684369 -1.165704 2.233403 -1.062612 0.929969 0.643144 0.505093
-1.398796 2.765441 -1.647832 2.217216 -2.094018 2.464116 -1.928804 2.818151 -2.371622 0.787068 0.723610 0.486650
