1 1.9089207423044836
2 0.8277146350487246
3 1.575573794886297
4 0.48569075645616816
5 0.12423522584635856
6 0.10298665681476173
7 0.09423807491239004
8 0.08906071287125482
9 0.05360759693479477
10 0.045426222664295864
11 0.04442976623223549
12 0.04399293025264191
13 0.04520488464318243
14 0.04426767732209454
15 0.04077395784811329
16 0.03918480570145036
17 0.03846412115782315
18 0.03700121902731552
19 0.03520154698989047
20 0.03404176141647721
21 0.03445082319518512
22 0.03534791606593755
23 0.036820732638641294
24 0.03900941956563452
25 0.04166858055901451
26 0.04354701757394693
27 0.04375342267699975
28 0.043056331501212734
29 0.04265009165403615
30 0.04365453192324248
31 0.046886137801644495
32 0.0541070319656029
33 0.07293297032594073
34 0.12765457474410605
35 0.060165374897563156
36 0.05630208726397118
37 0.05372514286418901
38 0.04710731002451896
39 0.04542254619943356
40 0.04431562600401148
41 0.04434193565374811
42 0.04498514460126396
43 0.04466028650414391
44 0.0438317579276492
45 0.04314008817112662
46 0.04299425776769916
47 0.043211450719438244
48 0.04341735852653294
49 0.043318686839646056
50 0.042679687008906946
51 0.04146776808097196
52 0.03983198583077788
53 0.03812166118299149
54 0.0365577989029044
55 0.035043089888410275
56 0.0340060639368722
57 0.034398670653307394
58 0.03600026166056791
59 0.038615237469406156
60 0.04254585110669809
61 0.04764621781877294
62 0.05156532459242369
63 0.05744056317755937
64 0.06270067933251604
65 0.0646394374093368
66 0.06474494002041017
67 0.062368297383980725
68 0.061933161560698585
69 0.06495343647240108
70 0.06905576158913013
71 0.07701781111089152
72 0.10546492668938372
73 0.08502905148962944
74 0.07467302499155447
75 0.0761936821908614
76 0.07441985749202921
77 0.0625015602962628
78 0.05502716818073649
79 0.05354521291612575
80 0.05249147528850163
81 0.0460067500734755
82 0.038337797367596724
83 0.03916981036528309
84 0.043305228266929695
85 0.04476477412392156
86 0.04659189559599105
87 0.047846402293559076
88 0.05278560904867564
89 0.06024157987215579
90 0.04723411538908039
91 0.053786753686184005
92 0.06182764025218023
93 0.07375019240056925
94 0.06967887836204999
95 0.0591789718016609
96 0.05863907052046684
97 0.06512348711788772
98 0.06893802579786235
99 0.06934859068591318
100 0.06650836867362356
101 0.06396561696684443
102 0.06742492426847518
103 0.07162796863090241
104 0.07931369140269233
105 0.06511048811687181
106 0.06580954675536085
107 0.07224060791632442
108 0.06104737332293275
109 0.053831012443408016
110 0.05690771370009941
111 0.06738186665237281
112 0.05426597963077681
113 0.05457021082620935
114 0.05345211133407827
115 0.07608146983371873
116 0.05923630803559674
117 0.05642076106967326
118 0.0681713507973146
119 0.07759931969464447
120 0.06616832414239077
121 0.0625535886902193
122 0.07328082093204281
123 0.09674797036374264
124 0.07504095646373832
125 0.06871724408767506
126 0.06469684049510091
127 0.06751986681180776
128 0.05769835707210079
129 0.04894491795346884
130 0.0444071280039389
131 0.04214063635546815
132 0.042258030919123356
133 0.04112493049502547
134 0.03918457742216559
135 0.0348868397689453
136 0.03240652625401865
137 0.03193992067231109
138 0.03200005287674865
139 0.03168853157653699
140 0.0318815330357802
141 0.03160920043082074
142 0.031474452652047284
143 0.032803580529416315
144 0.03561374341703704
145 0.03971607815094424
146 0.043917942274214194
147 0.04718454885714953
148 0.0493222518670917
149 0.050902609380139116
150 0.05203497736347938
151 0.05233301019720265
152 0.05192978119054815
153 0.05087064348243762
154 0.048360774076434875
155 0.048794855222596696
156 0.057959548103276644
157 0.06686116371120406
158 0.07238694778056168
159 0.0677857235172404
160 0.0565341651168978
161 0.04911836665673902
162 0.04802239809918048
163 0.04399073664671494
164 0.03880014930277745
165 0.0400380682824597
166 0.04135981631138218
167 0.03909585580386695
168 0.03989692383461797
169 0.045256294547293
170 0.04444779501485706
171 0.040959806244149174
172 0.04249319073860078
173 0.04912611476932421
174 0.043988832203670655
175 0.03818348315326886
176 0.03679528840541083
177 0.0487541421394591
178 0.0597832884858573
179 0.06143845748116656
180 0.06524503549186224
181 0.049184316284359327
182 0.03922772138803646
183 0.0399911115259941
184 0.04430925815607296
185 0.04720204408698355
186 0.04120590924510205
187 0.034709746991159744
188 0.037113015839951385
189 0.04359268948813256
190 0.04249558742955247
191 0.03786791945979067
192 0.04025209803944751
193 0.04459384962042582
194 0.0426473102829305
195 0.04160568671067147
196 0.04235861604280619
197 0.04284074361491427
198 0.04230122634405323
199 0.041393883354246416
200 0.040594394505320396
201 0.040592738026609
202 0.04055956963131278
203 0.040317040573398424
204 0.03996015850975608
205 0.03948874139258784
206 0.03886735591799317
207 0.038210821430538625
208 0.03736739059787978
209 0.03656922517278717
210 0.03581673479232046
211 0.03992512297103146
212 0.04552990388159447
213 0.05258652881706059
214 0.05545168749543392
215 0.04533735869171815
216 0.05171585520611273
217 0.059542535110620014
218 0.06707221646646748
219 0.07696358814095393
220 0.08566955424801537
221 0.09940397953447656
222 0.08278437115749072
223 0.07407451815452543
224 0.07444665973102708
225 0.07151525217099228
226 0.05322075482557611
227 0.046262809995471964
228 0.037363964292611504
229 0.031083579560636596
