4.248726619908832447e+01
4.191767201647513019e+01
3.672562191956591704e+01
4.107343579793941046e+01
4.623499888066653796e+01
4.327794810632102696e+01
4.148858866631138653e+01
4.385290060252472699e+01
4.346480482259168809e+01
4.605220113255411007e+01
5.041632511309958176e+01
4.794968676041532518e+01
5.034934816851266248e+01
5.389990661522576687e+01
6.010958948155132475e+01
6.349805755766037407e+01
6.162482866894578848e+01
5.276279372861049666e+01
5.053120127796671568e+01
4.625946788259363984e+01
4.717165121464136490e+01
4.913561414323867638e+01
4.974702317170022070e+01
4.789168970511073553e+01
4.523193281398256005e+01
4.442804370560040184e+01
4.798104991252918694e+01
5.017217012406189980e+01
4.669312282739246456e+01
4.313224492489317896e+01
4.279173587179655414e+01
3.604467038834123827e+01
3.697328007285319984e+01
4.274539382356933714e+01
4.578015596118333264e+01
4.655430767310156881e+01
4.386566652876533112e+01
4.120638337461693368e+01
4.585579303590856881e+01
4.828538598451708452e+01
5.251316504605397739e+01
4.483726560578887899e+01
4.690196944272995694e+01
4.368705669668069191e+01
3.972504917160220117e+01
3.996787427765319478e+01
4.332845134026774758e+01
4.479157511273059811e+01
4.561933643580606912e+01
4.944742759388950759e+01
