2.569934642025416593e+01
2.422687892253902220e+01
2.708307254783403906e+01
2.775233421413534174e+01
2.714897204041718481e+01
3.284535438577399447e+01
2.710997220555700693e+01
2.784582931175789255e+01
3.877832716149241321e+01
3.964637578793654171e+01
3.407601098419039687e+01
3.254741112905662703e+01
3.359711159074004883e+01
3.067779234595146676e+01
2.608948316498495501e+01
3.257830705145478589e+01
3.283188588418455822e+01
3.511201136031659331e+01
2.503219922058569935e+01
2.254715264869771474e+01
2.864230800914375052e+01
