8.160853278803866573e+00
7.740624440469105139e+00
6.596667656317199757e+00
6.092941412865443773e+00
1.116131738654023309e+01
9.362124913596129971e+00
8.498046353446202517e+00
1.572985432757623236e+01
2.049534780497876696e+01
1.656657720140877643e+01
1.870318311341099360e+01
2.481901851226474776e+01
2.832901994847300742e+01
2.870500160508047216e+01
2.721637082338984470e+01
3.030602652770111760e+01
2.562413469515121633e+01
1.687318565366907208e+01
1.448285857943692356e+01
1.464163497612899256e+01
1.838078151613915523e+01
2.087347606032264480e+01
2.136725950831901599e+01
2.359667404575056437e+01
2.668913663288305216e+01
2.097612599750631901e+01
1.821888621653966212e+01
1.760974683301216714e+01
1.484897883325016110e+01
1.129757178256332040e+01
1.372710330779777266e+01
8.122591096259970556e+00
8.732872491769359868e+00
1.658729911224871501e+01
1.092583571808819620e+01
1.297006491210306045e+01
8.015417476011746700e+00
1.622699180409250985e+01
1.756364824421557458e+01
1.852430882751288266e+01
2.063515183643697526e+01
1.815873358030063400e+01
2.742388585838669357e+01
2.546481178726446259e+01
1.333998991217146290e+01
1.329792114639267453e+01
1.326819875411892724e+01
8.511954070460937771e+00
1.238694525794863033e+01
1.217845464397447941e+01
