2.439169716214580674e+01
2.527721825971033809e+01
2.684146944662904843e+01
2.926542180085577982e+01
3.442621337317679320e+01
3.031737200489017781e+01
3.109746276518545116e+01
3.235533164722492927e+01
2.837043608802715511e+01
3.245222641820057419e+01
3.772621296431341165e+01
3.893648303025030089e+01
4.075666821778960980e+01
4.572599007677268190e+01
4.144400687598679411e+01
4.926622953713717834e+01
4.541073176745590700e+01
3.817105543453772754e+01
3.719594892282150056e+01
3.650667012998474092e+01
3.613874946171147684e+01
4.061419537491032372e+01
4.359183560061634921e+01
4.794572611563700093e+01
3.812613320270918393e+01
4.052223700387463623e+01
3.729701847670488490e+01
3.847131118961516449e+01
3.450472735442131267e+01
3.339478978693968969e+01
3.401687191672436228e+01
2.673336307846574300e+01
2.533861258918073744e+01
3.482069982831337285e+01
3.248078942941395297e+01
3.213275643622945665e+01
3.140138305333307400e+01
3.385351579044010606e+01
4.048864170963852160e+01
3.280732118369444805e+01
3.730154550982456385e+01
3.393342716788477276e+01
3.708253637038676231e+01
3.183141591499715162e+01
3.052390833183564567e+01
2.888872647555358597e+01
3.076415104481683827e+01
3.194837588085968960e+01
3.126710698999502114e+01
3.750356735996520996e+01
