5.698901891567998490e+01
5.887385087816542750e+01
5.703517382625447851e+01
6.168325894196836146e+01
6.962390685558187897e+01
6.891246587665135337e+01
6.554585910659328363e+01
6.215569166254006461e+01
6.546181459796954982e+01
6.980517217785953221e+01
7.584106130093880438e+01
7.375458774243408300e+01
6.952335089277129043e+01
7.580779142605385346e+01
7.444341726265186310e+01
7.906161837332902564e+01
7.820206798359376421e+01
7.174213490594775067e+01
6.812202070430492995e+01
6.761467520342341686e+01
6.487589339398093102e+01
7.081974610648207147e+01
7.348289258541224456e+01
7.093984900498155355e+01
6.984965856303873011e+01
7.123093478714565663e+01
6.752182967277298076e+01
6.556606083546799368e+01
6.469050511760353572e+01
6.101030518050004048e+01
6.150638755148489878e+01
5.709112074221958721e+01
5.798226791670098379e+01
6.606189605185457481e+01
6.270867748361570193e+01
6.346983627981218490e+01
6.163878073940563951e+01
6.316030481620500581e+01
6.647079060037668796e+01
6.609097335040894450e+01
7.144312951049734295e+01
7.069881148846246788e+01
7.282608510013245962e+01
6.567642449807124194e+01
6.300447295547495230e+01
6.159231850999105973e+01
6.779840489257324521e+01
6.760940052197176442e+01
6.850366145071977542e+01
6.661747449677933730e+01
