# restart           False
# num_threads       6
# neurons           [200, 200, 200, 200]
# batch size        128
# num_epoch         12000
# use_mix           False
# old_ratio         7
# lr_0              0.0006
# decay_steps       80
# decay_steps_inner 0
# decay_rate        0.96
# resnet            True
# graph_file        None
Begin to optimize
# start training from scratch
epoch:   0, ab_err: 3.2921e-01, rel_err: 3.0958e+00, lr: 6.0000e-04
epoch: 200, ab_err: 7.8798e-02, rel_err: 3.2974e-01, lr: 5.5296e-04
epoch: 400, ab_err: 7.6606e-02, rel_err: 2.7296e-01, lr: 4.8922e-04
epoch: 600, ab_err: 7.4895e-02, rel_err: 2.5472e-01, lr: 4.5087e-04
epoch: 800, ab_err: 7.4648e-02, rel_err: 2.6157e-01, lr: 3.9890e-04
epoch: 1000, ab_err: 7.7501e-02, rel_err: 2.5456e-01, lr: 3.6763e-04
epoch: 1200, ab_err: 7.8576e-02, rel_err: 2.6186e-01, lr: 3.2525e-04
epoch: 1400, ab_err: 6.7575e-02, rel_err: 2.2985e-01, lr: 2.9975e-04
epoch: 1600, ab_err: 5.4425e-02, rel_err: 1.7344e-01, lr: 2.6520e-04
epoch: 1800, ab_err: 6.4323e-02, rel_err: 2.1868e-01, lr: 2.4441e-04
epoch: 2000, ab_err: 6.9548e-02, rel_err: 2.5651e-01, lr: 2.1624e-04
epoch: 2200, ab_err: 6.2580e-/home/linfengz/SCR/softwares/tf_venv_r1.8/lib/python3.6/site-packages/tensorflow/python/framework/dtypes.py:519: FutureWarning: Passing (type, 1) or '1type' as a synonym of type is deprecated; in a future version of numpy, it will be understood as (type, (1,)) / '(1,)type'.
  _np_qint8 = np.dtype([("qint8", np.int8, 1)])
/home/linfengz/SCR/softwares/tf_venv_r1.8/lib/python3.6/site-packages/tensorflow/python/framework/dtypes.py:520: FutureWarning: Passing (type, 1) or '1type' as a synonym of type is deprecated; in a future version of numpy, it will be understood as (type, (1,)) / '(1,)type'.
  _np_quint8 = np.dtype([("quint8", np.uint8, 1)])
/home/linfengz/SCR/softwares/tf_venv_r1.8/lib/python3.6/site-packages/tensorflow/python/framework/dtypes.py:521: FutureWarning: Passing (type, 1) or '1type' as a synonym of type is deprecated; in a future version of numpy, it will be understood as (type, (1,)) / '(1,)type'.
  _np_qint16 = np.dtype([("qint16", np.int16, 1)])
/home/linfengz/SCR/softwares/tf_venv_r1.8/lib/python3.6/site-packages/tensorflow/python/framework/dtypes.py:522: FutureWarning: Passing (type, 1) or '1type' as a synonym of type is deprecated; in a future version of numpy, it will be understood as (type, (1,)) / '(1,)type'.
  _np_quint16 = np.dtype([("quint16", np.uint16, 1)])
/home/linfengz/SCR/softwares/tf_venv_r1.8/lib/python3.6/site-packages/tensorflow/python/framework/dtypes.py:523: FutureWarning: Passing (type, 1) or '1type' as a synonym of type is deprecated; in a future version of numpy, it will be understood as (type, (1,)) / '(1,)type'.
  _np_qint32 = np.dtype([("qint32", np.int32, 1)])
/home/linfengz/SCR/softwares/tf_venv_r1.8/lib/python3.6/site-packages/tensorflow/python/framework/dtypes.py:528: FutureWarning: Passing (type, 1) or '1type' as a synonym of type is deprecated; in a future version of numpy, it will be understood as (type, (1,)) / '(1,)type'.
  np_resource = np.dtype([("resource", np.ubyte, 1)])
: 1.1441e-05
epoch: 8000, ab_err: 3.9992e-02, rel_err: 1.6128e-01, lr: 1.0122e-05
epoch: 8200, ab_err: 3.9152e-02, rel_err: 1.5647e-01, lr: 9.3286e-06
epoch: 8400, ab_err: 3.7377e-02, rel_err: 1.3023e-01, lr: 8.2533e-06
epoch: 8600, ab_err: 3.8055e-02, rel_err: 1.1331e-01, lr: 7.6063e-06
epoch: 8800, ab_err: 3.6108e-02, rel_err: 1.0056e-01, lr: 6.7295e-06
epoch: 9000, ab_err: 3.5851e-02, rel_err: 1.1411e-01, lr: 6.2020e-06
epoch: 9200, ab_err: 3.7043e-02, rel_err: 1.2763e-01, lr: 5.4871e-06
epoch: 9400, ab_err: 3.7788e-02, rel_err: 1.0817e-01, lr: 5.0569e-06
epoch: 9600, ab_err: 3.7399e-02, rel_err: 1.2837e-01, lr: 4.4740e-06
epoch: 9800, ab_err: 3.6402e-02, rel_err: 1.3113e-01, lr: 4.1233e-06
epoch: 10000, ab_err: 3.9300e-02, rel_err: 1.1454e-01, lr: 3.6480e-06
epoch: 10200, ab_err: 3.7696e-02, rel_err: 1.6290e-01, lr: 3.3620e-06
epoch: 10400, ab_err: 3.6268e-02, rel_err: 1.3418e-01, lr: 2.9745e-06
epoch: 10600, ab_err: 3.5826e-02, rel_err: 1.3955e-01, lr: 2.7413e-06
epoch: 10800, ab_err: 3.7938e-02, rel_err: 1.3415e-01, lr: 2.4253e-06
epoch: 11000, ab_err: 3.5490e-02, rel_err: 1.3734e-01, lr: 2.2352e-06
epoch: 11200, ab_err: 3.5352e-02, rel_err: 1.1394e-01, lr: 1.9775e-06
epoch: 11400, ab_err: 3.9812e-02, rel_err: 1.3786e-01, lr: 1.8225e-06
epoch: 11600, ab_err: 3.5751e-02, rel_err: 9.8284e-02, lr: 1.6124e-06
epoch: 11800, ab_err: 3.2238e-02, rel_err: 1.0339e-01, lr: 1.4860e-06
epoch: 12000, ab_err: 3.8114e-02, rel_err: 1.3859e-01, lr: 1.3147e-06
running time: 2791.804 s
