# restart           False
# num_threads       6
# neurons           [200, 200, 200, 200]
# batch size        128
# num_epoch         12000
# use_mix           False
# old_ratio         7
# lr_0              0.0006
# decay_steps       80
# decay_steps_inner 0
# decay_rate        0.96
# resnet            True
# graph_file        None
Begin to optimize
# start training from scratch
epoch:   0, ab_err: 3.2048e-01, rel_err: 2.9768e+00, lr: 6.0000e-04
epoch: 200, ab_err: 8.9850e-02, rel_err: 2.8107e-01, lr: 5.5296e-04
epoch: 400, ab_err: 8.2840e-02, rel_err: 2.3084e-01, lr: 4.8922e-04
epoch: 600, ab_err: 7.3279e-02, rel_err: 2.4309e-01, lr: 4.5087e-04
epoch: 800, ab_err: 7.0836e-02, rel_err: 1.9378e-01, lr: 3.9890e-04
epoch: 1000, ab_err: 7.4802e-02, rel_err: 2.3640e-01, lr: 3.6763e-04
epoch: 1200, ab_err: 7.6107e-02, rel_err: 2.3921e-01, lr: 3.2525e-04
epoch: 1400, ab_err: 6.7186e-02, rel_err: 1.8780e-01, lr: 2.9975e-04
epoch: 1600, ab_err: 7.0790e-02, rel_err: 2.1169e-01, lr: 2.6520e-04
epoch: 1800, ab_err: 6.2550e-02, rel_err: 2.0310e-01, lr: 2.4441e-04
epoch: 2000, ab_err: 6.6601e-02, rel_err: 1.8673e-01, lr: 2.1624e-04
epoch: 2200, ab_err: 6.1822e-/home/linfengz/SCR/softwares/tf_venv_r1.8/lib/python3.6/site-packages/tensorflow/python/framework/dtypes.py:519: FutureWarning: Passing (type, 1) or '1type' as a synonym of type is deprecated; in a future version of numpy, it will be understood as (type, (1,)) / '(1,)type'.
  _np_qint8 = np.dtype([("qint8", np.int8, 1)])
/home/linfengz/SCR/softwares/tf_venv_r1.8/lib/python3.6/site-packages/tensorflow/python/framework/dtypes.py:520: FutureWarning: Passing (type, 1) or '1type' as a synonym of type is deprecated; in a future version of numpy, it will be understood as (type, (1,)) / '(1,)type'.
  _np_quint8 = np.dtype([("quint8", np.uint8, 1)])
/home/linfengz/SCR/softwares/tf_venv_r1.8/lib/python3.6/site-packages/tensorflow/python/framework/dtypes.py:521: FutureWarning: Passing (type, 1) or '1type' as a synonym of type is deprecated; in a future version of numpy, it will be understood as (type, (1,)) / '(1,)type'.
  _np_qint16 = np.dtype([("qint16", np.int16, 1)])
/home/linfengz/SCR/softwares/tf_venv_r1.8/lib/python3.6/site-packages/tensorflow/python/framework/dtypes.py:522: FutureWarning: Passing (type, 1) or '1type' as a synonym of type is deprecated; in a future version of numpy, it will be understood as (type, (1,)) / '(1,)type'.
  _np_quint16 = np.dtype([("quint16", np.uint16, 1)])
/home/linfengz/SCR/softwares/tf_venv_r1.8/lib/python3.6/site-packages/tensorflow/python/framework/dtypes.py:523: FutureWarning: Passing (type, 1) or '1type' as a synonym of type is deprecated; in a future version of numpy, it will be understood as (type, (1,)) / '(1,)type'.
  _np_qint32 = np.dtype([("qint32", np.int32, 1)])
/home/linfengz/SCR/softwares/tf_venv_r1.8/lib/python3.6/site-packages/tensorflow/python/framework/dtypes.py:528: FutureWarning: Passing (type, 1) or '1type' as a synonym of type is deprecated; in a future version of numpy, it will be understood as (type, (1,)) / '(1,)type'.
  np_resource = np.dtype([("resource", np.ubyte, 1)])
: 1.1441e-05
epoch: 8000, ab_err: 3.0700e-02, rel_err: 8.7811e-02, lr: 1.0122e-05
epoch: 8200, ab_err: 2.8903e-02, rel_err: 7.2415e-02, lr: 9.3286e-06
epoch: 8400, ab_err: 2.7730e-02, rel_err: 7.4813e-02, lr: 8.2533e-06
epoch: 8600, ab_err: 3.2143e-02, rel_err: 8.5939e-02, lr: 7.6063e-06
epoch: 8800, ab_err: 2.7465e-02, rel_err: 7.2860e-02, lr: 6.7295e-06
epoch: 9000, ab_err: 2.8941e-02, rel_err: 7.6897e-02, lr: 6.2020e-06
epoch: 9200, ab_err: 3.2152e-02, rel_err: 8.5842e-02, lr: 5.4871e-06
epoch: 9400, ab_err: 3.3259e-02, rel_err: 8.0182e-02, lr: 5.0569e-06
epoch: 9600, ab_err: 3.4417e-02, rel_err: 8.7761e-02, lr: 4.4740e-06
epoch: 9800, ab_err: 3.1585e-02, rel_err: 9.6820e-02, lr: 4.1233e-06
epoch: 10000, ab_err: 2.8660e-02, rel_err: 7.3489e-02, lr: 3.6480e-06
epoch: 10200, ab_err: 3.4069e-02, rel_err: 7.5171e-02, lr: 3.3620e-06
epoch: 10400, ab_err: 2.6876e-02, rel_err: 7.2490e-02, lr: 2.9745e-06
epoch: 10600, ab_err: 2.7086e-02, rel_err: 7.3524e-02, lr: 2.7413e-06
epoch: 10800, ab_err: 2.9922e-02, rel_err: 7.7200e-02, lr: 2.4253e-06
epoch: 11000, ab_err: 3.1036e-02, rel_err: 8.9565e-02, lr: 2.2352e-06
epoch: 11200, ab_err: 3.1453e-02, rel_err: 8.0654e-02, lr: 1.9775e-06
epoch: 11400, ab_err: 3.1865e-02, rel_err: 8.0292e-02, lr: 1.8225e-06
epoch: 11600, ab_err: 2.8459e-02, rel_err: 7.0206e-02, lr: 1.6124e-06
epoch: 11800, ab_err: 2.9240e-02, rel_err: 6.5629e-02, lr: 1.4860e-06
epoch: 12000, ab_err: 3.0977e-02, rel_err: 8.3624e-02, lr: 1.3147e-06
running time: 829.957 s
