# restart           False
# num_threads       6
# neurons           [200, 200, 200, 200]
# batch size        128
# num_epoch         12000
# use_mix           False
# old_ratio         7
# lr_0              0.0006
# decay_steps       80
# decay_steps_inner 0
# decay_rate        0.96
# resnet            True
# graph_file        None
Begin to optimize
# start training from scratch
epoch:   0, ab_err: 3.3875e-01, rel_err: 5.4600e+00, lr: 6.0000e-04
epoch: 200, ab_err: 7.7197e-02, rel_err: 2.9250e-01, lr: 5.5296e-04
epoch: 400, ab_err: 7.8267e-02, rel_err: 3.0116e-01, lr: 4.8922e-04
epoch: 600, ab_err: 7.2594e-02, rel_err: 2.4635e-01, lr: 4.5087e-04
epoch: 800, ab_err: 7.3465e-02, rel_err: 2.3994e-01, lr: 3.9890e-04
epoch: 1000, ab_err: 6.5759e-02, rel_err: 2.5258e-01, lr: 3.6763e-04
epoch: 1200, ab_err: 6.7051e-02, rel_err: 2.6457e-01, lr: 3.2525e-04
epoch: 1400, ab_err: 6.8207e-02, rel_err: 2.6753e-01, lr: 2.9975e-04
epoch: 1600, ab_err: 6.7330e-02, rel_err: 2.4671e-01, lr: 2.6520e-04
epoch: 1800, ab_err: 6.7563e-02, rel_err: 2.3732e-01, lr: 2.4441e-04
epoch: 2000, ab_err: 6.7908e-02, rel_err: 2.4663e-01, lr: 2.1624e-04
epoch: 2200, ab_err: 6.2432e-/home/linfengz/SCR/softwares/tf_venv_r1.8/lib/python3.6/site-packages/tensorflow/python/framework/dtypes.py:519: FutureWarning: Passing (type, 1) or '1type' as a synonym of type is deprecated; in a future version of numpy, it will be understood as (type, (1,)) / '(1,)type'.
  _np_qint8 = np.dtype([("qint8", np.int8, 1)])
/home/linfengz/SCR/softwares/tf_venv_r1.8/lib/python3.6/site-packages/tensorflow/python/framework/dtypes.py:520: FutureWarning: Passing (type, 1) or '1type' as a synonym of type is deprecated; in a future version of numpy, it will be understood as (type, (1,)) / '(1,)type'.
  _np_quint8 = np.dtype([("quint8", np.uint8, 1)])
/home/linfengz/SCR/softwares/tf_venv_r1.8/lib/python3.6/site-packages/tensorflow/python/framework/dtypes.py:521: FutureWarning: Passing (type, 1) or '1type' as a synonym of type is deprecated; in a future version of numpy, it will be understood as (type, (1,)) / '(1,)type'.
  _np_qint16 = np.dtype([("qint16", np.int16, 1)])
/home/linfengz/SCR/softwares/tf_venv_r1.8/lib/python3.6/site-packages/tensorflow/python/framework/dtypes.py:522: FutureWarning: Passing (type, 1) or '1type' as a synonym of type is deprecated; in a future version of numpy, it will be understood as (type, (1,)) / '(1,)type'.
  _np_quint16 = np.dtype([("quint16", np.uint16, 1)])
/home/linfengz/SCR/softwares/tf_venv_r1.8/lib/python3.6/site-packages/tensorflow/python/framework/dtypes.py:523: FutureWarning: Passing (type, 1) or '1type' as a synonym of type is deprecated; in a future version of numpy, it will be understood as (type, (1,)) / '(1,)type'.
  _np_qint32 = np.dtype([("qint32", np.int32, 1)])
/home/linfengz/SCR/softwares/tf_venv_r1.8/lib/python3.6/site-packages/tensorflow/python/framework/dtypes.py:528: FutureWarning: Passing (type, 1) or '1type' as a synonym of type is deprecated; in a future version of numpy, it will be understood as (type, (1,)) / '(1,)type'.
  np_resource = np.dtype([("resource", np.ubyte, 1)])
: 1.1441e-05
epoch: 8000, ab_err: 5.4749e-02, rel_err: 1.7817e-01, lr: 1.0122e-05
epoch: 8200, ab_err: 5.0641e-02, rel_err: 1.9608e-01, lr: 9.3286e-06
epoch: 8400, ab_err: 4.6220e-02, rel_err: 1.9297e-01, lr: 8.2533e-06
epoch: 8600, ab_err: 4.2878e-02, rel_err: 1.3976e-01, lr: 7.6063e-06
epoch: 8800, ab_err: 4.3926e-02, rel_err: 1.6691e-01, lr: 6.7295e-06
epoch: 9000, ab_err: 4.5489e-02, rel_err: 1.7451e-01, lr: 6.2020e-06
epoch: 9200, ab_err: 4.6914e-02, rel_err: 1.5288e-01, lr: 5.4871e-06
epoch: 9400, ab_err: 4.6779e-02, rel_err: 1.6705e-01, lr: 5.0569e-06
epoch: 9600, ab_err: 4.4039e-02, rel_err: 1.6555e-01, lr: 4.4740e-06
epoch: 9800, ab_err: 4.7436e-02, rel_err: 1.7293e-01, lr: 4.1233e-06
epoch: 10000, ab_err: 4.8351e-02, rel_err: 1.8308e-01, lr: 3.6480e-06
epoch: 10200, ab_err: 6.2767e-02, rel_err: 2.4639e-01, lr: 3.3620e-06
epoch: 10400, ab_err: 4.5526e-02, rel_err: 1.6601e-01, lr: 2.9745e-06
epoch: 10600, ab_err: 4.9759e-02, rel_err: 1.7053e-01, lr: 2.7413e-06
epoch: 10800, ab_err: 4.9574e-02, rel_err: 1.5341e-01, lr: 2.4253e-06
epoch: 11000, ab_err: 5.0685e-02, rel_err: 1.7898e-01, lr: 2.2352e-06
epoch: 11200, ab_err: 4.7098e-02, rel_err: 1.5852e-01, lr: 1.9775e-06
epoch: 11400, ab_err: 5.4941e-02, rel_err: 1.9398e-01, lr: 1.8225e-06
epoch: 11600, ab_err: 4.4071e-02, rel_err: 1.6716e-01, lr: 1.6124e-06
epoch: 11800, ab_err: 4.2947e-02, rel_err: 1.6145e-01, lr: 1.4860e-06
epoch: 12000, ab_err: 4.9380e-02, rel_err: 1.8304e-01, lr: 1.3147e-06
running time: 3616.469 s
