# restart           False
# num_threads       6
# neurons           [200, 200, 200, 200]
# batch size        128
# num_epoch         12000
# use_mix           False
# old_ratio         7
# lr_0              0.0006
# decay_steps       80
# decay_steps_inner 0
# decay_rate        0.96
# resnet            True
# graph_file        None
Begin to optimize
# start training from scratch
epoch:   0, ab_err: 3.5726e-01, rel_err: 5.5057e+00, lr: 6.0000e-04
epoch: 200, ab_err: 7.6541e-02, rel_err: 2.5332e-01, lr: 5.5296e-04
epoch: 400, ab_err: 8.4597e-02, rel_err: 2.8638e-01, lr: 4.8922e-04
epoch: 600, ab_err: 7.9361e-02, rel_err: 2.7985e-01, lr: 4.5087e-04
epoch: 800, ab_err: 7.5119e-02, rel_err: 2.3984e-01, lr: 3.9890e-04
epoch: 1000, ab_err: 8.1004e-02, rel_err: 2.6902e-01, lr: 3.6763e-04
epoch: 1200, ab_err: 7.3994e-02, rel_err: 2.6152e-01, lr: 3.2525e-04
epoch: 1400, ab_err: 7.5328e-02, rel_err: 2.7409e-01, lr: 2.9975e-04
epoch: 1600, ab_err: 7.2209e-02, rel_err: 2.1774e-01, lr: 2.6520e-04
epoch: 1800, ab_err: 7.3293e-02, rel_err: 2.9702e-01, lr: 2.4441e-04
epoch: 2000, ab_err: 6.6375e-02, rel_err: 2.4697e-01, lr: 2.1624e-04
epoch: 2200, ab_err: 5.9633e-/home/linfengz/SCR/softwares/tf_venv_r1.8/lib/python3.6/site-packages/tensorflow/python/framework/dtypes.py:519: FutureWarning: Passing (type, 1) or '1type' as a synonym of type is deprecated; in a future version of numpy, it will be understood as (type, (1,)) / '(1,)type'.
  _np_qint8 = np.dtype([("qint8", np.int8, 1)])
/home/linfengz/SCR/softwares/tf_venv_r1.8/lib/python3.6/site-packages/tensorflow/python/framework/dtypes.py:520: FutureWarning: Passing (type, 1) or '1type' as a synonym of type is deprecated; in a future version of numpy, it will be understood as (type, (1,)) / '(1,)type'.
  _np_quint8 = np.dtype([("quint8", np.uint8, 1)])
/home/linfengz/SCR/softwares/tf_venv_r1.8/lib/python3.6/site-packages/tensorflow/python/framework/dtypes.py:521: FutureWarning: Passing (type, 1) or '1type' as a synonym of type is deprecated; in a future version of numpy, it will be understood as (type, (1,)) / '(1,)type'.
  _np_qint16 = np.dtype([("qint16", np.int16, 1)])
/home/linfengz/SCR/softwares/tf_venv_r1.8/lib/python3.6/site-packages/tensorflow/python/framework/dtypes.py:522: FutureWarning: Passing (type, 1) or '1type' as a synonym of type is deprecated; in a future version of numpy, it will be understood as (type, (1,)) / '(1,)type'.
  _np_quint16 = np.dtype([("quint16", np.uint16, 1)])
/home/linfengz/SCR/softwares/tf_venv_r1.8/lib/python3.6/site-packages/tensorflow/python/framework/dtypes.py:523: FutureWarning: Passing (type, 1) or '1type' as a synonym of type is deprecated; in a future version of numpy, it will be understood as (type, (1,)) / '(1,)type'.
  _np_qint32 = np.dtype([("qint32", np.int32, 1)])
/home/linfengz/SCR/softwares/tf_venv_r1.8/lib/python3.6/site-packages/tensorflow/python/framework/dtypes.py:528: FutureWarning: Passing (type, 1) or '1type' as a synonym of type is deprecated; in a future version of numpy, it will be understood as (type, (1,)) / '(1,)type'.
  np_resource = np.dtype([("resource", np.ubyte, 1)])
: 1.1441e-05
epoch: 8000, ab_err: 4.5900e-02, rel_err: 1.4551e-01, lr: 1.0122e-05
epoch: 8200, ab_err: 4.8972e-02, rel_err: 1.5674e-01, lr: 9.3286e-06
epoch: 8400, ab_err: 3.8233e-02, rel_err: 1.1868e-01, lr: 8.2533e-06
epoch: 8600, ab_err: 4.9303e-02, rel_err: 1.7748e-01, lr: 7.6063e-06
epoch: 8800, ab_err: 4.0594e-02, rel_err: 1.4340e-01, lr: 6.7295e-06
epoch: 9000, ab_err: 4.1897e-02, rel_err: 1.2853e-01, lr: 6.2020e-06
epoch: 9200, ab_err: 4.3704e-02, rel_err: 1.3705e-01, lr: 5.4871e-06
epoch: 9400, ab_err: 4.5710e-02, rel_err: 1.3651e-01, lr: 5.0569e-06
epoch: 9600, ab_err: 4.2558e-02, rel_err: 1.3619e-01, lr: 4.4740e-06
epoch: 9800, ab_err: 4.3454e-02, rel_err: 1.3927e-01, lr: 4.1233e-06
epoch: 10000, ab_err: 3.9623e-02, rel_err: 1.5352e-01, lr: 3.6480e-06
epoch: 10200, ab_err: 4.0044e-02, rel_err: 1.2844e-01, lr: 3.3620e-06
epoch: 10400, ab_err: 4.6194e-02, rel_err: 1.4349e-01, lr: 2.9745e-06
epoch: 10600, ab_err: 4.8224e-02, rel_err: 1.5181e-01, lr: 2.7413e-06
epoch: 10800, ab_err: 4.5720e-02, rel_err: 1.6147e-01, lr: 2.4253e-06
epoch: 11000, ab_err: 4.7669e-02, rel_err: 1.9480e-01, lr: 2.2352e-06
epoch: 11200, ab_err: 3.9821e-02, rel_err: 1.4934e-01, lr: 1.9775e-06
epoch: 11400, ab_err: 3.8563e-02, rel_err: 1.1524e-01, lr: 1.8225e-06
epoch: 11600, ab_err: 4.4814e-02, rel_err: 1.8128e-01, lr: 1.6124e-06
epoch: 11800, ab_err: 3.6034e-02, rel_err: 1.1394e-01, lr: 1.4860e-06
epoch: 12000, ab_err: 3.8005e-02, rel_err: 1.0315e-01, lr: 1.3147e-06
running time: 2028.834 s
