-3.141593 -3.141593 -40.067449 -25.807033 -1.081303 
-3.141593 -2.879793 -39.395355 -20.935246 -1.878199 
-3.141593 -2.617994 -40.112070 -14.388672 -3.694969 
-3.141593 -2.356194 -37.718651 -8.792729 -4.813065 
-3.141593 -2.094395 -32.813936 -5.814629 -5.287720 
-3.141593 -1.832596 -25.045402 -5.318798 -6.273686 
-3.141593 -1.570796 -21.860414 -2.602791 -6.466166 
-3.141593 -1.308997 -23.873961 -2.954498 -6.362459 
-3.141593 -1.047198 -31.163668 -8.462360 -9.784026 
-3.141593 -0.785398 -42.510177 -16.614134 -17.468739 
-3.141593 -0.523599 -50.562456 -22.480826 -24.562095 
-3.141593 -0.261799 -54.749969 -28.914267 -29.627018 
-3.141593 0.000000 -56.105873 -34.094126 -31.546212 
-3.141593 0.261799 -52.890836 -30.999915 -29.795515 
-3.141593 0.523599 -47.708496 -25.819457 -24.975321 
-3.141593 0.785398 -39.530249 -18.077611 -17.392895 
-3.141593 1.047198 -29.564099 -7.157261 -9.498415 
-3.141593 1.308997 -22.600586 -1.055789 -6.344109 
-3.141593 1.570796 -21.961170 -1.194408 -6.424777 
-3.141593 1.832596 -25.529945 -4.797414 -6.917341 
-3.141593 2.094395 -32.762976 -6.199751 -5.842645 
-3.141593 2.356194 -36.726795 -9.770253 -5.693455 
-3.141593 2.617994 -39.602712 -16.301115 -4.120038 
-3.141593 2.879793 -40.219921 -23.247709 -2.063334 
-3.141593 3.141593 -40.067449 -25.807033 -1.081303 

-2.879793 -3.141593 -39.254627 -27.652795 -3.113768 
-2.879793 -2.879793 -36.543670 -23.020012 -3.874273 
-2.879793 -2.617994 -34.918562 -16.716010 -5.826684 
-2.879793 -2.356194 -32.466063 -10.624174 -6.948474 
-2.879793 -2.094395 -28.158526 -7.986155 -7.098755 
-2.879793 -1.832596 -25.058775 -5.806360 -7.743440 
-2.879793 -1.570796 -25.750592 -3.397908 -6.881564 
-2.879793 -1.308997 -31.367570 -4.957922 -6.371777 
-2.879793 -1.047198 -38.729570 -12.037406 -10.028088 
-2.879793 -0.785398 -46.677308 -20.312089 -17.830304 
-2.879793 -0.523599 -52.649583 -25.879080 -26.759138 
-2.879793 -0.261799 -56.551926 -31.534440 -32.492480 
-2.879793 0.000000 -55.745038 -34.268068 -34.805563 
-2.879793 0.261799 -51.794347 -28.885513 -32.439489 
-2.879793 0.523599 -44.035253 -23.524841 -27.039725 
-2.879793 0.785398 -32.903103 -16.252386 -18.900260 
-2.879793 1.047198 -21.618468 -7.357278 -11.999277 
-2.879793 1.308997 -16.717309 -3.218778 -8.610713 
-2.879793 1.570796 -17.984042 -4.120331 -8.706004 
-2.879793 1.832596 -25.674280 -6.595939 -7.804813 
-2.879793 2.094395 -36.497418 -6.747744 -6.976711 
-2.879793 2.356194 -40.352772 -9.877107 -7.141817 
-2.879793 2.617994 -41.041573 -15.499777 -6.042914 
-2.879793 2.879793 -40.050730 -22.450703 -4.085654 
-2.879793 3.141593 -39.254627 -27.652795 -3.113768 

-2.617994 -3.141593 -32.632030 -30.960398 -8.397014 
-2.617994 -2.879793 -29.625493 -27.518718 -9.255089 
-2.617994 -2.617994 -27.799882 -21.311499 -11.287783 
-2.617994 -2.356194 -25.074343 -15.320865 -12.643384 
-2.617994 -2.094395 -22.170862 -13.654086 -12.359776 
-2.617994 -1.832596 -22.355590 -10.216279 -12.492886 
-2.617994 -1.570796 -26.151960 -7.996469 -11.076981 
-2.617994 -1.308997 -35.701357 -10.668695 -10.356254 
-2.617994 -1.047198 -43.428652 -18.393476 -14.201086 
-2.617994 -0.785398 -50.537644 -25.633375 -22.155445 
-2.617994 -0.523599 -54.913589 -30.165911 -32.070832 
-2.617994 -0.261799 -56.337540 -35.389429 -38.532638 
-2.617994 0.000000 -53.860489 -34.989447 -39.661833 
-2.617994 0.261799 -47.734048 -30.009349 -37.519559 
-2.617994 0.523599 -37.967889 -25.100325 -31.820061 
-2.617994 0.785398 -24.959989 -18.558868 -24.388548 
-2.617994 1.047198 -14.755409 -11.433912 -17.684265 
-2.617994 1.308997 -10.831737 -8.796027 -14.382220 
-2.617994 1.570796 -13.685281 -10.164054 -14.287681 
-2.617994 1.832596 -22.369232 -11.175267 -12.534668 
-2.617994 2.094395 -33.457356 -11.315350 -11.077239 
-2.617994 2.356194 -38.748205 -13.481664 -12.215470 
-2.617994 2.617994 -38.205183 -17.922477 -11.110179 
-2.617994 2.879793 -35.109494 -24.398763 -9.357644 
-2.617994 3.141593 -32.632030 -30.960398 -8.397014 

-2.356194 -3.141593 -23.283504 -35.752249 -16.943641 
-2.356194 -2.879793 -21.082753 -33.555161 -17.737685 
-2.356194 -2.617994 -19.520526 -27.001092 -20.017363 
-2.356194 -2.356194 -18.458876 -23.272490 -20.957183 
-2.356194 -2.094395 -17.314624 -21.743384 -20.605857 
-2.356194 -1.832596 -18.762844 -18.202758 -19.231263 
-2.356194 -1.570796 -25.107209 -16.349800 -17.611335 
-2.356194 -1.308997 -36.246503 -19.828853 -17.068912 
-2.356194 -1.047198 -44.210753 -26.674379 -21.011528 
-2.356194 -0.785398 -51.582182 -31.074783 -29.242478 
-2.356194 -0.523599 -56.156300 -35.538141 -39.215990 
-2.356194 -0.261799 -55.224777 -40.454421 -45.086478 
-2.356194 0.000000 -50.817775 -39.328075 -46.140515 
-2.356194 0.261799 -42.534294 -35.811372 -43.854961 
-2.356194 0.523599 -31.374013 -30.861482 -37.758510 
-2.356194 0.785398 -18.839312 -24.501963 -31.172313 
-2.356194 1.047198 -9.873656 -18.744126 -25.726251 
-2.356194 1.308997 -6.599744 -16.757880 -22.732335 
-2.356194 1.570796 -9.229285 -17.633146 -22.128206 
-2.356194 1.832596 -15.937598 -17.899230 -19.287003 
-2.356194 2.094395 -26.056604 -18.818261 -18.867459 
-2.356194 2.356194 -31.592946 -20.377679 -19.945762 
-2.356194 2.617994 -31.487820 -23.014553 -19.347124 
-2.356194 2.879793 -27.861903 -28.999781 -17.589517 
-2.356194 3.141593 -23.283504 -35.752249 -16.943641 

-2.094395 -3.141593 -13.634361 -39.660100 -27.210180 
-2.094395 -2.879793 -11.381084 -39.648333 -28.647040 
-2.094395 -2.617994 -11.534479 -33.957042 -30.982741 
-2.094395 -2.356194 -11.118126 -31.024654 -31.500727 
-2.094395 -2.094395 -10.893711 -30.818319 -29.877542 
-2.094395 -1.832596 -12.531930 -28.203282 -27.072366 
-2.094395 -1.570796 -18.149235 -26.273135 -24.486072 
-2.094395 -1.308997 -29.710543 -29.080179 -25.275010 
-2.094395 -1.047198 -39.697911 -33.465225 -29.441749 
-2.094395 -0.785398 -48.507212 -36.835526 -37.420886 
-2.094395 -0.523599 -51.932712 -39.779165 -46.019142 
-2.094395 -0.261799 -49.367331 -45.036751 -51.003898 
-2.094395 0.000000 -43.960584 -45.761348 -51.706733 
-2.094395 0.261799 -35.390611 -43.785489 -48.551594 
-2.094395 0.523599 -26.115935 -38.351093 -44.055520 
-2.094395 0.785398 -16.004858 -32.729468 -38.132818 
-2.094395 1.047198 -8.782693 -28.081001 -33.465835 
-2.094395 1.308997 -5.701840 -25.877449 -31.171735 
-2.094395 1.570796 -6.362702 -25.541394 -29.016750 
-2.094395 1.832596 -10.855994 -25.558083 -26.555954 
-2.094395 2.094395 -16.855939 -26.913732 -27.220419 
-2.094395 2.356194 -21.164470 -27.817995 -28.349300 
-2.094395 2.617994 -21.162916 -29.039376 -28.722406 
-2.094395 2.879793 -17.487837 -32.996116 -27.659770 
-2.094395 3.141593 -13.634361 -39.660100 -27.210180 

-1.832596 -3.141593 -5.317609 -43.100221 -36.336975 
-1.832596 -2.879793 -4.626814 -43.092112 -37.443028 
-1.832596 -2.617994 -5.066436 -39.497748 -39.801794 
-1.832596 -2.356194 -5.540799 -39.345405 -39.607768 
-1.832596 -2.094395 -5.536332 -37.282420 -38.011099 
-1.832596 -1.832596 -7.013785 -34.636782 -33.054801 
-1.832596 -1.570796 -11.467859 -34.798086 -31.039086 
-1.832596 -1.308997 -20.331610 -36.631831 -32.537953 
-1.832596 -1.047198 -31.047892 -39.259676 -37.351930 
-1.832596 -0.785398 -39.351196 -41.195069 -45.017359 
-1.832596 -0.523599 -42.714384 -42.014209 -51.749948 
-1.832596 -0.261799 -40.457473 -45.275194 -55.880758 
-1.832596 0.000000 -38.231681 -50.651856 -57.389163 
-1.832596 0.261799 -32.433394 -50.680087 -55.823568 
-1.832596 0.523599 -25.235241 -45.028639 -51.875907 
-1.832596 0.785398 -20.135706 -39.896902 -45.853258 
-1.832596 1.047198 -12.850856 -36.975306 -40.971541 
-1.832596 1.308997 -9.373697 -32.608465 -38.005990 
-1.832596 1.570796 -7.810125 -32.043785 -34.700348 
-1.832596 1.832596 -8.748492 -32.524671 -32.270112 
-1.832596 2.094395 -9.994935 -33.953178 -34.301707 
-1.832596 2.356194 -11.359906 -34.983862 -36.724612 
-1.832596 2.617994 -10.730564 -35.276341 -37.789451 
-1.832596 2.879793 -8.019994 -37.949267 -37.482577 
-1.832596 3.141593 -5.317609 -43.100221 -36.336975 

-1.570796 -3.141593 -1.215138 -46.258564 -40.194755 
-1.570796 -2.879793 -1.260832 -46.856070 -41.926822 
-1.570796 -2.617994 -2.784213 -43.116996 -43.715027 
-1.570796 -2.356194 -4.175004 -41.030950 -43.713027 
-1.570796 -2.094395 -4.805615 -38.914427 -40.698431 
-1.570796 -1.832596 -5.791472 -36.976427 -36.394321 
-1.570796 -1.570796 -8.811419 -36.906824 -36.158263 
-1.570796 -1.308997 -14.727381 -38.397262 -37.720125 
-1.570796 -1.047198 -22.516176 -42.654377 -41.556661 
-1.570796 -0.785398 -30.058966 -43.179018 -48.729493 
-1.570796 -0.523599 -32.491998 -41.196353 -56.242215 
-1.570796 -0.261799 -33.628883 -45.095985 -59.340833 
-1.570796 0.000000 -35.186183 -51.868422 -62.003481 
-1.570796 0.261799 -32.606425 -52.471859 -60.186911 
-1.570796 0.523599 -32.063649 -48.396362 -54.502218 
-1.570796 0.785398 -28.697002 -43.422983 -46.938432 
-1.570796 1.047198 -24.503958 -43.265557 -41.232026 
-1.570796 1.308997 -17.606378 -39.683637 -40.193355 
-1.570796 1.570796 -12.239458 -36.824184 -36.340719 
-1.570796 1.832596 -7.963581 -36.636849 -34.439428 
-1.570796 2.094395 -6.436676 -37.461167 -37.956325 
-1.570796 2.356194 -6.024942 -38.350834 -40.546486 
-1.570796 2.617994 -5.184605 -39.703161 -42.220551 
-1.570796 2.879793 -2.866212 -41.498315 -41.861288 
-1.570796 3.141593 -1.215138 -46.258564 -40.194755 

-1.308997 -3.141593 -1.924139 -46.216839 -36.229284 
-1.308997 -2.879793 -3.649667 -46.558726 -38.051258 
-1.308997 -2.617994 -6.520464 -41.175690 -39.363890 
-1.308997 -2.356194 -8.509260 -37.077404 -39.384924 
-1.308997 -2.094395 -10.073802 -36.021159 -37.187359 
-1.308997 -1.832596 -9.078935 -33.895952 -35.719185 
-1.308997 -1.570796 -10.743885 -33.496292 -35.797821 
-1.308997 -1.308997 -12.730427 -35.944247 -37.278189 
-1.308997 -1.047198 -16.768901 -39.913895 -40.233179 
-1.308997 -0.785398 -21.865134 -40.582586 -46.756083 
-1.308997 -0.523599 -26.627606 -41.065518 -53.023348 
-1.308997 -0.261799 -31.226136 -44.420951 -57.869340 
-1.308997 0.000000 -34.102474 -49.666985 -60.972183 
-1.308997 0.261799 -37.233841 -51.010934 -59.032039 
-1.308997 0.523599 -40.043596 -47.683112 -51.198849 
-1.308997 0.785398 -37.729451 -43.858848 -43.193734 
-1.308997 1.047198 -32.946102 -41.222222 -37.447826 
-1.308997 1.308997 -25.820584 -38.986634 -35.538275 
-1.308997 1.570796 -16.286861 -36.092037 -32.768354 
-1.308997 1.832596 -9.017681 -34.216086 -32.992969 
-1.308997 2.094395 -6.432508 -34.142307 -35.393279 
-1.308997 2.356194 -5.792581 -36.269588 -36.387160 
-1.308997 2.617994 -4.386763 -38.855316 -36.531867 
-1.308997 2.879793 -2.449054 -40.810398 -36.277490 
-1.308997 3.141593 -1.924139 -46.216839 -36.229284 

-1.047198 -3.141593 -8.608178 -42.696354 -26.395287 
-1.047198 -2.879793 -11.959068 -40.509554 -27.281731 
-1.047198 -2.617994 -16.583719 -34.339206 -28.766492 
-1.047198 -2.356194 -20.083048 -29.704855 -28.962367 
-1.047198 -2.094395 -20.640395 -28.797435 -29.074261 
-1.047198 -1.832596 -17.318648 -27.219210 -29.727752 
-1.047198 -1.570796 -15.290531 -27.491840 -30.924916 
-1.047198 -1.308997 -14.556011 -28.371203 -31.503955 
-1.047198 -1.047198 -15.999214 -29.491535 -34.393477 
-1.047198 -0.785398 -19.441417 -32.559604 -40.896583 
-1.047198 -0.523599 -24.876127 -34.150026 -47.510612 
-1.047198 -0.261799 -31.653546 -40.173084 -52.823585 
-1.047198 0.000000 -37.157684 -45.583581 -54.927848 
-1.047198 0.261799 -40.720690 -47.643530 -52.505252 
-1.047198 0.523599 -43.347606 -43.996673 -45.522803 
-1.047198 0.785398 -43.580373 -40.689054 -36.333576 
-1.047198 1.047198 -39.095314 -37.217256 -31.012732 
-1.047198 1.308997 -31.966132 -32.997598 -27.332162 
-1.047198 1.570796 -22.151503 -27.388332 -26.709351 
-1.047198 1.832596 -13.864258 -25.073676 -27.911396 
-1.047198 2.094395 -10.444192 -26.623202 -29.018673 
-1.047198 2.356194 -9.645989 -30.846736 -29.388711 
-1.047198 2.617994 -8.524084 -33.682814 -28.141981 
-1.047198 2.879793 -7.505124 -37.672859 -26.963775 
-1.047198 3.141593 -8.608178 -42.696354 -26.395287 

-0.785398 -3.141593 -20.891696 -35.970960 -15.062368 
-0.785398 -2.879793 -25.975492 -32.320908 -16.162237 
-0.785398 -2.617994 -32.248016 -25.959284 -17.757538 
-0.785398 -2.356194 -35.820674 -21.084495 -18.869505 
-0.785398 -2.094395 -33.217033 -19.796408 -19.416757 
-0.785398 -1.832596 -26.601613 -19.746526 -21.336579 
-0.785398 -1.570796 -19.501756 -20.076479 -22.441580 
-0.785398 -1.308997 -16.040404 -17.759474 -23.976925 
-0.785398 -1.047198 -16.649757 -18.654496 -27.097254 
-0.785398 -0.785398 -20.687840 -23.403360 -32.821665 
-0.785398 -0.523599 -28.438108 -28.573103 -39.545789 
-0.785398 -0.261799 -36.141463 -34.525930 -43.667110 
-0.785398 0.000000 -42.577648 -42.353724 -44.291477 
-0.785398 0.261799 -45.869707 -43.791162 -43.335439 
-0.785398 0.523599 -48.104475 -39.606654 -38.085136 
-0.785398 0.785398 -46.792827 -35.067828 -29.502839 
-0.785398 1.047198 -43.874310 -30.819124 -22.679382 
-0.785398 1.308997 -37.431745 -22.034748 -18.476460 
-0.785398 1.570796 -28.586345 -15.143667 -19.689317 
-0.785398 1.832596 -20.529643 -14.111982 -20.213994 
-0.785398 2.094395 -18.259588 -17.857218 -20.187357 
-0.785398 2.356194 -18.434669 -24.112614 -19.027653 
-0.785398 2.617994 -17.935086 -26.894654 -17.391104 
-0.785398 2.879793 -18.057996 -31.641920 -15.609407 
-0.785398 3.141593 -20.891696 -35.970960 -15.062368 

-0.523599 -3.141593 -36.474638 -28.943252 -6.497200 
-0.523599 -2.879793 -42.396413 -23.636290 -7.532214 
-0.523599 -2.617994 -48.393289 -18.190080 -8.907109 
-0.523599 -2.356194 -48.127124 -14.310677 -10.544547 
-0.523599 -2.094395 -43.351355 -13.036480 -11.494571 
-0.523599 -1.832596 -31.802582 -14.270071 -12.594364 
-0.523599 -1.570796 -24.789657 -10.882070 -14.994363 
-0.523599 -1.308997 -20.277658 -8.598560 -17.363819 
-0.523599 -1.047198 -21.233315 -10.917198 -20.021505 
-0.523599 -0.785398 -26.508410 -17.888495 -25.337621 
-0.523599 -0.523599 -33.112226 -24.530242 -31.540257 
-0.523599 -0.261799 -39.624318 -31.559968 -35.484143 
-0.523599 0.000000 -47.171608 -40.816982 -35.580954 
-0.523599 0.261799 -51.675774 -41.301983 -33.841415 
-0.523599 0.523599 -52.022957 -36.760414 -31.376855 
-0.523599 0.785398 -47.786841 -31.124693 -23.536017 
-0.523599 1.047198 -44.336762 -23.156534 -15.597909 
-0.523599 1.308997 -40.656850 -11.572103 -12.338716 
-0.523599 1.570796 -32.025929 -5.695629 -13.520167 
-0.523599 1.832596 -27.308866 -6.263826 -12.207951 
-0.523599 2.094395 -27.695448 -12.452770 -11.941595 
-0.523599 2.356194 -29.668467 -18.294525 -11.155788 
-0.523599 2.617994 -30.910452 -20.268986 -9.087905 
-0.523599 2.879793 -32.683568 -26.132998 -6.908445 
-0.523599 3.141593 -36.474638 -28.943252 -6.497200 

-0.261799 -3.141593 -50.229101 -23.832385 -1.318872 
-0.261799 -2.879793 -53.096961 -19.207548 -2.691302 
-0.261799 -2.617994 -54.835156 -13.761817 -4.609375 
-0.261799 -2.356194 -53.725121 -9.915187 -6.119616 
-0.261799 -2.094395 -47.797820 -9.621162 -6.679790 
-0.261799 -1.832596 -36.803210 -9.216050 -7.456896 
-0.261799 -1.570796 -29.374930 -3.773573 -9.918540 
-0.261799 -1.308997 -26.504938 -3.131484 -11.448934 
-0.261799 -1.047198 -29.598897 -7.799703 -14.345719 
-0.261799 -0.785398 -33.948247 -16.757084 -20.294149 
-0.261799 -0.523599 -38.933485 -24.799525 -26.386053 
-0.261799 -0.261799 -43.777836 -33.124085 -27.808448 
-0.261799 0.000000 -50.023804 -40.703779 -28.555691 
-0.261799 0.261799 -53.998553 -38.390197 -29.712490 
-0.261799 0.523599 -51.140149 -32.841238 -27.808595 
-0.261799 0.785398 -46.636037 -26.457876 -19.951293 
-0.261799 1.047198 -43.160121 -14.812484 -12.040358 
-0.261799 1.308997 -39.884522 -4.506904 -8.790820 
-0.261799 1.570796 -33.977233 -0.529506 -10.020771 
-0.261799 1.832596 -33.613692 -3.014676 -7.838120 
-0.261799 2.094395 -37.876680 -10.434481 -6.888401 
-0.261799 2.356194 -42.214224 -12.041046 -5.376495 
-0.261799 2.617994 -44.781286 -15.112902 -4.068739 
-0.261799 2.879793 -47.473507 -21.049019 -2.057167 
-0.261799 3.141593 -50.229101 -23.832385 -1.318872 

0.000000 -3.141593 -57.470323 -21.286233 0.000000 
0.000000 -2.879793 -56.102770 -18.270853 -1.092858 
0.000000 -2.617994 -54.734954 -13.193562 -2.919588 
0.000000 -2.356194 -51.576412 -9.615150 -4.498667 
0.000000 -2.094395 -45.157972 -9.575823 -5.067436 
0.000000 -1.832596 -37.862303 -4.318975 -6.383723 
0.000000 -1.570796 -33.426751 -0.502572 -8.131883 
0.000000 -1.308997 -34.105700 -1.747464 -7.656838 
0.000000 -1.047198 -36.944713 -8.840353 -10.736543 
0.000000 -0.785398 -39.423113 -20.455246 -17.437057 
0.000000 -0.523599 -43.538137 -28.348667 -23.500016 
0.000000 -0.261799 -48.081630 -38.004825 -26.651507 
0.000000 0.000000 -50.562362 -39.939625 -28.004398 
0.000000 0.261799 -51.943858 -35.172848 -28.392783 
0.000000 0.523599 -48.431601 -28.517516 -25.873689 
0.000000 0.785398 -42.771346 -20.585267 -19.364412 
0.000000 1.047198 -37.499003 -9.099730 -11.989336 
0.000000 1.308997 -34.227866 -1.392813 -9.057769 
0.000000 1.570796 -33.862751 0.000000 -9.836360 
0.000000 1.832596 -39.132525 -4.014677 -6.715907 
0.000000 2.094395 -47.570876 -9.212814 -4.520685 
0.000000 2.356194 -53.392431 -8.347011 -3.932805 
0.000000 2.617994 -56.470638 -11.634349 -2.598342 
0.000000 2.879793 -57.766603 -16.902162 -0.797644 
0.000000 3.141593 -57.470323 -21.286233 -0.000000 

0.261799 -3.141593 -50.676904 -21.412709 -1.391316 
0.261799 -2.879793 -46.998270 -19.760325 -2.286273 
0.261799 -2.617994 -44.360745 -15.244637 -4.464855 
0.261799 -2.356194 -42.194475 -12.784902 -5.615477 
0.261799 -2.094395 -37.933108 -9.789956 -6.505221 
0.261799 -1.832596 -34.117367 -3.165453 -7.813770 
0.261799 -1.570796 -34.400978 -0.875323 -8.529031 
0.261799 -1.308997 -39.039829 -4.629946 -6.827466 
0.261799 -1.047198 -41.886554 -14.030902 -9.902161 
0.261799 -0.785398 -43.077398 -25.335881 -17.175000 
0.261799 -0.523599 -45.287941 -34.493447 -23.738270 
0.261799 -0.261799 -46.731366 -41.711475 -28.628031 
0.261799 0.000000 -46.716390 -39.342341 -30.492925 
0.261799 0.261799 -45.927335 -32.380253 -29.976972 
0.261799 0.523599 -43.028633 -24.327896 -26.765526 
0.261799 0.785398 -35.558932 -16.525949 -20.700380 
0.261799 1.047198 -30.187290 -6.852696 -14.567645 
0.261799 1.308997 -26.674773 -2.352997 -12.489613 
0.261799 1.570796 -29.736734 -3.047644 -12.482080 
0.261799 1.832596 -38.101676 -8.498510 -8.619461 
0.261799 2.094395 -49.026153 -8.456120 -5.958830 
0.261799 2.356194 -55.056974 -7.975787 -4.584122 
0.261799 2.617994 -57.092570 -10.730518 -3.813153 
0.261799 2.879793 -55.273905 -15.529675 -2.365362 
0.261799 3.141593 -50.676904 -21.412709 -1.391316 

0.523599 -3.141593 -35.722317 -25.190004 -6.037879 
0.523599 -2.879793 -31.569676 -23.285799 -6.837417 
0.523599 -2.617994 -30.070634 -19.433788 -8.879619 
0.523599 -2.356194 -29.257572 -18.121678 -10.265120 
0.523599 -2.094395 -27.814046 -11.196655 -9.567267 
0.523599 -1.832596 -27.625684 -5.961894 -12.192299 
0.523599 -1.570796 -32.421543 -5.642956 -11.259768 
0.523599 -1.308997 -39.125752 -11.165206 -9.355054 
0.523599 -1.047198 -43.194677 -22.041651 -12.148913 
0.523599 -0.785398 -44.289030 -31.196773 -19.988501 
0.523599 -0.523599 -44.937361 -38.703186 -27.805649 
0.523599 -0.261799 -45.411803 -43.312712 -33.592127 
0.523599 0.000000 -43.623306 -38.342850 -35.481773 
0.523599 0.261799 -40.288628 -30.520971 -35.103692 
0.523599 0.523599 -36.076360 -24.018022 -30.864244 
0.523599 0.785398 -27.696957 -16.201905 -24.276211 
0.523599 1.047198 -22.909574 -9.327073 -19.104157 
0.523599 1.308997 -22.024515 -7.268415 -17.260166 
0.523599 1.570796 -26.069908 -9.804506 -16.751093 
0.523599 1.832596 -33.865351 -12.945264 -13.114055 
0.523599 2.094395 -43.372056 -10.342661 -10.119696 
0.523599 2.356194 -49.211332 -11.098534 -9.531440 
0.523599 2.617994 -47.524284 -13.252266 -8.598970 
0.523599 2.879793 -41.566713 -18.148674 -6.747228 
0.523599 3.141593 -35.722317 -25.190004 -6.037879 

0.785398 -3.141593 -19.115144 -31.386770 -14.013481 
0.785398 -2.879793 -16.782888 -28.113480 -14.626444 
0.785398 -2.617994 -16.914952 -25.040744 -16.339084 
0.785398 -2.356194 -17.270485 -23.407960 -17.616656 
0.785398 -2.094395 -17.576713 -16.324848 -16.980981 
0.785398 -1.832596 -19.777687 -12.907673 -18.991115 
0.785398 -1.570796 -27.380663 -14.368301 -17.056416 
0.785398 -1.308997 -36.300098 -21.093172 -15.071502 
0.785398 -1.047198 -42.151373 -28.184797 -18.741470 
0.785398 -0.785398 -42.299481 -35.740542 -26.478159 
0.785398 -0.523599 -42.963210 -40.457882 -33.979620 
0.785398 -0.261799 -42.380085 -42.638533 -39.660419 
0.785398 0.000000 -40.040813 -39.020241 -41.524294 
0.785398 0.261799 -35.854778 -31.975334 -40.566019 
0.785398 0.523599 -28.472496 -26.662565 -36.089736 
0.785398 0.785398 -22.260270 -20.903141 -29.655653 
0.785398 1.047198 -18.866376 -16.324381 -24.652132 
0.785398 1.308997 -18.846634 -15.932157 -22.464327 
0.785398 1.570796 -22.987604 -18.502323 -22.662074 
0.785398 1.832596 -28.584954 -18.222496 -19.696636 
0.785398 2.094395 -33.276536 -16.618003 -17.375192 
0.785398 2.356194 -34.749154 -16.913665 -17.032546 
0.785398 2.617994 -30.737126 -19.173805 -16.439651 
0.785398 2.879793 -24.353159 -24.465083 -14.787268 
0.785398 3.141593 -19.115144 -31.386770 -14.013481 

1.047198 -3.141593 -7.350242 -37.773347 -24.144510 
1.047198 -2.879793 -6.283848 -33.315376 -24.851754 
1.047198 -2.617994 -7.507692 -31.053852 -25.143001 
1.047198 -2.356194 -8.891159 -29.276488 -26.473014 
1.047198 -2.094395 -9.641730 -24.436354 -26.571034 
1.047198 -1.832596 -12.849106 -22.601310 -27.051622 
1.047198 -1.570796 -20.738620 -24.747286 -24.762021 
1.047198 -1.308997 -30.978855 -30.434430 -22.954290 
1.047198 -1.047198 -38.209748 -33.970640 -26.510809 
1.047198 -0.785398 -39.835416 -38.902386 -34.334473 
1.047198 -0.523599 -40.907265 -43.704916 -41.585423 
1.047198 -0.261799 -37.360182 -44.319744 -45.739494 
1.047198 0.000000 -33.580394 -41.178510 -47.620631 
1.047198 0.261799 -29.073022 -36.316858 -46.559028 
1.047198 0.523599 -25.564405 -31.953145 -43.272578 
1.047198 0.785398 -22.440919 -28.698108 -37.309620 
1.047198 1.047198 -19.085326 -26.404762 -30.990195 
1.047198 1.308997 -18.383944 -25.846670 -28.919423 
1.047198 1.570796 -18.609384 -26.266039 -29.025375 
1.047198 1.832596 -19.907692 -25.491767 -27.047952 
1.047198 2.094395 -20.234073 -24.803530 -25.599189 
1.047198 2.356194 -19.159516 -24.963380 -26.696279 
1.047198 2.617994 -15.587807 -27.621772 -26.493820 
1.047198 2.879793 -10.997698 -33.167301 -25.030702 
1.047198 3.141593 -7.350242 -37.773347 -24.144510 

1.308997 -3.141593 -0.630714 -45.927566 -34.251526 
1.308997 -2.879793 -1.222679 -40.668431 -35.195473 
1.308997 -2.617994 -3.307810 -37.848672 -35.783550 
1.308997 -2.356194 -4.926680 -35.044824 -36.027364 
1.308997 -2.094395 -5.531876 -33.159570 -36.199157 
1.308997 -1.832596 -8.484737 -32.709761 -34.122040 
1.308997 -1.570796 -14.335931 -33.687211 -32.210678 
1.308997 -1.308997 -21.917365 -36.203727 -31.920883 
1.308997 -1.047198 -30.093820 -38.210774 -35.264602 
1.308997 -0.785398 -33.426202 -40.396570 -41.152803 
1.308997 -0.523599 -33.391762 -44.210601 -48.859412 
1.308997 -0.261799 -30.756295 -48.231229 -52.808449 
1.308997 0.000000 -28.423163 -46.957826 -53.690884 
1.308997 0.261799 -27.607653 -43.430458 -52.393547 
1.308997 0.523599 -26.898451 -40.173436 -49.745681 
1.308997 0.785398 -25.860713 -38.122282 -44.219014 
1.308997 1.047198 -22.973318 -35.481753 -37.884738 
1.308997 1.308997 -17.853738 -33.504544 -35.273401 
1.308997 1.570796 -13.637018 -34.072258 -34.456480 
1.308997 1.832596 -10.849732 -34.461536 -33.491024 
1.308997 2.094395 -9.530877 -33.744917 -34.036514 
1.308997 2.356194 -8.262897 -34.231406 -36.800453 
1.308997 2.617994 -5.741887 -37.271349 -36.560136 
1.308997 2.879793 -2.583149 -42.209399 -35.250246 
1.308997 3.141593 -0.630714 -45.927566 -34.251526 

1.570796 -3.141593 -0.000000 -50.449640 -41.208019 
1.570796 -2.879793 -2.176461 -44.888056 -41.740172 
1.570796 -2.617994 -5.020030 -40.875089 -41.951751 
1.570796 -2.356194 -6.280122 -37.987584 -42.234008 
1.570796 -2.094395 -6.970053 -36.918082 -41.678231 
1.570796 -1.832596 -7.474572 -36.264149 -38.684236 
1.570796 -1.570796 -9.936142 -36.395906 -37.661310 
1.570796 -1.308997 -13.891615 -37.026457 -37.834848 
1.570796 -1.047198 -19.859365 -38.323224 -41.495464 
1.570796 -0.785398 -24.415154 -42.087114 -46.713354 
1.570796 -0.523599 -25.388349 -45.422726 -51.595049 
1.570796 -0.261799 -26.649579 -51.517721 -54.939143 
1.570796 0.000000 -27.799140 -51.865560 -56.414146 
1.570796 0.261799 -30.403326 -49.127051 -55.713904 
1.570796 0.523599 -31.747624 -46.106773 -52.509405 
1.570796 0.785398 -32.417815 -42.952493 -46.674300 
1.570796 1.047198 -26.079638 -39.760398 -39.985768 
1.570796 1.308997 -17.720846 -38.929155 -37.162299 
1.570796 1.570796 -10.767789 -39.640328 -34.694818 
1.570796 1.832596 -6.711371 -40.896487 -34.860714 
1.570796 2.094395 -4.601573 -42.317624 -39.713200 
1.570796 2.356194 -3.534045 -41.880198 -44.642778 
1.570796 2.617994 -2.044974 -44.489724 -43.820054 
1.570796 2.879793 -0.299784 -48.726583 -41.936009 
1.570796 3.141593 0.000000 -50.449640 -41.208019 

1.832596 -3.141593 -5.310011 -50.035586 -40.444629 
1.832596 -2.879793 -8.271740 -44.332648 -39.774819 
1.832596 -2.617994 -11.996058 -40.114955 -39.904225 
1.832596 -2.356194 -12.780665 -36.283839 -39.785004 
1.832596 -2.094395 -11.140354 -35.923416 -38.620576 
1.832596 -1.832596 -9.259467 -34.530394 -37.068335 
1.832596 -1.570796 -7.304302 -34.527895 -37.664718 
1.832596 -1.308997 -7.909919 -35.310459 -37.880506 
1.832596 -1.047198 -11.563001 -38.034924 -41.388665 
1.832596 -0.785398 -17.814947 -40.576032 -46.285857 
1.832596 -0.523599 -22.640504 -42.190191 -50.440440 
1.832596 -0.261799 -26.825346 -48.520313 -53.144560 
1.832596 0.000000 -31.663788 -52.704885 -55.680297 
1.832596 0.261799 -37.818796 -50.241298 -55.440978 
1.832596 0.523599 -39.973970 -47.160663 -50.774780 
1.832596 0.785398 -37.886202 -43.229574 -45.862689 
1.832596 1.047198 -31.993686 -40.411818 -39.480652 
1.832596 1.308997 -22.604628 -38.678504 -35.365288 
1.832596 1.570796 -12.781419 -39.291732 -32.418204 
1.832596 1.832596 -7.244400 -40.180686 -34.636200 
1.832596 2.094395 -5.580381 -41.881873 -40.029525 
1.832596 2.356194 -5.171545 -43.259801 -44.418506 
1.832596 2.617994 -4.559352 -46.597249 -44.577302 
1.832596 2.879793 -4.040143 -51.385388 -41.840654 
1.832596 3.141593 -5.310011 -50.035586 -40.444629 

2.094395 -3.141593 -14.209820 -47.832766 -30.071007 
2.094395 -2.879793 -18.274163 -40.743866 -30.304174 
2.094395 -2.617994 -21.532474 -34.717120 -30.625715 
2.094395 -2.356194 -21.812412 -31.222841 -30.826894 
2.094395 -2.094395 -17.597869 -29.980345 -30.608172 
2.094395 -1.832596 -11.575890 -29.331812 -30.437361 
2.094395 -1.570796 -6.636673 -28.881095 -31.875297 
2.094395 -1.308997 -5.144346 -28.391524 -31.712340 
2.094395 -1.047198 -8.413739 -30.450428 -34.160334 
2.094395 -0.785398 -15.737213 -32.573792 -39.625605 
2.094395 -0.523599 -25.252835 -35.609683 -44.208106 
2.094395 -0.261799 -33.742541 -42.486740 -47.644890 
2.094395 0.000000 -39.460501 -46.762127 -51.030733 
2.094395 0.261799 -44.482716 -45.667833 -51.541796 
2.094395 0.523599 -45.089859 -43.661295 -47.207350 
2.094395 0.785398 -42.737056 -39.972796 -40.935040 
2.094395 1.047198 -37.450900 -35.602954 -34.163212 
2.094395 1.308997 -28.161657 -31.159260 -29.390055 
2.094395 1.570796 -18.118348 -29.772500 -27.856686 
2.094395 1.832596 -12.322028 -30.927171 -29.879202 
2.094395 2.094395 -11.350969 -33.408280 -32.646232 
2.094395 2.356194 -11.767662 -35.012953 -34.504327 
2.094395 2.617994 -12.475066 -38.805331 -33.261986 
2.094395 2.879793 -12.707052 -45.264345 -31.186209 
2.094395 3.141593 -14.209820 -47.832766 -30.071007 

2.356194 -3.141593 -23.951361 -40.470521 -18.381367 
2.356194 -2.879793 -28.015335 -33.530175 -18.861332 
2.356194 -2.617994 -32.373578 -26.430346 -20.416531 
2.356194 -2.356194 -32.555071 -22.578725 -21.283035 
2.356194 -2.094395 -26.415148 -20.582414 -21.054437 
2.356194 -1.832596 -16.260499 -20.508447 -21.743318 
2.356194 -1.570796 -8.575229 -19.692019 -23.964637 
2.356194 -1.308997 -6.134391 -18.434808 -24.056528 
2.356194 -1.047198 -9.126380 -20.700660 -26.113787 
2.356194 -0.785398 -17.853978 -24.507227 -30.893573 
2.356194 -0.523599 -30.125526 -28.973404 -34.902104 
2.356194 -0.261799 -40.679632 -34.988042 -38.749115 
2.356194 0.000000 -48.168116 -39.129863 -43.508318 
2.356194 0.261799 -50.452489 -40.801610 -44.710757 
2.356194 0.523599 -49.719876 -37.168118 -41.016407 
2.356194 0.785398 -46.038655 -33.664509 -31.792956 
2.356194 1.047198 -40.635932 -27.587989 -24.233093 
2.356194 1.308997 -32.682785 -20.383730 -19.943528 
2.356194 1.570796 -22.593218 -18.074787 -19.872220 
2.356194 1.832596 -17.299079 -20.354127 -21.367623 
2.356194 2.094395 -17.000380 -23.878753 -22.386395 
2.356194 2.356194 -18.310665 -26.355848 -23.398885 
2.356194 2.617994 -20.265912 -31.690252 -21.834672 
2.356194 2.879793 -21.091330 -38.021240 -19.388562 
2.356194 3.141593 -23.951361 -40.470521 -18.381367 

2.617994 -3.141593 -31.257503 -32.250488 -8.737755 
2.617994 -2.879793 -34.917544 -25.314344 -9.498353 
2.617994 -2.617994 -38.869976 -19.103418 -11.330634 
2.617994 -2.356194 -39.926744 -14.631658 -12.443744 
2.617994 -2.094395 -33.587161 -12.729131 -12.427569 
2.617994 -1.832596 -20.783864 -12.755900 -13.221348 
2.617994 -1.570796 -12.075552 -11.589883 -15.446847 
2.617994 -1.308997 -9.459386 -10.315397 -16.304552 
2.617994 -1.047198 -13.509049 -12.745494 -18.587985 
2.617994 -0.785398 -23.564288 -18.390278 -23.901862 
2.617994 -0.523599 -37.063417 -23.022565 -29.504716 
2.617994 -0.261799 -46.750280 -29.770070 -34.834199 
2.617994 0.000000 -51.869476 -35.477115 -35.428044 
2.617994 0.261799 -53.500473 -37.880942 -36.391879 
2.617994 0.523599 -52.283973 -33.941667 -33.061909 
2.617994 0.785398 -48.032443 -28.442439 -23.429376 
2.617994 1.047198 -40.803205 -18.264924 -15.823741 
2.617994 1.308997 -32.034424 -10.080478 -12.161595 
2.617994 1.570796 -22.727040 -8.089703 -12.750530 
2.617994 1.832596 -19.914663 -11.071933 -14.048671 
2.617994 2.094395 -21.330984 -15.433191 -13.893970 
2.617994 2.356194 -24.415636 -18.177410 -13.854153 
2.617994 2.617994 -27.488207 -25.061443 -12.222511 
2.617994 2.879793 -28.896913 -30.856623 -9.876510 
2.617994 3.141593 -31.257503 -32.250488 -8.737755 

2.879793 -3.141593 -36.878833 -27.165464 -2.805651 
2.879793 -2.879793 -38.574208 -21.202318 -3.461849 
2.879793 -2.617994 -41.901264 -14.863798 -5.514656 
2.879793 -2.356194 -41.531267 -9.820105 -6.424782 
2.879793 -2.094395 -35.738205 -7.489196 -6.873590 
2.879793 -1.832596 -23.204804 -7.645017 -7.960657 
2.879793 -1.570796 -16.169741 -5.469551 -9.495012 
2.879793 -1.308997 -15.171903 -4.894813 -9.843728 
2.879793 -1.047198 -20.770529 -8.566322 -13.104884 
2.879793 -0.785398 -31.963662 -15.399033 -18.994905 
2.879793 -0.523599 -44.347470 -21.316994 -25.578269 
2.879793 -0.261799 -51.932467 -27.866911 -30.440416 
2.879793 0.000000 -54.062955 -33.875673 -32.613221 
2.879793 0.261799 -53.058898 -34.567345 -32.800789 
2.879793 0.523599 -50.741663 -29.834370 -28.083595 
2.879793 0.785398 -44.871740 -23.020545 -19.169041 
2.879793 1.047198 -37.520070 -10.923145 -10.945347 
2.879793 1.308997 -27.103579 -3.296311 -7.362804 
2.879793 1.570796 -22.274387 -2.122102 -7.690779 
2.879793 1.832596 -22.614600 -6.090325 -8.978564 
2.879793 2.094395 -25.833440 -9.322725 -8.100995 
2.879793 2.356194 -30.330656 -12.792941 -7.850767 
2.879793 2.617994 -33.352620 -19.889977 -6.108115 
2.879793 2.879793 -35.694481 -26.447825 -3.895086 
2.879793 3.141593 -36.878833 -27.165464 -2.805651 

3.141593 -3.141593 -40.067449 -25.807033 -1.081303 
3.141593 -2.879793 -39.395355 -20.935246 -1.878199 
3.141593 -2.617994 -40.112070 -14.388672 -3.694969 
3.141593 -2.356194 -37.718651 -8.792729 -4.813065 
3.141593 -2.094395 -32.813936 -5.814629 -5.287720 
3.141593 -1.832596 -25.045402 -5.318798 -6.273686 
3.141593 -1.570796 -21.860414 -2.602791 -6.466166 
3.141593 -1.308997 -23.873961 -2.954498 -6.362459 
3.141593 -1.047198 -31.163668 -8.462360 -9.784026 
3.141593 -0.785398 -42.510177 -16.614134 -17.468739 
3.141593 -0.523599 -50.562456 -22.480826 -24.562095 
3.141593 -0.261799 -54.749969 -28.914267 -29.627018 
3.141593 0.000000 -56.105873 -34.094126 -31.546212 
3.141593 0.261799 -52.890836 -30.999915 -29.795515 
3.141593 0.523599 -47.708496 -25.819457 -24.975321 
3.141593 0.785398 -39.530249 -18.077611 -17.392895 
3.141593 1.047198 -29.564099 -7.157261 -9.498415 
3.141593 1.308997 -22.600586 -1.055789 -6.344109 
3.141593 1.570796 -21.961170 -1.194408 -6.424777 
3.141593 1.832596 -25.529945 -4.797414 -6.917341 
3.141593 2.094395 -32.762976 -6.199751 -5.842645 
3.141593 2.356194 -36.726795 -9.770253 -5.693455 
3.141593 2.617994 -39.602712 -16.301115 -4.120038 
3.141593 2.879793 -40.219921 -23.247709 -2.063334 
3.141593 3.141593 -40.067449 -25.807033 -1.081303 

