-3.141593 -0.770628 -21.719582 0.000000 0.278917 0.119787 0.000000
-2.879793 -2.555267 -18.347222 -0.968703 0.299775 0.162960 0.050632
-2.617994 -7.609756 -12.874058 -2.888960 0.307772 0.305568 0.074812
-2.356194 -15.421362 -8.454113 -4.181400 0.324538 0.432891 0.118529
-2.094395 -24.049974 -6.321292 -4.667549 0.381698 0.527656 0.114162
-1.832596 -30.859919 -3.494309 -5.747722 0.840403 0.258977 0.166290
-1.570796 -34.287662 -0.734504 -6.405656 0.859147 0.359620 0.106733
-1.308997 -32.060556 -1.983277 -5.909795 0.389305 0.366885 0.245728
-1.047198 -24.762019 -7.563047 -9.204488 0.134166 0.323457 0.305290
-0.785398 -14.674404 -15.596225 -16.423607 0.169100 0.485576 0.094433
-0.523599 -6.333546 -21.559706 -23.155408 0.113043 0.723462 0.441677
-0.261799 -1.444679 -28.156602 -26.991686 0.111004 0.744441 1.052318
0.000000 0.000000 -32.837827 -28.407731 0.000000 1.012364 0.969303
0.261799 -1.291940 -28.453792 -28.264147 0.062834 1.284986 0.699537
0.523599 -5.646784 -23.018110 -24.824910 0.072014 0.768598 0.519778
0.785398 -13.081273 -15.766171 -17.497459 0.118319 0.117651 0.433329
1.047198 -22.118092 -6.587307 -9.956232 0.104028 0.112305 0.446496
1.308997 -30.811081 -0.921002 -6.724868 0.320576 0.083014 0.528299
1.570796 -34.528369 0.000000 -7.080558 0.944074 0.000000 0.632360
1.832596 -33.375692 -3.271389 -6.222896 0.916314 0.074562 0.286801
2.094395 -27.070472 -6.274063 -4.687661 0.650861 0.292368 0.108323
2.356194 -17.261426 -7.911737 -4.018476 0.304538 0.324872 0.103497
2.617994 -8.372998 -11.458151 -2.752181 0.270075 0.400506 0.133417
2.879793 -2.565085 -16.666869 -0.876962 0.249310 0.331063 0.021994
3.141593 -0.770628 -21.719582 -0.000000 0.278917 0.119787 0.000000
