0.0000e+00 0.0000e+00 -3.2233e+01 -3.1039e+01 1.6424e-01 2.8251e-01 3.8049e-01
2.6180e-01 -1.0964e+00 -2.8081e+01 -2.9938e+01 1.5505e-01 5.1198e-01 4.2742e-01
5.2360e-01 -5.2842e+00 -2.2331e+01 -2.5614e+01 1.6173e-01 3.5134e-01 1.9464e-01
7.8540e-01 -1.2512e+01 -1.5542e+01 -1.7484e+01 1.5704e-01 5.3654e-02 6.2734e-02
1.0472e+00 -2.1614e+01 -6.2468e+00 -9.8701e+00 1.9735e-01 1.0428e-01 1.2985e-01
1.3090e+00 -3.0301e+01 -6.9948e-01 -6.4950e+00 1.6146e-01 1.1115e-01 1.7932e-01
1.5708e+00 -3.4758e+01 0.0000e+00 -6.8563e+00 5.2020e-01 4.4011e-02 1.5945e-01
1.8326e+00 -3.3374e+01 -3.0845e+00 -6.0259e+00 4.6685e-01 2.3199e-02 1.0384e-01
2.0944e+00 -2.7077e+01 -5.6467e+00 -4.5952e+00 2.4340e-01 1.9005e-01 3.5273e-02
2.3562e+00 -1.6998e+01 -7.1145e+00 -4.0266e+00 3.2827e-01 1.6208e-01 5.8857e-02
2.6180e+00 -8.0558e+00 -1.0597e+01 -2.8567e+00 3.7579e-01 2.2644e-01 4.4772e-02
2.8798e+00 -2.2676e+00 -1.5800e+01 -9.6369e-01 3.7969e-01 2.4072e-01 4.0334e-02
3.1416e+00 -4.5747e-01 -2.0964e+01 0.0000e+00 3.6719e-01 2.4160e-01 0.0000e+00
3.1416e+00 -4.5747e-01 -2.0964e+01 0.0000e+00 3.6719e-01 2.4160e-01 0.0000e+00
3.4034e+00 -2.2608e+00 -1.7795e+01 -8.3518e-01 3.6442e-01 2.2875e-01 3.3019e-02
3.6652e+00 -7.4075e+00 -1.2511e+01 -2.7201e+00 3.6959e-01 1.8523e-01 3.8606e-02
3.9270e+00 -1.5328e+01 -7.9356e+00 -4.1008e+00 3.8326e-01 1.9015e-01 4.4513e-02
4.1888e+00 -2.4117e+01 -5.8212e+00 -4.5211e+00 3.8869e-01 1.9284e-01 8.1356e-02
4.4506e+00 -3.0973e+01 -2.8134e+00 -5.6015e+00 8.1393e-01 1.6045e-01 9.0374e-02
4.7124e+00 -3.4420e+01 -7.1610e-02 -6.0820e+00 4.1858e-01 1.2209e-01 1.6221e-01
4.9742e+00 -3.1855e+01 -1.4508e+00 -5.5152e+00 1.9034e-01 8.6218e-02 1.3666e-01
5.2360e+00 -2.4536e+01 -7.0248e+00 -8.8728e+00 2.0690e-01 7.3085e-02 9.8728e-02
5.4978e+00 -1.4705e+01 -1.5121e+01 -1.6329e+01 2.2539e-01 1.7925e-01 1.7069e-01
5.7596e+00 -6.7327e+00 -2.0862e+01 -2.4033e+01 1.6754e-01 2.0488e-01 1.7509e-01
6.0214e+00 -1.7871e+00 -2.7874e+01 -2.9115e+01 1.7428e-01 4.4928e-01 1.1141e-01
