0.0000e+00 0.0000e+00 -3.0033e+01 -2.8285e+01 0.0000e+00 7.4333e-01 1.2233e+00
2.6180e-01 -1.3976e+00 -2.5177e+01 -2.6484e+01 1.1888e-01 9.7422e-01 1.9115e+00
5.2360e-01 -5.9930e+00 -1.9417e+01 -2.2710e+01 7.3240e-02 1.7056e+00 2.0601e+00
7.8540e-01 -1.3607e+01 -1.4568e+01 -1.6871e+01 1.5588e-01 5.8868e-01 1.8902e-01
1.0472e+00 -2.3002e+01 -6.0819e+00 -9.5489e+00 3.0481e-01 1.4360e-01 2.0807e-01
1.3090e+00 -3.1598e+01 -5.5550e-01 -6.2312e+00 3.6144e-01 1.2128e-01 4.4184e-01
1.5708e+00 -3.4298e+01 0.0000e+00 -6.7698e+00 1.4472e+00 4.6083e-02 4.7721e-01
1.8326e+00 -3.3033e+01 -3.5038e+00 -6.8965e+00 1.1685e+00 9.0468e-02 2.4524e-01
2.0944e+00 -2.6863e+01 -5.5806e+00 -5.2633e+00 9.1171e-01 4.5574e-01 1.4130e-01
2.3562e+00 -1.7213e+01 -7.9447e+00 -4.2518e+00 7.2994e-01 4.0250e-01 1.0756e-01
2.6180e+00 -8.5105e+00 -1.1956e+01 -2.6611e+00 6.2855e-01 5.2433e-01 1.8685e-01
2.8798e+00 -2.7525e+00 -1.7157e+01 -8.3560e-01 5.4554e-01 4.2574e-01 1.3017e-01
3.1416e+00 -9.5797e-01 -2.2176e+01 0.0000e+00 5.4541e-01 3.7782e-01 0.0000e+00
3.1416e+00 -9.5797e-01 -2.2176e+01 -0.0000e+00 5.4541e-01 3.7782e-01 0.0000e+00
3.4034e+00 -2.7115e+00 -1.8297e+01 -9.1035e-01 5.8108e-01 4.5028e-01 7.3591e-02
3.6652e+00 -7.8898e+00 -1.2596e+01 -2.5412e+00 6.5378e-01 5.5692e-01 6.2951e-02
3.9270e+00 -1.5642e+01 -8.2224e+00 -3.9564e+00 7.0521e-01 5.0273e-01 3.8205e-02
4.1888e+00 -2.3833e+01 -5.7863e+00 -4.6288e+00 7.1256e-01 5.0452e-01 1.8448e-01
4.4506e+00 -2.9441e+01 -3.3045e+00 -6.2905e+00 9.3177e-01 3.5018e-01 2.6459e-01
4.7124e+00 -3.3885e+01 -4.1199e-01 -6.3232e+00 1.4016e+00 2.6626e-01 3.5678e-01
4.9742e+00 -3.2430e+01 -1.3464e+00 -5.7226e+00 7.5537e-01 3.1273e-01 3.8150e-01
5.2360e+00 -2.5082e+01 -6.7871e+00 -8.9379e+00 1.6772e-01 3.7914e-01 3.7227e-01
5.4978e+00 -1.5309e+01 -1.5547e+01 -1.6853e+01 2.1169e-01 4.4365e-01 4.3953e-01
5.7596e+00 -6.8201e+00 -2.1681e+01 -2.4131e+01 1.2903e-01 1.4343e+00 4.6895e-01
6.0214e+00 -1.6252e+00 -2.7367e+01 -2.7374e+01 1.7293e-01 1.5995e+00 1.0476e+00
