0.0000e+00 0.0000e+00 -3.2838e+01 -2.8408e+01 0.0000e+00 1.0124e+00 9.6930e-01
2.6180e-01 -1.2919e+00 -2.8454e+01 -2.8264e+01 6.2834e-02 1.2850e+00 6.9954e-01
5.2360e-01 -5.6468e+00 -2.3018e+01 -2.4825e+01 7.2014e-02 7.6860e-01 5.1978e-01
7.8540e-01 -1.3081e+01 -1.5766e+01 -1.7497e+01 1.1832e-01 1.1765e-01 4.3333e-01
1.0472e+00 -2.2118e+01 -6.5873e+00 -9.9562e+00 1.0403e-01 1.1231e-01 4.4650e-01
1.3090e+00 -3.0811e+01 -9.2100e-01 -6.7249e+00 3.2058e-01 8.3014e-02 5.2830e-01
1.5708e+00 -3.4528e+01 0.0000e+00 -7.0806e+00 9.4407e-01 0.0000e+00 6.3236e-01
1.8326e+00 -3.3376e+01 -3.2714e+00 -6.2229e+00 9.1631e-01 7.4562e-02 2.8680e-01
2.0944e+00 -2.7070e+01 -6.2741e+00 -4.6877e+00 6.5086e-01 2.9237e-01 1.0832e-01
2.3562e+00 -1.7261e+01 -7.9117e+00 -4.0185e+00 3.0454e-01 3.2487e-01 1.0350e-01
2.6180e+00 -8.3730e+00 -1.1458e+01 -2.7522e+00 2.7008e-01 4.0051e-01 1.3342e-01
2.8798e+00 -2.5651e+00 -1.6667e+01 -8.7696e-01 2.4931e-01 3.3106e-01 2.1994e-02
3.1416e+00 -7.7063e-01 -2.1720e+01 0.0000e+00 2.7892e-01 1.1979e-01 0.0000e+00
3.1416e+00 -7.7063e-01 -2.1720e+01 -0.0000e+00 2.7892e-01 1.1979e-01 0.0000e+00
3.4034e+00 -2.5553e+00 -1.8347e+01 -9.6870e-01 2.9978e-01 1.6296e-01 5.0632e-02
3.6652e+00 -7.6098e+00 -1.2874e+01 -2.8890e+00 3.0777e-01 3.0557e-01 7.4812e-02
3.9270e+00 -1.5421e+01 -8.4541e+00 -4.1814e+00 3.2454e-01 4.3289e-01 1.1853e-01
4.1888e+00 -2.4050e+01 -6.3213e+00 -4.6675e+00 3.8170e-01 5.2766e-01 1.1416e-01
4.4506e+00 -3.0860e+01 -3.4943e+00 -5.7477e+00 8.4040e-01 2.5898e-01 1.6629e-01
4.7124e+00 -3.4288e+01 -7.3450e-01 -6.4057e+00 8.5915e-01 3.5962e-01 1.0673e-01
4.9742e+00 -3.2061e+01 -1.9833e+00 -5.9098e+00 3.8931e-01 3.6689e-01 2.4573e-01
5.2360e+00 -2.4762e+01 -7.5630e+00 -9.2045e+00 1.3417e-01 3.2346e-01 3.0529e-01
5.4978e+00 -1.4674e+01 -1.5596e+01 -1.6424e+01 1.6910e-01 4.8558e-01 9.4433e-02
5.7596e+00 -6.3335e+00 -2.1560e+01 -2.3155e+01 1.1304e-01 7.2346e-01 4.4168e-01
6.0214e+00 -1.4447e+00 -2.8157e+01 -2.6992e+01 1.1100e-01 7.4444e-01 1.0523e+00
