0.0000e+00 0.0000e+00 -3.3293e+01 -2.7422e+01 0.0000e+00 7.0342e-01 1.7624e+00
2.6180e-01 -1.2848e+00 -2.7767e+01 -2.7408e+01 4.6859e-02 8.4636e-01 1.5806e+00
5.2360e-01 -5.8064e+00 -2.1713e+01 -2.4884e+01 4.4802e-02 6.4198e-01 9.5888e-01
7.8540e-01 -1.3354e+01 -1.5332e+01 -1.7736e+01 9.7622e-02 2.2861e-01 4.1125e-01
1.0472e+00 -2.2597e+01 -6.2451e+00 -1.0594e+01 1.2779e-02 6.4597e-02 6.0657e-01
1.3090e+00 -3.1065e+01 -6.3796e-01 -7.2687e+00 3.2544e-01 9.1921e-02 4.8548e-01
1.5708e+00 -3.5004e+01 0.0000e+00 -7.7136e+00 2.6508e-01 0.0000e+00 4.7425e-01
1.8326e+00 -3.3204e+01 -3.6431e+00 -7.1534e+00 1.4489e+00 4.7208e-02 3.0051e-01
2.0944e+00 -2.7777e+01 -6.3512e+00 -5.1971e+00 6.9355e-01 8.7122e-02 1.2655e-01
2.3562e+00 -1.8048e+01 -8.2075e+00 -4.2418e+00 4.5868e-01 1.4558e-01 1.1842e-01
2.6180e+00 -9.0106e+00 -1.1794e+01 -2.7732e+00 4.1104e-01 1.7070e-01 7.7998e-02
2.8798e+00 -3.1231e+00 -1.7036e+01 -8.7336e-01 3.9576e-01 1.6517e-01 5.0914e-02
3.1416e+00 -1.4005e+00 -2.2011e+01 0.0000e+00 4.2569e-01 3.1201e-01 0.0000e+00
3.1416e+00 -1.4005e+00 -2.2011e+01 -0.0000e+00 4.2569e-01 3.1201e-01 0.0000e+00
3.4034e+00 -3.2503e+00 -1.8521e+01 -9.0827e-01 4.2441e-01 4.4273e-01 4.7680e-02
3.6652e+00 -8.3085e+00 -1.3086e+01 -2.8135e+00 4.3728e-01 4.8822e-01 3.5747e-02
3.9270e+00 -1.6077e+01 -8.9145e+00 -4.2368e+00 3.6744e-01 5.1570e-01 1.0005e-01
4.1888e+00 -2.4710e+01 -6.7230e+00 -4.8626e+00 1.9459e-01 5.0948e-01 1.0566e-01
4.4506e+00 -3.1047e+01 -3.4693e+00 -6.0256e+00 7.2152e-01 2.1944e-01 1.7402e-01
4.7124e+00 -3.4223e+01 -6.2191e-01 -6.7673e+00 1.0247e+00 1.3677e-01 1.0823e-01
4.9742e+00 -3.1980e+01 -1.7462e+00 -6.1386e+00 6.2336e-01 1.7354e-01 1.5052e-01
5.2360e+00 -2.5158e+01 -7.3242e+00 -9.4974e+00 1.8810e-01 2.0118e-01 2.5434e-01
5.4978e+00 -1.5067e+01 -1.6280e+01 -1.6540e+01 8.4889e-02 3.7477e-01 2.8617e-01
5.7596e+00 -6.8718e+00 -2.3517e+01 -2.3557e+01 5.0607e-02 4.6187e-01 3.8135e-01
6.0214e+00 -1.6384e+00 -3.0790e+01 -2.6383e+01 4.8467e-02 8.7066e-01 1.2610e+00
