0.0000e+00 0.0000e+00 -2.9916e+01 -3.0091e+01 0.0000e+00 2.0593e+00 1.4004e+00
2.6180e-01 -1.6836e+00 -2.6028e+01 -2.8568e+01 9.3297e-02 2.8783e+00 1.5510e+00
5.2360e-01 -6.4119e+00 -2.0468e+01 -2.3268e+01 1.6406e-01 3.3205e+00 2.2976e+00
7.8540e-01 -1.4051e+01 -1.5372e+01 -1.6593e+01 2.3652e-01 1.4234e+00 1.3753e+00
1.0472e+00 -2.3925e+01 -6.6902e+00 -1.0756e+01 2.2658e-01 5.1929e-01 8.3357e-01
1.3090e+00 -3.2492e+01 -1.2192e+00 -7.7373e+00 3.7762e-01 4.6835e-01 1.2401e+00
1.5708e+00 -3.4829e+01 -6.7264e-01 -1.0331e+01 7.0966e-01 5.0900e-01 1.0829e+00
1.8326e+00 -3.2782e+01 -5.1384e+00 -8.6884e+00 1.6096e+00 4.4813e-01 3.9299e-01
2.0944e+00 -2.6370e+01 -9.6539e+00 -5.8759e+00 1.8541e+00 5.8930e-01 2.0959e-01
2.3562e+00 -1.7857e+01 -1.0610e+01 -4.1899e+00 1.0288e+00 5.7635e-01 1.2319e-01
2.6180e+00 -9.7730e+00 -1.3757e+01 -2.7268e+00 6.2847e-01 5.9507e-01 1.6244e-01
2.8798e+00 -4.3736e+00 -1.8860e+01 -8.9001e-01 7.7538e-01 6.3343e-01 1.3700e-01
3.1416e+00 -2.5771e+00 -2.3050e+01 -0.0000e+00 8.4996e-01 5.7763e-01 0.0000e+00
3.1416e+00 -2.5771e+00 -2.3050e+01 0.0000e+00 8.4996e-01 5.7763e-01 0.0000e+00
3.4034e+00 -4.3457e+00 -1.8708e+01 -7.9469e-01 9.2511e-01 6.3453e-01 8.6063e-02
3.6652e+00 -9.7480e+00 -1.2970e+01 -2.0219e+00 9.1867e-01 1.0814e+00 1.4558e-01
3.9270e+00 -1.8092e+01 -9.5295e+00 -3.3154e+00 1.0514e+00 1.0818e+00 3.2499e-01
4.1888e+00 -2.6047e+01 -7.7481e+00 -4.8669e+00 1.3113e+00 8.3046e-01 3.4792e-01
4.4506e+00 -3.1403e+01 -3.5426e+00 -7.5019e+00 1.0264e+00 1.0178e-01 4.8516e-01
4.7124e+00 -3.4982e+01 0.0000e+00 -9.9568e+00 1.4688e+00 1.2183e-01 7.1894e-01
4.9742e+00 -3.2870e+01 -5.9120e-01 -9.0267e+00 1.0413e+00 1.4629e-01 6.4996e-01
5.2360e+00 -2.6112e+01 -5.7860e+00 -1.1855e+01 1.0931e-01 1.8343e-01 6.1342e-01
5.4978e+00 -1.5612e+01 -1.4584e+01 -1.8265e+01 1.7260e-01 2.3041e-01 5.3604e-01
5.7596e+00 -7.1235e+00 -2.1123e+01 -2.3529e+01 9.6064e-02 1.8690e+00 1.8268e+00
6.0214e+00 -1.8377e+00 -2.8050e+01 -2.7717e+01 5.5657e-02 2.4956e+00 2.3982e+00
