0.0000e+00 0.0000e+00 -3.2858e+01 -2.9747e+01 2.4836e-02 6.4906e-01 2.8664e-01
2.6180e-01 -1.1853e+00 -2.8172e+01 -2.9643e+01 4.9833e-02 4.4774e-01 6.4372e-01
5.2360e-01 -5.4551e+00 -2.2328e+01 -2.5390e+01 9.1915e-02 2.2126e-01 7.6271e-02
7.8540e-01 -1.2784e+01 -1.5605e+01 -1.7479e+01 1.0689e-01 1.0790e-01 3.0554e-01
1.0472e+00 -2.1857e+01 -6.3848e+00 -9.9749e+00 1.6934e-01 1.6600e-01 3.7102e-01
1.3090e+00 -3.0579e+01 -8.0149e-01 -6.8024e+00 1.3036e-01 1.0977e-01 4.0602e-01
1.5708e+00 -3.4697e+01 0.0000e+00 -7.1725e+00 6.8608e-01 0.0000e+00 4.1180e-01
1.8326e+00 -3.3128e+01 -3.1287e+00 -6.1814e+00 1.0441e+00 7.7050e-02 8.0344e-02
2.0944e+00 -2.7415e+01 -6.1081e+00 -4.5206e+00 9.8871e-01 3.0675e-01 6.5698e-02
2.3562e+00 -1.7335e+01 -7.6891e+00 -4.0206e+00 8.3822e-01 1.6253e-01 7.0682e-02
2.6180e+00 -8.3990e+00 -1.1192e+01 -2.7791e+00 7.7121e-01 1.3573e-01 5.8609e-02
2.8798e+00 -2.6789e+00 -1.6277e+01 -9.4116e-01 7.4149e-01 1.5627e-01 3.6107e-02
3.1416e+00 -8.8026e-01 -2.1270e+01 0.0000e+00 7.5529e-01 8.0022e-02 0.0000e+00
3.1416e+00 -8.8026e-01 -2.1270e+01 -0.0000e+00 7.5529e-01 8.0022e-02 0.0000e+00
3.4034e+00 -2.6785e+00 -1.8041e+01 -8.9724e-01 7.8630e-01 1.1053e-01 7.4536e-02
3.6652e+00 -7.8348e+00 -1.2639e+01 -2.8489e+00 7.8972e-01 1.8413e-01 1.1130e-01
3.9270e+00 -1.5758e+01 -8.2816e+00 -4.2489e+00 7.1681e-01 3.4102e-01 1.0625e-01
4.1888e+00 -2.4518e+01 -6.2661e+00 -4.6994e+00 7.5304e-01 4.9542e-01 1.4328e-01
4.4506e+00 -3.1456e+01 -3.1731e+00 -5.5834e+00 6.7924e-01 1.8735e-01 1.4818e-01
4.7124e+00 -3.4702e+01 -3.3630e-01 -6.3337e+00 8.6999e-01 1.9327e-01 1.7723e-01
4.9742e+00 -3.1543e+01 -1.6470e+00 -5.9351e+00 6.7385e-01 2.3612e-01 2.2479e-01
5.2360e+00 -2.4397e+01 -7.3068e+00 -9.2847e+00 2.5641e-01 4.0122e-01 2.3344e-01
5.4978e+00 -1.4588e+01 -1.5474e+01 -1.6675e+01 6.3526e-02 3.4501e-01 1.6295e-01
5.7596e+00 -6.5925e+00 -2.1284e+01 -2.3908e+01 7.1174e-02 4.1272e-01 2.1311e-01
6.0214e+00 -1.6838e+00 -2.8378e+01 -2.8123e+01 4.7830e-02 6.9168e-01 1.8791e-01
