0.0000e+00 0.0000e+00 -5.0562e+01 -3.9940e+01 -2.8004e+01
0.0000e+00 2.6180e-01 -5.1944e+01 -3.5173e+01 -2.8393e+01
0.0000e+00 5.2360e-01 -4.8432e+01 -2.8518e+01 -2.5874e+01
0.0000e+00 7.8540e-01 -4.2771e+01 -2.0585e+01 -1.9364e+01
0.0000e+00 1.0472e+00 -3.7499e+01 -9.0997e+00 -1.1989e+01
0.0000e+00 1.3090e+00 -3.4228e+01 -1.3928e+00 -9.0578e+00
0.0000e+00 1.5708e+00 -3.3863e+01 0.0000e+00 -9.8364e+00
0.0000e+00 1.8326e+00 -3.9133e+01 -4.0147e+00 -6.7159e+00
0.0000e+00 2.0944e+00 -4.7571e+01 -9.2128e+00 -4.5207e+00
0.0000e+00 2.3562e+00 -5.3392e+01 -8.3470e+00 -3.9328e+00
0.0000e+00 2.6180e+00 -5.6471e+01 -1.1634e+01 -2.5983e+00
0.0000e+00 2.8798e+00 -5.7767e+01 -1.6902e+01 -7.9764e-01
0.0000e+00 3.1416e+00 -5.7470e+01 -2.1286e+01 0.0000e+00
0.0000e+00 3.1416e+00 -5.7470e+01 -2.1286e+01 -0.0000e+00
0.0000e+00 3.4034e+00 -5.6103e+01 -1.8271e+01 -1.0929e+00
0.0000e+00 3.6652e+00 -5.4735e+01 -1.3194e+01 -2.9196e+00
0.0000e+00 3.9270e+00 -5.1576e+01 -9.6151e+00 -4.4987e+00
0.0000e+00 4.1888e+00 -4.5158e+01 -9.5758e+00 -5.0674e+00
0.0000e+00 4.4506e+00 -3.7862e+01 -4.3190e+00 -6.3837e+00
0.0000e+00 4.7124e+00 -3.3427e+01 -5.0257e-01 -8.1319e+00
0.0000e+00 4.9742e+00 -3.4106e+01 -1.7475e+00 -7.6568e+00
0.0000e+00 5.2360e+00 -3.6945e+01 -8.8404e+00 -1.0737e+01
0.0000e+00 5.4978e+00 -3.9423e+01 -2.0455e+01 -1.7437e+01
0.0000e+00 5.7596e+00 -4.3538e+01 -2.8349e+01 -2.3500e+01
0.0000e+00 6.0214e+00 -4.8082e+01 -3.8005e+01 -2.6652e+01
2.6180e-01 0.0000e+00 -4.6716e+01 -3.9342e+01 -3.0493e+01
2.6180e-01 2.6180e-01 -4.5927e+01 -3.2380e+01 -2.9977e+01
2.6180e-01 5.2360e-01 -4.3029e+01 -2.4328e+01 -2.6766e+01
2.6180e-01 7.8540e-01 -3.5559e+01 -1.6526e+01 -2.0700e+01
2.6180e-01 1.0472e+00 -3.0187e+01 -6.8527e+00 -1.4568e+01
2.6180e-01 1.3090e+00 -2.6675e+01 -2.3530e+00 -1.2490e+01
2.6180e-01 1.5708e+00 -2.9737e+01 -3.0476e+00 -1.2482e+01
2.6180e-01 1.8326e+00 -3.8102e+01 -8.4985e+00 -8.6195e+00
2.6180e-01 2.0944e+00 -4.9026e+01 -8.4561e+00 -5.9588e+00
2.6180e-01 2.3562e+00 -5.5057e+01 -7.9758e+00 -4.5841e+00
2.6180e-01 2.6180e+00 -5.7093e+01 -1.0731e+01 -3.8132e+00
2.6180e-01 2.8798e+00 -5.5274e+01 -1.5530e+01 -2.3654e+00
2.6180e-01 3.1416e+00 -5.0677e+01 -2.1413e+01 -1.3913e+00
2.6180e-01 3.1416e+00 -5.0677e+01 -2.1413e+01 -1.3913e+00
2.6180e-01 3.4034e+00 -4.6998e+01 -1.9760e+01 -2.2863e+00
2.6180e-01 3.6652e+00 -4.4361e+01 -1.5245e+01 -4.4649e+00
2.6180e-01 3.9270e+00 -4.2194e+01 -1.2785e+01 -5.6155e+00
2.6180e-01 4.1888e+00 -3.7933e+01 -9.7900e+00 -6.5052e+00
2.6180e-01 4.4506e+00 -3.4117e+01 -3.1655e+00 -7.8138e+00
2.6180e-01 4.7124e+00 -3.4401e+01 -8.7532e-01 -8.5290e+00
2.6180e-01 4.9742e+00 -3.9040e+01 -4.6299e+00 -6.8275e+00
2.6180e-01 5.2360e+00 -4.1887e+01 -1.4031e+01 -9.9022e+00
2.6180e-01 5.4978e+00 -4.3077e+01 -2.5336e+01 -1.7175e+01
2.6180e-01 5.7596e+00 -4.5288e+01 -3.4493e+01 -2.3738e+01
2.6180e-01 6.0214e+00 -4.6731e+01 -4.1711e+01 -2.8628e+01
5.2360e-01 0.0000e+00 -4.3623e+01 -3.8343e+01 -3.5482e+01
5.2360e-01 2.6180e-01 -4.0289e+01 -3.0521e+01 -3.5104e+01
5.2360e-01 5.2360e-01 -3.6076e+01 -2.4018e+01 -3.0864e+01
5.2360e-01 7.8540e-01 -2.7697e+01 -1.6202e+01 -2.4276e+01
5.2360e-01 1.0472e+00 -2.2910e+01 -9.3271e+00 -1.9104e+01
5.2360e-01 1.3090e+00 -2.2025e+01 -7.2684e+00 -1.7260e+01
5.2360e-01 1.5708e+00 -2.6070e+01 -9.8045e+00 -1.6751e+01
5.2360e-01 1.8326e+00 -3.3865e+01 -1.2945e+01 -1.3114e+01
5.2360e-01 2.0944e+00 -4.3372e+01 -1.0343e+01 -1.0120e+01
5.2360e-01 2.3562e+00 -4.9211e+01 -1.1099e+01 -9.5314e+00
5.2360e-01 2.6180e+00 -4.7524e+01 -1.3252e+01 -8.5990e+00
5.2360e-01 2.8798e+00 -4.1567e+01 -1.8149e+01 -6.7472e+00
5.2360e-01 3.1416e+00 -3.5722e+01 -2.5190e+01 -6.0379e+00
5.2360e-01 3.1416e+00 -3.5722e+01 -2.5190e+01 -6.0379e+00
5.2360e-01 3.4034e+00 -3.1570e+01 -2.3286e+01 -6.8374e+00
5.2360e-01 3.6652e+00 -3.0071e+01 -1.9434e+01 -8.8796e+00
5.2360e-01 3.9270e+00 -2.9258e+01 -1.8122e+01 -1.0265e+01
5.2360e-01 4.1888e+00 -2.7814e+01 -1.1197e+01 -9.5673e+00
5.2360e-01 4.4506e+00 -2.7626e+01 -5.9619e+00 -1.2192e+01
5.2360e-01 4.7124e+00 -3.2422e+01 -5.6430e+00 -1.1260e+01
5.2360e-01 4.9742e+00 -3.9126e+01 -1.1165e+01 -9.3551e+00
5.2360e-01 5.2360e+00 -4.3195e+01 -2.2042e+01 -1.2149e+01
5.2360e-01 5.4978e+00 -4.4289e+01 -3.1197e+01 -1.9989e+01
5.2360e-01 5.7596e+00 -4.4937e+01 -3.8703e+01 -2.7806e+01
5.2360e-01 6.0214e+00 -4.5412e+01 -4.3313e+01 -3.3592e+01
7.8540e-01 0.0000e+00 -4.0041e+01 -3.9020e+01 -4.1524e+01
7.8540e-01 2.6180e-01 -3.5855e+01 -3.1975e+01 -4.0566e+01
7.8540e-01 5.2360e-01 -2.8472e+01 -2.6663e+01 -3.6090e+01
7.8540e-01 7.8540e-01 -2.2260e+01 -2.0903e+01 -2.9656e+01
7.8540e-01 1.0472e+00 -1.8866e+01 -1.6324e+01 -2.4652e+01
7.8540e-01 1.3090e+00 -1.8847e+01 -1.5932e+01 -2.2464e+01
7.8540e-01 1.5708e+00 -2.2988e+01 -1.8502e+01 -2.2662e+01
7.8540e-01 1.8326e+00 -2.8585e+01 -1.8222e+01 -1.9697e+01
7.8540e-01 2.0944e+00 -3.3277e+01 -1.6618e+01 -1.7375e+01
7.8540e-01 2.3562e+00 -3.4749e+01 -1.6914e+01 -1.7033e+01
7.8540e-01 2.6180e+00 -3.0737e+01 -1.9174e+01 -1.6440e+01
7.8540e-01 2.8798e+00 -2.4353e+01 -2.4465e+01 -1.4787e+01
7.8540e-01 3.1416e+00 -1.9115e+01 -3.1387e+01 -1.4013e+01
7.8540e-01 3.1416e+00 -1.9115e+01 -3.1387e+01 -1.4013e+01
7.8540e-01 3.4034e+00 -1.6783e+01 -2.8113e+01 -1.4626e+01
7.8540e-01 3.6652e+00 -1.6915e+01 -2.5041e+01 -1.6339e+01
7.8540e-01 3.9270e+00 -1.7270e+01 -2.3408e+01 -1.7617e+01
7.8540e-01 4.1888e+00 -1.7577e+01 -1.6325e+01 -1.6981e+01
7.8540e-01 4.4506e+00 -1.9778e+01 -1.2908e+01 -1.8991e+01
7.8540e-01 4.7124e+00 -2.7381e+01 -1.4368e+01 -1.7056e+01
7.8540e-01 4.9742e+00 -3.6300e+01 -2.1093e+01 -1.5072e+01
7.8540e-01 5.2360e+00 -4.2151e+01 -2.8185e+01 -1.8741e+01
7.8540e-01 5.4978e+00 -4.2299e+01 -3.5741e+01 -2.6478e+01
7.8540e-01 5.7596e+00 -4.2963e+01 -4.0458e+01 -3.3980e+01
7.8540e-01 6.0214e+00 -4.2380e+01 -4.2639e+01 -3.9660e+01
1.0472e+00 0.0000e+00 -3.3580e+01 -4.1179e+01 -4.7621e+01
1.0472e+00 2.6180e-01 -2.9073e+01 -3.6317e+01 -4.6559e+01
1.0472e+00 5.2360e-01 -2.5564e+01 -3.1953e+01 -4.3273e+01
1.0472e+00 7.8540e-01 -2.2441e+01 -2.8698e+01 -3.7310e+01
1.0472e+00 1.0472e+00 -1.9085e+01 -2.6405e+01 -3.0990e+01
1.0472e+00 1.3090e+00 -1.8384e+01 -2.5847e+01 -2.8919e+01
1.0472e+00 1.5708e+00 -1.8609e+01 -2.6266e+01 -2.9025e+01
1.0472e+00 1.8326e+00 -1.9908e+01 -2.5492e+01 -2.7048e+01
1.0472e+00 2.0944e+00 -2.0234e+01 -2.4804e+01 -2.5599e+01
1.0472e+00 2.3562e+00 -1.9160e+01 -2.4963e+01 -2.6696e+01
1.0472e+00 2.6180e+00 -1.5588e+01 -2.7622e+01 -2.6494e+01
1.0472e+00 2.8798e+00 -1.0998e+01 -3.3167e+01 -2.5031e+01
1.0472e+00 3.1416e+00 -7.3502e+00 -3.7773e+01 -2.4145e+01
1.0472e+00 3.1416e+00 -7.3502e+00 -3.7773e+01 -2.4145e+01
1.0472e+00 3.4034e+00 -6.2838e+00 -3.3315e+01 -2.4852e+01
1.0472e+00 3.6652e+00 -7.5077e+00 -3.1054e+01 -2.5143e+01
1.0472e+00 3.9270e+00 -8.8912e+00 -2.9276e+01 -2.6473e+01
1.0472e+00 4.1888e+00 -9.6417e+00 -2.4436e+01 -2.6571e+01
1.0472e+00 4.4506e+00 -1.2849e+01 -2.2601e+01 -2.7052e+01
1.0472e+00 4.7124e+00 -2.0739e+01 -2.4747e+01 -2.4762e+01
1.0472e+00 4.9742e+00 -3.0979e+01 -3.0434e+01 -2.2954e+01
1.0472e+00 5.2360e+00 -3.8210e+01 -3.3971e+01 -2.6511e+01
1.0472e+00 5.4978e+00 -3.9835e+01 -3.8902e+01 -3.4334e+01
1.0472e+00 5.7596e+00 -4.0907e+01 -4.3705e+01 -4.1585e+01
1.0472e+00 6.0214e+00 -3.7360e+01 -4.4320e+01 -4.5739e+01
1.3090e+00 0.0000e+00 -2.8423e+01 -4.6958e+01 -5.3691e+01
1.3090e+00 2.6180e-01 -2.7608e+01 -4.3430e+01 -5.2394e+01
1.3090e+00 5.2360e-01 -2.6898e+01 -4.0173e+01 -4.9746e+01
1.3090e+00 7.8540e-01 -2.5861e+01 -3.8122e+01 -4.4219e+01
1.3090e+00 1.0472e+00 -2.2973e+01 -3.5482e+01 -3.7885e+01
1.3090e+00 1.3090e+00 -1.7854e+01 -3.3505e+01 -3.5273e+01
1.3090e+00 1.5708e+00 -1.3637e+01 -3.4072e+01 -3.4456e+01
1.3090e+00 1.8326e+00 -1.0850e+01 -3.4462e+01 -3.3491e+01
1.3090e+00 2.0944e+00 -9.5309e+00 -3.3745e+01 -3.4037e+01
1.3090e+00 2.3562e+00 -8.2629e+00 -3.4231e+01 -3.6800e+01
1.3090e+00 2.6180e+00 -5.7419e+00 -3.7271e+01 -3.6560e+01
1.3090e+00 2.8798e+00 -2.5831e+00 -4.2209e+01 -3.5250e+01
1.3090e+00 3.1416e+00 -6.3071e-01 -4.5928e+01 -3.4252e+01
1.3090e+00 3.1416e+00 -6.3071e-01 -4.5928e+01 -3.4252e+01
1.3090e+00 3.4034e+00 -1.2227e+00 -4.0668e+01 -3.5195e+01
1.3090e+00 3.6652e+00 -3.3078e+00 -3.7849e+01 -3.5784e+01
1.3090e+00 3.9270e+00 -4.9267e+00 -3.5045e+01 -3.6027e+01
1.3090e+00 4.1888e+00 -5.5319e+00 -3.3160e+01 -3.6199e+01
1.3090e+00 4.4506e+00 -8.4847e+00 -3.2710e+01 -3.4122e+01
1.3090e+00 4.7124e+00 -1.4336e+01 -3.3687e+01 -3.2211e+01
1.3090e+00 4.9742e+00 -2.1917e+01 -3.6204e+01 -3.1921e+01
1.3090e+00 5.2360e+00 -3.0094e+01 -3.8211e+01 -3.5265e+01
1.3090e+00 5.4978e+00 -3.3426e+01 -4.0397e+01 -4.1153e+01
1.3090e+00 5.7596e+00 -3.3392e+01 -4.4211e+01 -4.8859e+01
1.3090e+00 6.0214e+00 -3.0756e+01 -4.8231e+01 -5.2808e+01
1.5708e+00 0.0000e+00 -2.7799e+01 -5.1866e+01 -5.6414e+01
1.5708e+00 2.6180e-01 -3.0403e+01 -4.9127e+01 -5.5714e+01
1.5708e+00 5.2360e-01 -3.1748e+01 -4.6107e+01 -5.2509e+01
1.5708e+00 7.8540e-01 -3.2418e+01 -4.2952e+01 -4.6674e+01
1.5708e+00 1.0472e+00 -2.6080e+01 -3.9760e+01 -3.9986e+01
1.5708e+00 1.3090e+00 -1.7721e+01 -3.8929e+01 -3.7162e+01
1.5708e+00 1.5708e+00 -1.0768e+01 -3.9640e+01 -3.4695e+01
1.5708e+00 1.8326e+00 -6.7114e+00 -4.0896e+01 -3.4861e+01
1.5708e+00 2.0944e+00 -4.6016e+00 -4.2318e+01 -3.9713e+01
1.5708e+00 2.3562e+00 -3.5340e+00 -4.1880e+01 -4.4643e+01
1.5708e+00 2.6180e+00 -2.0450e+00 -4.4490e+01 -4.3820e+01
1.5708e+00 2.8798e+00 -2.9978e-01 -4.8727e+01 -4.1936e+01
1.5708e+00 3.1416e+00 -0.0000e+00 -5.0450e+01 -4.1208e+01
1.5708e+00 3.1416e+00 0.0000e+00 -5.0450e+01 -4.1208e+01
1.5708e+00 3.4034e+00 -2.1765e+00 -4.4888e+01 -4.1740e+01
1.5708e+00 3.6652e+00 -5.0200e+00 -4.0875e+01 -4.1952e+01
1.5708e+00 3.9270e+00 -6.2801e+00 -3.7988e+01 -4.2234e+01
1.5708e+00 4.1888e+00 -6.9701e+00 -3.6918e+01 -4.1678e+01
1.5708e+00 4.4506e+00 -7.4746e+00 -3.6264e+01 -3.8684e+01
1.5708e+00 4.7124e+00 -9.9361e+00 -3.6396e+01 -3.7661e+01
1.5708e+00 4.9742e+00 -1.3892e+01 -3.7026e+01 -3.7835e+01
1.5708e+00 5.2360e+00 -1.9859e+01 -3.8323e+01 -4.1495e+01
1.5708e+00 5.4978e+00 -2.4415e+01 -4.2087e+01 -4.6713e+01
1.5708e+00 5.7596e+00 -2.5388e+01 -4.5423e+01 -5.1595e+01
1.5708e+00 6.0214e+00 -2.6650e+01 -5.1518e+01 -5.4939e+01
1.8326e+00 0.0000e+00 -3.1664e+01 -5.2705e+01 -5.5680e+01
1.8326e+00 2.6180e-01 -3.7819e+01 -5.0241e+01 -5.5441e+01
1.8326e+00 5.2360e-01 -3.9974e+01 -4.7161e+01 -5.0775e+01
1.8326e+00 7.8540e-01 -3.7886e+01 -4.3230e+01 -4.5863e+01
1.8326e+00 1.0472e+00 -3.1994e+01 -4.0412e+01 -3.9481e+01
1.8326e+00 1.3090e+00 -2.2605e+01 -3.8679e+01 -3.5365e+01
1.8326e+00 1.5708e+00 -1.2781e+01 -3.9292e+01 -3.2418e+01
1.8326e+00 1.8326e+00 -7.2444e+00 -4.0181e+01 -3.4636e+01
1.8326e+00 2.0944e+00 -5.5804e+00 -4.1882e+01 -4.0030e+01
1.8326e+00 2.3562e+00 -5.1715e+00 -4.3260e+01 -4.4419e+01
1.8326e+00 2.6180e+00 -4.5594e+00 -4.6597e+01 -4.4577e+01
1.8326e+00 2.8798e+00 -4.0401e+00 -5.1385e+01 -4.1841e+01
1.8326e+00 3.1416e+00 -5.3100e+00 -5.0036e+01 -4.0445e+01
1.8326e+00 3.1416e+00 -5.3100e+00 -5.0036e+01 -4.0445e+01
1.8326e+00 3.4034e+00 -8.2717e+00 -4.4333e+01 -3.9775e+01
1.8326e+00 3.6652e+00 -1.1996e+01 -4.0115e+01 -3.9904e+01
1.8326e+00 3.9270e+00 -1.2781e+01 -3.6284e+01 -3.9785e+01
1.8326e+00 4.1888e+00 -1.1140e+01 -3.5923e+01 -3.8621e+01
1.8326e+00 4.4506e+00 -9.2595e+00 -3.4530e+01 -3.7068e+01
1.8326e+00 4.7124e+00 -7.3043e+00 -3.4528e+01 -3.7665e+01
1.8326e+00 4.9742e+00 -7.9099e+00 -3.5310e+01 -3.7881e+01
1.8326e+00 5.2360e+00 -1.1563e+01 -3.8035e+01 -4.1389e+01
1.8326e+00 5.4978e+00 -1.7815e+01 -4.0576e+01 -4.6286e+01
1.8326e+00 5.7596e+00 -2.2641e+01 -4.2190e+01 -5.0440e+01
1.8326e+00 6.0214e+00 -2.6825e+01 -4.8520e+01 -5.3145e+01
2.0944e+00 0.0000e+00 -3.9461e+01 -4.6762e+01 -5.1031e+01
2.0944e+00 2.6180e-01 -4.4483e+01 -4.5668e+01 -5.1542e+01
2.0944e+00 5.2360e-01 -4.5090e+01 -4.3661e+01 -4.7207e+01
2.0944e+00 7.8540e-01 -4.2737e+01 -3.9973e+01 -4.0935e+01
2.0944e+00 1.0472e+00 -3.7451e+01 -3.5603e+01 -3.4163e+01
2.0944e+00 1.3090e+00 -2.8162e+01 -3.1159e+01 -2.9390e+01
2.0944e+00 1.5708e+00 -1.8118e+01 -2.9773e+01 -2.7857e+01
2.0944e+00 1.8326e+00 -1.2322e+01 -3.0927e+01 -2.9879e+01
2.0944e+00 2.0944e+00 -1.1351e+01 -3.3408e+01 -3.2646e+01
2.0944e+00 2.3562e+00 -1.1768e+01 -3.5013e+01 -3.4504e+01
2.0944e+00 2.6180e+00 -1.2475e+01 -3.8805e+01 -3.3262e+01
2.0944e+00 2.8798e+00 -1.2707e+01 -4.5264e+01 -3.1186e+01
2.0944e+00 3.1416e+00 -1.4210e+01 -4.7833e+01 -3.0071e+01
2.0944e+00 3.1416e+00 -1.4210e+01 -4.7833e+01 -3.0071e+01
2.0944e+00 3.4034e+00 -1.8274e+01 -4.0744e+01 -3.0304e+01
2.0944e+00 3.6652e+00 -2.1532e+01 -3.4717e+01 -3.0626e+01
2.0944e+00 3.9270e+00 -2.1812e+01 -3.1223e+01 -3.0827e+01
2.0944e+00 4.1888e+00 -1.7598e+01 -2.9980e+01 -3.0608e+01
2.0944e+00 4.4506e+00 -1.1576e+01 -2.9332e+01 -3.0437e+01
2.0944e+00 4.7124e+00 -6.6367e+00 -2.8881e+01 -3.1875e+01
2.0944e+00 4.9742e+00 -5.1443e+00 -2.8392e+01 -3.1712e+01
2.0944e+00 5.2360e+00 -8.4137e+00 -3.0450e+01 -3.4160e+01
2.0944e+00 5.4978e+00 -1.5737e+01 -3.2574e+01 -3.9626e+01
2.0944e+00 5.7596e+00 -2.5253e+01 -3.5610e+01 -4.4208e+01
2.0944e+00 6.0214e+00 -3.3743e+01 -4.2487e+01 -4.7645e+01
2.3562e+00 0.0000e+00 -4.8168e+01 -3.9130e+01 -4.3508e+01
2.3562e+00 2.6180e-01 -5.0452e+01 -4.0802e+01 -4.4711e+01
2.3562e+00 5.2360e-01 -4.9720e+01 -3.7168e+01 -4.1016e+01
2.3562e+00 7.8540e-01 -4.6039e+01 -3.3665e+01 -3.1793e+01
2.3562e+00 1.0472e+00 -4.0636e+01 -2.7588e+01 -2.4233e+01
2.3562e+00 1.3090e+00 -3.2683e+01 -2.0384e+01 -1.9944e+01
2.3562e+00 1.5708e+00 -2.2593e+01 -1.8075e+01 -1.9872e+01
2.3562e+00 1.8326e+00 -1.7299e+01 -2.0354e+01 -2.1368e+01
2.3562e+00 2.0944e+00 -1.7000e+01 -2.3879e+01 -2.2386e+01
2.3562e+00 2.3562e+00 -1.8311e+01 -2.6356e+01 -2.3399e+01
2.3562e+00 2.6180e+00 -2.0266e+01 -3.1690e+01 -2.1835e+01
2.3562e+00 2.8798e+00 -2.1091e+01 -3.8021e+01 -1.9389e+01
2.3562e+00 3.1416e+00 -2.3951e+01 -4.0471e+01 -1.8381e+01
2.3562e+00 3.1416e+00 -2.3951e+01 -4.0471e+01 -1.8381e+01
2.3562e+00 3.4034e+00 -2.8015e+01 -3.3530e+01 -1.8861e+01
2.3562e+00 3.6652e+00 -3.2374e+01 -2.6430e+01 -2.0417e+01
2.3562e+00 3.9270e+00 -3.2555e+01 -2.2579e+01 -2.1283e+01
2.3562e+00 4.1888e+00 -2.6415e+01 -2.0582e+01 -2.1054e+01
2.3562e+00 4.4506e+00 -1.6260e+01 -2.0508e+01 -2.1743e+01
2.3562e+00 4.7124e+00 -8.5752e+00 -1.9692e+01 -2.3965e+01
2.3562e+00 4.9742e+00 -6.1344e+00 -1.8435e+01 -2.4057e+01
2.3562e+00 5.2360e+00 -9.1264e+00 -2.0701e+01 -2.6114e+01
2.3562e+00 5.4978e+00 -1.7854e+01 -2.4507e+01 -3.0894e+01
2.3562e+00 5.7596e+00 -3.0126e+01 -2.8973e+01 -3.4902e+01
2.3562e+00 6.0214e+00 -4.0680e+01 -3.4988e+01 -3.8749e+01
2.6180e+00 0.0000e+00 -5.1869e+01 -3.5477e+01 -3.5428e+01
2.6180e+00 2.6180e-01 -5.3500e+01 -3.7881e+01 -3.6392e+01
2.6180e+00 5.2360e-01 -5.2284e+01 -3.3942e+01 -3.3062e+01
2.6180e+00 7.8540e-01 -4.8032e+01 -2.8442e+01 -2.3429e+01
2.6180e+00 1.0472e+00 -4.0803e+01 -1.8265e+01 -1.5824e+01
2.6180e+00 1.3090e+00 -3.2034e+01 -1.0080e+01 -1.2162e+01
2.6180e+00 1.5708e+00 -2.2727e+01 -8.0897e+00 -1.2751e+01
2.6180e+00 1.8326e+00 -1.9915e+01 -1.1072e+01 -1.4049e+01
2.6180e+00 2.0944e+00 -2.1331e+01 -1.5433e+01 -1.3894e+01
2.6180e+00 2.3562e+00 -2.4416e+01 -1.8177e+01 -1.3854e+01
2.6180e+00 2.6180e+00 -2.7488e+01 -2.5061e+01 -1.2223e+01
2.6180e+00 2.8798e+00 -2.8897e+01 -3.0857e+01 -9.8765e+00
2.6180e+00 3.1416e+00 -3.1258e+01 -3.2250e+01 -8.7378e+00
2.6180e+00 3.1416e+00 -3.1258e+01 -3.2250e+01 -8.7378e+00
2.6180e+00 3.4034e+00 -3.4918e+01 -2.5314e+01 -9.4984e+00
2.6180e+00 3.6652e+00 -3.8870e+01 -1.9103e+01 -1.1331e+01
2.6180e+00 3.9270e+00 -3.9927e+01 -1.4632e+01 -1.2444e+01
2.6180e+00 4.1888e+00 -3.3587e+01 -1.2729e+01 -1.2428e+01
2.6180e+00 4.4506e+00 -2.0784e+01 -1.2756e+01 -1.3221e+01
2.6180e+00 4.7124e+00 -1.2076e+01 -1.1590e+01 -1.5447e+01
2.6180e+00 4.9742e+00 -9.4594e+00 -1.0315e+01 -1.6305e+01
2.6180e+00 5.2360e+00 -1.3509e+01 -1.2745e+01 -1.8588e+01
2.6180e+00 5.4978e+00 -2.3564e+01 -1.8390e+01 -2.3902e+01
2.6180e+00 5.7596e+00 -3.7063e+01 -2.3023e+01 -2.9505e+01
2.6180e+00 6.0214e+00 -4.6750e+01 -2.9770e+01 -3.4834e+01
2.8798e+00 0.0000e+00 -5.4063e+01 -3.3876e+01 -3.2613e+01
2.8798e+00 2.6180e-01 -5.3059e+01 -3.4567e+01 -3.2801e+01
2.8798e+00 5.2360e-01 -5.0742e+01 -2.9834e+01 -2.8084e+01
2.8798e+00 7.8540e-01 -4.4872e+01 -2.3021e+01 -1.9169e+01
2.8798e+00 1.0472e+00 -3.7520e+01 -1.0923e+01 -1.0945e+01
2.8798e+00 1.3090e+00 -2.7104e+01 -3.2963e+00 -7.3628e+00
2.8798e+00 1.5708e+00 -2.2274e+01 -2.1221e+00 -7.6908e+00
2.8798e+00 1.8326e+00 -2.2615e+01 -6.0903e+00 -8.9786e+00
2.8798e+00 2.0944e+00 -2.5833e+01 -9.3227e+00 -8.1010e+00
2.8798e+00 2.3562e+00 -3.0331e+01 -1.2793e+01 -7.8508e+00
2.8798e+00 2.6180e+00 -3.3353e+01 -1.9890e+01 -6.1081e+00
2.8798e+00 2.8798e+00 -3.5694e+01 -2.6448e+01 -3.8951e+00
2.8798e+00 3.1416e+00 -3.6879e+01 -2.7165e+01 -2.8057e+00
2.8798e+00 3.1416e+00 -3.6879e+01 -2.7165e+01 -2.8057e+00
2.8798e+00 3.4034e+00 -3.8574e+01 -2.1202e+01 -3.4618e+00
2.8798e+00 3.6652e+00 -4.1901e+01 -1.4864e+01 -5.5147e+00
2.8798e+00 3.9270e+00 -4.1531e+01 -9.8201e+00 -6.4248e+00
2.8798e+00 4.1888e+00 -3.5738e+01 -7.4892e+00 -6.8736e+00
2.8798e+00 4.4506e+00 -2.3205e+01 -7.6450e+00 -7.9607e+00
2.8798e+00 4.7124e+00 -1.6170e+01 -5.4696e+00 -9.4950e+00
2.8798e+00 4.9742e+00 -1.5172e+01 -4.8948e+00 -9.8437e+00
2.8798e+00 5.2360e+00 -2.0771e+01 -8.5663e+00 -1.3105e+01
2.8798e+00 5.4978e+00 -3.1964e+01 -1.5399e+01 -1.8995e+01
2.8798e+00 5.7596e+00 -4.4347e+01 -2.1317e+01 -2.5578e+01
2.8798e+00 6.0214e+00 -5.1932e+01 -2.7867e+01 -3.0440e+01
3.1416e+00 0.0000e+00 -5.6106e+01 -3.4094e+01 -3.1546e+01
3.1416e+00 2.6180e-01 -5.2891e+01 -3.1000e+01 -2.9796e+01
3.1416e+00 5.2360e-01 -4.7708e+01 -2.5819e+01 -2.4975e+01
3.1416e+00 7.8540e-01 -3.9530e+01 -1.8078e+01 -1.7393e+01
3.1416e+00 1.0472e+00 -2.9564e+01 -7.1573e+00 -9.4984e+00
3.1416e+00 1.3090e+00 -2.2601e+01 -1.0558e+00 -6.3441e+00
3.1416e+00 1.5708e+00 -2.1961e+01 -1.1944e+00 -6.4248e+00
3.1416e+00 1.8326e+00 -2.5530e+01 -4.7974e+00 -6.9173e+00
3.1416e+00 2.0944e+00 -3.2763e+01 -6.1998e+00 -5.8426e+00
3.1416e+00 2.3562e+00 -3.6727e+01 -9.7703e+00 -5.6935e+00
3.1416e+00 2.6180e+00 -3.9603e+01 -1.6301e+01 -4.1200e+00
3.1416e+00 2.8798e+00 -4.0220e+01 -2.3248e+01 -2.0633e+00
3.1416e+00 3.1416e+00 -4.0067e+01 -2.5807e+01 -1.0813e+00
3.1416e+00 3.1416e+00 -4.0067e+01 -2.5807e+01 -1.0813e+00
3.1416e+00 3.4034e+00 -3.9395e+01 -2.0935e+01 -1.8782e+00
3.1416e+00 3.6652e+00 -4.0112e+01 -1.4389e+01 -3.6950e+00
3.1416e+00 3.9270e+00 -3.7719e+01 -8.7927e+00 -4.8131e+00
3.1416e+00 4.1888e+00 -3.2814e+01 -5.8146e+00 -5.2877e+00
3.1416e+00 4.4506e+00 -2.5045e+01 -5.3188e+00 -6.2737e+00
3.1416e+00 4.7124e+00 -2.1860e+01 -2.6028e+00 -6.4662e+00
3.1416e+00 4.9742e+00 -2.3874e+01 -2.9545e+00 -6.3625e+00
3.1416e+00 5.2360e+00 -3.1164e+01 -8.4624e+00 -9.7840e+00
3.1416e+00 5.4978e+00 -4.2510e+01 -1.6614e+01 -1.7469e+01
3.1416e+00 5.7596e+00 -5.0562e+01 -2.2481e+01 -2.4562e+01
3.1416e+00 6.0214e+00 -5.4750e+01 -2.8914e+01 -2.9627e+01
3.1416e+00 0.0000e+00 -5.6106e+01 -3.4094e+01 -3.1546e+01
3.1416e+00 2.6180e-01 -5.2891e+01 -3.1000e+01 -2.9796e+01
3.1416e+00 5.2360e-01 -4.7708e+01 -2.5819e+01 -2.4975e+01
3.1416e+00 7.8540e-01 -3.9530e+01 -1.8078e+01 -1.7393e+01
3.1416e+00 1.0472e+00 -2.9564e+01 -7.1573e+00 -9.4984e+00
3.1416e+00 1.3090e+00 -2.2601e+01 -1.0558e+00 -6.3441e+00
3.1416e+00 1.5708e+00 -2.1961e+01 -1.1944e+00 -6.4248e+00
3.1416e+00 1.8326e+00 -2.5530e+01 -4.7974e+00 -6.9173e+00
3.1416e+00 2.0944e+00 -3.2763e+01 -6.1998e+00 -5.8426e+00
3.1416e+00 2.3562e+00 -3.6727e+01 -9.7703e+00 -5.6935e+00
3.1416e+00 2.6180e+00 -3.9603e+01 -1.6301e+01 -4.1200e+00
3.1416e+00 2.8798e+00 -4.0220e+01 -2.3248e+01 -2.0633e+00
3.1416e+00 3.1416e+00 -4.0067e+01 -2.5807e+01 -1.0813e+00
3.1416e+00 3.1416e+00 -4.0067e+01 -2.5807e+01 -1.0813e+00
3.1416e+00 3.4034e+00 -3.9395e+01 -2.0935e+01 -1.8782e+00
3.1416e+00 3.6652e+00 -4.0112e+01 -1.4389e+01 -3.6950e+00
3.1416e+00 3.9270e+00 -3.7719e+01 -8.7927e+00 -4.8131e+00
3.1416e+00 4.1888e+00 -3.2814e+01 -5.8146e+00 -5.2877e+00
3.1416e+00 4.4506e+00 -2.5045e+01 -5.3188e+00 -6.2737e+00
3.1416e+00 4.7124e+00 -2.1860e+01 -2.6028e+00 -6.4662e+00
3.1416e+00 4.9742e+00 -2.3874e+01 -2.9545e+00 -6.3625e+00
3.1416e+00 5.2360e+00 -3.1164e+01 -8.4624e+00 -9.7840e+00
3.1416e+00 5.4978e+00 -4.2510e+01 -1.6614e+01 -1.7469e+01
3.1416e+00 5.7596e+00 -5.0562e+01 -2.2481e+01 -2.4562e+01
3.1416e+00 6.0214e+00 -5.4750e+01 -2.8914e+01 -2.9627e+01
3.4034e+00 0.0000e+00 -5.5745e+01 -3.4268e+01 -3.4806e+01
3.4034e+00 2.6180e-01 -5.1794e+01 -2.8886e+01 -3.2439e+01
3.4034e+00 5.2360e-01 -4.4035e+01 -2.3525e+01 -2.7040e+01
3.4034e+00 7.8540e-01 -3.2903e+01 -1.6252e+01 -1.8900e+01
3.4034e+00 1.0472e+00 -2.1618e+01 -7.3573e+00 -1.1999e+01
3.4034e+00 1.3090e+00 -1.6717e+01 -3.2188e+00 -8.6107e+00
3.4034e+00 1.5708e+00 -1.7984e+01 -4.1203e+00 -8.7060e+00
3.4034e+00 1.8326e+00 -2.5674e+01 -6.5959e+00 -7.8048e+00
3.4034e+00 2.0944e+00 -3.6497e+01 -6.7477e+00 -6.9767e+00
3.4034e+00 2.3562e+00 -4.0353e+01 -9.8771e+00 -7.1418e+00
3.4034e+00 2.6180e+00 -4.1042e+01 -1.5500e+01 -6.0429e+00
3.4034e+00 2.8798e+00 -4.0051e+01 -2.2451e+01 -4.0857e+00
3.4034e+00 3.1416e+00 -3.9255e+01 -2.7653e+01 -3.1138e+00
3.4034e+00 3.1416e+00 -3.9255e+01 -2.7653e+01 -3.1138e+00
3.4034e+00 3.4034e+00 -3.6544e+01 -2.3020e+01 -3.8743e+00
3.4034e+00 3.6652e+00 -3.4919e+01 -1.6716e+01 -5.8267e+00
3.4034e+00 3.9270e+00 -3.2466e+01 -1.0624e+01 -6.9485e+00
3.4034e+00 4.1888e+00 -2.8159e+01 -7.9862e+00 -7.0988e+00
3.4034e+00 4.4506e+00 -2.5059e+01 -5.8064e+00 -7.7434e+00
3.4034e+00 4.7124e+00 -2.5751e+01 -3.3979e+00 -6.8816e+00
3.4034e+00 4.9742e+00 -3.1368e+01 -4.9579e+00 -6.3718e+00
3.4034e+00 5.2360e+00 -3.8730e+01 -1.2037e+01 -1.0028e+01
3.4034e+00 5.4978e+00 -4.6677e+01 -2.0312e+01 -1.7830e+01
3.4034e+00 5.7596e+00 -5.2650e+01 -2.5879e+01 -2.6759e+01
3.4034e+00 6.0214e+00 -5.6552e+01 -3.1534e+01 -3.2492e+01
3.6652e+00 0.0000e+00 -5.3860e+01 -3.4989e+01 -3.9662e+01
3.6652e+00 2.6180e-01 -4.7734e+01 -3.0009e+01 -3.7520e+01
3.6652e+00 5.2360e-01 -3.7968e+01 -2.5100e+01 -3.1820e+01
3.6652e+00 7.8540e-01 -2.4960e+01 -1.8559e+01 -2.4389e+01
3.6652e+00 1.0472e+00 -1.4755e+01 -1.1434e+01 -1.7684e+01
3.6652e+00 1.3090e+00 -1.0832e+01 -8.7960e+00 -1.4382e+01
3.6652e+00 1.5708e+00 -1.3685e+01 -1.0164e+01 -1.4288e+01
3.6652e+00 1.8326e+00 -2.2369e+01 -1.1175e+01 -1.2535e+01
3.6652e+00 2.0944e+00 -3.3457e+01 -1.1315e+01 -1.1077e+01
3.6652e+00 2.3562e+00 -3.8748e+01 -1.3482e+01 -1.2215e+01
3.6652e+00 2.6180e+00 -3.8205e+01 -1.7922e+01 -1.1110e+01
3.6652e+00 2.8798e+00 -3.5109e+01 -2.4399e+01 -9.3576e+00
3.6652e+00 3.1416e+00 -3.2632e+01 -3.0960e+01 -8.3970e+00
3.6652e+00 3.1416e+00 -3.2632e+01 -3.0960e+01 -8.3970e+00
3.6652e+00 3.4034e+00 -2.9625e+01 -2.7519e+01 -9.2551e+00
3.6652e+00 3.6652e+00 -2.7800e+01 -2.1311e+01 -1.1288e+01
3.6652e+00 3.9270e+00 -2.5074e+01 -1.5321e+01 -1.2643e+01
3.6652e+00 4.1888e+00 -2.2171e+01 -1.3654e+01 -1.2360e+01
3.6652e+00 4.4506e+00 -2.2356e+01 -1.0216e+01 -1.2493e+01
3.6652e+00 4.7124e+00 -2.6152e+01 -7.9965e+00 -1.1077e+01
3.6652e+00 4.9742e+00 -3.5701e+01 -1.0669e+01 -1.0356e+01
3.6652e+00 5.2360e+00 -4.3429e+01 -1.8393e+01 -1.4201e+01
3.6652e+00 5.4978e+00 -5.0538e+01 -2.5633e+01 -2.2155e+01
3.6652e+00 5.7596e+00 -5.4914e+01 -3.0166e+01 -3.2071e+01
3.6652e+00 6.0214e+00 -5.6338e+01 -3.5389e+01 -3.8533e+01
3.9270e+00 0.0000e+00 -5.0818e+01 -3.9328e+01 -4.6141e+01
3.9270e+00 2.6180e-01 -4.2534e+01 -3.5811e+01 -4.3855e+01
3.9270e+00 5.2360e-01 -3.1374e+01 -3.0861e+01 -3.7759e+01
3.9270e+00 7.8540e-01 -1.8839e+01 -2.4502e+01 -3.1172e+01
3.9270e+00 1.0472e+00 -9.8737e+00 -1.8744e+01 -2.5726e+01
3.9270e+00 1.3090e+00 -6.5997e+00 -1.6758e+01 -2.2732e+01
3.9270e+00 1.5708e+00 -9.2293e+00 -1.7633e+01 -2.2128e+01
3.9270e+00 1.8326e+00 -1.5938e+01 -1.7899e+01 -1.9287e+01
3.9270e+00 2.0944e+00 -2.6057e+01 -1.8818e+01 -1.8867e+01
3.9270e+00 2.3562e+00 -3.1593e+01 -2.0378e+01 -1.9946e+01
3.9270e+00 2.6180e+00 -3.1488e+01 -2.3015e+01 -1.9347e+01
3.9270e+00 2.8798e+00 -2.7862e+01 -2.9000e+01 -1.7590e+01
3.9270e+00 3.1416e+00 -2.3284e+01 -3.5752e+01 -1.6944e+01
3.9270e+00 3.1416e+00 -2.3284e+01 -3.5752e+01 -1.6944e+01
3.9270e+00 3.4034e+00 -2.1083e+01 -3.3555e+01 -1.7738e+01
3.9270e+00 3.6652e+00 -1.9521e+01 -2.7001e+01 -2.0017e+01
3.9270e+00 3.9270e+00 -1.8459e+01 -2.3272e+01 -2.0957e+01
3.9270e+00 4.1888e+00 -1.7315e+01 -2.1743e+01 -2.0606e+01
3.9270e+00 4.4506e+00 -1.8763e+01 -1.8203e+01 -1.9231e+01
3.9270e+00 4.7124e+00 -2.5107e+01 -1.6350e+01 -1.7611e+01
3.9270e+00 4.9742e+00 -3.6247e+01 -1.9829e+01 -1.7069e+01
3.9270e+00 5.2360e+00 -4.4211e+01 -2.6674e+01 -2.1012e+01
3.9270e+00 5.4978e+00 -5.1582e+01 -3.1075e+01 -2.9242e+01
3.9270e+00 5.7596e+00 -5.6156e+01 -3.5538e+01 -3.9216e+01
3.9270e+00 6.0214e+00 -5.5225e+01 -4.0454e+01 -4.5086e+01
4.1888e+00 0.0000e+00 -4.3961e+01 -4.5761e+01 -5.1707e+01
4.1888e+00 2.6180e-01 -3.5391e+01 -4.3785e+01 -4.8552e+01
4.1888e+00 5.2360e-01 -2.6116e+01 -3.8351e+01 -4.4056e+01
4.1888e+00 7.8540e-01 -1.6005e+01 -3.2729e+01 -3.8133e+01
4.1888e+00 1.0472e+00 -8.7827e+00 -2.8081e+01 -3.3466e+01
4.1888e+00 1.3090e+00 -5.7018e+00 -2.5877e+01 -3.1172e+01
4.1888e+00 1.5708e+00 -6.3627e+00 -2.5541e+01 -2.9017e+01
4.1888e+00 1.8326e+00 -1.0856e+01 -2.5558e+01 -2.6556e+01
4.1888e+00 2.0944e+00 -1.6856e+01 -2.6914e+01 -2.7220e+01
4.1888e+00 2.3562e+00 -2.1164e+01 -2.7818e+01 -2.8349e+01
4.1888e+00 2.6180e+00 -2.1163e+01 -2.9039e+01 -2.8722e+01
4.1888e+00 2.8798e+00 -1.7488e+01 -3.2996e+01 -2.7660e+01
4.1888e+00 3.1416e+00 -1.3634e+01 -3.9660e+01 -2.7210e+01
4.1888e+00 3.1416e+00 -1.3634e+01 -3.9660e+01 -2.7210e+01
4.1888e+00 3.4034e+00 -1.1381e+01 -3.9648e+01 -2.8647e+01
4.1888e+00 3.6652e+00 -1.1534e+01 -3.3957e+01 -3.0983e+01
4.1888e+00 3.9270e+00 -1.1118e+01 -3.1025e+01 -3.1501e+01
4.1888e+00 4.1888e+00 -1.0894e+01 -3.0818e+01 -2.9878e+01
4.1888e+00 4.4506e+00 -1.2532e+01 -2.8203e+01 -2.7072e+01
4.1888e+00 4.7124e+00 -1.8149e+01 -2.6273e+01 -2.4486e+01
4.1888e+00 4.9742e+00 -2.9711e+01 -2.9080e+01 -2.5275e+01
4.1888e+00 5.2360e+00 -3.9698e+01 -3.3465e+01 -2.9442e+01
4.1888e+00 5.4978e+00 -4.8507e+01 -3.6836e+01 -3.7421e+01
4.1888e+00 5.7596e+00 -5.1933e+01 -3.9779e+01 -4.6019e+01
4.1888e+00 6.0214e+00 -4.9367e+01 -4.5037e+01 -5.1004e+01
4.4506e+00 0.0000e+00 -3.8232e+01 -5.0652e+01 -5.7389e+01
4.4506e+00 2.6180e-01 -3.2433e+01 -5.0680e+01 -5.5824e+01
4.4506e+00 5.2360e-01 -2.5235e+01 -4.5029e+01 -5.1876e+01
4.4506e+00 7.8540e-01 -2.0136e+01 -3.9897e+01 -4.5853e+01
4.4506e+00 1.0472e+00 -1.2851e+01 -3.6975e+01 -4.0972e+01
4.4506e+00 1.3090e+00 -9.3737e+00 -3.2608e+01 -3.8006e+01
4.4506e+00 1.5708e+00 -7.8101e+00 -3.2044e+01 -3.4700e+01
4.4506e+00 1.8326e+00 -8.7485e+00 -3.2525e+01 -3.2270e+01
4.4506e+00 2.0944e+00 -9.9949e+00 -3.3953e+01 -3.4302e+01
4.4506e+00 2.3562e+00 -1.1360e+01 -3.4984e+01 -3.6725e+01
4.4506e+00 2.6180e+00 -1.0731e+01 -3.5276e+01 -3.7789e+01
4.4506e+00 2.8798e+00 -8.0200e+00 -3.7949e+01 -3.7483e+01
4.4506e+00 3.1416e+00 -5.3176e+00 -4.3100e+01 -3.6337e+01
4.4506e+00 3.1416e+00 -5.3176e+00 -4.3100e+01 -3.6337e+01
4.4506e+00 3.4034e+00 -4.6268e+00 -4.3092e+01 -3.7443e+01
4.4506e+00 3.6652e+00 -5.0664e+00 -3.9498e+01 -3.9802e+01
4.4506e+00 3.9270e+00 -5.5408e+00 -3.9345e+01 -3.9608e+01
4.4506e+00 4.1888e+00 -5.5363e+00 -3.7282e+01 -3.8011e+01
4.4506e+00 4.4506e+00 -7.0138e+00 -3.4637e+01 -3.3055e+01
4.4506e+00 4.7124e+00 -1.1468e+01 -3.4798e+01 -3.1039e+01
4.4506e+00 4.9742e+00 -2.0332e+01 -3.6632e+01 -3.2538e+01
4.4506e+00 5.2360e+00 -3.1048e+01 -3.9260e+01 -3.7352e+01
4.4506e+00 5.4978e+00 -3.9351e+01 -4.1195e+01 -4.5017e+01
4.4506e+00 5.7596e+00 -4.2714e+01 -4.2014e+01 -5.1750e+01
4.4506e+00 6.0214e+00 -4.0457e+01 -4.5275e+01 -5.5881e+01
4.7124e+00 0.0000e+00 -3.5186e+01 -5.1868e+01 -6.2003e+01
4.7124e+00 2.6180e-01 -3.2606e+01 -5.2472e+01 -6.0187e+01
4.7124e+00 5.2360e-01 -3.2064e+01 -4.8396e+01 -5.4502e+01
4.7124e+00 7.8540e-01 -2.8697e+01 -4.3423e+01 -4.6938e+01
4.7124e+00 1.0472e+00 -2.4504e+01 -4.3266e+01 -4.1232e+01
4.7124e+00 1.3090e+00 -1.7606e+01 -3.9684e+01 -4.0193e+01
4.7124e+00 1.5708e+00 -1.2239e+01 -3.6824e+01 -3.6341e+01
4.7124e+00 1.8326e+00 -7.9636e+00 -3.6637e+01 -3.4439e+01
4.7124e+00 2.0944e+00 -6.4367e+00 -3.7461e+01 -3.7956e+01
4.7124e+00 2.3562e+00 -6.0249e+00 -3.8351e+01 -4.0546e+01
4.7124e+00 2.6180e+00 -5.1846e+00 -3.9703e+01 -4.2221e+01
4.7124e+00 2.8798e+00 -2.8662e+00 -4.1498e+01 -4.1861e+01
4.7124e+00 3.1416e+00 -1.2151e+00 -4.6259e+01 -4.0195e+01
4.7124e+00 3.1416e+00 -1.2151e+00 -4.6259e+01 -4.0195e+01
4.7124e+00 3.4034e+00 -1.2608e+00 -4.6856e+01 -4.1927e+01
4.7124e+00 3.6652e+00 -2.7842e+00 -4.3117e+01 -4.3715e+01
4.7124e+00 3.9270e+00 -4.1750e+00 -4.1031e+01 -4.3713e+01
4.7124e+00 4.1888e+00 -4.8056e+00 -3.8914e+01 -4.0698e+01
4.7124e+00 4.4506e+00 -5.7915e+00 -3.6976e+01 -3.6394e+01
4.7124e+00 4.7124e+00 -8.8114e+00 -3.6907e+01 -3.6158e+01
4.7124e+00 4.9742e+00 -1.4727e+01 -3.8397e+01 -3.7720e+01
4.7124e+00 5.2360e+00 -2.2516e+01 -4.2654e+01 -4.1557e+01
4.7124e+00 5.4978e+00 -3.0059e+01 -4.3179e+01 -4.8729e+01
4.7124e+00 5.7596e+00 -3.2492e+01 -4.1196e+01 -5.6242e+01
4.7124e+00 6.0214e+00 -3.3629e+01 -4.5096e+01 -5.9341e+01
4.9742e+00 0.0000e+00 -3.4102e+01 -4.9667e+01 -6.0972e+01
4.9742e+00 2.6180e-01 -3.7234e+01 -5.1011e+01 -5.9032e+01
4.9742e+00 5.2360e-01 -4.0044e+01 -4.7683e+01 -5.1199e+01
4.9742e+00 7.8540e-01 -3.7729e+01 -4.3859e+01 -4.3194e+01
4.9742e+00 1.0472e+00 -3.2946e+01 -4.1222e+01 -3.7448e+01
4.9742e+00 1.3090e+00 -2.5821e+01 -3.8987e+01 -3.5538e+01
4.9742e+00 1.5708e+00 -1.6287e+01 -3.6092e+01 -3.2768e+01
4.9742e+00 1.8326e+00 -9.0177e+00 -3.4216e+01 -3.2993e+01
4.9742e+00 2.0944e+00 -6.4325e+00 -3.4142e+01 -3.5393e+01
4.9742e+00 2.3562e+00 -5.7926e+00 -3.6270e+01 -3.6387e+01
4.9742e+00 2.6180e+00 -4.3868e+00 -3.8855e+01 -3.6532e+01
4.9742e+00 2.8798e+00 -2.4491e+00 -4.0810e+01 -3.6277e+01
4.9742e+00 3.1416e+00 -1.9241e+00 -4.6217e+01 -3.6229e+01
4.9742e+00 3.1416e+00 -1.9241e+00 -4.6217e+01 -3.6229e+01
4.9742e+00 3.4034e+00 -3.6497e+00 -4.6559e+01 -3.8051e+01
4.9742e+00 3.6652e+00 -6.5205e+00 -4.1176e+01 -3.9364e+01
4.9742e+00 3.9270e+00 -8.5093e+00 -3.7077e+01 -3.9385e+01
4.9742e+00 4.1888e+00 -1.0074e+01 -3.6021e+01 -3.7187e+01
4.9742e+00 4.4506e+00 -9.0789e+00 -3.3896e+01 -3.5719e+01
4.9742e+00 4.7124e+00 -1.0744e+01 -3.3496e+01 -3.5798e+01
4.9742e+00 4.9742e+00 -1.2730e+01 -3.5944e+01 -3.7278e+01
4.9742e+00 5.2360e+00 -1.6769e+01 -3.9914e+01 -4.0233e+01
4.9742e+00 5.4978e+00 -2.1865e+01 -4.0583e+01 -4.6756e+01
4.9742e+00 5.7596e+00 -2.6628e+01 -4.1066e+01 -5.3023e+01
4.9742e+00 6.0214e+00 -3.1226e+01 -4.4421e+01 -5.7869e+01
5.2360e+00 0.0000e+00 -3.7158e+01 -4.5584e+01 -5.4928e+01
5.2360e+00 2.6180e-01 -4.0721e+01 -4.7644e+01 -5.2505e+01
5.2360e+00 5.2360e-01 -4.3348e+01 -4.3997e+01 -4.5523e+01
5.2360e+00 7.8540e-01 -4.3580e+01 -4.0689e+01 -3.6334e+01
5.2360e+00 1.0472e+00 -3.9095e+01 -3.7217e+01 -3.1013e+01
5.2360e+00 1.3090e+00 -3.1966e+01 -3.2998e+01 -2.7332e+01
5.2360e+00 1.5708e+00 -2.2152e+01 -2.7388e+01 -2.6709e+01
5.2360e+00 1.8326e+00 -1.3864e+01 -2.5074e+01 -2.7911e+01
5.2360e+00 2.0944e+00 -1.0444e+01 -2.6623e+01 -2.9019e+01
5.2360e+00 2.3562e+00 -9.6460e+00 -3.0847e+01 -2.9389e+01
5.2360e+00 2.6180e+00 -8.5241e+00 -3.3683e+01 -2.8142e+01
5.2360e+00 2.8798e+00 -7.5051e+00 -3.7673e+01 -2.6964e+01
5.2360e+00 3.1416e+00 -8.6082e+00 -4.2696e+01 -2.6395e+01
5.2360e+00 3.1416e+00 -8.6082e+00 -4.2696e+01 -2.6395e+01
5.2360e+00 3.4034e+00 -1.1959e+01 -4.0510e+01 -2.7282e+01
5.2360e+00 3.6652e+00 -1.6584e+01 -3.4339e+01 -2.8766e+01
5.2360e+00 3.9270e+00 -2.0083e+01 -2.9705e+01 -2.8962e+01
5.2360e+00 4.1888e+00 -2.0640e+01 -2.8797e+01 -2.9074e+01
5.2360e+00 4.4506e+00 -1.7319e+01 -2.7219e+01 -2.9728e+01
5.2360e+00 4.7124e+00 -1.5291e+01 -2.7492e+01 -3.0925e+01
5.2360e+00 4.9742e+00 -1.4556e+01 -2.8371e+01 -3.1504e+01
5.2360e+00 5.2360e+00 -1.5999e+01 -2.9492e+01 -3.4393e+01
5.2360e+00 5.4978e+00 -1.9441e+01 -3.2560e+01 -4.0897e+01
5.2360e+00 5.7596e+00 -2.4876e+01 -3.4150e+01 -4.7511e+01
5.2360e+00 6.0214e+00 -3.1654e+01 -4.0173e+01 -5.2824e+01
5.4978e+00 0.0000e+00 -4.2578e+01 -4.2354e+01 -4.4291e+01
5.4978e+00 2.6180e-01 -4.5870e+01 -4.3791e+01 -4.3335e+01
5.4978e+00 5.2360e-01 -4.8104e+01 -3.9607e+01 -3.8085e+01
5.4978e+00 7.8540e-01 -4.6793e+01 -3.5068e+01 -2.9503e+01
5.4978e+00 1.0472e+00 -4.3874e+01 -3.0819e+01 -2.2679e+01
5.4978e+00 1.3090e+00 -3.7432e+01 -2.2035e+01 -1.8476e+01
5.4978e+00 1.5708e+00 -2.8586e+01 -1.5144e+01 -1.9689e+01
5.4978e+00 1.8326e+00 -2.0530e+01 -1.4112e+01 -2.0214e+01
5.4978e+00 2.0944e+00 -1.8260e+01 -1.7857e+01 -2.0187e+01
5.4978e+00 2.3562e+00 -1.8435e+01 -2.4113e+01 -1.9028e+01
5.4978e+00 2.6180e+00 -1.7935e+01 -2.6895e+01 -1.7391e+01
5.4978e+00 2.8798e+00 -1.8058e+01 -3.1642e+01 -1.5609e+01
5.4978e+00 3.1416e+00 -2.0892e+01 -3.5971e+01 -1.5062e+01
5.4978e+00 3.1416e+00 -2.0892e+01 -3.5971e+01 -1.5062e+01
5.4978e+00 3.4034e+00 -2.5975e+01 -3.2321e+01 -1.6162e+01
5.4978e+00 3.6652e+00 -3.2248e+01 -2.5959e+01 -1.7758e+01
5.4978e+00 3.9270e+00 -3.5821e+01 -2.1084e+01 -1.8870e+01
5.4978e+00 4.1888e+00 -3.3217e+01 -1.9796e+01 -1.9417e+01
5.4978e+00 4.4506e+00 -2.6602e+01 -1.9747e+01 -2.1337e+01
5.4978e+00 4.7124e+00 -1.9502e+01 -2.0076e+01 -2.2442e+01
5.4978e+00 4.9742e+00 -1.6040e+01 -1.7759e+01 -2.3977e+01
5.4978e+00 5.2360e+00 -1.6650e+01 -1.8654e+01 -2.7097e+01
5.4978e+00 5.4978e+00 -2.0688e+01 -2.3403e+01 -3.2822e+01
5.4978e+00 5.7596e+00 -2.8438e+01 -2.8573e+01 -3.9546e+01
5.4978e+00 6.0214e+00 -3.6141e+01 -3.4526e+01 -4.3667e+01
5.7596e+00 0.0000e+00 -4.7172e+01 -4.0817e+01 -3.5581e+01
5.7596e+00 2.6180e-01 -5.1676e+01 -4.1302e+01 -3.3841e+01
5.7596e+00 5.2360e-01 -5.2023e+01 -3.6760e+01 -3.1377e+01
5.7596e+00 7.8540e-01 -4.7787e+01 -3.1125e+01 -2.3536e+01
5.7596e+00 1.0472e+00 -4.4337e+01 -2.3157e+01 -1.5598e+01
5.7596e+00 1.3090e+00 -4.0657e+01 -1.1572e+01 -1.2339e+01
5.7596e+00 1.5708e+00 -3.2026e+01 -5.6956e+00 -1.3520e+01
5.7596e+00 1.8326e+00 -2.7309e+01 -6.2638e+00 -1.2208e+01
5.7596e+00 2.0944e+00 -2.7695e+01 -1.2453e+01 -1.1942e+01
5.7596e+00 2.3562e+00 -2.9668e+01 -1.8295e+01 -1.1156e+01
5.7596e+00 2.6180e+00 -3.0910e+01 -2.0269e+01 -9.0879e+00
5.7596e+00 2.8798e+00 -3.2684e+01 -2.6133e+01 -6.9084e+00
5.7596e+00 3.1416e+00 -3.6475e+01 -2.8943e+01 -6.4972e+00
5.7596e+00 3.1416e+00 -3.6475e+01 -2.8943e+01 -6.4972e+00
5.7596e+00 3.4034e+00 -4.2396e+01 -2.3636e+01 -7.5322e+00
5.7596e+00 3.6652e+00 -4.8393e+01 -1.8190e+01 -8.9071e+00
5.7596e+00 3.9270e+00 -4.8127e+01 -1.4311e+01 -1.0545e+01
5.7596e+00 4.1888e+00 -4.3351e+01 -1.3036e+01 -1.1495e+01
5.7596e+00 4.4506e+00 -3.1803e+01 -1.4270e+01 -1.2594e+01
5.7596e+00 4.7124e+00 -2.4790e+01 -1.0882e+01 -1.4994e+01
5.7596e+00 4.9742e+00 -2.0278e+01 -8.5986e+00 -1.7364e+01
5.7596e+00 5.2360e+00 -2.1233e+01 -1.0917e+01 -2.0022e+01
5.7596e+00 5.4978e+00 -2.6508e+01 -1.7888e+01 -2.5338e+01
5.7596e+00 5.7596e+00 -3.3112e+01 -2.4530e+01 -3.1540e+01
5.7596e+00 6.0214e+00 -3.9624e+01 -3.1560e+01 -3.5484e+01
6.0214e+00 0.0000e+00 -5.0024e+01 -4.0704e+01 -2.8556e+01
6.0214e+00 2.6180e-01 -5.3999e+01 -3.8390e+01 -2.9712e+01
6.0214e+00 5.2360e-01 -5.1140e+01 -3.2841e+01 -2.7809e+01
6.0214e+00 7.8540e-01 -4.6636e+01 -2.6458e+01 -1.9951e+01
6.0214e+00 1.0472e+00 -4.3160e+01 -1.4812e+01 -1.2040e+01
6.0214e+00 1.3090e+00 -3.9885e+01 -4.5069e+00 -8.7908e+00
6.0214e+00 1.5708e+00 -3.3977e+01 -5.2951e-01 -1.0021e+01
6.0214e+00 1.8326e+00 -3.3614e+01 -3.0147e+00 -7.8381e+00
6.0214e+00 2.0944e+00 -3.7877e+01 -1.0434e+01 -6.8884e+00
6.0214e+00 2.3562e+00 -4.2214e+01 -1.2041e+01 -5.3765e+00
6.0214e+00 2.6180e+00 -4.4781e+01 -1.5113e+01 -4.0687e+00
6.0214e+00 2.8798e+00 -4.7474e+01 -2.1049e+01 -2.0572e+00
6.0214e+00 3.1416e+00 -5.0229e+01 -2.3832e+01 -1.3189e+00
6.0214e+00 3.1416e+00 -5.0229e+01 -2.3832e+01 -1.3189e+00
6.0214e+00 3.4034e+00 -5.3097e+01 -1.9208e+01 -2.6913e+00
6.0214e+00 3.6652e+00 -5.4835e+01 -1.3762e+01 -4.6094e+00
6.0214e+00 3.9270e+00 -5.3725e+01 -9.9152e+00 -6.1196e+00
6.0214e+00 4.1888e+00 -4.7798e+01 -9.6212e+00 -6.6798e+00
6.0214e+00 4.4506e+00 -3.6803e+01 -9.2160e+00 -7.4569e+00
6.0214e+00 4.7124e+00 -2.9375e+01 -3.7736e+00 -9.9185e+00
6.0214e+00 4.9742e+00 -2.6505e+01 -3.1315e+00 -1.1449e+01
6.0214e+00 5.2360e+00 -2.9599e+01 -7.7997e+00 -1.4346e+01
6.0214e+00 5.4978e+00 -3.3948e+01 -1.6757e+01 -2.0294e+01
6.0214e+00 5.7596e+00 -3.8933e+01 -2.4800e+01 -2.6386e+01
6.0214e+00 6.0214e+00 -4.3778e+01 -3.3124e+01 -2.7808e+01
