-3.141593 -0.457465 -20.964021 0.000000 0.367195 0.241605 0.000000
-2.879793 -2.260811 -17.795011 -0.835182 0.364420 0.228749 0.033019
-2.617994 -7.407506 -12.511458 -2.720139 0.369594 0.185231 0.038606
-2.356194 -15.328356 -7.935580 -4.100790 0.383260 0.190145 0.044513
-2.094395 -24.116517 -5.821186 -4.521141 0.388686 0.192836 0.081356
-1.832596 -30.972641 -2.813362 -5.601516 0.813929 0.160450 0.090374
-1.570796 -34.420000 -0.071610 -6.082011 0.418582 0.122092 0.162207
-1.308997 -31.854746 -1.450765 -5.515163 0.190338 0.086218 0.136659
-1.047198 -24.536362 -7.024816 -8.872818 0.206897 0.073085 0.098728
-0.785398 -14.704801 -15.121233 -16.329240 0.225385 0.179255 0.170688
-0.523599 -6.732712 -20.861616 -24.032596 0.167536 0.204878 0.175089
-0.261799 -1.787136 -27.874396 -29.114568 0.174279 0.449282 0.111409
0.000000 0.000000 -32.232536 -31.038909 0.164238 0.282510 0.380487
0.261799 -1.096397 -28.080747 -29.938214 0.155055 0.511976 0.427421
0.523599 -5.284237 -22.331460 -25.613988 0.161735 0.351342 0.194637
0.785398 -12.512047 -15.542237 -17.483905 0.157035 0.053654 0.062734
1.047198 -21.614417 -6.246800 -9.870070 0.197350 0.104278 0.129853
1.308997 -30.300646 -0.699481 -6.494990 0.161464 0.111152 0.179317
1.570796 -34.758334 0.000000 -6.856266 0.520203 0.044011 0.159451
1.832596 -33.373913 -3.084513 -6.025857 0.466850 0.023199 0.103843
2.094395 -27.076762 -5.646726 -4.595180 0.243403 0.190053 0.035273
2.356194 -16.998203 -7.114516 -4.026639 0.328269 0.162082 0.058857
2.617994 -8.055838 -10.597139 -2.856657 0.375792 0.226436 0.044772
2.879793 -2.267637 -15.799504 -0.963691 0.379694 0.240717 0.040334
3.141593 -0.457465 -20.964021 0.000000 0.367195 0.241605 0.000000
