# restart           False
# num_threads       6
# neurons           [200, 200, 200, 200]
# batch size        128
# num_epoch         12000
# use_mix           False
# old_ratio         7
# lr_0              0.0006
# decay_steps       80
# decay_steps_inner 0
# decay_rate        0.96
# resnet            True
# graph_file        None
Begin to optimize
# start training from scratch
epoch:   0, ab_err: 3.2976e-01, rel_err: 4.3118e+00, lr: 6.0000e-04
epoch: 200, ab_err: 8.4205e-02, rel_err: 2.7793e-01, lr: 5.5296e-04
epoch: 400, ab_err: 7.7305e-02, rel_err: 2.5155e-01, lr: 4.8922e-04
epoch: 600, ab_err: 7.5524e-02, rel_err: 2.3156e-01, lr: 4.5087e-04
epoch: 800, ab_err: 8.2560e-02, rel_err: 3.1744e-01, lr: 3.9890e-04
epoch: 1000, ab_err: 7.4032e-02, rel_err: 3.0047e-01, lr: 3.6763e-04
epoch: 1200, ab_err: 7.4557e-02, rel_err: 2.8766e-01, lr: 3.2525e-04
epoch: 1400, ab_err: 6.4289e-02, rel_err: 2.3940e-01, lr: 2.9975e-04
epoch: 1600, ab_err: 6.1527e-02, rel_err: 2.1450e-01, lr: 2.6520e-04
epoch: 1800, ab_err: 7.0574e-02, rel_err: 2.3104e-01, lr: 2.4441e-04
epoch: 2000, ab_err: 7.3898e-02, rel_err: 2.9290e-01, lr: 2.1624e-04
epoch: 2200, ab_err: 6.6388e-/home/linfengz/SCR/softwares/tf_venv_r1.8/lib/python3.6/site-packages/tensorflow/python/framework/dtypes.py:519: FutureWarning: Passing (type, 1) or '1type' as a synonym of type is deprecated; in a future version of numpy, it will be understood as (type, (1,)) / '(1,)type'.
  _np_qint8 = np.dtype([("qint8", np.int8, 1)])
/home/linfengz/SCR/softwares/tf_venv_r1.8/lib/python3.6/site-packages/tensorflow/python/framework/dtypes.py:520: FutureWarning: Passing (type, 1) or '1type' as a synonym of type is deprecated; in a future version of numpy, it will be understood as (type, (1,)) / '(1,)type'.
  _np_quint8 = np.dtype([("quint8", np.uint8, 1)])
/home/linfengz/SCR/softwares/tf_venv_r1.8/lib/python3.6/site-packages/tensorflow/python/framework/dtypes.py:521: FutureWarning: Passing (type, 1) or '1type' as a synonym of type is deprecated; in a future version of numpy, it will be understood as (type, (1,)) / '(1,)type'.
  _np_qint16 = np.dtype([("qint16", np.int16, 1)])
/home/linfengz/SCR/softwares/tf_venv_r1.8/lib/python3.6/site-packages/tensorflow/python/framework/dtypes.py:522: FutureWarning: Passing (type, 1) or '1type' as a synonym of type is deprecated; in a future version of numpy, it will be understood as (type, (1,)) / '(1,)type'.
  _np_quint16 = np.dtype([("quint16", np.uint16, 1)])
/home/linfengz/SCR/softwares/tf_venv_r1.8/lib/python3.6/site-packages/tensorflow/python/framework/dtypes.py:523: FutureWarning: Passing (type, 1) or '1type' as a synonym of type is deprecated; in a future version of numpy, it will be understood as (type, (1,)) / '(1,)type'.
  _np_qint32 = np.dtype([("qint32", np.int32, 1)])
/home/linfengz/SCR/softwares/tf_venv_r1.8/lib/python3.6/site-packages/tensorflow/python/framework/dtypes.py:528: FutureWarning: Passing (type, 1) or '1type' as a synonym of type is deprecated; in a future version of numpy, it will be understood as (type, (1,)) / '(1,)type'.
  np_resource = np.dtype([("resource", np.ubyte, 1)])
: 1.1441e-05
epoch: 8000, ab_err: 4.5861e-02, rel_err: 1.5597e-01, lr: 1.0122e-05
epoch: 8200, ab_err: 4.6818e-02, rel_err: 1.9711e-01, lr: 9.3286e-06
epoch: 8400, ab_err: 4.4834e-02, rel_err: 1.8705e-01, lr: 8.2533e-06
epoch: 8600, ab_err: 4.6524e-02, rel_err: 1.6181e-01, lr: 7.6063e-06
epoch: 8800, ab_err: 4.5947e-02, rel_err: 1.6271e-01, lr: 6.7295e-06
epoch: 9000, ab_err: 4.5638e-02, rel_err: 1.7004e-01, lr: 6.2020e-06
epoch: 9200, ab_err: 4.6088e-02, rel_err: 1.7811e-01, lr: 5.4871e-06
epoch: 9400, ab_err: 4.5922e-02, rel_err: 1.4573e-01, lr: 5.0569e-06
epoch: 9600, ab_err: 4.4237e-02, rel_err: 1.4669e-01, lr: 4.4740e-06
epoch: 9800, ab_err: 4.9283e-02, rel_err: 1.7081e-01, lr: 4.1233e-06
epoch: 10000, ab_err: 4.9980e-02, rel_err: 1.6945e-01, lr: 3.6480e-06
epoch: 10200, ab_err: 4.6394e-02, rel_err: 1.7968e-01, lr: 3.3620e-06
epoch: 10400, ab_err: 4.2604e-02, rel_err: 1.4334e-01, lr: 2.9745e-06
epoch: 10600, ab_err: 4.5646e-02, rel_err: 1.5523e-01, lr: 2.7413e-06
epoch: 10800, ab_err: 4.8533e-02, rel_err: 1.4355e-01, lr: 2.4253e-06
epoch: 11000, ab_err: 4.2149e-02, rel_err: 1.4013e-01, lr: 2.2352e-06
epoch: 11200, ab_err: 5.1400e-02, rel_err: 1.7694e-01, lr: 1.9775e-06
epoch: 11400, ab_err: 4.7043e-02, rel_err: 2.0153e-01, lr: 1.8225e-06
epoch: 11600, ab_err: 4.2697e-02, rel_err: 1.7145e-01, lr: 1.6124e-06
epoch: 11800, ab_err: 4.8296e-02, rel_err: 2.0350e-01, lr: 1.4860e-06
epoch: 12000, ab_err: 4.0995e-02, rel_err: 1.3421e-01, lr: 1.3147e-06
running time: 4330.392 s
