-3.141593 -0.209629 -21.186719 0.000000
-2.879793 -2.064935 -18.029934 -0.869550
-2.617994 -7.221334 -12.509789 -2.794576
-2.356194 -15.153182 -7.841474 -4.174711
-2.094395 -23.933660 -5.683017 -4.696046
-1.832596 -31.710358 -3.202672 -5.835375
-1.570796 -35.403339 -0.455712 -6.236162
-1.308997 -32.304330 -1.770631 -5.631954
-1.047198 -24.523958 -7.244430 -8.938521
-0.785398 -14.642093 -15.288046 -16.430454
-0.523599 -6.610825 -20.996015 -24.246521
-0.261799 -1.729341 -27.695661 -29.573773
0.000000 0.000000 -32.200341 -31.716865
0.261799 -1.189639 -28.396265 -30.612054
0.523599 -5.477524 -22.591948 -25.591944
0.785398 -12.646796 -15.602033 -17.129760
1.047198 -21.720097 -6.263680 -9.620717
1.308997 -30.692087 -0.684929 -6.131220
1.570796 -35.919842 0.000000 -6.489367
1.832596 -33.951627 -3.147952 -5.878138
2.094395 -26.697617 -5.868691 -4.501681
2.356194 -16.695955 -7.331767 -4.042847
2.617994 -7.846725 -10.786371 -2.815272
2.879793 -2.077787 -16.037996 -0.960945
3.141593 -0.209629 -21.186719 -0.000000
