-3.141593 -3.141593 -39.483430 -25.469364 -0.446637 
-3.141593 -2.879793 -39.406588 -19.937853 -1.162957 
-3.141593 -2.617994 -39.885079 -13.304383 -3.027403 
-3.141593 -2.356194 -38.219214 -7.738536 -4.301352 
-3.141593 -2.094395 -31.934302 -4.781563 -4.823517 
-3.141593 -1.832596 -24.565009 -4.681936 -5.952858 
-3.141593 -1.570796 -21.360151 -1.875350 -6.207145 
-3.141593 -1.308997 -22.999673 -2.106444 -6.095979 
-3.141593 -1.047198 -30.053000 -7.512258 -9.483660 
-3.141593 -0.785398 -42.213025 -15.784021 -16.911418 
-3.141593 -0.523599 -53.735216 -21.229553 -24.400611 
-3.141593 -0.261799 -60.511974 -28.054297 -29.634308 
-3.141593 0.000000 -61.914646 -32.495952 -31.712122 
-3.141593 0.261799 -58.521066 -30.026459 -30.635805 
-3.141593 0.523599 -50.558364 -24.929869 -25.170851 
-3.141593 0.785398 -39.816897 -17.301310 -16.316372 
-3.141593 1.047198 -28.256216 -6.332927 -8.864020 
-3.141593 1.308997 -21.962733 -0.213875 -5.372159 
-3.141593 1.570796 -21.384136 -0.430636 -5.547024 
-3.141593 1.832596 -25.096895 -4.239280 -6.498648 
-3.141593 2.094395 -32.694705 -5.733236 -5.362581 
-3.141593 2.356194 -38.298535 -9.400502 -5.019740 
-3.141593 2.617994 -40.155508 -15.982048 -3.576794 
-3.141593 2.879793 -40.314511 -22.936192 -1.380956 
-3.141593 3.141593 -39.483430 -25.469364 -0.446637 

-2.879793 -3.141593 -37.831465 -27.090531 -2.498885 
-2.879793 -2.879793 -35.751638 -22.584138 -3.314524 
-2.879793 -2.617994 -33.784430 -15.823914 -5.128507 
-2.879793 -2.356194 -31.614490 -9.477122 -6.409075 
-2.879793 -2.094395 -27.693807 -6.975870 -6.852781 
-2.879793 -1.832596 -24.706203 -5.241517 -7.518919 
-2.879793 -1.570796 -25.075943 -2.697900 -6.769870 
-2.879793 -1.308997 -30.090399 -4.197249 -6.190850 
-2.879793 -1.047198 -39.351451 -11.140792 -9.908443 
-2.879793 -0.785398 -49.697378 -19.133476 -17.938755 
-2.879793 -0.523599 -56.844167 -24.315377 -26.355629 
-2.879793 -0.261799 -60.905117 -30.351788 -32.300263 
-2.879793 0.000000 -60.099971 -32.515504 -34.688029 
-2.879793 0.261799 -54.736013 -28.134201 -32.486182 
-2.879793 0.523599 -44.587879 -22.894676 -26.567860 
-2.879793 0.785398 -31.880621 -15.465035 -18.362872 
-2.879793 1.047198 -21.403091 -6.518126 -11.180131 
-2.879793 1.308997 -16.320347 -2.403427 -7.601255 
-2.879793 1.570796 -17.601818 -3.457936 -7.959766 
-2.879793 1.832596 -25.369352 -6.077460 -7.386323 
-2.879793 2.094395 -35.465167 -6.375126 -6.440114 
-2.879793 2.356194 -41.580507 -9.553160 -6.655791 
-2.879793 2.617994 -43.055027 -15.170850 -5.402379 
-2.879793 2.879793 -39.837706 -22.057070 -3.388575 
-2.879793 3.141593 -37.831465 -27.090531 -2.498885 

-2.617994 -3.141593 -31.630108 -30.560721 -7.833529 
-2.617994 -2.879793 -29.255162 -26.783600 -8.732235 
-2.617994 -2.617994 -26.803796 -20.637963 -10.711102 
-2.617994 -2.356194 -24.843422 -14.584285 -12.163468 
-2.617994 -2.094395 -22.288220 -12.701558 -11.930429 
-2.617994 -1.832596 -21.944718 -9.530383 -12.212296 
-2.617994 -1.570796 -25.646201 -7.591520 -10.877428 
-2.617994 -1.308997 -34.737386 -10.036327 -10.160994 
-2.617994 -1.047198 -43.932457 -17.706802 -14.030231 
-2.617994 -0.785398 -51.217114 -24.150959 -21.770346 
-2.617994 -0.523599 -56.298647 -28.500295 -31.247675 
-2.617994 -0.261799 -57.739587 -33.647223 -38.036808 
-2.617994 0.000000 -55.071423 -34.181405 -40.134651 
-2.617994 0.261799 -48.369834 -29.420307 -37.860650 
-2.617994 0.523599 -36.933626 -24.399243 -31.746504 
-2.617994 0.785398 -23.886070 -17.762725 -23.810854 
-2.617994 1.047198 -14.366992 -10.580877 -16.872898 
-2.617994 1.308997 -10.451562 -7.988458 -13.629569 
-2.617994 1.570796 -13.069594 -9.488438 -13.661488 
-2.617994 1.832596 -21.827342 -10.718668 -12.141850 
-2.617994 2.094395 -32.669020 -10.931145 -11.001443 
-2.617994 2.356194 -39.436367 -13.334460 -11.787868 
-2.617994 2.617994 -39.316449 -17.739054 -10.642950 
-2.617994 2.879793 -35.390213 -24.185705 -8.767394 
-2.617994 3.141593 -31.630108 -30.560721 -7.833529 

-2.356194 -3.141593 -22.530220 -35.628388 -16.206626 
-2.356194 -2.879793 -20.651342 -32.037799 -17.191553 
-2.356194 -2.617994 -19.180167 -26.255359 -19.535210 
-2.356194 -2.356194 -18.427498 -22.512552 -20.867867 
-2.356194 -2.094395 -17.150792 -21.002211 -20.090216 
-2.356194 -1.832596 -18.071232 -17.517209 -19.032088 
-2.356194 -1.570796 -24.112819 -16.009588 -17.494846 
-2.356194 -1.308997 -34.598126 -19.002387 -17.277084 
-2.356194 -1.047198 -42.969266 -25.856935 -21.094744 
-2.356194 -0.785398 -49.048245 -29.562667 -28.663539 
-2.356194 -0.523599 -53.021061 -33.779209 -37.878140 
-2.356194 -0.261799 -53.000109 -38.069141 -44.044787 
-2.356194 0.000000 -49.452096 -37.539368 -46.771450 
-2.356194 0.261799 -41.340203 -33.672705 -45.416613 
-2.356194 0.523599 -30.455048 -29.890645 -39.779754 
-2.356194 0.785398 -18.157083 -23.904842 -31.590598 
-2.356194 1.047198 -9.350520 -18.009929 -25.021307 
-2.356194 1.308997 -5.952921 -16.043655 -22.107924 
-2.356194 1.570796 -8.293484 -17.046651 -21.584968 
-2.356194 1.832596 -15.406468 -17.794798 -19.098821 
-2.356194 2.094395 -25.366485 -18.941981 -18.834020 
-2.356194 2.356194 -32.079712 -20.293388 -19.423138 
-2.356194 2.617994 -31.640106 -22.851057 -18.784112 
-2.356194 2.879793 -27.288282 -28.530015 -17.148011 
-2.356194 3.141593 -22.530220 -35.628388 -16.206626 

-2.094395 -3.141593 -12.916284 -39.544585 -26.599177 
-2.094395 -2.879793 -11.127648 -38.668918 -27.909303 
-2.094395 -2.617994 -11.350600 -33.847930 -30.337487 
-2.094395 -2.356194 -11.189692 -31.013229 -31.048868 
-2.094395 -2.094395 -10.980715 -30.035297 -29.444288 
-2.094395 -1.832596 -12.365312 -27.333464 -26.485523 
-2.094395 -1.570796 -17.681990 -25.820404 -24.432422 
-2.094395 -1.308997 -28.285403 -28.312323 -25.341567 
-2.094395 -1.047198 -37.630244 -33.018024 -29.289010 
-2.094395 -0.785398 -44.292013 -35.490164 -36.488849 
-2.094395 -0.523599 -47.744762 -40.086962 -44.633264 
-2.094395 -0.261799 -47.118586 -43.694252 -49.997630 
-2.094395 0.000000 -42.523625 -43.531740 -51.910948 
-2.094395 0.261799 -34.521206 -40.254516 -50.614044 
-2.094395 0.523599 -25.310647 -36.961430 -46.524312 
-2.094395 0.785398 -15.452676 -32.559381 -39.458508 
-2.094395 1.047198 -8.206715 -27.299669 -33.651890 
-2.094395 1.308997 -4.762410 -25.081055 -30.683388 
-2.094395 1.570796 -5.545566 -25.357613 -28.903527 
-2.094395 1.832596 -10.187489 -25.759697 -26.695179 
-2.094395 2.094395 -16.224809 -27.238843 -27.240656 
-2.094395 2.356194 -20.322487 -27.711565 -28.936652 
-2.094395 2.617994 -20.405564 -28.863754 -28.440045 
-2.094395 2.879793 -16.385071 -32.775489 -27.108591 
-2.094395 3.141593 -12.916284 -39.544585 -26.599177 

-1.832596 -3.141593 -4.850002 -42.984102 -36.732392 
-1.832596 -2.879793 -4.080339 -43.878979 -38.415676 
-1.832596 -2.617994 -4.865183 -40.133922 -40.457598 
-1.832596 -2.356194 -5.377510 -38.274731 -40.422959 
-1.832596 -2.094395 -5.618082 -37.604073 -37.396763 
-1.832596 -1.832596 -7.049605 -35.891482 -33.202325 
-1.832596 -1.570796 -10.964834 -34.767530 -31.738515 
-1.832596 -1.308997 -19.807509 -36.064802 -32.800986 
-1.832596 -1.047198 -29.626829 -39.394158 -37.413799 
-1.832596 -0.785398 -37.878380 -40.289581 -44.707434 
-1.832596 -0.523599 -41.482747 -43.563553 -50.840119 
-1.832596 -0.261799 -41.287342 -46.516650 -55.086754 
-1.832596 0.000000 -37.210218 -49.403828 -56.111604 
-1.832596 0.261799 -31.678473 -47.185574 -54.499545 
-1.832596 0.523599 -25.439466 -44.291566 -51.006912 
-1.832596 0.785398 -18.787057 -40.760375 -45.891209 
-1.832596 1.047198 -12.098689 -36.952767 -40.418299 
-1.832596 1.308997 -8.420913 -33.292993 -37.027926 
-1.832596 1.570796 -7.083505 -32.661899 -35.172603 
-1.832596 1.832596 -7.862987 -33.247446 -34.048886 
-1.832596 2.094395 -9.371117 -34.836749 -35.619903 
-1.832596 2.356194 -10.870655 -35.522414 -37.367111 
-1.832596 2.617994 -10.338895 -35.290832 -37.920929 
-1.832596 2.879793 -7.520003 -37.757202 -36.612108 
-1.832596 3.141593 -4.850002 -42.984102 -36.732392 

-1.570796 -3.141593 -0.768097 -45.765279 -40.935629 
-1.570796 -2.879793 -0.906701 -47.090286 -42.580377 
-1.570796 -2.617994 -2.379398 -43.653223 -44.241653 
-1.570796 -2.356194 -4.002757 -40.645395 -43.573845 
-1.570796 -2.094395 -4.866564 -39.175620 -40.618004 
-1.570796 -1.832596 -5.650793 -37.926179 -37.076805 
-1.570796 -1.570796 -8.120431 -37.569714 -36.751434 
-1.570796 -1.308997 -13.678048 -38.461755 -37.334886 
-1.570796 -1.047198 -21.372391 -41.616201 -41.413487 
-1.570796 -0.785398 -29.063461 -41.917335 -48.410269 
-1.570796 -0.523599 -32.964440 -43.837997 -54.771975 
-1.570796 -0.261799 -34.840208 -47.543240 -57.889144 
-1.570796 0.000000 -34.461398 -52.586129 -58.110127 
-1.570796 0.261799 -32.713929 -52.959323 -56.541913 
-1.570796 0.523599 -31.462429 -50.413859 -53.497274 
-1.570796 0.785398 -28.440680 -46.444478 -48.196437 
-1.570796 1.047198 -23.197672 -42.613768 -42.777245 
-1.570796 1.308997 -15.985193 -39.036646 -39.152818 
-1.570796 1.570796 -11.403894 -37.543827 -36.790775 
-1.570796 1.832596 -7.907912 -37.379110 -36.686822 
-1.570796 2.094395 -5.830361 -38.152793 -39.446647 
-1.570796 2.356194 -5.721691 -39.942278 -40.814873 
-1.570796 2.617994 -4.800743 -39.546600 -40.940766 
-1.570796 2.879793 -2.547962 -40.874234 -40.689185 
-1.570796 3.141593 -0.768097 -45.765279 -40.935629 

-1.308997 -3.141593 -1.630714 -45.174424 -36.103130 
-1.308997 -2.879793 -3.444469 -45.143164 -38.042304 
-1.308997 -2.617994 -6.362965 -40.595643 -39.820180 
-1.308997 -2.356194 -8.605023 -36.984695 -39.460860 
-1.308997 -2.094395 -9.801829 -35.460284 -37.486716 
-1.308997 -1.832596 -9.903137 -33.443827 -36.598339 
-1.308997 -1.570796 -10.326502 -33.490977 -36.118950 
-1.308997 -1.308997 -12.195390 -35.583028 -37.348431 
-1.308997 -1.047198 -16.684825 -38.802290 -41.272888 
-1.308997 -0.785398 -21.664721 -39.521001 -47.564819 
-1.308997 -0.523599 -27.308017 -41.416300 -53.586228 
-1.308997 -0.261799 -31.288622 -46.098511 -56.410334 
-1.308997 0.000000 -34.709369 -51.936965 -56.865867 
-1.308997 0.261799 -37.887807 -52.843055 -55.383535 
-1.308997 0.523599 -39.930922 -49.450026 -51.441293 
-1.308997 0.785398 -38.615893 -45.906490 -44.710689 
-1.308997 1.047198 -34.178928 -43.149861 -39.153496 
-1.308997 1.308997 -26.057762 -39.135126 -34.586424 
-1.308997 1.570796 -15.859874 -35.939618 -32.308457 
-1.308997 1.832596 -8.846438 -33.630665 -33.843913 
-1.308997 2.094395 -6.075271 -34.550693 -35.380808 
-1.308997 2.356194 -5.282984 -37.603329 -36.865583 
-1.308997 2.617994 -3.970279 -39.499382 -36.693705 
-1.308997 2.879793 -2.163560 -41.292634 -35.731302 
-1.308997 3.141593 -1.630714 -45.174424 -36.103130 

-1.047198 -3.141593 -8.376019 -40.621776 -26.085523 
-1.047198 -2.879793 -11.965492 -39.081788 -27.231202 
-1.047198 -2.617994 -16.645054 -34.168202 -28.626628 
-1.047198 -2.356194 -20.698274 -29.630065 -29.213523 
-1.047198 -2.094395 -20.493058 -27.728514 -28.672916 
-1.047198 -1.832596 -17.928789 -26.804426 -29.249242 
-1.047198 -1.570796 -15.233599 -27.374373 -30.593394 
-1.047198 -1.308997 -14.212758 -28.024266 -31.897557 
-1.047198 -1.047198 -15.420979 -29.407689 -35.627577 
-1.047198 -0.785398 -19.424673 -32.304877 -41.984522 
-1.047198 -0.523599 -24.681051 -35.880324 -48.479678 
-1.047198 -0.261799 -31.522849 -41.132869 -51.720707 
-1.047198 0.000000 -38.480659 -47.579804 -52.724577 
-1.047198 0.261799 -42.998761 -48.907521 -51.550058 
-1.047198 0.523599 -45.317390 -45.167376 -46.833494 
-1.047198 0.785398 -45.235642 -42.213048 -38.618102 
-1.047198 1.047198 -41.069202 -38.979463 -31.338373 
-1.047198 1.308997 -32.954074 -32.744832 -26.602766 
-1.047198 1.570796 -21.586778 -27.018392 -26.407494 
-1.047198 1.832596 -13.400137 -24.361181 -27.664418 
-1.047198 2.094395 -9.806240 -25.989590 -28.060437 
-1.047198 2.356194 -9.199614 -30.725755 -28.914321 
-1.047198 2.617994 -8.096215 -33.522735 -27.963042 
-1.047198 2.879793 -7.057171 -37.391989 -26.579760 
-1.047198 3.141593 -8.376019 -40.621776 -26.085523 

-0.785398 -3.141593 -20.664920 -34.699670 -15.140985 
-0.785398 -2.879793 -26.046984 -31.544416 -16.174083 
-0.785398 -2.617994 -32.174079 -25.321721 -17.843686 
-0.785398 -2.356194 -35.758128 -21.082180 -18.522742 
-0.785398 -2.094395 -33.358601 -19.048517 -18.898403 
-0.785398 -1.832596 -26.301897 -19.291508 -20.022924 
-0.785398 -1.570796 -19.496103 -19.692763 -22.243896 
-0.785398 -1.308997 -15.615856 -17.405478 -24.233938 
-0.785398 -1.047198 -16.135327 -18.536700 -26.982008 
-0.785398 -0.785398 -20.421990 -23.539295 -32.935107 
-0.785398 -0.523599 -27.945976 -28.802236 -40.224986 
-0.785398 -0.261799 -35.888257 -34.985148 -44.832537 
-0.785398 0.000000 -42.327783 -42.550850 -45.647974 
-0.785398 0.261799 -47.036745 -45.057038 -44.687543 
-0.785398 0.523599 -48.369199 -40.542888 -40.353432 
-0.785398 0.785398 -48.836454 -37.150995 -30.806973 
-0.785398 1.047198 -46.502919 -32.162631 -22.536845 
-0.785398 1.308997 -39.595279 -22.355435 -18.353911 
-0.785398 1.570796 -27.876294 -15.246256 -18.796757 
-0.785398 1.832596 -19.936307 -13.803963 -19.177787 
-0.785398 2.094395 -17.782101 -17.216521 -19.186815 
-0.785398 2.356194 -17.995066 -23.536820 -19.231205 
-0.785398 2.617994 -17.589483 -26.182863 -17.849424 
-0.785398 2.879793 -17.867753 -30.850875 -15.741489 
-0.785398 3.141593 -20.664920 -34.699670 -15.140985 

-0.523599 -3.141593 -36.210620 -28.206877 -6.861617 
-0.523599 -2.879793 -42.511444 -23.652948 -7.729080 
-0.523599 -2.617994 -47.584725 -17.688243 -9.558997 
-0.523599 -2.356194 -47.524298 -13.789097 -10.844809 
-0.523599 -2.094395 -42.805381 -12.130190 -11.227598 
-0.523599 -1.832596 -32.482773 -13.517338 -12.203581 
-0.523599 -1.570796 -23.758679 -10.610788 -14.560967 
-0.523599 -1.308997 -19.530944 -8.508065 -16.992672 
-0.523599 -1.047198 -20.726901 -10.901606 -19.550081 
-0.523599 -0.785398 -26.267167 -17.702092 -25.168064 
-0.523599 -0.523599 -33.222307 -24.169349 -31.937799 
-0.523599 -0.261799 -40.135890 -31.821140 -36.484227 
-0.523599 0.000000 -45.160630 -40.427567 -38.517287 
-0.523599 0.261799 -48.680290 -41.478452 -38.048129 
-0.523599 0.523599 -50.857766 -36.648544 -33.396890 
-0.523599 0.785398 -50.097391 -31.821294 -23.841985 
-0.523599 1.047198 -47.265938 -23.508727 -15.382389 
-0.523599 1.308997 -41.542062 -12.030545 -11.752836 
-0.523599 1.570796 -31.382946 -6.068561 -12.578298 
-0.523599 1.832596 -26.620038 -6.305172 -11.515927 
-0.523599 2.094395 -27.243534 -11.607954 -11.556891 
-0.523599 2.356194 -29.472394 -17.416008 -11.070023 
-0.523599 2.617994 -30.521143 -19.529454 -9.502608 
-0.523599 2.879793 -32.204745 -25.142239 -7.441788 
-0.523599 3.141593 -36.210620 -28.206877 -6.861617 

-0.261799 -3.141593 -51.349830 -23.151057 -1.755038 
-0.261799 -2.879793 -54.440693 -18.763622 -2.865585 
-0.261799 -2.617994 -55.839100 -13.494202 -4.715831 
-0.261799 -2.356194 -53.620897 -9.312801 -5.952662 
-0.261799 -2.094395 -46.733006 -8.935770 -6.537079 
-0.261799 -1.832596 -36.593773 -8.481458 -7.452382 
-0.261799 -1.570796 -28.664747 -3.479732 -9.639008 
-0.261799 -1.308997 -26.121252 -2.958559 -10.889785 
-0.261799 -1.047198 -28.695396 -7.743282 -13.851989 
-0.261799 -0.785398 -34.293052 -16.716583 -20.347258 
-0.261799 -0.523599 -39.438703 -24.469952 -26.937961 
-0.261799 -0.261799 -43.401311 -32.555933 -31.238646 
-0.261799 0.000000 -46.219782 -40.039877 -33.499651 
-0.261799 0.261799 -48.257517 -38.345215 -33.146453 
-0.261799 0.523599 -49.166045 -32.338946 -28.918588 
-0.261799 0.785398 -48.004416 -25.969647 -19.768301 
-0.261799 1.047198 -43.807387 -14.902790 -11.877012 
-0.261799 1.308997 -38.426958 -4.656892 -8.238278 
-0.261799 1.570796 -32.780123 -0.953491 -9.311278 
-0.261799 1.832596 -32.855691 -2.971818 -7.226366 
-0.261799 2.094395 -37.041797 -9.375520 -6.205000 
-0.261799 2.356194 -41.930211 -11.298008 -5.904967 
-0.261799 2.617994 -44.619511 -14.220683 -4.483241 
-0.261799 2.879793 -47.640503 -20.200864 -2.557522 
-0.261799 3.141593 -51.349830 -23.151057 -1.755038 

0.000000 -3.141593 -56.670312 -20.555709 0.000000 
0.000000 -2.879793 -56.114715 -17.763190 -0.941742 
0.000000 -2.617994 -55.321491 -12.939608 -2.831050 
0.000000 -2.356194 -51.844746 -9.038736 -4.515562 
0.000000 -2.094395 -45.132152 -9.179773 -5.099846 
0.000000 -1.832596 -37.053446 -3.890688 -6.462237 
0.000000 -1.570796 -32.468950 -0.038430 -7.419298 
0.000000 -1.308997 -33.442604 -1.600122 -6.934447 
0.000000 -1.047198 -38.226360 -8.673537 -10.088959 
0.000000 -0.785398 -42.124369 -20.093045 -17.328759 
0.000000 -0.523599 -44.701278 -27.623110 -24.792994 
0.000000 -0.261799 -46.247635 -35.939722 -29.976521 
0.000000 0.000000 -46.489676 -39.395681 -31.818865 
0.000000 0.261799 -46.312510 -34.596188 -31.433653 
0.000000 0.523599 -44.925691 -27.876371 -26.871452 
0.000000 0.785398 -42.068234 -20.641172 -18.987496 
0.000000 1.047198 -37.507943 -9.052203 -11.640828 
0.000000 1.308997 -32.866035 -1.411746 -8.775863 
0.000000 1.570796 -32.750147 0.000000 -9.008578 
0.000000 1.832596 -37.643278 -3.584229 -6.021768 
0.000000 2.094395 -45.688362 -8.346807 -4.445314 
0.000000 2.356194 -52.195965 -7.428048 -3.664337 
0.000000 2.617994 -55.711761 -10.689329 -2.580009 
0.000000 2.879793 -57.143481 -16.142439 -1.004007 
0.000000 3.141593 -56.670312 -20.555709 -0.000000 

0.261799 -3.141593 -49.505710 -20.592321 -1.227073 
0.261799 -2.879793 -46.291152 -19.435410 -2.157440 
0.261799 -2.617994 -43.842521 -14.955024 -4.183158 
0.261799 -2.356194 -41.790481 -12.450242 -5.779972 
0.261799 -2.094395 -37.219705 -9.567957 -6.434925 
0.261799 -1.832596 -33.499337 -2.730614 -7.909569 
0.261799 -1.570796 -33.900143 -0.472244 -7.701354 
0.261799 -1.308997 -39.580625 -4.422853 -5.977191 
0.261799 -1.047198 -44.276244 -13.751791 -9.150651 
0.261799 -0.785398 -47.452088 -25.116628 -16.995564 
0.261799 -0.523599 -48.063059 -32.659697 -25.927279 
0.261799 -0.261799 -47.360981 -39.652104 -31.937149 
0.261799 0.000000 -45.436462 -38.289990 -33.900346 
0.261799 0.261799 -43.179863 -31.887641 -31.937863 
0.261799 0.523599 -39.827202 -23.912427 -27.632363 
0.261799 0.785398 -34.476678 -16.683959 -20.898390 
0.261799 1.047198 -29.598920 -6.691028 -14.622418 
0.261799 1.308997 -26.608266 -2.329066 -12.290461 
0.261799 1.570796 -29.839868 -2.914393 -11.477580 
0.261799 1.832596 -38.421516 -7.834148 -7.945952 
0.261799 2.094395 -47.691733 -7.303432 -5.453053 
0.261799 2.356194 -54.285489 -6.956716 -4.722087 
0.261799 2.617994 -55.912395 -9.857360 -3.833396 
0.261799 2.879793 -53.429113 -14.648464 -2.311860 
0.261799 3.141593 -49.505710 -20.592321 -1.227073 

0.523599 -3.141593 -35.191666 -24.007241 -5.794058 
0.523599 -2.879793 -31.140722 -23.111972 -6.620985 
0.523599 -2.617994 -29.546875 -19.068934 -9.021758 
0.523599 -2.356194 -28.949308 -17.922099 -10.355017 
0.523599 -2.094395 -27.208423 -11.198635 -10.729403 
0.523599 -1.832596 -27.106103 -5.646332 -12.293984 
0.523599 -1.570796 -31.804425 -5.250829 -10.451448 
0.523599 -1.308997 -41.920028 -11.049797 -8.372138 
0.523599 -1.047198 -46.102787 -21.521701 -11.478547 
0.523599 -0.785398 -48.895299 -29.932227 -19.762340 
0.523599 -0.523599 -48.673832 -37.192977 -29.793383 
0.523599 -0.261799 -46.429153 -42.305525 -35.968323 
0.523599 0.000000 -43.458904 -37.503473 -38.477410 
0.523599 0.261799 -39.072747 -30.195545 -36.771305 
0.523599 0.523599 -34.276876 -22.901945 -31.532721 
0.523599 0.785398 -27.439005 -16.186991 -24.615530 
0.523599 1.047198 -22.200112 -9.103399 -19.167758 
0.523599 1.308997 -21.560951 -7.104361 -17.065073 
0.523599 1.570796 -25.822434 -9.476679 -15.844055 
0.523599 1.832596 -34.296750 -12.247287 -11.992140 
0.523599 2.094395 -42.706159 -9.537074 -9.719217 
0.523599 2.356194 -47.761628 -9.755788 -9.166272 
0.523599 2.617994 -46.063318 -11.995026 -8.426194 
0.523599 2.879793 -40.787119 -17.098223 -6.590805 
0.523599 3.141593 -35.191666 -24.007241 -5.794058 

0.785398 -3.141593 -19.119703 -30.325805 -13.620634 
0.785398 -2.879793 -16.573893 -28.013088 -14.209166 
0.785398 -2.617994 -16.553376 -24.553921 -16.290506 
0.785398 -2.356194 -17.040804 -22.842895 -17.633084 
0.785398 -2.094395 -17.128853 -16.000042 -17.632419 
0.785398 -1.832596 -19.398592 -12.380416 -18.527422 
0.785398 -1.570796 -26.889087 -13.877903 -16.218702 
0.785398 -1.308997 -38.614575 -20.806556 -14.064899 
0.785398 -1.047198 -45.333533 -28.163017 -17.486769 
0.785398 -0.785398 -47.453729 -34.244383 -25.737194 
0.785398 -0.523599 -47.440243 -40.316388 -35.958681 
0.785398 -0.261799 -45.546099 -44.401773 -41.688807 
0.785398 0.000000 -41.555509 -38.801828 -44.214698 
0.785398 0.261799 -36.188716 -31.385157 -42.887151 
0.785398 0.523599 -29.736772 -25.825679 -37.204936 
0.785398 0.785398 -22.805864 -20.659535 -30.352604 
0.785398 1.047198 -18.899787 -15.989341 -24.619276 
0.785398 1.308997 -18.609890 -15.244501 -22.239430 
0.785398 1.570796 -22.544814 -17.719709 -21.486560 
0.785398 1.832596 -28.188645 -17.219009 -18.717081 
0.785398 2.094395 -32.755130 -15.551941 -16.670577 
0.785398 2.356194 -34.004739 -15.666241 -16.685878 
0.785398 2.617994 -30.715135 -17.861047 -15.954636 
0.785398 2.879793 -24.246879 -23.146435 -14.305015 
0.785398 3.141593 -19.119703 -30.325805 -13.620634 

1.047198 -3.141593 -6.986310 -37.474574 -23.515070 
1.047198 -2.879793 -5.919558 -33.450327 -24.367405 
1.047198 -2.617994 -7.147412 -31.093578 -25.406580 
1.047198 -2.356194 -8.474548 -29.125592 -26.839539 
1.047198 -2.094395 -9.032587 -24.072552 -27.179868 
1.047198 -1.832596 -12.197296 -22.179135 -26.631537 
1.047198 -1.570796 -20.507837 -24.445585 -23.967139 
1.047198 -1.308997 -31.185656 -30.318693 -22.144535 
1.047198 -1.047198 -39.847729 -34.063942 -25.742135 
1.047198 -0.785398 -43.789071 -38.460284 -34.044683 
1.047198 -0.523599 -44.168836 -43.473866 -43.047815 
1.047198 -0.261799 -41.727419 -47.355151 -48.181878 
1.047198 0.000000 -37.909287 -45.102179 -50.222252 
1.047198 0.261799 -32.191066 -38.822896 -48.992249 
1.047198 0.523599 -27.029964 -32.722892 -43.974474 
1.047198 0.785398 -22.596276 -28.904049 -37.973289 
1.047198 1.047198 -19.603639 -25.752235 -32.284654 
1.047198 1.308997 -18.131626 -25.114678 -28.902951 
1.047198 1.570796 -18.567624 -25.422536 -28.616034 
1.047198 1.832596 -18.963448 -24.685477 -26.636020 
1.047198 2.094395 -19.779967 -23.747743 -25.295814 
1.047198 2.356194 -18.992224 -23.999968 -26.186624 
1.047198 2.617994 -15.724676 -26.461463 -25.939744 
1.047198 2.879793 -10.677964 -31.856277 -24.566173 
1.047198 3.141593 -6.986310 -37.474574 -23.515070 

1.308997 -3.141593 -0.395173 -44.361553 -33.922690 
1.308997 -2.879793 -0.861514 -40.514027 -34.921551 
1.308997 -2.617994 -2.897564 -37.801655 -35.474854 
1.308997 -2.356194 -4.505421 -36.142053 -36.134276 
1.308997 -2.094395 -5.097976 -33.019980 -35.932349 
1.308997 -1.832596 -8.151729 -32.284111 -34.236791 
1.308997 -1.570796 -14.236890 -33.475405 -31.950831 
1.308997 -1.308997 -22.002389 -36.123958 -31.067977 
1.308997 -1.047198 -30.728173 -38.913741 -34.984793 
1.308997 -0.785398 -36.122207 -42.489138 -42.483349 
1.308997 -0.523599 -37.293389 -46.046349 -49.511933 
1.308997 -0.261799 -35.271773 -49.742392 -54.292368 
1.308997 0.000000 -32.233012 -50.446603 -55.523360 
1.308997 0.261799 -30.589736 -46.475275 -54.394094 
1.308997 0.523599 -29.716471 -41.767828 -50.746741 
1.308997 0.785398 -27.256521 -38.411425 -44.695582 
1.308997 1.047198 -21.853811 -35.635871 -39.093238 
1.308997 1.308997 -16.769205 -33.848000 -36.408246 
1.308997 1.570796 -12.887386 -33.284958 -35.273485 
1.308997 1.832596 -10.391430 -33.152407 -33.561961 
1.308997 2.094395 -9.190068 -32.944604 -33.886932 
1.308997 2.356194 -8.127135 -32.992987 -35.748359 
1.308997 2.617994 -5.630635 -36.278026 -36.345544 
1.308997 2.879793 -2.357135 -41.026582 -34.717575 
1.308997 3.141593 -0.395173 -44.361553 -33.922690 

1.570796 -3.141593 0.000000 -49.524311 -40.377179 
1.570796 -2.879793 -1.969756 -45.409645 -41.144879 
1.570796 -2.617994 -4.948802 -42.029725 -42.206977 
1.570796 -2.356194 -6.101146 -40.067667 -41.796149 
1.570796 -2.094395 -6.400720 -38.010123 -40.955440 
1.570796 -1.832596 -7.215162 -36.885495 -38.843103 
1.570796 -1.570796 -10.390135 -36.898822 -37.898906 
1.570796 -1.308997 -13.784388 -38.706764 -37.763017 
1.570796 -1.047198 -20.047853 -40.094521 -42.205418 
1.570796 -0.785398 -26.696469 -43.584637 -48.237926 
1.570796 -0.523599 -29.339923 -47.047735 -53.695582 
1.570796 -0.261799 -29.551447 -51.155687 -57.750053 
1.570796 0.000000 -31.038691 -53.284424 -58.394268 
1.570796 0.261799 -34.202273 -51.174125 -57.193614 
1.570796 0.523599 -35.758432 -47.900849 -53.417525 
1.570796 0.785398 -32.465534 -45.764336 -47.746870 
1.570796 1.047198 -24.961089 -42.641998 -43.130106 
1.570796 1.308997 -16.724884 -40.331845 -40.270512 
1.570796 1.570796 -9.901145 -39.850046 -37.400290 
1.570796 1.832596 -6.216140 -39.972056 -36.468370 
1.570796 2.094395 -4.424453 -40.616402 -39.564188 
1.570796 2.356194 -3.486809 -40.686126 -42.671472 
1.570796 2.617994 -1.966838 -43.405583 -42.951440 
1.570796 2.879793 -0.349311 -47.755127 -41.479819 
1.570796 3.141593 -0.000000 -49.524311 -40.377179 

1.832596 -3.141593 -5.170838 -49.050036 -39.359320 
1.832596 -2.879793 -8.126860 -43.978176 -39.720912 
1.832596 -2.617994 -11.659232 -39.629647 -40.200658 
1.832596 -2.356194 -12.420851 -37.092391 -40.114186 
1.832596 -2.094395 -10.760290 -35.495703 -39.447797 
1.832596 -1.832596 -8.760671 -34.947215 -37.487206 
1.832596 -1.570796 -7.071826 -34.621162 -37.505432 
1.832596 -1.308997 -7.650248 -35.703711 -38.074300 
1.832596 -1.047198 -11.338948 -38.444742 -42.336339 
1.832596 -0.785398 -17.952532 -40.866129 -47.859405 
1.832596 -0.523599 -24.037934 -43.788555 -53.416285 
1.832596 -0.261799 -29.642333 -47.672703 -56.973343 
1.832596 0.000000 -35.230545 -51.559019 -58.213942 
1.832596 0.261799 -39.434379 -50.991960 -55.982367 
1.832596 0.523599 -40.746256 -48.852111 -51.515220 
1.832596 0.785398 -37.935496 -45.818999 -45.491697 
1.832596 1.047198 -30.952571 -41.769894 -39.599741 
1.832596 1.308997 -20.817734 -39.036651 -35.491380 
1.832596 1.570796 -11.676532 -38.802710 -33.433397 
1.832596 1.832596 -6.303903 -39.468089 -34.976776 
1.832596 2.094395 -5.088503 -41.269840 -39.457508 
1.832596 2.356194 -5.076127 -42.336499 -42.662249 
1.832596 2.617994 -4.712138 -45.235318 -42.462750 
1.832596 2.879793 -4.026630 -48.719415 -40.579108 
1.832596 3.141593 -5.170838 -49.050036 -39.359320 

2.094395 -3.141593 -13.750723 -44.693631 -29.295649 
2.094395 -2.879793 -17.724212 -39.586990 -29.545441 
2.094395 -2.617994 -21.618361 -33.747408 -30.335414 
2.094395 -2.356194 -21.427097 -31.000164 -30.808444 
2.094395 -2.094395 -17.612778 -29.378752 -30.521191 
2.094395 -1.832596 -11.395954 -28.555436 -30.346908 
2.094395 -1.570796 -6.164336 -27.718533 -31.534187 
2.094395 -1.308997 -4.770576 -27.464696 -32.450197 
2.094395 -1.047198 -7.903821 -29.964959 -35.797110 
2.094395 -0.785398 -15.347810 -33.859939 -41.270960 
2.094395 -0.523599 -25.044014 -37.138187 -47.737933 
2.094395 -0.261799 -34.821432 -41.411983 -52.283920 
2.094395 0.000000 -42.598875 -45.539537 -53.543968 
2.094395 0.261799 -46.222454 -46.487864 -51.433354 
2.094395 0.523599 -46.641209 -43.783636 -46.737545 
2.094395 0.785398 -43.174231 -40.805801 -39.539267 
2.094395 1.047198 -36.308608 -36.191779 -33.142685 
2.094395 1.308997 -26.932653 -31.209500 -28.706342 
2.094395 1.570796 -16.647029 -28.922673 -27.191776 
2.094395 1.832596 -11.342732 -30.372537 -28.989078 
2.094395 2.094395 -10.307314 -33.710824 -31.984776 
2.094395 2.356194 -11.187765 -35.357115 -33.746170 
2.094395 2.617994 -11.890600 -38.662905 -32.523432 
2.094395 2.879793 -11.956100 -42.937198 -30.384104 
2.094395 3.141593 -13.750723 -44.693631 -29.295649 

2.356194 -3.141593 -23.370054 -37.790832 -17.756266 
2.356194 -2.879793 -28.242212 -32.027670 -18.224244 
2.356194 -2.617994 -32.203796 -25.450066 -19.593789 
2.356194 -2.356194 -32.939319 -21.792976 -20.667725 
2.356194 -2.094395 -26.258769 -19.907459 -20.419724 
2.356194 -1.832596 -15.649206 -19.748418 -21.128500 
2.356194 -1.570796 -8.028603 -18.649004 -23.521816 
2.356194 -1.308997 -5.427612 -17.682027 -24.016521 
2.356194 -1.047198 -8.587450 -19.892977 -26.583326 
2.356194 -0.785398 -17.494936 -24.745688 -32.044168 
2.356194 -0.523599 -30.211163 -28.716478 -39.176699 
2.356194 -0.261799 -42.281163 -33.710910 -44.575886 
2.356194 0.000000 -49.766233 -39.483880 -46.490060 
2.356194 0.261799 -52.579744 -41.491556 -45.256074 
2.356194 0.523599 -51.348561 -38.228450 -40.334002 
2.356194 0.785398 -47.024750 -34.468613 -31.501012 
2.356194 1.047198 -39.949717 -27.059960 -23.356571 
2.356194 1.308997 -31.277120 -19.607831 -19.043110 
2.356194 1.570796 -21.472613 -17.235307 -19.211793 
2.356194 1.832596 -16.122194 -19.336449 -20.659821 
2.356194 2.094395 -15.871754 -23.802948 -21.864391 
2.356194 2.356194 -17.708118 -25.977014 -22.750119 
2.356194 2.617994 -19.617789 -30.865547 -21.252453 
2.356194 2.879793 -20.886297 -36.522978 -18.748076 
2.356194 3.141593 -23.370054 -37.790832 -17.756266 

2.617994 -3.141593 -31.340621 -31.427898 -8.149087 
2.617994 -2.879793 -36.287569 -24.608936 -8.941169 
2.617994 -2.617994 -40.402259 -18.238152 -10.553748 
2.617994 -2.356194 -40.884233 -13.717811 -11.827539 
2.617994 -2.094395 -32.696123 -11.846935 -11.946739 
2.617994 -1.832596 -20.052965 -11.921973 -13.001634 
2.617994 -1.570796 -11.319341 -10.809715 -15.594951 
2.617994 -1.308997 -8.711561 -9.514438 -16.062206 
2.617994 -1.047198 -12.864192 -11.890700 -18.386822 
2.617994 -0.785398 -23.257998 -17.726314 -23.882742 
2.617994 -0.523599 -37.059909 -22.516581 -30.655254 
2.617994 -0.261799 -49.369677 -28.702190 -36.819354 
2.617994 0.000000 -56.038554 -35.218770 -39.357846 
2.617994 0.261799 -57.446543 -37.356457 -38.261801 
2.617994 0.523599 -54.061616 -33.612611 -32.899065 
2.617994 0.785398 -48.305123 -28.269019 -23.302012 
2.617994 1.047198 -40.163228 -17.540144 -15.096289 
2.617994 1.308997 -30.532154 -9.262396 -11.293016 
2.617994 1.570796 -21.944820 -7.340185 -11.992538 
2.617994 1.832596 -18.855801 -10.643310 -13.491377 
2.617994 2.094395 -20.419594 -15.310164 -13.193341 
2.617994 2.356194 -23.895553 -18.073788 -13.360494 
2.617994 2.617994 -27.064630 -24.700786 -11.666316 
2.617994 2.879793 -28.383585 -30.622692 -9.314712 
2.617994 3.141593 -31.340621 -31.427898 -8.149087 

2.879793 -3.141593 -36.585303 -26.731113 -2.210195 
2.879793 -2.879793 -39.470979 -20.194150 -2.943544 
2.879793 -2.617994 -42.449345 -13.863571 -5.024507 
2.879793 -2.356194 -42.330705 -8.898244 -6.011682 
2.879793 -2.094395 -34.040419 -6.469440 -6.443271 
2.879793 -1.832596 -22.361232 -6.726039 -7.705918 
2.879793 -1.570796 -15.381535 -4.874657 -9.312072 
2.879793 -1.308997 -14.560658 -4.094401 -9.818164 
2.879793 -1.047198 -19.988742 -7.591928 -12.809871 
2.879793 -0.785398 -31.512167 -14.776281 -18.818621 
2.879793 -0.523599 -45.794833 -20.294421 -25.485994 
2.879793 -0.261799 -56.270393 -27.102049 -30.694886 
2.879793 0.000000 -60.304739 -33.223836 -33.429642 
2.879793 0.261799 -58.879535 -33.489151 -32.538443 
2.879793 0.523599 -53.801350 -28.925763 -27.460853 
2.879793 0.785398 -45.283558 -22.085724 -18.269820 
2.879793 1.047198 -35.280700 -10.171724 -10.234854 
2.879793 1.308997 -26.247349 -2.573988 -6.460465 
2.879793 1.570796 -21.503058 -1.473584 -6.938018 
2.879793 1.832596 -21.779331 -5.530729 -8.610848 
2.879793 2.094395 -25.449552 -9.069252 -7.614198 
2.879793 2.356194 -30.216701 -12.408191 -7.196217 
2.879793 2.617994 -34.883398 -19.534342 -5.471152 
2.879793 2.879793 -35.688305 -26.165952 -3.326416 
2.879793 3.141593 -36.585303 -26.731113 -2.210195 

3.141593 -3.141593 -39.483430 -25.469364 -0.446637 
3.141593 -2.879793 -39.406588 -19.937853 -1.162957 
3.141593 -2.617994 -39.885079 -13.304383 -3.027403 
3.141593 -2.356194 -38.219214 -7.738536 -4.301352 
3.141593 -2.094395 -31.934302 -4.781563 -4.823517 
3.141593 -1.832596 -24.565009 -4.681936 -5.952858 
3.141593 -1.570796 -21.360151 -1.875350 -6.207145 
3.141593 -1.308997 -22.999673 -2.106444 -6.095979 
3.141593 -1.047198 -30.053000 -7.512258 -9.483660 
3.141593 -0.785398 -42.213025 -15.784021 -16.911418 
3.141593 -0.523599 -53.735216 -21.229553 -24.400611 
3.141593 -0.261799 -60.511974 -28.054297 -29.634308 
3.141593 0.000000 -61.914646 -32.495952 -31.712122 
3.141593 0.261799 -58.521066 -30.026459 -30.635805 
3.141593 0.523599 -50.558364 -24.929869 -25.170851 
3.141593 0.785398 -39.816897 -17.301310 -16.316372 
3.141593 1.047198 -28.256216 -6.332927 -8.864020 
3.141593 1.308997 -21.962733 -0.213875 -5.372159 
3.141593 1.570796 -21.384136 -0.430636 -5.547024 
3.141593 1.832596 -25.096895 -4.239280 -6.498648 
3.141593 2.094395 -32.694705 -5.733236 -5.362581 
3.141593 2.356194 -38.298535 -9.400502 -5.019740 
3.141593 2.617994 -40.155508 -15.982048 -3.576794 
3.141593 2.879793 -40.314511 -22.936192 -1.380956 
3.141593 3.141593 -39.483430 -25.469364 -0.446637 

