-3.141593 -0.880258 -21.269846 0.000000 0.755287 0.080022 0.000000
-2.879793 -2.678536 -18.040694 -0.897241 0.786301 0.110526 0.074536
-2.617994 -7.834801 -12.639421 -2.848918 0.789717 0.184132 0.111302
-2.356194 -15.758482 -8.281617 -4.248933 0.716813 0.341020 0.106251
-2.094395 -24.518458 -6.266113 -4.699419 0.753040 0.495420 0.143278
-1.832596 -31.456241 -3.173085 -5.583427 0.679239 0.187352 0.148175
-1.570796 -34.702020 -0.336298 -6.333664 0.869994 0.193274 0.177229
-1.308997 -31.543089 -1.646975 -5.935052 0.673848 0.236120 0.224794
-1.047198 -24.397279 -7.306777 -9.284712 0.256407 0.401220 0.233444
-0.785398 -14.588422 -15.474292 -16.675036 0.063526 0.345005 0.162954
-0.523599 -6.592467 -21.283537 -23.907556 0.071174 0.412723 0.213111
-0.261799 -1.683799 -28.377931 -28.122878 0.047830 0.691685 0.187914
0.000000 0.000000 -32.858008 -29.746844 0.024836 0.649058 0.286636
0.261799 -1.185318 -28.171780 -29.643273 0.049833 0.447738 0.643720
0.523599 -5.455102 -22.328240 -25.390398 0.091915 0.221258 0.076271
0.785398 -12.784098 -15.605298 -17.479023 0.106890 0.107895 0.305537
1.047198 -21.857010 -6.384839 -9.974949 0.169339 0.165999 0.371016
1.308997 -30.578693 -0.801492 -6.802439 0.130361 0.109774 0.406023
1.570796 -34.697429 0.000000 -7.172545 0.686079 0.000000 0.411800
1.832596 -33.127671 -3.128725 -6.181393 1.044055 0.077050 0.080344
2.094395 -27.414863 -6.108093 -4.520639 0.988710 0.306746 0.065698
2.356194 -17.335356 -7.689083 -4.020634 0.838222 0.162527 0.070682
2.617994 -8.398974 -11.192211 -2.779109 0.771208 0.135729 0.058609
2.879793 -2.678860 -16.277458 -0.941158 0.741494 0.156270 0.036107
3.141593 -0.880258 -21.269846 -0.000000 0.755287 0.080022 0.000000
