# restart           False
# num_threads       6
# neurons           [200, 200, 200, 200]
# batch size        128
# num_epoch         12000
# use_mix           False
# old_ratio         7
# lr_0              0.0006
# decay_steps       80
# decay_steps_inner 0
# decay_rate        0.96
# resnet            True
# graph_file        None
Begin to optimize
# start training from scratch
epoch:   0, ab_err: 3.7695e-01, rel_err: 3.0863e+00, lr: 6.0000e-04
epoch: 200, ab_err: 8.1242e-02, rel_err: 2.7527e-01, lr: 5.5296e-04
epoch: 400, ab_err: 8.1043e-02, rel_err: 3.0306e-01, lr: 4.8922e-04
epoch: 600, ab_err: 6.8341e-02, rel_err: 2.3619e-01, lr: 4.5087e-04
epoch: 800, ab_err: 7.5147e-02, rel_err: 2.4737e-01, lr: 3.9890e-04
epoch: 1000, ab_err: 7.6002e-02, rel_err: 2.9976e-01, lr: 3.6763e-04
epoch: 1200, ab_err: 7.9862e-02, rel_err: 2.7177e-01, lr: 3.2525e-04
epoch: 1400, ab_err: 6.2539e-02, rel_err: 2.4455e-01, lr: 2.9975e-04
epoch: 1600, ab_err: 6.4397e-02, rel_err: 2.4985e-01, lr: 2.6520e-04
epoch: 1800, ab_err: 6.1343e-02, rel_err: 2.0151e-01, lr: 2.4441e-04
epoch: 2000, ab_err: 6.5014e-02, rel_err: 2.4443e-01, lr: 2.1624e-04
epoch: 2200, ab_err: 6.1830e-/home/linfengz/SCR/softwares/tf_venv_r1.8/lib/python3.6/site-packages/tensorflow/python/framework/dtypes.py:519: FutureWarning: Passing (type, 1) or '1type' as a synonym of type is deprecated; in a future version of numpy, it will be understood as (type, (1,)) / '(1,)type'.
  _np_qint8 = np.dtype([("qint8", np.int8, 1)])
/home/linfengz/SCR/softwares/tf_venv_r1.8/lib/python3.6/site-packages/tensorflow/python/framework/dtypes.py:520: FutureWarning: Passing (type, 1) or '1type' as a synonym of type is deprecated; in a future version of numpy, it will be understood as (type, (1,)) / '(1,)type'.
  _np_quint8 = np.dtype([("quint8", np.uint8, 1)])
/home/linfengz/SCR/softwares/tf_venv_r1.8/lib/python3.6/site-packages/tensorflow/python/framework/dtypes.py:521: FutureWarning: Passing (type, 1) or '1type' as a synonym of type is deprecated; in a future version of numpy, it will be understood as (type, (1,)) / '(1,)type'.
  _np_qint16 = np.dtype([("qint16", np.int16, 1)])
/home/linfengz/SCR/softwares/tf_venv_r1.8/lib/python3.6/site-packages/tensorflow/python/framework/dtypes.py:522: FutureWarning: Passing (type, 1) or '1type' as a synonym of type is deprecated; in a future version of numpy, it will be understood as (type, (1,)) / '(1,)type'.
  _np_quint16 = np.dtype([("quint16", np.uint16, 1)])
/home/linfengz/SCR/softwares/tf_venv_r1.8/lib/python3.6/site-packages/tensorflow/python/framework/dtypes.py:523: FutureWarning: Passing (type, 1) or '1type' as a synonym of type is deprecated; in a future version of numpy, it will be understood as (type, (1,)) / '(1,)type'.
  _np_qint32 = np.dtype([("qint32", np.int32, 1)])
/home/linfengz/SCR/softwares/tf_venv_r1.8/lib/python3.6/site-packages/tensorflow/python/framework/dtypes.py:528: FutureWarning: Passing (type, 1) or '1type' as a synonym of type is deprecated; in a future version of numpy, it will be understood as (type, (1,)) / '(1,)type'.
  np_resource = np.dtype([("resource", np.ubyte, 1)])
: 1.1441e-05
epoch: 8000, ab_err: 4.1329e-02, rel_err: 1.4129e-01, lr: 1.0122e-05
epoch: 8200, ab_err: 3.9807e-02, rel_err: 1.4164e-01, lr: 9.3286e-06
epoch: 8400, ab_err: 4.9366e-02, rel_err: 1.7295e-01, lr: 8.2533e-06
epoch: 8600, ab_err: 4.0950e-02, rel_err: 1.8263e-01, lr: 7.6063e-06
epoch: 8800, ab_err: 4.1595e-02, rel_err: 1.3594e-01, lr: 6.7295e-06
epoch: 9000, ab_err: 4.5012e-02, rel_err: 1.8038e-01, lr: 6.2020e-06
epoch: 9200, ab_err: 4.9575e-02, rel_err: 1.7555e-01, lr: 5.4871e-06
epoch: 9400, ab_err: 4.5343e-02, rel_err: 1.3886e-01, lr: 5.0569e-06
epoch: 9600, ab_err: 4.1682e-02, rel_err: 1.4767e-01, lr: 4.4740e-06
epoch: 9800, ab_err: 3.9037e-02, rel_err: 1.5915e-01, lr: 4.1233e-06
epoch: 10000, ab_err: 4.2867e-02, rel_err: 1.5438e-01, lr: 3.6480e-06
epoch: 10200, ab_err: 4.0807e-02, rel_err: 1.4856e-01, lr: 3.3620e-06
epoch: 10400, ab_err: 3.9619e-02, rel_err: 1.6278e-01, lr: 2.9745e-06
epoch: 10600, ab_err: 4.0094e-02, rel_err: 1.4145e-01, lr: 2.7413e-06
epoch: 10800, ab_err: 5.2042e-02, rel_err: 2.0248e-01, lr: 2.4253e-06
epoch: 11000, ab_err: 4.2688e-02, rel_err: 1.4976e-01, lr: 2.2352e-06
epoch: 11200, ab_err: 4.1288e-02, rel_err: 1.4087e-01, lr: 1.9775e-06
epoch: 11400, ab_err: 4.3682e-02, rel_err: 1.5711e-01, lr: 1.8225e-06
epoch: 11600, ab_err: 4.2917e-02, rel_err: 1.6034e-01, lr: 1.6124e-06
epoch: 11800, ab_err: 4.8846e-02, rel_err: 1.8182e-01, lr: 1.4860e-06
epoch: 12000, ab_err: 3.5978e-02, rel_err: 1.1585e-01, lr: 1.3147e-06
running time: 4555.069 s
