# restart           False
# num_threads       6
# neurons           [200, 200, 200, 200]
# batch size        128
# num_epoch         12000
# use_mix           False
# old_ratio         7
# lr_0              0.0006
# decay_steps       80
# decay_steps_inner 0
# decay_rate        0.96
# resnet            True
# graph_file        None
Begin to optimize
# start training from scratch
epoch:   0, ab_err: 3.7236e-01, rel_err: 5.4453e+00, lr: 6.0000e-04
epoch: 200, ab_err: 8.9823e-02, rel_err: 3.1110e-01, lr: 5.5296e-04
epoch: 400, ab_err: 8.3577e-02, rel_err: 2.7834e-01, lr: 4.8922e-04
epoch: 600, ab_err: 7.9331e-02, rel_err: 2.5135e-01, lr: 4.5087e-04
epoch: 800, ab_err: 8.3766e-02, rel_err: 2.6951e-01, lr: 3.9890e-04
epoch: 1000, ab_err: 6.9704e-02, rel_err: 2.1164e-01, lr: 3.6763e-04
epoch: 1200, ab_err: 7.6101e-02, rel_err: 2.2213e-01, lr: 3.2525e-04
epoch: 1400, ab_err: 6.9366e-02, rel_err: 2.0181e-01, lr: 2.9975e-04
epoch: 1600, ab_err: 6.5979e-02, rel_err: 2.0198e-01, lr: 2.6520e-04
epoch: 1800, ab_err: 5.9975e-02, rel_err: 1.8931e-01, lr: 2.4441e-04
epoch: 2000, ab_err: 5.8563e-02, rel_err: 1.9846e-01, lr: 2.1624e-04
epoch: 2200, ab_err: 6.0599e-/home/linfengz/SCR/softwares/tf_venv_r1.8/lib/python3.6/site-packages/tensorflow/python/framework/dtypes.py:519: FutureWarning: Passing (type, 1) or '1type' as a synonym of type is deprecated; in a future version of numpy, it will be understood as (type, (1,)) / '(1,)type'.
  _np_qint8 = np.dtype([("qint8", np.int8, 1)])
/home/linfengz/SCR/softwares/tf_venv_r1.8/lib/python3.6/site-packages/tensorflow/python/framework/dtypes.py:520: FutureWarning: Passing (type, 1) or '1type' as a synonym of type is deprecated; in a future version of numpy, it will be understood as (type, (1,)) / '(1,)type'.
  _np_quint8 = np.dtype([("quint8", np.uint8, 1)])
/home/linfengz/SCR/softwares/tf_venv_r1.8/lib/python3.6/site-packages/tensorflow/python/framework/dtypes.py:521: FutureWarning: Passing (type, 1) or '1type' as a synonym of type is deprecated; in a future version of numpy, it will be understood as (type, (1,)) / '(1,)type'.
  _np_qint16 = np.dtype([("qint16", np.int16, 1)])
/home/linfengz/SCR/softwares/tf_venv_r1.8/lib/python3.6/site-packages/tensorflow/python/framework/dtypes.py:522: FutureWarning: Passing (type, 1) or '1type' as a synonym of type is deprecated; in a future version of numpy, it will be understood as (type, (1,)) / '(1,)type'.
  _np_quint16 = np.dtype([("quint16", np.uint16, 1)])
/home/linfengz/SCR/softwares/tf_venv_r1.8/lib/python3.6/site-packages/tensorflow/python/framework/dtypes.py:523: FutureWarning: Passing (type, 1) or '1type' as a synonym of type is deprecated; in a future version of numpy, it will be understood as (type, (1,)) / '(1,)type'.
  _np_qint32 = np.dtype([("qint32", np.int32, 1)])
/home/linfengz/SCR/softwares/tf_venv_r1.8/lib/python3.6/site-packages/tensorflow/python/framework/dtypes.py:528: FutureWarning: Passing (type, 1) or '1type' as a synonym of type is deprecated; in a future version of numpy, it will be understood as (type, (1,)) / '(1,)type'.
  np_resource = np.dtype([("resource", np.ubyte, 1)])
: 1.1441e-05
epoch: 8000, ab_err: 2.4903e-02, rel_err: 6.4364e-02, lr: 1.0122e-05
epoch: 8200, ab_err: 3.2644e-02, rel_err: 8.6583e-02, lr: 9.3286e-06
epoch: 8400, ab_err: 3.3860e-02, rel_err: 7.4637e-02, lr: 8.2533e-06
epoch: 8600, ab_err: 2.8908e-02, rel_err: 7.9832e-02, lr: 7.6063e-06
epoch: 8800, ab_err: 2.5447e-02, rel_err: 6.7818e-02, lr: 6.7295e-06
epoch: 9000, ab_err: 2.6275e-02, rel_err: 7.6632e-02, lr: 6.2020e-06
epoch: 9200, ab_err: 3.2672e-02, rel_err: 9.1630e-02, lr: 5.4871e-06
epoch: 9400, ab_err: 2.7062e-02, rel_err: 7.5915e-02, lr: 5.0569e-06
epoch: 9600, ab_err: 2.9521e-02, rel_err: 7.8922e-02, lr: 4.4740e-06
epoch: 9800, ab_err: 3.4937e-02, rel_err: 8.6162e-02, lr: 4.1233e-06
epoch: 10000, ab_err: 2.7733e-02, rel_err: 7.1046e-02, lr: 3.6480e-06
epoch: 10200, ab_err: 2.9969e-02, rel_err: 6.0779e-02, lr: 3.3620e-06
epoch: 10400, ab_err: 3.3305e-02, rel_err: 7.6465e-02, lr: 2.9745e-06
epoch: 10600, ab_err: 2.9444e-02, rel_err: 7.6836e-02, lr: 2.7413e-06
epoch: 10800, ab_err: 3.2932e-02, rel_err: 7.1168e-02, lr: 2.4253e-06
epoch: 11000, ab_err: 2.9250e-02, rel_err: 7.7669e-02, lr: 2.2352e-06
epoch: 11200, ab_err: 2.7039e-02, rel_err: 6.2186e-02, lr: 1.9775e-06
epoch: 11400, ab_err: 2.6916e-02, rel_err: 6.9702e-02, lr: 1.8225e-06
epoch: 11600, ab_err: 2.9607e-02, rel_err: 7.2981e-02, lr: 1.6124e-06
epoch: 11800, ab_err: 2.6710e-02, rel_err: 6.9911e-02, lr: 1.4860e-06
epoch: 12000, ab_err: 2.8429e-02, rel_err: 7.2117e-02, lr: 1.3147e-06
running time: 857.043 s
