-3.141593 -2.577145 -23.050389 -0.000000 0.849958 0.577627 0.000000
-2.879793 -4.345722 -18.708420 -0.794694 0.925106 0.634532 0.086063
-2.617994 -9.747969 -12.970350 -2.021905 0.918671 1.081430 0.145577
-2.356194 -18.091971 -9.529471 -3.315373 1.051364 1.081762 0.324993
-2.094395 -26.046935 -7.748098 -4.866941 1.311257 0.830456 0.347923
-1.832596 -31.403098 -3.542570 -7.501899 1.026397 0.101779 0.485158
-1.570796 -34.982276 0.000000 -9.956771 1.468765 0.121825 0.718939
-1.308997 -32.870119 -0.591197 -9.026657 1.041287 0.146288 0.649963
-1.047198 -26.111801 -5.786020 -11.854935 0.109308 0.183431 0.613421
-0.785398 -15.611831 -14.583684 -18.264708 0.172597 0.230410 0.536040
-0.523599 -7.123499 -21.122815 -23.529232 0.096064 1.868965 1.826763
-0.261799 -1.837674 -28.050368 -27.716829 0.055657 2.495637 2.398154
0.000000 0.000000 -29.915705 -30.090577 0.000000 2.059268 1.400359
0.261799 -1.683617 -26.028365 -28.567967 0.093297 2.878281 1.550963
0.523599 -6.411922 -20.467831 -23.267845 0.164065 3.320497 2.297612
0.785398 -14.050905 -15.371789 -16.592910 0.236516 1.423427 1.375341
1.047198 -23.924575 -6.690196 -10.755864 0.226581 0.519289 0.833575
1.308997 -32.491712 -1.219170 -7.737284 0.377618 0.468354 1.240102
1.570796 -34.829047 -0.672643 -10.331136 0.709663 0.508999 1.082878
1.832596 -32.782327 -5.138426 -8.688417 1.609647 0.448128 0.392992
2.094395 -26.369665 -9.653885 -5.875907 1.854054 0.589304 0.209586
2.356194 -17.856715 -10.610320 -4.189891 1.028807 0.576352 0.123194
2.617994 -9.772963 -13.756989 -2.726777 0.628474 0.595070 0.162442
2.879793 -4.373584 -18.859731 -0.890011 0.775378 0.633431 0.136996
3.141593 -2.577145 -23.050389 0.000000 0.849958 0.577627 0.000000
