-3.141593 -0.374618 -21.242186 0.000000
-2.879793 -2.283486 -18.307883 -0.860363
-2.617994 -7.494369 -12.881222 -2.822035
-2.356194 -15.506276 -8.195424 -4.173911
-2.094395 -24.456747 -6.017802 -4.766727
-1.832596 -32.119150 -3.113659 -5.922442
-1.570796 -35.298644 -0.285181 -6.559654
-1.308997 -32.337616 -1.587388 -6.038221
-1.047198 -24.613520 -7.102796 -9.295458
-0.785398 -14.745685 -15.115778 -16.619215
-0.523599 -6.707737 -20.813135 -24.447362
-0.261799 -1.705392 -27.666326 -29.801665
0.000000 0.000000 -32.288233 -31.908063
0.261799 -1.153961 -28.255055 -30.840486
0.523599 -5.437905 -22.706230 -26.054514
0.785398 -12.668382 -15.647605 -17.545806
1.047198 -21.832802 -6.256006 -10.040556
1.308997 -30.758184 -0.670879 -6.688678
1.570796 -36.028198 0.000000 -6.986348
1.832596 -34.355254 -3.351163 -6.190407
2.094395 -27.004000 -6.188982 -4.697860
2.356194 -16.944920 -7.554778 -4.133550
2.617994 -8.020474 -10.978473 -2.875130
2.879793 -2.239337 -16.104731 -0.975009
3.141593 -0.374618 -21.242186 0.000000
