-3.141593 -0.423574 -21.500259 0.000000 0.317797 0.186758 0.000000
-3.036873 -0.736647 -21.206562 -0.140204 0.327913 0.181715 0.010213
-2.932153 -1.629027 -19.583123 -0.575150 0.333493 0.179264 0.010513
-2.827433 -3.071095 -17.538447 -1.203936 0.339935 0.191789 0.022886
-2.722714 -5.037946 -15.356331 -1.967617 0.352322 0.135482 0.042667
-2.617994 -7.524417 -13.162611 -2.771236 0.378944 0.144395 0.048017
-2.513274 -10.461534 -11.031937 -3.449499 0.384479 0.140737 0.035265
-2.408554 -13.765350 -9.265972 -3.963629 0.381886 0.176118 0.023144
-2.303835 -17.320769 -7.867604 -4.330249 0.368852 0.197871 0.039003
-2.199115 -20.935783 -6.904841 -4.517911 0.387834 0.227338 0.062437
-2.094395 -24.477501 -6.288168 -4.679579 0.439862 0.203485 0.077456
-1.989675 -27.842728 -5.555236 -5.033600 0.431420 0.112238 0.126950
-1.884956 -30.844772 -4.184977 -5.499718 0.427063 0.128570 0.162365
-1.780236 -33.245597 -2.540986 -6.175035 0.291446 0.202971 0.201209
-1.675516 -34.776705 -1.256903 -6.646689 0.291086 0.213382 0.181989
-1.570796 -35.330240 -0.577853 -6.561167 0.336084 0.195526 0.195146
-1.466077 -34.817848 -0.627331 -6.162289 0.326324 0.188157 0.211235
-1.361357 -33.395135 -1.308130 -5.904784 0.319000 0.160238 0.199987
-1.256637 -31.152417 -2.594371 -6.273373 0.293934 0.164051 0.195207
-1.151917 -28.288407 -4.640583 -7.433047 0.204786 0.185579 0.183740
-1.047198 -24.659754 -7.394837 -9.285655 0.101481 0.165013 0.172563
-0.942478 -20.627529 -10.687828 -11.878806 0.101534 0.173615 0.179729
-0.837758 -16.630826 -13.987797 -15.027580 0.100673 0.175137 0.179132
-0.733038 -12.895370 -16.673572 -18.278205 0.093489 0.184389 0.148020
-0.628319 -9.590872 -18.870300 -21.453866 0.065924 0.191952 0.140630
-0.523599 -6.745056 -21.092389 -24.420063 0.067935 0.178048 0.181736
-0.418879 -4.391861 -23.661281 -26.916246 0.062042 0.184324 0.262032
-0.314159 -2.507759 -26.537160 -28.883493 0.061094 0.150605 0.295100
-0.209440 -1.174000 -29.248635 -30.343204 0.056010 0.131847 0.273343
-0.104720 -0.349230 -31.552575 -31.385446 0.035012 0.135018 0.193891
0.000000 0.000000 -32.574217 -31.929354 0.005017 0.130462 0.168213
0.104720 -0.152758 -31.752188 -31.894034 0.049855 0.139110 0.183142
0.209440 -0.743862 -29.758311 -31.279969 0.067288 0.105030 0.195313
0.314159 -1.806621 -27.434861 -30.126269 0.080044 0.126391 0.199944
0.418879 -3.375514 -25.137252 -28.407583 0.096172 0.192330 0.173275
0.523599 -5.461229 -22.969046 -26.009596 0.101154 0.181493 0.142800
0.628319 -8.070631 -20.685887 -22.964847 0.082904 0.160030 0.217230
0.733038 -11.068087 -17.752523 -19.485800 0.073190 0.089935 0.338232
0.837758 -14.423848 -13.974421 -15.826095 0.061781 0.036412 0.369144
0.942478 -18.053303 -10.056812 -12.696422 0.063368 0.057298 0.353750
1.047198 -21.846860 -6.549426 -9.998460 0.065661 0.064557 0.331428
1.151917 -25.588007 -3.711051 -8.118073 0.088300 0.073131 0.301325
1.256637 -29.147791 -1.678448 -6.999929 0.093404 0.051591 0.269340
1.361357 -32.284419 -0.452725 -6.487740 0.114569 0.032913 0.299946
1.466077 -34.680950 0.000000 -6.554965 0.252470 0.000000 0.306776
1.570796 -36.049734 -0.310435 -6.956527 0.431396 0.014225 0.275741
1.675516 -36.188433 -1.262927 -7.103797 0.499592 0.031692 0.193917
1.780236 -35.222039 -2.742809 -6.538550 0.453658 0.031697 0.122684
1.884956 -33.279282 -4.540697 -5.812915 0.348731 0.026727 0.071790
1.989675 -30.487325 -5.910758 -5.092167 0.251553 0.066059 0.036142
2.094395 -27.022602 -6.507136 -4.645657 0.346036 0.139416 0.061744
2.199115 -23.051359 -6.832802 -4.359632 0.333708 0.134545 0.047351
2.303835 -18.965885 -7.405100 -4.231025 0.342882 0.139324 0.040611
2.408554 -14.976963 -8.357815 -3.998398 0.354096 0.147650 0.021372
2.513274 -11.312416 -9.670860 -3.569864 0.343139 0.143522 0.024467
2.617994 -8.036419 -11.276986 -2.888122 0.338943 0.152943 0.030643
2.722714 -5.295769 -13.125718 -2.091710 0.330532 0.166488 0.020198
2.827433 -3.137610 -15.251070 -1.302799 0.324187 0.175735 0.014961
2.932153 -1.600003 -17.595283 -0.638094 0.321577 0.168161 0.011673
3.036873 -0.712770 -19.990825 -0.182217 0.315651 0.197678 0.011402
3.141593 -0.423574 -21.500259 0.000000 0.317797 0.186758 0.000000
