-3.141593 -0.374618 -21.242186 0.000000 0.287578 0.196195 0.000000
-2.879793 -2.283486 -18.307883 -0.860363 0.311009 0.219213 0.042365
-2.617994 -7.494369 -12.881222 -2.822035 0.354475 0.144725 0.049849
-2.356194 -15.506276 -8.195424 -4.173911 0.359410 0.158067 0.076291
-2.094395 -24.456747 -6.017802 -4.766727 0.467368 0.196805 0.044581
-1.832596 -32.119150 -3.113659 -5.922442 0.353955 0.166523 0.193656
-1.570796 -35.298644 -0.285181 -6.559654 0.330067 0.209171 0.225791
-1.308997 -32.337616 -1.587388 -6.038221 0.333426 0.160246 0.217661
-1.047198 -24.613520 -7.102796 -9.295458 0.084426 0.176331 0.184690
-0.785398 -14.745685 -15.115778 -16.619215 0.089372 0.185176 0.177708
-0.523599 -6.707737 -20.813135 -24.447362 0.051294 0.199068 0.201363
-0.261799 -1.705392 -27.666326 -29.801665 0.061199 0.183879 0.246772
0.000000 0.000000 -32.288233 -31.908063 0.014553 0.134603 0.137067
0.261799 -1.153961 -28.255055 -30.840486 0.073945 0.130250 0.233956
0.523599 -5.437905 -22.706230 -26.054514 0.115469 0.167722 0.174765
0.785398 -12.668382 -15.647605 -17.545806 0.037402 0.063181 0.364967
1.047198 -21.832802 -6.256006 -10.040556 0.050307 0.090156 0.341530
1.308997 -30.758184 -0.670879 -6.688678 0.077227 0.053422 0.253333
1.570796 -36.028198 0.000000 -6.986348 0.424027 0.000000 0.296007
1.832596 -34.355254 -3.351163 -6.190407 0.450881 0.027434 0.086568
2.094395 -27.004000 -6.188982 -4.697860 0.356048 0.149144 0.062330
2.356194 -16.944920 -7.554778 -4.133550 0.347419 0.173523 0.038400
2.617994 -8.020474 -10.978473 -2.875130 0.340961 0.146752 0.052823
2.879793 -2.239337 -16.104731 -0.975009 0.307133 0.187544 0.026429
3.141593 -0.374618 -21.242186 0.000000 0.287578 0.196195 0.000000
