-3.141593 -3.141593 -38.530679 -26.047186 -0.531195 
-3.141593 -2.879793 -39.157110 -20.587110 -1.295814 
-3.141593 -2.617994 -40.048703 -13.934407 -3.188777 
-3.141593 -2.356194 -38.576727 -8.327527 -4.436169 
-3.141593 -2.094395 -32.213080 -5.488233 -5.163727 
-3.141593 -1.832596 -24.706781 -5.184194 -6.443060 
-3.141593 -1.570796 -21.466904 -2.006809 -6.858290 
-3.141593 -1.308997 -23.160248 -2.241630 -6.712438 
-3.141593 -1.047198 -30.874685 -7.671825 -10.141603 
-3.141593 -0.785398 -43.527038 -15.720976 -17.191783 
-3.141593 -0.523599 -55.335333 -21.262931 -24.625577 
-3.141593 -0.261799 -62.106131 -28.149071 -30.020636 
-3.141593 0.000000 -63.719348 -32.723210 -32.115463 
-3.141593 0.261799 -60.392875 -30.048459 -31.168771 
-3.141593 0.523599 -52.550314 -25.087815 -26.121076 
-3.141593 0.785398 -40.383990 -17.539199 -16.995600 
-3.141593 1.047198 -28.545374 -6.433415 -9.437351 
-3.141593 1.308997 -22.007248 -0.397513 -6.057330 
-3.141593 1.570796 -21.462224 -0.603668 -6.197130 
-3.141593 1.832596 -25.258124 -4.757335 -6.946630 
-3.141593 2.094395 -33.065204 -6.409069 -5.555548 
-3.141593 2.356194 -37.968394 -9.924674 -5.232994 
-3.141593 2.617994 -39.724448 -16.636296 -3.752525 
-3.141593 2.879793 -38.874354 -23.536788 -1.578528 
-3.141593 3.141593 -38.530679 -26.047186 -0.531195 

-2.879793 -3.141593 -37.513974 -27.471510 -2.703773 
-2.879793 -2.879793 -35.916624 -23.122335 -3.453726 
-2.879793 -2.617994 -34.294912 -16.328656 -5.259750 
-2.879793 -2.356194 -32.162042 -10.131811 -6.623396 
-2.879793 -2.094395 -27.866701 -7.653622 -7.156560 
-2.879793 -1.832596 -24.917412 -5.751098 -8.116406 
-2.879793 -1.570796 -25.310194 -3.000613 -7.304356 
-2.879793 -1.308997 -30.234563 -4.390497 -6.750472 
-2.879793 -1.047198 -40.462203 -11.245178 -10.448359 
-2.879793 -0.785398 -52.212344 -19.368768 -18.368192 
-2.879793 -0.523599 -59.948997 -24.442388 -26.831639 
-2.879793 -0.261799 -63.769218 -30.625652 -32.706221 
-2.879793 0.000000 -62.536565 -32.737429 -34.837589 
-2.879793 0.261799 -56.759901 -27.945546 -32.964536 
-2.879793 0.523599 -46.284210 -22.838853 -27.717656 
-2.879793 0.785398 -32.543604 -15.631950 -19.074402 
-2.879793 1.047198 -21.545676 -6.684916 -11.566572 
-2.879793 1.308997 -16.669062 -2.574452 -8.390617 
-2.879793 1.570796 -17.984478 -3.636109 -8.594443 
-2.879793 1.832596 -25.405997 -6.610204 -7.776674 
-2.879793 2.094395 -36.264397 -6.899258 -6.816549 
-2.879793 2.356194 -42.103370 -10.122514 -6.819836 
-2.879793 2.617994 -41.747709 -15.750460 -5.625595 
-2.879793 2.879793 -39.013175 -22.714229 -3.606582 
-2.879793 3.141593 -37.513974 -27.471510 -2.703773 

-2.617994 -3.141593 -31.458457 -30.767136 -8.055943 
-2.617994 -2.879793 -29.009439 -27.367828 -9.025770 
-2.617994 -2.617994 -27.245984 -21.056191 -10.942427 
-2.617994 -2.356194 -25.000346 -15.179988 -12.253596 
-2.617994 -2.094395 -22.497189 -13.386137 -12.263218 
-2.617994 -1.832596 -22.121183 -9.972114 -12.636570 
-2.617994 -1.570796 -25.684483 -7.983734 -11.285261 
-2.617994 -1.308997 -34.802702 -10.306987 -10.789251 
-2.617994 -1.047198 -46.101987 -17.911183 -14.628853 
-2.617994 -0.785398 -54.621433 -24.370301 -22.409132 
-2.617994 -0.523599 -59.969682 -28.690255 -32.313885 
-2.617994 -0.261799 -60.911087 -33.769162 -38.240111 
-2.617994 0.000000 -58.175721 -34.193087 -40.245545 
-2.617994 0.261799 -50.449709 -29.459436 -38.620076 
-2.617994 0.523599 -38.468863 -24.482109 -32.639783 
-2.617994 0.785398 -24.647557 -17.959719 -24.477988 
-2.617994 1.047198 -14.686441 -10.790010 -17.471062 
-2.617994 1.308997 -10.893750 -8.169036 -14.207782 
-2.617994 1.570796 -13.543484 -9.672756 -14.311634 
-2.617994 1.832596 -22.105365 -11.183023 -12.606708 
-2.617994 2.094395 -33.075850 -11.559631 -11.272953 
-2.617994 2.356194 -40.178983 -14.034291 -12.098670 
-2.617994 2.617994 -39.490846 -18.345717 -10.982165 
-2.617994 2.879793 -34.950316 -24.787390 -9.030914 
-2.617994 3.141593 -31.458457 -30.767136 -8.055943 

-2.356194 -3.141593 -22.383681 -35.978071 -16.588207 
-2.356194 -2.879793 -20.340212 -32.932233 -17.461377 
-2.356194 -2.617994 -19.238897 -26.695005 -19.721438 
-2.356194 -2.356194 -18.367290 -23.129289 -21.150186 
-2.356194 -2.094395 -17.268187 -21.786042 -20.520309 
-2.356194 -1.832596 -18.241773 -18.094380 -19.217460 
-2.356194 -1.570796 -24.113123 -16.400733 -17.938458 
-2.356194 -1.308997 -34.479279 -19.495614 -18.028628 
-2.356194 -1.047198 -44.600448 -26.142572 -21.894806 
-2.356194 -0.785398 -52.976107 -29.975938 -29.755640 
-2.356194 -0.523599 -56.244872 -34.199310 -39.081928 
-2.356194 -0.261799 -55.408523 -38.571374 -44.963713 
-2.356194 0.000000 -50.961792 -38.145203 -47.145100 
-2.356194 0.261799 -42.715667 -34.079552 -45.720644 
-2.356194 0.523599 -30.770117 -30.003053 -40.104633 
-2.356194 0.785398 -18.525506 -24.169708 -32.352181 
-2.356194 1.047198 -9.683291 -18.194158 -25.514975 
-2.356194 1.308997 -6.361199 -16.227189 -22.639409 
-2.356194 1.570796 -8.801695 -17.353852 -22.183892 
-2.356194 1.832596 -15.856031 -18.601929 -19.740730 
-2.356194 2.094395 -25.562873 -19.603738 -19.206900 
-2.356194 2.356194 -32.197881 -20.928565 -20.013753 
-2.356194 2.617994 -31.804653 -23.616443 -19.056500 
-2.356194 2.879793 -26.898691 -29.135203 -17.387548 
-2.356194 3.141593 -22.383681 -35.978071 -16.588207 

-2.094395 -3.141593 -12.756410 -40.042047 -26.945185 
-2.094395 -2.879793 -10.927516 -39.804412 -28.203596 
-2.094395 -2.617994 -11.101502 -33.494368 -30.751886 
-2.094395 -2.356194 -11.144219 -31.277592 -31.461235 
-2.094395 -2.094395 -10.761092 -30.956971 -29.767082 
-2.094395 -1.832596 -12.172987 -28.115326 -27.213095 
-2.094395 -1.570796 -17.724453 -26.215874 -25.188008 
-2.094395 -1.308997 -27.760058 -28.624908 -26.142522 
-2.094395 -1.047198 -37.695395 -33.315972 -30.128781 
-2.094395 -0.785398 -46.309358 -35.968429 -37.713019 
-2.094395 -0.523599 -49.882886 -39.738308 -46.432037 
-2.094395 -0.261799 -48.847353 -43.463329 -52.084188 
-2.094395 0.000000 -43.428349 -43.987429 -53.943543 
-2.094395 0.261799 -35.315955 -40.771010 -52.525976 
-2.094395 0.523599 -26.105002 -37.374063 -47.627663 
-2.094395 0.785398 -15.863535 -32.955928 -40.040178 
-2.094395 1.047198 -8.604250 -27.821529 -33.514708 
-2.094395 1.308997 -5.330372 -25.539401 -30.817239 
-2.094395 1.570796 -6.056474 -25.764349 -29.730461 
-2.094395 1.832596 -10.588556 -26.588204 -27.238012 
-2.094395 2.094395 -16.520362 -28.473333 -27.672412 
-2.094395 2.356194 -20.629199 -28.503874 -29.206151 
-2.094395 2.617994 -20.140070 -29.581209 -28.885252 
-2.094395 2.879793 -16.380376 -33.447536 -27.542738 
-2.094395 3.141593 -12.756410 -40.042047 -26.945185 

-1.832596 -3.141593 -4.857349 -44.409509 -36.852191 
-1.832596 -2.879793 -3.944358 -45.644117 -38.483359 
-1.832596 -2.617994 -4.630868 -41.300466 -39.957654 
-1.832596 -2.356194 -5.255067 -38.897245 -40.143355 
-1.832596 -2.094395 -5.553467 -37.931084 -38.272868 
-1.832596 -1.832596 -6.731316 -36.163569 -34.440115 
-1.832596 -1.570796 -10.784910 -34.150427 -31.912355 
-1.832596 -1.308997 -19.300417 -36.203512 -33.641743 
-1.832596 -1.047198 -29.829015 -39.100271 -37.655231 
-1.832596 -0.785398 -38.251441 -40.828776 -44.993233 
-1.832596 -0.523599 -42.024527 -43.621459 -52.416035 
-1.832596 -0.261799 -41.502554 -46.574804 -57.358967 
-1.832596 0.000000 -37.901742 -49.535938 -59.158281 
-1.832596 0.261799 -32.469379 -47.451048 -57.515515 
-1.832596 0.523599 -26.088208 -44.066262 -52.961247 
-1.832596 0.785398 -19.138559 -40.979652 -46.339704 
-1.832596 1.047198 -12.572032 -37.565624 -40.766679 
-1.832596 1.308997 -9.069666 -34.198758 -37.497481 
-1.832596 1.570796 -7.617672 -33.355661 -35.253905 
-1.832596 1.832596 -8.488459 -33.927355 -34.237242 
-1.832596 2.094395 -9.606916 -35.589533 -35.777034 
-1.832596 2.356194 -10.912855 -36.205519 -37.882372 
-1.832596 2.617994 -10.251904 -35.678898 -38.170984 
-1.832596 2.879793 -7.365557 -38.367984 -37.240688 
-1.832596 3.141593 -4.857349 -44.409509 -36.852191 

-1.570796 -3.141593 -0.624773 -46.030914 -41.833568 
-1.570796 -2.879793 -0.782910 -47.903623 -43.354655 
-1.570796 -2.617994 -2.307002 -44.394601 -43.871264 
-1.570796 -2.356194 -3.750315 -41.376943 -43.033229 
-1.570796 -2.094395 -4.599643 -39.270706 -41.240411 
-1.570796 -1.832596 -5.611937 -37.995759 -38.144227 
-1.570796 -1.570796 -8.122751 -36.483036 -36.878439 
-1.570796 -1.308997 -13.530493 -37.766891 -37.368447 
-1.570796 -1.047198 -20.933520 -40.497564 -41.401935 
-1.570796 -0.785398 -28.970686 -41.423533 -48.408488 
-1.570796 -0.523599 -32.846579 -43.320232 -55.782314 
-1.570796 -0.261799 -34.793873 -47.585083 -60.297463 
-1.570796 0.000000 -34.751834 -51.431718 -61.636033 
-1.570796 0.261799 -33.500234 -51.312517 -59.746480 
-1.570796 0.523599 -32.052111 -47.984949 -54.915884 
-1.570796 0.785398 -28.651550 -45.661303 -48.425855 
-1.570796 1.047198 -23.403190 -42.870724 -42.688130 
-1.570796 1.308997 -16.475897 -39.746160 -38.847104 
-1.570796 1.570796 -11.362758 -38.912236 -36.192020 
-1.570796 1.832596 -7.999915 -37.833355 -36.259376 
-1.570796 2.094395 -5.967577 -38.693943 -39.296242 
-1.570796 2.356194 -5.767004 -40.276755 -40.790092 
-1.570796 2.617994 -4.810802 -39.360033 -41.151345 
-1.570796 2.879793 -2.400001 -40.883213 -41.282575 
-1.570796 3.141593 -0.624773 -46.030914 -41.833568 

-1.308997 -3.141593 -1.517107 -44.826037 -36.756178 
-1.308997 -2.879793 -3.233365 -45.995672 -38.404366 
-1.308997 -2.617994 -6.094289 -41.804986 -39.435924 
-1.308997 -2.356194 -8.614736 -37.491176 -38.656559 
-1.308997 -2.094395 -9.367276 -35.198306 -37.490808 
-1.308997 -1.832596 -9.539525 -33.522369 -36.734574 
-1.308997 -1.570796 -10.283893 -33.393940 -36.114153 
-1.308997 -1.308997 -12.258866 -34.976155 -36.401875 
-1.308997 -1.047198 -16.454100 -37.785711 -40.184838 
-1.308997 -0.785398 -21.401910 -38.294452 -47.299014 
-1.308997 -0.523599 -27.151867 -39.928296 -54.322572 
-1.308997 -0.261799 -31.077421 -45.046560 -58.131011 
-1.308997 0.000000 -34.225202 -50.554972 -59.118638 
-1.308997 0.261799 -37.472700 -51.804782 -57.504365 
-1.308997 0.523599 -38.794515 -49.021132 -52.886212 
-1.308997 0.785398 -37.046639 -45.671954 -45.885536 
-1.308997 1.047198 -32.389736 -43.058731 -39.012343 
-1.308997 1.308997 -24.932830 -40.261973 -34.263795 
-1.308997 1.570796 -15.864361 -36.911044 -32.414482 
-1.308997 1.832596 -8.911494 -34.447381 -33.755377 
-1.308997 2.094395 -5.933049 -35.084234 -36.090446 
-1.308997 2.356194 -5.205795 -37.937858 -37.214399 
-1.308997 2.617994 -3.871839 -38.838797 -37.134039 
-1.308997 2.879793 -2.072535 -40.720036 -36.697542 
-1.308997 3.141593 -1.517107 -44.826037 -36.756178 

-1.047198 -3.141593 -8.194678 -41.049202 -26.346243 
-1.047198 -2.879793 -11.806308 -40.195559 -27.344787 
-1.047198 -2.617994 -16.617524 -34.906187 -28.838144 
-1.047198 -2.356194 -20.191361 -29.851992 -28.954383 
-1.047198 -2.094395 -20.844629 -28.011722 -28.788079 
-1.047198 -1.832596 -17.811671 -26.951911 -29.496467 
-1.047198 -1.570796 -15.204759 -27.482440 -30.833374 
-1.047198 -1.308997 -14.117932 -27.927345 -31.866863 
-1.047198 -1.047198 -15.330374 -28.900088 -35.170009 
-1.047198 -0.785398 -19.092173 -31.724656 -41.861275 
-1.047198 -0.523599 -24.736634 -35.228000 -49.166137 
-1.047198 -0.261799 -32.021865 -40.538040 -52.951500 
-1.047198 0.000000 -38.658011 -47.207377 -53.850376 
-1.047198 0.261799 -43.096660 -48.600667 -51.726255 
-1.047198 0.523599 -45.337265 -45.736416 -47.283152 
-1.047198 0.785398 -44.442880 -42.518398 -39.359567 
-1.047198 1.047198 -40.916705 -39.512378 -31.545114 
-1.047198 1.308997 -33.342222 -33.490627 -27.002909 
-1.047198 1.570796 -21.590416 -27.239409 -26.307253 
-1.047198 1.832596 -13.324619 -24.643862 -27.834914 
-1.047198 2.094395 -9.725094 -26.213645 -28.668592 
-1.047198 2.356194 -9.174787 -30.836493 -29.278196 
-1.047198 2.617994 -8.047369 -33.946777 -27.909172 
-1.047198 2.879793 -6.988252 -36.795807 -26.517654 
-1.047198 3.141593 -8.194678 -41.049202 -26.346243 

-0.785398 -3.141593 -20.448881 -34.998896 -15.278199 
-0.785398 -2.879793 -25.863845 -31.947732 -16.468347 
-0.785398 -2.617994 -31.874261 -25.961673 -17.940461 
-0.785398 -2.356194 -35.937534 -21.555248 -18.722121 
-0.785398 -2.094395 -33.887648 -19.278175 -19.025079 
-0.785398 -1.832596 -26.168078 -19.278936 -19.969004 
-0.785398 -1.570796 -19.473355 -19.458564 -22.575571 
-0.785398 -1.308997 -15.643297 -17.383357 -24.283476 
-0.785398 -1.047198 -15.922739 -18.333447 -27.241296 
-0.785398 -0.785398 -20.245615 -23.284717 -33.171040 
-0.785398 -0.523599 -28.330266 -28.995231 -40.405705 
-0.785398 -0.261799 -37.508348 -35.060478 -45.341925 
-0.785398 0.000000 -44.299090 -42.922483 -46.850598 
-0.785398 0.261799 -49.365218 -44.919294 -44.715246 
-0.785398 0.523599 -51.446315 -41.431359 -39.743690 
-0.785398 0.785398 -50.570219 -37.565232 -31.325957 
-0.785398 1.047198 -46.206918 -33.256070 -22.759484 
-0.785398 1.308997 -39.321982 -22.605829 -18.711006 
-0.785398 1.570796 -27.936380 -15.437520 -18.814820 
-0.785398 1.832596 -19.873967 -14.120518 -19.384188 
-0.785398 2.094395 -17.623712 -17.469039 -19.422283 
-0.785398 2.356194 -17.794231 -23.765499 -19.226226 
-0.785398 2.617994 -17.414694 -26.518351 -18.062161 
-0.785398 2.879793 -17.742634 -31.172145 -15.827091 
-0.785398 3.141593 -20.448881 -34.998896 -15.278199 

-0.523599 -3.141593 -36.021655 -28.547933 -6.986416 
-0.523599 -2.879793 -42.160775 -23.958079 -7.905965 
-0.523599 -2.617994 -48.232332 -18.348035 -9.668403 
-0.523599 -2.356194 -49.567039 -14.253313 -10.847796 
-0.523599 -2.094395 -43.291808 -12.474798 -11.151539 
-0.523599 -1.832596 -32.725595 -13.710075 -12.242283 
-0.523599 -1.570796 -23.513773 -10.413438 -14.646140 
-0.523599 -1.308997 -19.472419 -8.441739 -17.170698 
-0.523599 -1.047198 -20.464614 -10.786512 -20.009302 
-0.523599 -0.785398 -26.678047 -17.745797 -25.614355 
-0.523599 -0.523599 -35.729508 -24.450126 -31.912735 
-0.523599 -0.261799 -42.379728 -32.088729 -36.918046 
-0.523599 0.000000 -47.839182 -40.971187 -39.757051 
-0.523599 0.261799 -52.141574 -41.464242 -38.204271 
-0.523599 0.523599 -53.753564 -36.811378 -33.050245 
-0.523599 0.785398 -52.476167 -32.000488 -23.938899 
-0.523599 1.047198 -48.515567 -23.973672 -15.738229 
-0.523599 1.308997 -40.829388 -12.304761 -12.151313 
-0.523599 1.570796 -31.278531 -6.318370 -12.887704 
-0.523599 1.832596 -26.488054 -6.546026 -11.964354 
-0.523599 2.094395 -27.053705 -11.874440 -11.643050 
-0.523599 2.356194 -29.307901 -17.868033 -11.131178 
-0.523599 2.617994 -30.308568 -19.925975 -9.692584 
-0.523599 2.879793 -32.027815 -25.574357 -7.611691 
-0.523599 3.141593 -36.021655 -28.547933 -6.986416 

-0.261799 -3.141593 -51.555551 -23.291929 -1.795545 
-0.261799 -2.879793 -55.395978 -19.283011 -2.789684 
-0.261799 -2.617994 -57.921693 -14.264564 -4.734523 
-0.261799 -2.356194 -55.929686 -9.639758 -5.996797 
-0.261799 -2.094395 -47.858689 -9.333806 -6.436432 
-0.261799 -1.832596 -36.649879 -8.245095 -7.427039 
-0.261799 -1.570796 -28.659268 -3.368462 -9.673316 
-0.261799 -1.308997 -26.019064 -2.815271 -11.188495 
-0.261799 -1.047198 -28.988337 -7.568973 -14.197481 
-0.261799 -0.785398 -35.898578 -16.869550 -20.373165 
-0.261799 -0.523599 -42.007939 -24.515447 -27.105174 
-0.261799 -0.261799 -46.005673 -33.113777 -31.601583 
-0.261799 0.000000 -48.954491 -41.140137 -33.789264 
-0.261799 0.261799 -51.334032 -38.754708 -33.016994 
-0.261799 0.523599 -52.095589 -32.260563 -28.538110 
-0.261799 0.785398 -50.380402 -26.272725 -19.879831 
-0.261799 1.047198 -46.064615 -15.077382 -12.140178 
-0.261799 1.308997 -38.471408 -4.760343 -8.681223 
-0.261799 1.570796 -32.740355 -1.031175 -9.578904 
-0.261799 1.832596 -32.832318 -3.243841 -7.577718 
-0.261799 2.094395 -37.043919 -9.734813 -6.555086 
-0.261799 2.356194 -41.862837 -11.643017 -5.957639 
-0.261799 2.617994 -44.658537 -14.574139 -4.519599 
-0.261799 2.879793 -47.759583 -20.492254 -2.501118 
-0.261799 3.141593 -51.555551 -23.291929 -1.795545 

0.000000 -3.141593 -58.560811 -20.687066 -0.000000 
0.000000 -2.879793 -57.867609 -18.097789 -0.957831 
0.000000 -2.617994 -56.496882 -13.342451 -2.946084 
0.000000 -2.356194 -52.858686 -9.450219 -4.448494 
0.000000 -2.094395 -45.258627 -9.280657 -4.998622 
0.000000 -1.832596 -36.976358 -3.795028 -6.232411 
0.000000 -1.570796 -32.508418 0.000000 -7.609438 
0.000000 -1.308997 -33.514199 -1.524571 -7.290348 
0.000000 -1.047198 -38.651083 -8.850887 -10.245714 
0.000000 -0.785398 -44.076358 -20.052183 -17.326037 
0.000000 -0.523599 -46.937074 -27.635437 -25.053398 
0.000000 -0.261799 -48.298464 -36.830860 -30.133455 
0.000000 0.000000 -48.648251 -41.317624 -31.751738 
0.000000 0.261799 -47.965392 -35.475241 -31.015943 
0.000000 0.523599 -46.781217 -28.055894 -26.954407 
0.000000 0.785398 -44.021972 -20.854192 -19.253462 
0.000000 1.047198 -38.271129 -9.158544 -11.969318 
0.000000 1.308997 -32.965829 -1.514537 -9.132311 
0.000000 1.570796 -32.888283 -0.188185 -9.407751 
0.000000 1.832596 -37.714747 -3.932529 -6.408236 
0.000000 2.094395 -45.842056 -8.624724 -4.634275 
0.000000 2.356194 -53.103736 -7.780335 -3.866087 
0.000000 2.617994 -57.300376 -11.062837 -2.683575 
0.000000 2.879793 -58.693110 -16.278402 -1.024174 
0.000000 3.141593 -58.560811 -20.687066 0.000000 

0.261799 -3.141593 -50.962530 -20.879840 -1.241998 
0.261799 -2.879793 -46.860829 -19.804640 -2.129142 
0.261799 -2.617994 -44.147141 -15.261909 -4.139865 
0.261799 -2.356194 -41.996564 -12.698230 -5.717769 
0.261799 -2.094395 -37.642810 -9.300038 -6.431455 
0.261799 -1.832596 -33.543061 -2.668402 -7.542180 
0.261799 -1.570796 -33.873277 -0.399191 -7.788824 
0.261799 -1.308997 -40.159473 -4.368830 -6.310259 
0.261799 -1.047198 -46.643930 -13.723122 -9.354699 
0.261799 -0.785398 -50.475644 -24.946392 -17.249192 
0.261799 -0.523599 -50.940497 -32.600736 -25.991695 
0.261799 -0.261799 -49.965862 -40.604295 -31.920454 
0.261799 0.000000 -47.700067 -39.585925 -34.030128 
0.261799 0.261799 -44.357373 -32.086091 -32.192548 
0.261799 0.523599 -40.307709 -24.391066 -27.858617 
0.261799 0.785398 -35.348175 -16.893814 -21.169296 
0.261799 1.047198 -29.429247 -6.927900 -14.863774 
0.261799 1.308997 -26.578176 -2.401338 -12.571975 
0.261799 1.570796 -29.429343 -3.150929 -11.852884 
0.261799 1.832596 -38.143932 -8.230272 -8.077018 
0.261799 2.094395 -48.863164 -7.705457 -5.702990 
0.261799 2.356194 -57.001715 -7.265312 -4.839889 
0.261799 2.617994 -58.894671 -10.145433 -3.899313 
0.261799 2.879793 -56.048220 -14.899262 -2.237031 
0.261799 3.141593 -50.962530 -20.879840 -1.241998 

0.523599 -3.141593 -35.270061 -24.264951 -5.831833 
0.523599 -2.879793 -31.173736 -23.387056 -6.371577 
0.523599 -2.617994 -29.711850 -19.408643 -8.679891 
0.523599 -2.356194 -29.029000 -17.960821 -10.138156 
0.523599 -2.094395 -27.484685 -10.934973 -10.859479 
0.523599 -1.832596 -27.241137 -5.473588 -11.962721 
0.523599 -1.570796 -32.193842 -5.243558 -10.663044 
0.523599 -1.308997 -42.758511 -10.857336 -8.692755 
0.523599 -1.047198 -50.231163 -21.320878 -11.949553 
0.523599 -0.785398 -53.377271 -30.176311 -20.080426 
0.523599 -0.523599 -52.734007 -37.359198 -29.513348 
0.523599 -0.261799 -49.809196 -42.942353 -36.125269 
0.523599 0.000000 -45.515052 -38.203529 -39.143551 
0.523599 0.261799 -40.878750 -30.149088 -37.678629 
0.523599 0.523599 -34.491083 -23.636489 -32.107732 
0.523599 0.785398 -27.546629 -16.424857 -24.770129 
0.523599 1.047198 -22.346063 -9.207535 -19.377408 
0.523599 1.308997 -21.701502 -7.319813 -17.318620 
0.523599 1.570796 -26.177206 -9.686272 -15.990721 
0.523599 1.832596 -34.324925 -12.453453 -12.357693 
0.523599 2.094395 -43.896857 -9.840934 -10.106899 
0.523599 2.356194 -49.741678 -10.182559 -9.199964 
0.523599 2.617994 -48.424885 -12.435711 -8.476468 
0.523599 2.879793 -41.895843 -17.379401 -6.649175 
0.523599 3.141593 -35.270061 -24.264951 -5.831833 

0.785398 -3.141593 -19.088097 -30.423253 -13.558916 
0.785398 -2.879793 -16.569536 -28.360243 -14.221750 
0.785398 -2.617994 -16.617091 -25.030449 -16.246740 
0.785398 -2.356194 -17.227178 -22.891852 -17.414949 
0.785398 -2.094395 -17.322339 -15.841248 -17.428477 
0.785398 -1.832596 -19.523484 -12.317511 -18.359889 
0.785398 -1.570796 -27.199148 -13.816559 -16.242213 
0.785398 -1.308997 -39.579204 -20.688870 -14.430523 
0.785398 -1.047198 -48.065563 -28.087445 -17.977449 
0.785398 -0.785398 -51.564160 -34.174329 -26.034362 
0.785398 -0.523599 -50.515192 -41.008990 -35.612499 
0.785398 -0.261799 -46.605469 -44.909868 -41.437969 
0.785398 0.000000 -41.950674 -39.445896 -44.971089 
0.785398 0.261799 -36.315383 -31.394363 -44.019839 
0.785398 0.523599 -29.600887 -26.167814 -38.385553 
0.785398 0.785398 -22.801323 -20.925981 -30.655928 
0.785398 1.047198 -19.005657 -16.244299 -24.845378 
0.785398 1.308997 -18.713185 -15.573002 -22.406584 
0.785398 1.570796 -22.903976 -17.923531 -21.768034 
0.785398 1.832596 -28.088714 -17.626568 -18.980004 
0.785398 2.094395 -33.041934 -15.802640 -16.912120 
0.785398 2.356194 -34.739625 -16.012426 -16.766745 
0.785398 2.617994 -30.985593 -18.273241 -16.098092 
0.785398 2.879793 -24.487359 -23.560529 -14.353216 
0.785398 3.141593 -19.088097 -30.423253 -13.558916 

1.047198 -3.141593 -7.033789 -37.503087 -23.549447 
1.047198 -2.879793 -5.974086 -33.735504 -24.301475 
1.047198 -2.617994 -7.143152 -31.429596 -25.765462 
1.047198 -2.356194 -8.481246 -28.935396 -26.791090 
1.047198 -2.094395 -9.184420 -24.005928 -26.784744 
1.047198 -1.832596 -12.279856 -22.166293 -26.677143 
1.047198 -1.570796 -20.564679 -24.379683 -24.106232 
1.047198 -1.308997 -31.905645 -30.236165 -22.559258 
1.047198 -1.047198 -40.829304 -33.922979 -26.044650 
1.047198 -0.785398 -45.512259 -38.028830 -34.051111 
1.047198 -0.523599 -45.311653 -43.822647 -42.938811 
1.047198 -0.261799 -42.726970 -47.593187 -48.261535 
1.047198 0.000000 -38.027734 -44.524972 -50.344117 
1.047198 0.261799 -31.986662 -37.538224 -49.627702 
1.047198 0.523599 -27.115907 -32.825246 -45.257746 
1.047198 0.785398 -22.702060 -29.235709 -37.677173 
1.047198 1.047198 -19.562062 -26.190155 -31.875617 
1.047198 1.308997 -18.381337 -25.475104 -29.241309 
1.047198 1.570796 -18.768239 -25.772082 -28.743697 
1.047198 1.832596 -19.542292 -24.854815 -26.781605 
1.047198 2.094395 -20.005645 -24.215811 -25.747369 
1.047198 2.356194 -19.253467 -24.383953 -26.295472 
1.047198 2.617994 -15.763680 -26.951096 -26.099511 
1.047198 2.879793 -10.730489 -32.292788 -24.572191 
1.047198 3.141593 -7.033789 -37.503087 -23.549447 

1.308997 -3.141593 -0.377614 -44.153524 -33.883977 
1.308997 -2.879793 -0.891984 -40.587720 -34.577368 
1.308997 -2.617994 -3.080525 -38.160176 -35.831377 
1.308997 -2.356194 -4.589948 -35.849883 -35.630742 
1.308997 -2.094395 -5.336156 -32.989732 -35.588525 
1.308997 -1.832596 -8.157175 -32.052753 -33.892039 
1.308997 -1.570796 -14.389395 -33.564617 -31.931369 
1.308997 -1.308997 -22.879985 -36.192167 -31.463447 
1.308997 -1.047198 -31.167621 -38.609011 -35.305534 
1.308997 -0.785398 -36.916524 -41.396670 -42.414945 
1.308997 -0.523599 -37.604171 -45.605407 -50.305630 
1.308997 -0.261799 -35.303282 -50.162667 -54.577095 
1.308997 0.000000 -32.244738 -49.860330 -55.658349 
1.308997 0.261799 -30.337814 -44.946722 -54.466002 
1.308997 0.523599 -29.099189 -40.522970 -50.860582 
1.308997 0.785398 -26.798315 -38.156872 -44.800200 
1.308997 1.047198 -22.235472 -36.111409 -39.269665 
1.308997 1.308997 -17.069633 -34.082121 -36.538485 
1.308997 1.570796 -13.310680 -33.732738 -35.491568 
1.308997 1.832596 -10.769714 -33.182463 -33.966652 
1.308997 2.094395 -9.349519 -33.324889 -34.538823 
1.308997 2.356194 -8.250131 -33.642201 -36.060025 
1.308997 2.617994 -5.652591 -36.818545 -36.259803 
1.308997 2.879793 -2.337496 -41.270451 -34.611034 
1.308997 3.141593 -0.377614 -44.153524 -33.883977 

1.570796 -3.141593 0.000000 -49.789847 -40.191465 
1.570796 -2.879793 -1.992997 -45.767860 -41.156947 
1.570796 -2.617994 -5.054178 -41.898870 -42.315768 
1.570796 -2.356194 -6.380426 -39.979767 -41.892418 
1.570796 -2.094395 -6.819602 -38.691544 -40.937723 
1.570796 -1.832596 -7.598212 -37.392416 -38.801595 
1.570796 -1.570796 -10.577948 -37.343175 -37.560380 
1.570796 -1.308997 -14.420462 -38.320328 -38.100804 
1.570796 -1.047198 -20.273152 -40.576765 -41.826958 
1.570796 -0.785398 -26.616980 -43.423844 -48.309857 
1.570796 -0.523599 -29.173548 -47.224261 -54.552932 
1.570796 -0.261799 -29.740784 -51.624883 -58.538939 
1.570796 0.000000 -31.259189 -53.519136 -59.389095 
1.570796 0.261799 -33.963773 -50.691941 -57.418574 
1.570796 0.523599 -35.719272 -47.781354 -53.622093 
1.570796 0.785398 -33.457210 -45.386928 -47.987945 
1.570796 1.047198 -25.551866 -42.667732 -43.149859 
1.570796 1.308997 -16.860903 -40.126667 -40.093901 
1.570796 1.570796 -10.151530 -39.757559 -37.799039 
1.570796 1.832596 -6.311567 -39.908618 -36.981064 
1.570796 2.094395 -4.613322 -40.600246 -39.995432 
1.570796 2.356194 -3.514495 -41.133714 -43.222046 
1.570796 2.617994 -2.063316 -43.789142 -43.173731 
1.570796 2.879793 -0.357479 -47.960733 -41.301042 
1.570796 3.141593 -0.000000 -49.789847 -40.191465 

1.832596 -3.141593 -5.440222 -50.393933 -39.293978 
1.832596 -2.879793 -8.317635 -45.171686 -39.836257 
1.832596 -2.617994 -11.813924 -40.542478 -40.350132 
1.832596 -2.356194 -12.701893 -37.952642 -39.832097 
1.832596 -2.094395 -11.463267 -36.534976 -39.075858 
1.832596 -1.832596 -9.482815 -35.102160 -37.507376 
1.832596 -1.570796 -7.644335 -35.198407 -37.791204 
1.832596 -1.308997 -8.179254 -35.980035 -39.130320 
1.832596 -1.047198 -11.939355 -38.473844 -42.795670 
1.832596 -0.785398 -18.146394 -41.295324 -48.407042 
1.832596 -0.523599 -24.113284 -45.240155 -54.238320 
1.832596 -0.261799 -29.762577 -49.513935 -58.439681 
1.832596 0.000000 -35.237305 -52.567192 -59.726017 
1.832596 0.261799 -40.585635 -51.548535 -57.169971 
1.832596 0.523599 -42.610246 -49.272271 -52.030183 
1.832596 0.785398 -39.747033 -46.920309 -45.982368 
1.832596 1.047198 -32.121733 -42.613633 -40.611585 
1.832596 1.308997 -20.980728 -39.100141 -36.619418 
1.832596 1.570796 -11.872028 -38.543312 -33.910777 
1.832596 1.832596 -6.700387 -39.574438 -35.285851 
1.832596 2.094395 -5.444130 -41.738258 -39.969091 
1.832596 2.356194 -5.266837 -43.011624 -43.474484 
1.832596 2.617994 -4.686038 -46.495054 -42.888144 
1.832596 2.879793 -4.206518 -49.964703 -40.798047 
1.832596 3.141593 -5.440222 -50.393933 -39.293978 

2.094395 -3.141593 -14.060363 -45.608581 -29.407864 
2.094395 -2.879793 -18.128674 -40.972288 -29.769862 
2.094395 -2.617994 -21.791656 -34.849273 -30.517109 
2.094395 -2.356194 -21.622562 -31.730413 -31.011946 
2.094395 -2.094395 -18.178462 -30.160969 -30.777128 
2.094395 -1.832596 -11.870739 -28.928212 -30.455577 
2.094395 -1.570796 -6.555541 -27.932231 -32.154368 
2.094395 -1.308997 -5.195441 -27.630522 -33.218189 
2.094395 -1.047198 -8.309252 -30.214685 -36.156886 
2.094395 -0.785398 -15.595354 -34.054935 -42.021060 
2.094395 -0.523599 -25.517001 -37.412042 -48.554272 
2.094395 -0.261799 -35.089972 -41.945574 -52.942819 
2.094395 0.000000 -43.143638 -46.275159 -55.181373 
2.094395 0.261799 -47.718879 -47.112994 -52.983211 
2.094395 0.523599 -48.369588 -43.930129 -47.227138 
2.094395 0.785398 -45.145678 -41.613726 -40.142830 
2.094395 1.047198 -37.238735 -36.758345 -34.104122 
2.094395 1.308997 -27.340952 -31.065476 -29.384525 
2.094395 1.570796 -17.244450 -29.475389 -27.637918 
2.094395 1.832596 -11.673374 -30.969021 -29.186204 
2.094395 2.094395 -10.410058 -34.593033 -32.463923 
2.094395 2.356194 -11.423109 -35.932692 -34.337411 
2.094395 2.617994 -12.063413 -39.746574 -32.916999 
2.094395 2.879793 -12.222144 -44.006260 -30.634014 
2.094395 3.141593 -14.060363 -45.608581 -29.407864 

2.356194 -3.141593 -23.674108 -38.858922 -17.954703 
2.356194 -2.879793 -28.223106 -33.183186 -18.415129 
2.356194 -2.617994 -32.729091 -26.289653 -19.844534 
2.356194 -2.356194 -32.839873 -22.225543 -20.875165 
2.356194 -2.094395 -26.424899 -20.654020 -20.818926 
2.356194 -1.832596 -16.012805 -20.349042 -21.617390 
2.356194 -1.570796 -8.315224 -18.893100 -24.156339 
2.356194 -1.308997 -5.729735 -17.729839 -24.324786 
2.356194 -1.047198 -8.788908 -20.011561 -26.532719 
2.356194 -0.785398 -17.762351 -24.649771 -32.229056 
2.356194 -0.523599 -30.531449 -28.416761 -39.941450 
2.356194 -0.261799 -43.019617 -33.761257 -45.540685 
2.356194 0.000000 -50.790512 -39.819991 -47.739171 
2.356194 0.261799 -53.972786 -41.481330 -45.903787 
2.356194 0.523599 -53.433180 -38.677956 -39.440846 
2.356194 0.785398 -48.771231 -35.064223 -31.479437 
2.356194 1.047198 -40.929144 -27.292936 -24.138578 
2.356194 1.308997 -31.566430 -19.912588 -19.842269 
2.356194 1.570796 -21.684217 -17.519233 -19.592439 
2.356194 1.832596 -16.277105 -19.956234 -20.751633 
2.356194 2.094395 -16.095730 -24.477545 -21.959382 
2.356194 2.356194 -17.975984 -26.529081 -22.995042 
2.356194 2.617994 -19.886132 -31.625085 -21.357851 
2.356194 2.879793 -20.957034 -36.998416 -18.994864 
2.356194 3.141593 -23.674108 -38.858922 -17.954703 

2.617994 -3.141593 -31.231960 -32.233704 -8.335007 
2.617994 -2.879793 -36.238080 -25.074802 -9.069257 
2.617994 -2.617994 -40.611886 -18.728589 -10.818616 
2.617994 -2.356194 -40.817666 -14.372208 -12.055698 
2.617994 -2.094395 -33.160565 -12.352272 -12.136212 
2.617994 -1.832596 -20.411262 -12.487019 -13.510506 
2.617994 -1.570796 -11.621391 -10.904737 -16.129923 
2.617994 -1.308997 -8.948975 -9.594427 -16.516390 
2.617994 -1.047198 -13.092676 -12.026453 -18.612932 
2.617994 -0.785398 -23.524228 -17.696427 -23.963667 
2.617994 -0.523599 -37.714021 -22.295511 -31.107956 
2.617994 -0.261799 -50.199566 -28.651907 -37.144007 
2.617994 0.000000 -57.149726 -35.414630 -39.856922 
2.617994 0.261799 -59.059333 -37.435509 -39.024042 
2.617994 0.523599 -56.496494 -33.846321 -33.065061 
2.617994 0.785398 -49.976951 -28.671629 -23.550038 
2.617994 1.047198 -40.467611 -17.768739 -15.780534 
2.617994 1.308997 -30.747319 -9.527154 -11.913582 
2.617994 1.570796 -21.882960 -7.526278 -12.391324 
2.617994 1.832596 -18.913672 -11.047362 -13.867173 
2.617994 2.094395 -20.545907 -15.934353 -13.385714 
2.617994 2.356194 -24.425031 -18.746688 -13.488621 
2.617994 2.617994 -27.196436 -25.378180 -11.822695 
2.617994 2.879793 -28.330549 -31.078736 -9.392528 
2.617994 3.141593 -31.231960 -32.233704 -8.335007 

2.879793 -3.141593 -36.157699 -27.381338 -2.288426 
2.879793 -2.879793 -39.381758 -20.897057 -3.100964 
2.879793 -2.617994 -42.340589 -14.451263 -5.183468 
2.879793 -2.356194 -42.270814 -9.668318 -6.246226 
2.879793 -2.094395 -34.393964 -7.142414 -6.888133 
2.879793 -1.832596 -22.677233 -7.352595 -8.208257 
2.879793 -1.570796 -15.521987 -5.044157 -9.954578 
2.879793 -1.308997 -14.647086 -4.196207 -10.462393 
2.879793 -1.047198 -20.307018 -7.680053 -13.324748 
2.879793 -0.785398 -32.022615 -14.724765 -19.044202 
2.879793 -0.523599 -46.564124 -20.182808 -25.820449 
2.879793 -0.261799 -56.666763 -27.200789 -31.227488 
2.879793 0.000000 -61.485317 -33.260620 -33.860311 
2.879793 0.261799 -61.398109 -33.453084 -33.496706 
2.879793 0.523599 -56.414476 -29.127025 -27.906303 
2.879793 0.785398 -47.065994 -22.262360 -18.618704 
2.879793 1.047198 -35.749558 -10.289210 -10.857297 
2.879793 1.308997 -26.273504 -2.758707 -7.155909 
2.879793 1.570796 -21.543596 -1.642184 -7.603331 
2.879793 1.832596 -21.826381 -5.946702 -9.038701 
2.879793 2.094395 -25.824550 -9.661559 -7.888598 
2.879793 2.356194 -30.818074 -12.977328 -7.290961 
2.879793 2.617994 -33.744038 -20.090831 -5.583883 
2.879793 2.879793 -34.514845 -26.748500 -3.472631 
2.879793 3.141593 -36.157699 -27.381338 -2.288426 

3.141593 -3.141593 -38.530679 -26.047186 -0.531195 
3.141593 -2.879793 -39.157110 -20.587110 -1.295814 
3.141593 -2.617994 -40.048703 -13.934407 -3.188777 
3.141593 -2.356194 -38.576727 -8.327527 -4.436169 
3.141593 -2.094395 -32.213080 -5.488233 -5.163727 
3.141593 -1.832596 -24.706781 -5.184194 -6.443060 
3.141593 -1.570796 -21.466904 -2.006809 -6.858290 
3.141593 -1.308997 -23.160248 -2.241630 -6.712438 
3.141593 -1.047198 -30.874685 -7.671825 -10.141603 
3.141593 -0.785398 -43.527038 -15.720976 -17.191783 
3.141593 -0.523599 -55.335333 -21.262931 -24.625577 
3.141593 -0.261799 -62.106131 -28.149071 -30.020636 
3.141593 0.000000 -63.719348 -32.723210 -32.115463 
3.141593 0.261799 -60.392875 -30.048459 -31.168771 
3.141593 0.523599 -52.550314 -25.087815 -26.121076 
3.141593 0.785398 -40.383990 -17.539199 -16.995600 
3.141593 1.047198 -28.545374 -6.433415 -9.437351 
3.141593 1.308997 -22.007248 -0.397513 -6.057330 
3.141593 1.570796 -21.462224 -0.603668 -6.197130 
3.141593 1.832596 -25.258124 -4.757335 -6.946630 
3.141593 2.094395 -33.065204 -6.409069 -5.555548 
3.141593 2.356194 -37.968394 -9.924674 -5.232994 
3.141593 2.617994 -39.724448 -16.636296 -3.752525 
3.141593 2.879793 -38.874354 -23.536788 -1.578528 
3.141593 3.141593 -38.530679 -26.047186 -0.531195 

