# restart           False
# num_threads       6
# neurons           [200, 200, 200, 200]
# batch size        128
# num_epoch         12000
# use_mix           False
# old_ratio         7
# lr_0              0.0006
# decay_steps       80
# decay_steps_inner 0
# decay_rate        0.96
# resnet            True
# graph_file        None
Begin to optimize
# start training from scratch
epoch:   0, ab_err: 3.3545e-01, rel_err: 8.7496e+00, lr: 6.0000e-04
epoch: 200, ab_err: 8.4808e-02, rel_err: 3.1031e-01, lr: 5.5296e-04
epoch: 400, ab_err: 7.8500e-02, rel_err: 2.5946e-01, lr: 4.8922e-04
epoch: 600, ab_err: 7.8538e-02, rel_err: 2.7372e-01, lr: 4.5087e-04
epoch: 800, ab_err: 7.6191e-02, rel_err: 2.8956e-01, lr: 3.9890e-04
epoch: 1000, ab_err: 7.3860e-02, rel_err: 2.1279e-01, lr: 3.6763e-04
epoch: 1200, ab_err: 7.5281e-02, rel_err: 2.8597e-01, lr: 3.2525e-04
epoch: 1400, ab_err: 7.7456e-02, rel_err: 3.0328e-01, lr: 2.9975e-04
epoch: 1600, ab_err: 7.3798e-02, rel_err: 2.8173e-01, lr: 2.6520e-04
epoch: 1800, ab_err: 6.7145e-02, rel_err: 2.4108e-01, lr: 2.4441e-04
epoch: 2000, ab_err: 6.1716e-02, rel_err: 2.4086e-01, lr: 2.1624e-04
epoch: 2200, ab_err: 6.2230e-/home/linfengz/SCR/softwares/tf_venv_r1.8/lib/python3.6/site-packages/tensorflow/python/framework/dtypes.py:519: FutureWarning: Passing (type, 1) or '1type' as a synonym of type is deprecated; in a future version of numpy, it will be understood as (type, (1,)) / '(1,)type'.
  _np_qint8 = np.dtype([("qint8", np.int8, 1)])
/home/linfengz/SCR/softwares/tf_venv_r1.8/lib/python3.6/site-packages/tensorflow/python/framework/dtypes.py:520: FutureWarning: Passing (type, 1) or '1type' as a synonym of type is deprecated; in a future version of numpy, it will be understood as (type, (1,)) / '(1,)type'.
  _np_quint8 = np.dtype([("quint8", np.uint8, 1)])
/home/linfengz/SCR/softwares/tf_venv_r1.8/lib/python3.6/site-packages/tensorflow/python/framework/dtypes.py:521: FutureWarning: Passing (type, 1) or '1type' as a synonym of type is deprecated; in a future version of numpy, it will be understood as (type, (1,)) / '(1,)type'.
  _np_qint16 = np.dtype([("qint16", np.int16, 1)])
/home/linfengz/SCR/softwares/tf_venv_r1.8/lib/python3.6/site-packages/tensorflow/python/framework/dtypes.py:522: FutureWarning: Passing (type, 1) or '1type' as a synonym of type is deprecated; in a future version of numpy, it will be understood as (type, (1,)) / '(1,)type'.
  _np_quint16 = np.dtype([("quint16", np.uint16, 1)])
/home/linfengz/SCR/softwares/tf_venv_r1.8/lib/python3.6/site-packages/tensorflow/python/framework/dtypes.py:523: FutureWarning: Passing (type, 1) or '1type' as a synonym of type is deprecated; in a future version of numpy, it will be understood as (type, (1,)) / '(1,)type'.
  _np_qint32 = np.dtype([("qint32", np.int32, 1)])
/home/linfengz/SCR/softwares/tf_venv_r1.8/lib/python3.6/site-packages/tensorflow/python/framework/dtypes.py:528: FutureWarning: Passing (type, 1) or '1type' as a synonym of type is deprecated; in a future version of numpy, it will be understood as (type, (1,)) / '(1,)type'.
  np_resource = np.dtype([("resource", np.ubyte, 1)])
: 1.1441e-05
epoch: 8000, ab_err: 4.2114e-02, rel_err: 1.6414e-01, lr: 1.0122e-05
epoch: 8200, ab_err: 4.6638e-02, rel_err: 1.5171e-01, lr: 9.3286e-06
epoch: 8400, ab_err: 4.8879e-02, rel_err: 1.5859e-01, lr: 8.2533e-06
epoch: 8600, ab_err: 4.6500e-02, rel_err: 1.7186e-01, lr: 7.6063e-06
epoch: 8800, ab_err: 3.9327e-02, rel_err: 1.3539e-01, lr: 6.7295e-06
epoch: 9000, ab_err: 4.0528e-02, rel_err: 1.3857e-01, lr: 6.2020e-06
epoch: 9200, ab_err: 4.2188e-02, rel_err: 1.4348e-01, lr: 5.4871e-06
epoch: 9400, ab_err: 4.7177e-02, rel_err: 1.8032e-01, lr: 5.0569e-06
epoch: 9600, ab_err: 4.4728e-02, rel_err: 1.7555e-01, lr: 4.4740e-06
epoch: 9800, ab_err: 4.1154e-02, rel_err: 1.4570e-01, lr: 4.1233e-06
epoch: 10000, ab_err: 3.7595e-02, rel_err: 1.3724e-01, lr: 3.6480e-06
epoch: 10200, ab_err: 3.8062e-02, rel_err: 1.3484e-01, lr: 3.3620e-06
epoch: 10400, ab_err: 4.0435e-02, rel_err: 1.5171e-01, lr: 2.9745e-06
epoch: 10600, ab_err: 4.3996e-02, rel_err: 1.4491e-01, lr: 2.7413e-06
epoch: 10800, ab_err: 4.1855e-02, rel_err: 1.3337e-01, lr: 2.4253e-06
epoch: 11000, ab_err: 4.3184e-02, rel_err: 1.4927e-01, lr: 2.2352e-06
epoch: 11200, ab_err: 4.6665e-02, rel_err: 1.6020e-01, lr: 1.9775e-06
epoch: 11400, ab_err: 4.1636e-02, rel_err: 1.5694e-01, lr: 1.8225e-06
epoch: 11600, ab_err: 3.9373e-02, rel_err: 1.6326e-01, lr: 1.6124e-06
epoch: 11800, ab_err: 4.7308e-02, rel_err: 1.5750e-01, lr: 1.4860e-06
epoch: 12000, ab_err: 3.9315e-02, rel_err: 1.1712e-01, lr: 1.3147e-06
running time: 3876.914 s
